Unloading StdEnv/2020

The following have been reloaded with a version change:
  1) gcccore/.9.3.0 => gcccore/.7.3.0     2) imkl/2020.1.217 => imkl/2018.3.222

[1] "Working directory, packages, functions"
Loading required package: MASS
Loading required package: NADA
Loading required package: survival

Attaching package: ‘NADA’

The following object is masked from ‘package:stats’:

    cor

Loading required package: truncnorm
Loading required package: ALDEx2
Loading required package: car
Loading required package: carData
── Attaching packages ─────────────────────────────────────── tidyverse 1.3.0 ──
✔ ggplot2 3.3.3     ✔ purrr   0.3.4
✔ tibble  3.0.5     ✔ dplyr   1.0.2
✔ tidyr   1.1.2     ✔ stringr 1.4.0
✔ readr   1.4.0     ✔ forcats 0.5.0
── Conflicts ────────────────────────────────────────── tidyverse_conflicts() ──
✖ dplyr::filter() masks stats::filter()
✖ dplyr::lag()    masks stats::lag()
✖ dplyr::recode() masks car::recode()
✖ dplyr::select() masks MASS::select()
✖ purrr::some()   masks car::some()
[1] "prediction 1A - by season?"
No. corrected values:  6510 
[1] "Collection Year Ordination"
Call: rda(formula = OTU ~ CollectionYear, data = data)

                Inertia Proportion Rank
Total         5.625e+08  1.000e+00     
Constrained   1.904e+07  3.385e-02    1
Unconstrained 5.434e+08  9.661e-01   85
Inertia is variance 

Eigenvalues for constrained axes:
    RDA1 
19038022 

Eigenvalues for unconstrained axes:
      PC1       PC2       PC3       PC4       PC5       PC6       PC7       PC8 
220645203 171844367  69983796  32408940  27055207   5706781   3258768   2828440 
(Showing 8 of 85 unconstrained eigenvalues)

Permutation test for rda under reduced model
Permutation: free
Number of permutations: 999

Model: rda(formula = OTU ~ CollectionYear, data = data)
         Df  Variance      F Pr(>F)  
Model     1  19038022 3.0128  0.017 *
Residual 86 543443576                
---
Signif. codes:  0 ‘***’ 0.001 ‘**’ 0.01 ‘*’ 0.05 ‘.’ 0.1 ‘ ’ 1
[1] "Collection Season Ordination"
Call: rda(formula = OTU ~ CollectionSeason, data = data)

                Inertia Proportion Rank
Total         5.625e+08  1.000e+00     
Constrained   3.364e+07  5.981e-02    2
Unconstrained 5.288e+08  9.402e-01   84
Inertia is variance 

Eigenvalues for constrained axes:
    RDA1     RDA2 
27453190  6190146 

Eigenvalues for unconstrained axes:
      PC1       PC2       PC3       PC4       PC5       PC6       PC7       PC8 
222210058 162007033  65705502  29713840  27751963   6202440   3182322   2805868 
(Showing 8 of 84 unconstrained eigenvalues)

Permutation test for rda under reduced model
Permutation: free
Number of permutations: 999

Model: rda(formula = OTU ~ CollectionSeason, data = data)
         Df  Variance      F Pr(>F)  
Model     2  33643336 2.7037  0.035 *
Residual 85 528838264                
---
Signif. codes:  0 ‘***’ 0.001 ‘**’ 0.01 ‘*’ 0.05 ‘.’ 0.1 ‘ ’ 1
[1] "Collection Year*Season Ordination"
Call: rda(formula = OTU ~ CollectionYear * CollectionSeason, data =
data)

                Inertia Proportion Rank
Total         5.625e+08  1.000e+00     
Constrained   1.117e+08  1.986e-01    5
Unconstrained 4.508e+08  8.014e-01   82
Inertia is variance 

Eigenvalues for constrained axes:
    RDA1     RDA2     RDA3     RDA4     RDA5 
81018075 20244188  6398871  4016224    15178 

Eigenvalues for unconstrained axes:
      PC1       PC2       PC3       PC4       PC5       PC6       PC7       PC8 
186970793 144398866  46977033  26536159  25950739   5664387   2998943   2777917 
(Showing 8 of 82 unconstrained eigenvalues)

Permutation test for rda under reduced model
Permutation: free
Number of permutations: 999

Model: rda(formula = OTU ~ CollectionYear * CollectionSeason, data = data)
         Df  Variance      F Pr(>F)   
Model     5 111692536 4.0634  0.003 **
Residual 82 450789066                 
---
Signif. codes:  0 ‘***’ 0.001 ‘**’ 0.01 ‘*’ 0.05 ‘.’ 0.1 ‘ ’ 1
[1] "Core figure"
null device 
          1 
[1] "prediction 1B - functional?"
[1] "differential abundance"
aldex.clr: generating Monte-Carlo instances and clr values
operating in serial mode
computing center with all features
aldex.ttest: doing t-test
aldex.effect: calculating effect sizes
null device 
          1 
