Unloading StdEnv/2020

The following have been reloaded with a version change:
  1) gcccore/.9.3.0 => gcccore/.7.3.0     2) imkl/2020.1.217 => imkl/2018.3.222

Loading required package: MASS
Loading required package: NADA
Loading required package: survival

Attaching package: ‘NADA’

The following object is masked from ‘package:stats’:

    cor

Loading required package: truncnorm
Loading required package: ALDEx2
Loading required package: car
Loading required package: carData
Loading required package: permute
Loading required package: lattice
This is vegan 2.5-7
── Attaching packages ─────────────────────────────────────── tidyverse 1.3.0 ──
✔ ggplot2 3.3.3     ✔ purrr   0.3.4
✔ tibble  3.0.5     ✔ dplyr   1.0.2
✔ tidyr   1.1.2     ✔ stringr 1.4.0
✔ readr   1.4.0     ✔ forcats 0.5.0
── Conflicts ────────────────────────────────────────── tidyverse_conflicts() ──
✖ dplyr::filter() masks stats::filter()
✖ dplyr::lag()    masks stats::lag()
✖ dplyr::recode() masks car::recode()
✖ dplyr::select() masks MASS::select()
✖ purrr::some()   masks car::some()
[1] "Initiate functions for analysis"
[1] "Read in the Data"
[1] "Building phyloseq object"
[1] "Extract the metadata"
[1] "CLR transformation"
No. corrected values:  6510 
[1] "Accessing the metadata by season/year"
[1] "Build the community object (OTU table) for season"
[1] "Prediction 2A - Host associated factors"
$seaFall2017
Permutation test for rda under reduced model
Permutation: free
Number of permutations: 999

Model: rda(formula = x ~ Sex + AgeAtCollection + BirthYear + BreedingStatus, data = data)
         Df Variance      F Pr(>F)
Model    11   512.65 1.1729  0.214
Residual  3   119.21              

$seaFall2018
Permutation test for rda under reduced model
Permutation: free
Number of permutations: 999

Model: rda(formula = x ~ Sex + AgeAtCollection + BirthYear + BreedingStatus, data = data)
         Df Variance    F Pr(>F)
Model    10   231.46 0.64  0.909
Residual  3   108.50            

$seaFall2020
Permutation test for rda under reduced model
Permutation: free
Number of permutations: 999

Model: rda(formula = x ~ Sex + AgeAtCollection + BirthYear + BreedingStatus, data = data)
         Df Variance      F Pr(>F)
Model     8   635.40 1.0706  0.305
Residual 10   741.86              

$seaSpring2020
Permutation test for rda under reduced model
Permutation: free
Number of permutations: 999

Model: rda(formula = x ~ Sex + AgeAtCollection + BirthYear + BreedingStatus, data = data)
         Df Variance      F Pr(>F)
Model     6   179.28 1.2277  0.197
Residual 27   657.10              

[1] "individual variables"
[1] "seaFall2017"
Permutation test for rda under reduced model
Permutation: free
Number of permutations: 999

Model: rda(formula = comm[[seaLab]] ~ BreedingStatus, data = met[[seaLab]])
         Df Variance      F Pr(>F)
Model     2   103.07 1.1695  0.273
Residual 12   528.79              
Permutation test for rda under reduced model
Permutation: free
Number of permutations: 999

Model: rda(formula = comm[[seaLab]] ~ AgeAtCollection, data = met[[seaLab]])
         Df Variance      F Pr(>F)
Model     1    39.14 0.8585  0.635
Residual 13   592.72              
Permutation test for rda under reduced model
Permutation: free
Number of permutations: 999

Model: rda(formula = comm[[seaLab]] ~ Sex, data = met[[seaLab]])
         Df Variance      F Pr(>F)
Model     1    46.37 1.0295  0.375
Residual 13   585.49              
Permutation test for rda under reduced model
Permutation: free
Number of permutations: 999

Model: rda(formula = comm[[seaLab]] ~ BirthYear, data = met[[seaLab]])
         Df Variance      F Pr(>F)
Model     8   387.36 1.1882  0.167
Residual  6   244.50              
[1] "seaFall2018"
Permutation test for rda under reduced model
Permutation: free
Number of permutations: 999

Model: rda(formula = comm[[seaLab]] ~ BreedingStatus, data = met[[seaLab]])
         Df Variance      F Pr(>F)
Model     2   53.237 1.0212  0.409
Residual 11  286.728              
Permutation test for rda under reduced model
Permutation: free
Number of permutations: 999

Model: rda(formula = comm[[seaLab]] ~ AgeAtCollection, data = met[[seaLab]])
         Df Variance      F Pr(>F)
Model     1     9.05 0.3281  0.985
Residual 12   330.92              
Permutation test for rda under reduced model
Permutation: free
Number of permutations: 999

Model: rda(formula = comm[[seaLab]] ~ Sex, data = met[[seaLab]])
         Df Variance      F Pr(>F)
Model     1    18.83 0.7036  0.861
Residual 12   321.14              
Permutation test for rda under reduced model
Permutation: free
Number of permutations: 999

Model: rda(formula = comm[[seaLab]] ~ BirthYear, data = met[[seaLab]])
         Df Variance     F Pr(>F)
Model     7   124.61 0.496  0.992
Residual  6   215.35             
[1] "seaSpring2020"
Permutation test for rda under reduced model
Permutation: free
Number of permutations: 999

Model: rda(formula = comm[[seaLab]] ~ BreedingStatus, data = met[[seaLab]])
         Df Variance      F Pr(>F)  
Model     1    37.48 1.5012  0.037 *
Residual 32   798.89                
---
Signif. codes:  0 ‘***’ 0.001 ‘**’ 0.01 ‘*’ 0.05 ‘.’ 0.1 ‘ ’ 1
Permutation test for rda under reduced model
Permutation: free
Number of permutations: 999

Model: rda(formula = comm[[seaLab]] ~ AgeAtCollection, data = met[[seaLab]])
         Df Variance      F Pr(>F)   
Model     1    50.77 2.0679  0.007 **
Residual 32   785.60                 
---
Signif. codes:  0 ‘***’ 0.001 ‘**’ 0.01 ‘*’ 0.05 ‘.’ 0.1 ‘ ’ 1
Permutation test for rda under reduced model
Permutation: free
Number of permutations: 999

Model: rda(formula = comm[[seaLab]] ~ Sex, data = met[[seaLab]])
         Df Variance     F Pr(>F)  
Model     2    64.58 1.297  0.083 .
Residual 31   771.79               
---
Signif. codes:  0 ‘***’ 0.001 ‘**’ 0.01 ‘*’ 0.05 ‘.’ 0.1 ‘ ’ 1
Permutation test for rda under reduced model
Permutation: free
Number of permutations: 999

Model: rda(formula = comm[[seaLab]] ~ BirthYear, data = met[[seaLab]])
         Df Variance      F Pr(>F)
Model     5   141.43 1.1396  0.251
Residual 28   694.94              
[1] "seaFall2020"
Permutation test for rda under reduced model
Permutation: free
Number of permutations: 999

Model: rda(formula = comm[[seaLab]] ~ BreedingStatus, data = met[[seaLab]])
         Df Variance      F Pr(>F)
Model     1    86.27 1.1361  0.261
Residual 17  1290.98              
Permutation test for rda under reduced model
Permutation: free
Number of permutations: 999

Model: rda(formula = comm[[seaLab]] ~ AgeAtCollection, data = met[[seaLab]])
         Df Variance      F Pr(>F)
Model     1   100.22 1.3342  0.115
Residual 17  1277.03              
Permutation test for rda under reduced model
Permutation: free
Number of permutations: 999

Model: rda(formula = comm[[seaLab]] ~ Sex, data = met[[seaLab]])
         Df Variance      F Pr(>F)
Model     1    71.83 0.9354  0.495
Residual 17  1305.43              
Permutation test for rda under reduced model
Permutation: free
Number of permutations: 999

Model: rda(formula = comm[[seaLab]] ~ BirthYear, data = met[[seaLab]])
         Df Variance      F Pr(>F)
Model     6   485.13 1.0876  0.269
Residual 12   892.12              
