Unloading StdEnv/2020

The following have been reloaded with a version change:
  1) gcccore/.9.3.0 => gcccore/.7.3.0     2) imkl/2020.1.217 => imkl/2018.3.222

[1] "Set up - working directory, packages, functions, data"
Loading required package: permute
Loading required package: lattice

Attaching package: ‘lattice’

The following object is masked from ‘package:boot’:

    melanoma

This is vegan 2.5-7
Loading required package: ggplot2
── Attaching packages ─────────────────────────────────────── tidyverse 1.3.0 ──
✔ tibble  3.0.5     ✔ dplyr   1.0.2
✔ tidyr   1.1.2     ✔ stringr 1.4.0
✔ readr   1.4.0     ✔ forcats 0.5.0
✔ purrr   0.3.4     
── Conflicts ────────────────────────────────────────── tidyverse_conflicts() ──
✖ dplyr::filter() masks stats::filter()
✖ dplyr::lag()    masks stats::lag()
Joining, by = "Sample1"
[1] "Own parent vs other offspring (4A)"
[1] "H0: d = d0"
[1] "HA: d < 0"
  NonBreeder        Different Territory Same Territory        diff         
 Length:16          Min.   :1.688       Min.   :0.7789   Min.   :-1.29119  
 Class :character   1st Qu.:2.065       1st Qu.:1.5541   1st Qu.:-0.70119  
 Mode  :character   Median :2.295       Median :2.1653   Median :-0.39148  
                    Mean   :2.371       Mean   :2.1863   Mean   :-0.18455  
                    3rd Qu.:2.657       3rd Qu.:2.6271   3rd Qu.: 0.06663  
                    Max.   :3.274       Max.   :4.0076   Max.   : 1.52568  
[1] 0.6993439

	Paired t-test

data:  test4A$`Same Territory` and test4A$`Different Territory`
t = -0.92632, df = 15, p-value = 0.1845
alternative hypothesis: true difference in means is less than 0
95 percent confidence interval:
      -Inf 0.1647041
sample estimates:
mean of the differences 
             -0.1845451 


ORDINARY NONPARAMETRIC BOOTSTRAP


Call:
boot(data = test4A, statistic = fc, R = 999)


Bootstrap Statistics :
      original       bias    std. error
t1* -0.1845451 -0.005485593   0.1873089
[1] "Shared Microbiota (4B)"
Joining, by = "b"
[1] "Two sample t-test"
[1] "H0 - equal mean OTUs (u1-u2=0)"
[1] "HA1 - more shared OTUs than unique non-breeder OTUs (u1-u2 > u0)"
[1] "HA2 - more unique breeder OTUs than unique non-breeder OTUs (u1-u3 > u0)"
  Group.1        x
1   Bonly 30.06081
2  NBonly 14.02631
3  shared 32.22000
  Group.1        x
1   Bonly 40.50000
2  NBonly 21.95833
3  shared 57.95833
[1] "Shared & Non-breeder"

	Two Sample t-test

data:  sh$NumberOfOTUs and nb$NumberOfOTUs
t = 5.0188, df = 46, p-value = 4.127e-06
alternative hypothesis: true difference in means is greater than 0
95 percent confidence interval:
 23.95887      Inf
sample estimates:
mean of x mean of y 
 57.95833  21.95833 

[1] "Breeder & Non-breeder"

	Two Sample t-test

data:  br$NumberOfOTUs and nb$NumberOfOTUs
t = 2.7383, df = 46, p-value = 0.004377
alternative hypothesis: true difference in means is greater than 0
95 percent confidence interval:
 7.17507     Inf
sample estimates:
mean of x mean of y 
 40.50000  21.95833 

`geom_smooth()` using formula 'y ~ x'
There were 50 or more warnings (use warnings() to see the first 50)
null device 
          1 
