
Lmod is automatically replacing "intel/2016.4" with "gcc/7.3.0".

-------------------------------------------------------------------------------
The following dependent module(s) are not currently loaded: gcccore/.5.4.0 (required by: icc/.2016.4.258, ifort/.2016.4.258)
-------------------------------------------------------------------------------

Due to MODULEPATH changes, the following have been reloaded:
  1) openmpi/2.1.1

The following have been reloaded with a version change:
  1) gcccore/.5.4.0 => gcccore/.7.3.0     2) imkl/11.3.4.258 => imkl/2018.3.222

── Attaching packages ─────────────────────────────────────── tidyverse 1.3.0 ──
✔ ggplot2 3.3.3     ✔ purrr   0.3.4
✔ tibble  3.0.5     ✔ dplyr   1.0.2
✔ tidyr   1.1.2     ✔ stringr 1.4.0
✔ readr   1.4.0     ✔ forcats 0.5.0
── Conflicts ────────────────────────────────────────── tidyverse_conflicts() ──
✖ dplyr::filter() masks stats::filter()
✖ dplyr::lag()    masks stats::lag()
[1] "counting"
[1] "breeding status"
# A tibble: 3 x 2
# Groups:   BreedingStatus [3]
  BreedingStatus     n
  <fct>          <int>
1 Breeder           54
2 Non-breeder       32
3 Unknown            2
[1] "breeding status and juvenile status"
# A tibble: 6 x 3
# Groups:   BreedingStatus, JuvenileStatus [6]
  BreedingStatus JuvenileStatus       n
  <fct>          <fct>            <int>
1 Breeder        DominantJuvenile     6
2 Breeder        EPM                  2
3 Breeder        Unknown             46
4 Non-breeder    DominantJuvenile     7
5 Non-breeder    Unknown             25
6 Unknown        Unknown              2
[1] "breeding status, juvenile status, and collection season"
# A tibble: 12 x 4
# Groups:   BreedingStatus, JuvenileStatus, CollectionSeason [12]
   BreedingStatus JuvenileStatus   CollectionSeason     n
   <fct>          <fct>            <fct>            <int>
 1 Breeder        DominantJuvenile Fall                 4
 2 Breeder        DominantJuvenile Spring               2
 3 Breeder        EPM              Fall                 2
 4 Breeder        Unknown          Fall                34
 5 Breeder        Unknown          Spring              10
 6 Breeder        Unknown          Winter               2
 7 Non-breeder    DominantJuvenile Fall                 3
 8 Non-breeder    DominantJuvenile Spring               2
 9 Non-breeder    DominantJuvenile Winter               2
10 Non-breeder    Unknown          Fall                 4
11 Non-breeder    Unknown          Spring              21
12 Unknown        Unknown          Fall                 2
[1] "breeding status, juvenile status, collection season, and collection year"
# A tibble: 22 x 5
# Groups:   BreedingStatus, JuvenileStatus, CollectionSeason, CollectionYear
#   [22]
   BreedingStatus JuvenileStatus   CollectionSeason CollectionYear     n
   <fct>          <fct>            <fct>                     <dbl> <int>
 1 Breeder        DominantJuvenile Fall                       2017     1
 2 Breeder        DominantJuvenile Fall                       2018     2
 3 Breeder        DominantJuvenile Fall                       2020     1
 4 Breeder        DominantJuvenile Spring                     2020     2
 5 Breeder        EPM              Fall                       2017     1
 6 Breeder        EPM              Fall                       2018     1
 7 Breeder        Unknown          Fall                       2016     1
 8 Breeder        Unknown          Fall                       2017    10
 9 Breeder        Unknown          Fall                       2018     8
10 Breeder        Unknown          Fall                       2020    15
# … with 12 more rows
[1] "Breeders by territory, year, season"
# A tibble: 44 x 4
# Groups:   Territory, CollectionYear, CollectionSeason [44]
   Territory CollectionYear CollectionSeason     n
   <fct>              <dbl> <fct>            <int>
 1 Alligator           2017 Fall                 1
 2 Alligator           2018 Fall                 1
 3 Alligator           2020 Fall                 1
 4 Arowhon             2017 Fall                 1
 5 Arowhon             2018 Fall                 1
 6 Arowhon             2020 Fall                 2
 7 Arowhon             2020 Spring               2
 8 BatLake             2017 Fall                 1
 9 BatLake             2018 Fall                 1
10 BatLake             2020 Fall                 1
# … with 34 more rows
[1] "Non-breeders by territory, year, season"
# A tibble: 17 x 4
# Groups:   Territory, CollectionYear, CollectionSeason [17]
   Territory   CollectionYear CollectionSeason     n
   <fct>                <dbl> <fct>            <int>
 1 Arowhon               2020 Spring               3
 2 BatLake               2020 Fall                 1
 3 BatLake               2020 Spring               4
 4 CamLkRd               2019 Winter               1
 5 CamLkRd               2020 Spring               4
 6 CedarSwamp            2017 Fall                 1
 7 ClarkeLake            2020 Fall                 1
 8 DaviesBog             2020 Spring               2
 9 Mile36                2020 Spring               3
10 NorthBog              2020 Spring               3
11 OpeoTurn              2018 Fall                 1
12 SundayCreek           2019 Winter               1
13 SundayCreek           2020 Fall                 1
14 TDSN                  2019 Spring               1
15 Track                 2017 Fall                 1
16 Track                 2018 Fall                 1
17 WolfHowl              2020 Spring               3
[1] "Should we do analyses by year/season?"
[1] "Collection Year Ordination"
Call: rda(formula = OTU ~ CollectionYear, data = data)

                Inertia Proportion Rank
Total         5.625e+08  1.000e+00     
Constrained   1.904e+07  3.385e-02    1
Unconstrained 5.434e+08  9.661e-01   85
Inertia is variance 

Eigenvalues for constrained axes:
    RDA1 
19038022 

Eigenvalues for unconstrained axes:
      PC1       PC2       PC3       PC4       PC5       PC6       PC7       PC8 
220645203 171844367  69983796  32408940  27055207   5706781   3258768   2828440 
(Showing 8 of 85 unconstrained eigenvalues)

Permutation test for rda under reduced model
Permutation: free
Number of permutations: 999

Model: rda(formula = OTU ~ CollectionYear, data = data)
         Df  Variance      F Pr(>F)  
Model     1  19038022 3.0128  0.018 *
Residual 86 543443576                
---
Signif. codes:  0 ‘***’ 0.001 ‘**’ 0.01 ‘*’ 0.05 ‘.’ 0.1 ‘ ’ 1
[1] "Collection Season Ordination"
Call: rda(formula = OTU ~ CollectionSeason, data = data)

                Inertia Proportion Rank
Total         5.625e+08  1.000e+00     
Constrained   3.364e+07  5.981e-02    2
Unconstrained 5.288e+08  9.402e-01   84
Inertia is variance 

Eigenvalues for constrained axes:
    RDA1     RDA2 
27453190  6190146 

Eigenvalues for unconstrained axes:
      PC1       PC2       PC3       PC4       PC5       PC6       PC7       PC8 
222210058 162007033  65705502  29713840  27751963   6202440   3182322   2805868 
(Showing 8 of 84 unconstrained eigenvalues)

Permutation test for rda under reduced model
Permutation: free
Number of permutations: 999

Model: rda(formula = OTU ~ CollectionSeason, data = data)
         Df  Variance      F Pr(>F)  
Model     2  33643336 2.7037   0.03 *
Residual 85 528838264                
---
Signif. codes:  0 ‘***’ 0.001 ‘**’ 0.01 ‘*’ 0.05 ‘.’ 0.1 ‘ ’ 1
[1] "Collection Year*Season Ordination"
Call: rda(formula = OTU ~ CollectionYear * CollectionSeason, data =
data)

                Inertia Proportion Rank
Total         5.625e+08  1.000e+00     
Constrained   1.117e+08  1.986e-01    5
Unconstrained 4.508e+08  8.014e-01   82
Inertia is variance 

Eigenvalues for constrained axes:
    RDA1     RDA2     RDA3     RDA4     RDA5 
81018075 20244188  6398871  4016224    15178 

Eigenvalues for unconstrained axes:
      PC1       PC2       PC3       PC4       PC5       PC6       PC7       PC8 
186970793 144398866  46977033  26536159  25950739   5664387   2998943   2777917 
(Showing 8 of 82 unconstrained eigenvalues)

Permutation test for rda under reduced model
Permutation: free
Number of permutations: 999

Model: rda(formula = OTU ~ CollectionYear * CollectionSeason, data = data)
         Df  Variance      F Pr(>F)   
Model     5 111692536 4.0634  0.003 **
Residual 82 450789066                 
---
Signif. codes:  0 ‘***’ 0.001 ‘**’ 0.01 ‘*’ 0.05 ‘.’ 0.1 ‘ ’ 1
[1] "Figures"
Error in library(ggmap) : there is no package called ‘ggmap’
Execution halted
