
Lmod is automatically replacing "intel/2016.4" with "gcc/7.3.0".

-------------------------------------------------------------------------------
The following dependent module(s) are not currently loaded: gcccore/.5.4.0 (required by: icc/.2016.4.258, ifort/.2016.4.258)
-------------------------------------------------------------------------------

Due to MODULEPATH changes, the following have been reloaded:
  1) openmpi/2.1.1

The following have been reloaded with a version change:
  1) gcccore/.5.4.0 => gcccore/.7.3.0     2) imkl/11.3.4.258 => imkl/2018.3.222

── Attaching packages ─────────────────────────────────────── tidyverse 1.3.0 ──
✔ ggplot2 3.3.3     ✔ purrr   0.3.4
✔ tibble  3.0.5     ✔ dplyr   1.0.2
✔ tidyr   1.1.2     ✔ stringr 1.4.0
✔ readr   1.4.0     ✔ forcats 0.5.0
── Conflicts ────────────────────────────────────────── tidyverse_conflicts() ──
✖ dplyr::filter() masks stats::filter()
✖ dplyr::lag()    masks stats::lag()
Error in file(con, "r") : cannot open the connection
Calls: %>% -> phyloseq -> qza_to_phyloseq -> is_q2metadata
Execution halted
Error in library(ggmap) : there is no package called ‘ggmap’
Execution halted
