Unloading StdEnv/2020

The following have been reloaded with a version change:
  1) gcccore/.9.3.0 => gcccore/.7.3.0     2) imkl/2020.1.217 => imkl/2018.3.222

Loading required package: permute
Loading required package: lattice
This is vegan 2.5-7
── Attaching packages ─────────────────────────────────────── tidyverse 1.3.0 ──
✔ ggplot2 3.3.3     ✔ purrr   0.3.4
✔ tibble  3.0.5     ✔ dplyr   1.0.2
✔ tidyr   1.1.2     ✔ stringr 1.4.0
✔ readr   1.4.0     ✔ forcats 0.5.0
── Conflicts ────────────────────────────────────────── tidyverse_conflicts() ──
✖ dplyr::filter() masks stats::filter()
✖ dplyr::lag()    masks stats::lag()

── Column specification ────────────────────────────────────────────────────────
cols(
  .default = col_character()
)
ℹ Use `spec()` for the full column specifications.

`summarise()` regrouping output by 'otu' (override with `.groups` argument)
`summarise()` ungrouping output (override with `.groups` argument)
`summarise()` ungrouping output (override with `.groups` argument)
Joining, by = "Feature.ID"
Joining, by = "Feature.ID"
Joining, by = "Feature.ID"
Joining, by = "Feature.ID"
Loading required package: permute
Loading required package: lattice
This is vegan 2.5-7
── Attaching packages ─────────────────────────────────────── tidyverse 1.3.0 ──
✔ ggplot2 3.3.3     ✔ purrr   0.3.4
✔ tibble  3.0.5     ✔ dplyr   1.0.2
✔ tidyr   1.1.2     ✔ stringr 1.4.0
✔ readr   1.4.0     ✔ forcats 0.5.0
── Conflicts ────────────────────────────────────────── tidyverse_conflicts() ──
✖ dplyr::filter() masks stats::filter()
✖ dplyr::lag()    masks stats::lag()

── Column specification ────────────────────────────────────────────────────────
cols(
  .default = col_character()
)
ℹ Use `spec()` for the full column specifications.

`summarise()` regrouping output by 'otu' (override with `.groups` argument)
`summarise()` ungrouping output (override with `.groups` argument)
`summarise()` ungrouping output (override with `.groups` argument)
Loading required package: permute
Loading required package: lattice
This is vegan 2.5-7
── Attaching packages ─────────────────────────────────────── tidyverse 1.3.0 ──
✔ ggplot2 3.3.3     ✔ purrr   0.3.4
✔ tibble  3.0.5     ✔ dplyr   1.0.2
✔ tidyr   1.1.2     ✔ stringr 1.4.0
✔ readr   1.4.0     ✔ forcats 0.5.0
── Conflicts ────────────────────────────────────────── tidyverse_conflicts() ──
✖ dplyr::filter() masks stats::filter()
✖ dplyr::lag()    masks stats::lag()

── Column specification ────────────────────────────────────────────────────────
cols(
  .default = col_character()
)
ℹ Use `spec()` for the full column specifications.

`summarise()` regrouping output by 'otu' (override with `.groups` argument)
`summarise()` ungrouping output (override with `.groups` argument)
`summarise()` ungrouping output (override with `.groups` argument)
Loading required package: permute
Loading required package: lattice
This is vegan 2.5-7
── Attaching packages ─────────────────────────────────────── tidyverse 1.3.0 ──
✔ ggplot2 3.3.3     ✔ purrr   0.3.4
✔ tibble  3.0.5     ✔ dplyr   1.0.2
✔ tidyr   1.1.2     ✔ stringr 1.4.0
✔ readr   1.4.0     ✔ forcats 0.5.0
── Conflicts ────────────────────────────────────────── tidyverse_conflicts() ──
✖ dplyr::filter() masks stats::filter()
✖ dplyr::lag()    masks stats::lag()

── Column specification ────────────────────────────────────────────────────────
cols(
  .default = col_character()
)
ℹ Use `spec()` for the full column specifications.

`summarise()` regrouping output by 'otu' (override with `.groups` argument)
`summarise()` ungrouping output (override with `.groups` argument)
`summarise()` ungrouping output (override with `.groups` argument)
Loading required package: permute
Loading required package: lattice
This is vegan 2.5-7
── Attaching packages ─────────────────────────────────────── tidyverse 1.3.0 ──
✔ ggplot2 3.3.3     ✔ purrr   0.3.4
✔ tibble  3.0.5     ✔ dplyr   1.0.2
✔ tidyr   1.1.2     ✔ stringr 1.4.0
✔ readr   1.4.0     ✔ forcats 0.5.0
── Conflicts ────────────────────────────────────────── tidyverse_conflicts() ──
✖ dplyr::filter() masks stats::filter()
✖ dplyr::lag()    masks stats::lag()

── Column specification ────────────────────────────────────────────────────────
cols(
  .default = col_character()
)
ℹ Use `spec()` for the full column specifications.

`summarise()` regrouping output by 'otu' (override with `.groups` argument)
`summarise()` ungrouping output (override with `.groups` argument)
`summarise()` ungrouping output (override with `.groups` argument)
