Saved FeatureTable[Frequency] to: filtered-table-no-blanks.qza
Saved FeatureTable[Frequency] to: rarefied-table.qza
Saved FeatureTable[Frequency] to: P1AB-filtered-table.qza
Saved PCoAResults % Properties('biplot') to: P1AB-aitchison-ordination.qza
Saved DistanceMatrix to: P1AB-aitchison-distance.qza
Saved FeatureTable[Frequency] to: P1C-filtered-table.qza
Saved PCoAResults % Properties('biplot') to: P1C-aitchison-ordination.qza
Saved DistanceMatrix to: P1C-aitchison-distance.qza
Saved PCoAResults % Properties('biplot') to: P2A-aitchison-ordination.qza
Saved DistanceMatrix to: P2A-aitchison-distance.qza
Saved FeatureTable[Frequency] to: P3AB-filtered-table.qza
Saved PCoAResults % Properties('biplot') to: P3AB-aitchison-ordination.qza
Saved DistanceMatrix to: P3AB-aitchison-distance.qza
Saved FeatureTable[Frequency] to: P3CD-filtered-table.qza
Saved PCoAResults % Properties('biplot') to: P3CD-aitchison-ordination.qza
Saved DistanceMatrix to: P3CD-aitchison-distance.qza
Saved FeatureTable[Frequency] to: P4ABCD-filtered-table.qza
Saved PCoAResults % Properties('biplot') to: P4ABCD-aitchison-ordination.qza
Saved DistanceMatrix to: P4ABCD-aitchison-distance.qza
Saved FeatureTable[Frequency] to: P5AB-filtered-table.qza
Saved PCoAResults % Properties('biplot') to: P5AB-aitchison-ordination.qza
Saved DistanceMatrix to: P5AB-aitchison-distance.qza
