
Lmod is automatically replacing "intel/2016.4" with "gcc/7.3.0".

-------------------------------------------------------------------------------
The following dependent module(s) are not currently loaded: gcccore/.5.4.0 (required by: icc/.2016.4.258, ifort/.2016.4.258)
-------------------------------------------------------------------------------

Due to MODULEPATH changes, the following have been reloaded:
  1) openmpi/2.1.1

The following have been reloaded with a version change:
  1) gcccore/.5.4.0 => gcccore/.7.3.0     2) imkl/11.3.4.258 => imkl/2018.3.222

Loading required package: permute
Loading required package: lattice
This is vegan 2.5-6
── Attaching packages ─────────────────────────────────────── tidyverse 1.3.0 ──
✔ ggplot2 3.3.2     ✔ purrr   0.3.4
✔ tibble  3.0.4     ✔ dplyr   1.0.2
✔ tidyr   1.1.2     ✔ stringr 1.4.0
✔ readr   1.4.0     ✔ forcats 0.5.0
── Conflicts ────────────────────────────────────────── tidyverse_conflicts() ──
✖ dplyr::filter() masks stats::filter()
✖ dplyr::lag()    masks stats::lag()
Joining, by = "SampleID"
null device 
          1 
`summarise()` regrouping output by 'CollectionYear', 'CollectionSeason' (override with `.groups` argument)
null device 
          1 

Call:
capscale(formula = dmAitchison$data ~ ProportionSpruceOnTerritory +      MeanTempC, data = gj_meta, comm = otu_table(gj_ps), na.action = na.exclude) 

Partitioning of mean squared Unknown distance:
              Inertia Proportion
Total          3.3826    1.00000
Constrained    0.1885    0.05571
Unconstrained  3.1942    0.94429

Eigenvalues, and their contribution to the mean squared Unknown distance 

Importance of components:
                         CAP1     CAP2   MDS1   MDS2   MDS3
Eigenvalue            0.17231 0.016149 1.1791 1.0975 0.9176
Proportion Explained  0.05094 0.004774 0.3486 0.3245 0.2713
Cumulative Proportion 0.05094 0.055714 0.4043 0.7287 1.0000

Accumulated constrained eigenvalues
Importance of components:
                        CAP1    CAP2
Eigenvalue            0.1723 0.01615
Proportion Explained  0.9143 0.08569
Cumulative Proportion 0.9143 1.00000

Scaling 2 for species and site scores
* Species are scaled proportional to eigenvalues
* Sites are unscaled: weighted dispersion equal on all dimensions
* General scaling constant of scores:  4.141839 


Species scores

                                   CAP1       CAP2       MDS1       MDS2
JN178502.1.1489               9.025e-05  3.089e-05 -2.839e-04 -2.167e-04
LN569729.1.1347               8.805e-05 -1.268e-04 -1.500e-04 -2.510e-04
EF516822.1.1479              -1.235e-03 -5.523e-04  2.233e-03 -3.196e-03
FJ466419.1.1420              -4.632e-04  3.729e-05 -9.379e-05 -5.088e-04
KJ726591.1.1386               9.402e-04 -2.278e-04 -9.016e-04  5.107e-04
AB034799.1.1494               2.101e-04  1.545e-04  8.596e-05 -1.100e-04
KF100146.1.1366               1.084e-05 -2.657e-05 -5.600e-05 -2.697e-05
FJ904258.1.1491              -2.932e-05  6.252e-05  1.248e-04  4.311e-04
JF225121.1.1362              -1.836e-04 -2.059e-04  1.224e-04 -5.455e-04
FJ534995.1.1486               6.552e-04  3.934e-04 -2.671e-04 -1.868e-04
JQ452099.1.1291              -6.295e-05 -2.171e-05  6.423e-05 -2.188e-04
KF101495.1.1358               5.027e-05 -3.612e-04 -4.792e-04 -2.852e-04
HM267060.1.1360              -2.175e-04 -2.961e-04  3.723e-05 -4.665e-04
JF168787.1.1357              -2.995e-04 -2.177e-04  3.943e-04 -1.139e-03
KF101923.1.1355              -9.191e-05 -1.819e-05 -4.733e-05 -8.100e-06
FJ558124.1.1310              -2.139e-04  5.455e-05 -5.046e-05 -2.370e-04
JQ460234.1.1383              -7.021e-05  3.097e-05 -2.678e-04 -6.384e-05
JF140876.1.1359              -1.117e-04 -4.901e-06 -6.450e-05 -2.335e-05
JQ460239.1.1372              -2.972e-04 -1.478e-04  3.856e-04 -1.078e-03
JF107580.1.1357              -6.216e-04 -8.764e-05  2.606e-04 -1.746e-03
AB547696.1.1280              -3.557e-04  6.818e-05 -2.373e-04 -5.958e-04
KM251024.1.1452              -1.266e-04  1.830e-05 -5.665e-05 -6.639e-05
FR720647.1.1447              -1.614e-04 -5.444e-05  2.340e-04 -6.021e-04
JF229797.1.1352               2.964e-04 -3.426e-04 -4.561e-04 -5.684e-04
JQ342863.1.1390               6.122e-05 -8.405e-05 -1.700e-04  2.418e-04
KF070899.1.1352              -3.983e-05 -2.033e-04 -1.264e-05 -4.570e-04
AM403311.1.1280               9.181e-05  2.807e-05 -4.098e-04  1.881e-04
HM276373.1.1351              -3.834e-05 -5.686e-05 -6.756e-05  5.862e-06
GQ001605.1.1352               2.081e-04  1.236e-04 -1.873e-04  1.182e-04
KJ579161.1.1520               2.348e-04 -2.308e-04 -3.890e-04 -2.130e-04
FPLS01052044.12.1513         -2.172e-04 -1.684e-05  1.129e-04 -5.156e-04
JF198984.1.1350              -6.321e-05 -1.148e-04 -3.965e-04 -2.503e-05
JN873202.1.1487               1.637e-04 -2.503e-04 -1.956e-04  2.452e-05
JF181867.1.1344              -1.855e-04 -2.597e-04  1.505e-04 -5.559e-04
JF233885.1.1345               1.092e-05 -1.493e-05 -6.516e-06 -1.493e-05
JF228239.1.1346              -1.178e-04 -6.619e-05  5.463e-05 -4.332e-04
MG788926.1.1212              -4.820e-04 -2.540e-05  7.658e-05 -1.215e-03
EU537791.1.1381              -1.416e-04  1.602e-04 -2.644e-05 -1.332e-04
MG859559.1.1339              -8.808e-04 -2.454e-04  6.640e-04 -3.630e-03
AM423088.1.1339              -8.957e-04 -4.784e-04  7.352e-04 -2.714e-03
HQ686141.1.1218              -1.083e-04 -4.599e-05 -7.245e-05  5.884e-06
KC618502.1.1400               1.227e-04  2.885e-05  1.042e-04 -1.377e-04
KF061609.1.1285              -1.461e-05  3.016e-05 -2.141e-04 -4.754e-05
AM420149.1.1479              -3.509e-05 -1.776e-05  3.607e-05 -1.689e-05
CU924115.1.1369               3.470e-06 -4.019e-07 -8.251e-06 -1.848e-06
JX657043.1.1256              -2.098e-04 -5.108e-05 -5.769e-04 -1.955e-04
AM420030.1.1477              -1.588e-04  5.902e-05  3.636e-04 -1.432e-04
JQ447599.1.1283               7.412e-06 -5.829e-06 -2.912e-05 -1.534e-05
FN421757.1.1382              -8.517e-05  5.011e-04  2.539e-05 -6.003e-05
HM487994.1.1230              -2.332e-04 -3.754e-04  1.128e-04 -6.983e-04
JQ991923.1.1360              -5.114e-05  2.373e-06 -2.408e-04 -5.757e-05
JF158381.1.1365              -2.834e-04  2.201e-04  2.381e-04 -5.873e-04
JQ466140.1.1308              -1.797e-04 -3.467e-06  2.700e-04 -1.660e-04
EU534796.1.1350              -4.527e-05 -3.356e-04 -4.994e-04  6.263e-04
JF231294.1.1313               3.888e-06 -3.456e-06 -9.615e-05 -2.342e-05
KF037501.1.1475              -1.016e-04 -7.164e-05 -2.588e-04 -3.605e-04
FJ465978.1.1476              -4.033e-04 -4.449e-04 -6.166e-05 -5.097e-04
HG529099.1.1221              -2.997e-04  3.834e-05 -5.351e-05 -4.273e-04
JF198859.1.1337              -5.515e-04 -1.335e-04 -6.850e-05 -7.986e-04
KF424996.1.1424               2.227e-04  2.736e-04 -1.970e-04 -2.754e-04
JN023236.1.1453              -8.871e-04 -5.577e-04  5.194e-04 -2.742e-03
JN023102.1.1455              -9.877e-04  8.421e-05 -3.816e-04 -1.202e-03
DQ906050.1.1458               2.610e-05  1.726e-04  1.537e-03 -1.833e-03
HF677560.1.1320              -2.015e-04 -7.654e-05  1.215e-04 -3.511e-04
KC924939.1.1365               5.541e-04  1.871e-04 -3.075e-05 -8.642e-05
KT582003.1.1350               1.558e-04  1.314e-04 -4.676e-04 -8.775e-05
HQ674944.1.1469              -2.012e-04  6.016e-05 -7.689e-05 -1.649e-04
GU731346.1.1349              -5.324e-05  9.039e-05 -3.221e-04 -1.723e-06
AM697130.1.1456               6.542e-04 -4.855e-04 -1.139e-03 -6.034e-04
FR749818.1.1462              -2.323e-04 -1.649e-04  2.011e-05 -3.219e-04
FJ466050.1.1386              -1.879e-04 -9.251e-05  1.953e-04 -5.684e-04
HQ317066.1.1458               4.420e-05 -2.376e-06  1.949e-03 -1.611e-03
HQ595201.1.1462              -2.907e-04 -1.193e-04  2.626e-04 -1.153e-03
HQ598946.1.1456              -4.462e-04 -3.551e-05  1.905e-04 -1.478e-03
JN023851.1.1453               6.610e-05  2.127e-04 -3.234e-04  1.039e-03
HQ687088.1.1488              -8.912e-06 -2.373e-04 -7.181e-04  1.185e-04
FJ466048.1.1374              -3.020e-04 -2.132e-04  1.959e-04 -6.744e-04
HQ595224.1.1463               1.736e-04 -2.482e-04  4.327e-04 -8.741e-04
FPLS01054129.36.1499         -7.283e-04  1.429e-04 -7.853e-06 -1.496e-03
FR716684.1.1401               6.864e-05  5.376e-05 -9.875e-05 -5.502e-05
JF200056.1.1323              -1.167e-03 -4.934e-04 -1.283e-03 -1.839e-03
DQ521477.1.1424               7.690e-04 -1.870e-03 -4.086e-03 -3.382e-03
FJ465984.1.1365              -1.692e-05  1.848e-04 -1.481e-04  4.208e-05
JN024058.1.1455              -1.768e-04  7.241e-05 -1.334e-05  4.271e-05
HQ598755.1.1456              -8.867e-05 -9.243e-05 -2.336e-04  1.977e-05
HM318996.1.1322              -4.125e-04  1.764e-04 -7.245e-04 -5.100e-04
FJ004689.1.1320              -2.699e-04  1.199e-04  4.038e-04 -8.081e-04
FJ466063.1.1461              -1.016e-03 -7.293e-04 -9.269e-04 -2.650e-03
JX967284.1.1418               4.747e-04  3.138e-04 -1.729e-04 -2.736e-05
FM873018.1.1452              -8.307e-05 -3.519e-04 -1.148e-03 -1.164e-03
FNSD01000001.2831055.2832560 -6.413e-04 -2.539e-04 -5.450e-04  4.081e-04
AB637074.1.1458              -8.099e-04  3.176e-05 -9.195e-04 -1.430e-03
DQ532229.1.1476              -3.433e-04 -2.639e-04  1.134e-04 -6.611e-04
FJ624885.1.1477              -5.840e-04 -1.884e-04  5.577e-04 -1.704e-03
HM319117.1.1337              -3.098e-04 -5.718e-06 -1.468e-04 -5.755e-04
KF063285.1.1306              -3.248e-04 -8.544e-05  3.083e-04 -1.230e-03
HQ754307.1.1415              -6.090e-03 -1.937e-03  3.086e-03 -1.682e-02
GFIM01005958.9.1236          -5.356e-03 -2.703e-03  3.717e-03 -1.555e-02
GQ025225.1.1346              -3.958e-03 -1.399e-03  2.868e-03 -1.155e-02
LT996886.1992536.1994032     -4.593e-04  9.263e-05 -2.978e-04 -6.893e-04
JQ855509.1.1280              -1.051e-04  1.460e-04  6.973e-05 -8.301e-05
Z78206.1.1473                -2.326e-04 -1.756e-04 -8.837e-05 -3.617e-05
AF542072.1.1334              -1.322e-03 -1.359e-04 -1.681e-03 -2.644e-03
MK005285.1.1200              -1.554e-03  1.460e-04 -1.061e-03 -1.063e-03
AJ131121.1.1481               3.011e-02  2.110e-02 -2.122e-02  3.438e-03
JF021752.1.1274              -4.710e-04 -4.234e-04  2.099e-04 -1.057e-03
JQ453285.1.1278              -3.284e-04 -4.440e-05 -1.775e-04 -4.511e-05
JQ462353.1.1304              -8.016e-05  1.550e-04  2.743e-04 -1.952e-04
JQ452983.1.1387              -8.302e-04  7.084e-06  1.177e-03 -1.636e-03
JQ453094.1.1265               1.784e-05 -2.344e-05  1.622e-04 -2.512e-05
JQ456274.1.1389              -8.512e-05 -1.956e-05 -4.274e-05 -5.375e-06
JQ460427.1.1401              -3.150e-04 -3.561e-04  3.287e-04 -1.158e-03
KF101799.1.1351              -1.024e-04 -4.330e-05 -1.632e-04 -7.353e-05
GQ358840.1.1493               1.116e-02  7.845e-03 -8.160e-03  1.367e-03
LN774496.1.1227              -1.460e-04  8.957e-05 -2.913e-04 -5.931e-04
AMGM01000177.486.1752         6.295e-05  9.663e-05 -4.544e-04 -3.091e-04
MH447029.1.1245              -7.912e-05 -6.293e-05  2.966e-05  4.682e-06
KP717958.1.1215               3.925e-04  5.135e-05 -2.026e-03 -1.302e-03
GQ927310.1.1446               3.820e-04  4.848e-05 -1.889e-03 -1.203e-03
MH173277.1.1221               4.273e-05  1.295e-04 -5.221e-04 -2.449e-04
JQ659878.1.1493              -2.833e-04 -1.408e-05 -4.504e-04 -5.595e-04
KX026867.1.1427               2.144e-04 -2.304e-04 -1.556e-04 -1.485e-05
JF223997.1.1388              -2.012e-04  5.037e-06 -1.347e-04 -4.023e-05
JQ456193.1.1347              -1.681e-04 -1.710e-04  2.239e-04 -7.565e-04
JF411398.1.1363              -3.658e-04 -4.040e-04  1.393e-04  1.775e-03
KT154887.1.1354               1.614e-05 -9.228e-05  4.375e-05  2.481e-05
EU289495.1.1483              -6.566e-04 -1.082e-04  9.122e-04 -1.815e-03
FJ527819.1.1459              -2.643e-04  2.458e-04  1.305e-04 -1.473e-04
EF451667.1.1266              -5.753e-05 -2.056e-05 -7.351e-05 -1.139e-06
KF080158.1.1305              -6.131e-05  3.929e-05 -2.489e-04 -8.239e-05
KP214599.6.1225              -7.935e-05 -7.746e-05  1.123e-04  4.175e-05
FJ716240.1.1353              -3.006e-05 -2.339e-05  1.162e-04 -6.459e-05
HM248734.1.1345              -2.148e-04 -3.644e-04 -9.820e-05  6.114e-04
FN824831.1.1299              -1.012e-05 -1.114e-04 -4.363e-05 -1.144e-04
EU374909.1.1206              -4.006e-04 -1.109e-04 -2.135e-04 -1.597e-04
JQ660285.1.1454               2.320e-04 -1.984e-04  3.351e-04 -1.056e-03
MH468728.1.1296              -3.939e-04 -1.667e-04 -2.224e-04 -1.040e-04
MK135915.1.1317              -6.700e-05 -2.054e-05  1.688e-05 -2.638e-04
KX618431.1.1210              -1.009e-04 -3.642e-04  8.839e-04 -1.375e-03
ADNU01000076.15.1525         -6.699e-04  2.211e-04 -1.538e-05 -1.251e-03
JQ855568.1.1203              -1.802e-04 -7.351e-05 -4.234e-04 -6.234e-04
EU868814.1.1450              -2.285e-03 -8.002e-05 -2.166e-03 -3.418e-03
CR933228.2.1304               2.313e-04 -2.674e-05 -5.470e-05  6.329e-04
L43597.1.1437                -4.329e-04 -3.736e-05 -5.957e-06 -8.746e-04
AM697010.1.1473              -2.481e-04 -1.706e-04  5.886e-05 -4.134e-04
EU289429.1.1487              -4.572e-04  3.627e-04  7.939e-04 -1.594e-03
AF247813.1.1375              -2.473e-04  8.215e-05 -1.027e-04 -1.138e-04
LN565962.1.1354              -1.573e-04 -9.578e-05 -5.530e-05 -5.389e-04
GQ348649.1.1360              -6.695e-05  5.622e-05 -4.474e-04 -3.141e-05
LN573160.1.1352              -5.311e-04 -1.770e-04 -4.854e-04 -1.388e-03
KU060864.1.1436              -2.983e-04 -8.528e-05 -2.102e-04 -2.825e-04
HG800046.1.1425              -7.311e-04 -1.797e-04  6.595e-04 -2.204e-03
MH394200.1.1219               5.590e-05 -3.410e-05  7.591e-04 -4.099e-04
KM023860.1.1371              -4.637e-03 -1.696e-03 -4.068e-04  6.634e-04
MF765337.1.1200              -2.923e-04  6.210e-05 -1.820e-04 -4.828e-04
JF200689.1.1340              -2.082e-04 -1.246e-04 -3.583e-05 -7.249e-04
JF172593.1.1339              -7.074e-04 -3.383e-04  5.691e-04 -2.323e-03
GQ033816.1.1340              -3.356e-03 -1.842e-03 -1.193e-03 -8.917e-03
KF063016.1.1336               1.818e-04 -2.054e-04 -5.463e-04 -2.889e-04
KF086785.1.1341              -2.723e-05 -3.868e-07 -8.225e-05 -1.196e-05
KR514582.1.1245               1.619e-04  1.490e-04 -8.430e-05 -9.283e-05
GQ038569.1.1298              -9.890e-03  2.053e-05 -5.641e-03 -1.500e-02
KC873924.1.1374              -9.777e-04 -3.416e-04  1.070e-04 -9.721e-04
Y09044.1.1472                -5.742e-03  5.497e-04 -3.723e-03 -8.145e-03
JQ855615.1.1266              -8.815e-04 -5.290e-05  2.334e-05 -1.978e-03
Y14651.1.1383                -1.468e-03 -7.935e-05 -9.722e-04 -1.131e-03
GQ085072.1.1341              -3.637e-04  5.055e-04 -7.544e-04 -3.294e-04
HM274530.1.1342               4.377e-04  6.046e-05 -2.885e-04 -1.536e-04
JQ855630.1.1284              -1.010e-03  4.193e-03 -4.776e-03 -2.465e-03
JF091892.1.1344              -2.032e-04 -8.618e-06  2.613e-05 -5.052e-04
Y09655.1.1468                -6.916e-04  1.440e-04  1.251e-04 -9.065e-04
JQ855614.1.1252              -8.187e-04  3.009e-04 -1.555e-03 -6.012e-04
KF061369.1.1304              -5.234e-05  1.566e-04 -1.367e-04 -7.206e-05
JF150579.1.1352              -3.572e-04 -5.645e-05 -1.401e-04 -9.668e-05
KF084353.1.1339               4.816e-04  9.996e-05 -2.646e-04 -1.411e-04
KF101186.1.1334              -3.042e-05 -2.289e-05  8.851e-05 -3.852e-04
MH447031.1.1244              -1.247e-04 -2.295e-05 -8.237e-05 -4.197e-06
EU379256.1.1267              -3.172e-04  1.718e-04 -1.480e-04 -4.432e-04
JF117557.1.1344              -2.619e-03  2.576e-05 -3.889e-04 -3.444e-03
GQ085228.1.1339               2.603e-04 -1.732e-04 -5.304e-04 -2.510e-04
JF141683.1.1340              -6.077e-03 -5.673e-04 -1.609e-03 -7.306e-03
JQ855529.1.1276              -6.972e-04  1.909e-04 -4.123e-04 -8.948e-04
X81872.1.1430                -9.984e-04  4.226e-05 -1.421e-04 -8.713e-04
GQ041275.1.1338              -2.755e-03  2.096e-05 -9.058e-04 -2.875e-03
JF172360.1.1372              -1.771e-04 -1.151e-04  8.723e-05 -3.793e-04
GQ044514.1.1347              -5.762e-03 -3.738e-04 -3.067e-03 -7.933e-03
JF070773.1.1342              -2.256e-03 -9.949e-04  8.306e-04 -5.916e-03
KF091541.1.1338              -2.865e-03 -8.250e-04  9.793e-04 -7.570e-03
KF067707.1.1340              -1.375e-03 -1.739e-04  1.301e-04 -2.171e-03
Y10999.1.1323                -4.989e-04 -3.647e-05  4.281e-04 -1.517e-03
KF069418.1.1339              -3.417e-04 -1.633e-04  3.665e-04 -9.125e-04
GQ006474.1.1336              -1.949e-03  3.604e-04 -1.054e-03 -2.735e-03
JF113924.1.1343              -9.594e-04 -1.910e-04  7.534e-05 -2.084e-03
JF106001.1.1271              -1.887e-04  1.557e-04 -2.992e-04 -1.102e-04
FJ214364.1.1418              -3.202e-04  6.432e-05  1.282e-03  1.415e-03
AY500143.1.1430              -2.674e-04 -6.304e-05  4.273e-04 -8.273e-04
GQ009821.1.1349              -1.693e-05  3.817e-05 -2.378e-04 -5.036e-05
KU713460.1.1383              -2.062e-04  1.255e-04  1.991e-04 -4.884e-04
KY908278.1.1240              -1.405e-04 -1.147e-04  1.004e-04 -1.619e-04
AB193261.1.1528              -1.381e-04 -1.746e-04  2.638e-04 -1.443e-04
FR682689.1.1485              -2.560e-04 -1.019e-04 -1.565e-04 -1.090e-04
HE795127.1.1443              -7.451e-06 -2.558e-05  4.804e-05 -2.556e-05
HM263196.1.1366              -3.615e-05 -1.486e-04  1.021e-04 -7.930e-04
JF190702.1.1368              -3.838e-05 -1.634e-05  2.032e-04 -4.906e-04
FPLS01027341.17.1497          5.959e-07 -6.426e-05 -2.031e-04 -2.410e-04
DQ420178.1.1216               2.785e-04 -2.781e-04 -5.381e-04 -3.518e-04
KT626954.1.1200              -1.392e-05  2.957e-06 -8.669e-06 -2.299e-05
HQ586883.1.1508              -5.658e-04 -3.178e-04 -3.133e-04 -3.211e-04
KM257721.1.1483              -5.509e-04 -6.138e-04  1.761e-03  7.913e-03
KX792217.1.1200              -1.345e-03 -2.152e-04  5.194e-03  2.160e-02
HQ774508.1.1459              -5.919e-04 -1.143e-04 -3.060e-04 -5.445e-05
FJ558058.1.1360               4.020e-04  1.809e-04 -3.936e-04 -2.859e-04
KJ726551.1.1410              -1.780e-02 -1.155e-02 -3.238e-02 -2.311e-02
JN013950.1.1521              -4.238e-02 -2.447e-02 -5.715e-02 -8.645e-02
EU773324.1.1414              -1.571e-02 -1.056e-02 -2.127e-02 -3.534e-02
EU777806.1.1322              -2.686e-02 -1.347e-02 -3.577e-02 -5.220e-02
FM873468.1.1497              -2.062e-04 -3.551e-04  1.288e-04 -6.965e-04
AGZE01000001.1.1322          -1.384e-04  6.490e-05 -1.983e-04 -5.064e-05
Y15716.1.1409                -5.103e-04 -1.605e-04 -2.938e-04 -4.662e-04
FM874392.1.1503              -9.196e-04 -7.260e-04 -1.130e-04  7.784e-04
JF148501.1.1373              -3.631e-04 -1.954e-04 -1.881e-04 -2.747e-04
JF206640.1.1370              -3.443e-04  1.092e-04 -2.923e-04 -5.910e-04
AM943029.1.1242              -1.927e-03 -8.218e-04 -7.307e-04 -2.142e-03
JF146179.1.1366               3.668e-03 -6.502e-05  4.771e-03 -3.514e-03
EU560812.1.1483               2.776e-01 -4.307e-02  1.203e+00 -7.340e-01
KM974909.1.1455              -4.325e-04  2.890e-05  8.292e-05 -7.890e-04
MF369939.1.1403               1.669e-03  6.278e-05  2.634e-03 -2.268e-03
KU899036.1.1458               2.268e-01 -3.755e-02  9.974e-01 -6.077e-01
EU778165.1.1293               1.060e-01 -1.669e-02  4.581e-01 -2.819e-01
KU324909.1.1217               3.214e-01 -4.027e-02  1.633e+00 -7.917e-01
JN639432.1.1262               1.231e-05  7.644e-06  5.096e-04 -4.589e-04
GU432146.1.1216              -3.295e-03 -1.780e-03  2.933e-03 -9.336e-03
JQ404454.1.1248              -3.272e-03 -2.678e-03  1.493e-03 -9.716e-03
JQ452959.1.1394              -3.600e-03 -2.616e-03  3.123e-03 -1.153e-02
JX986968.1.1511               5.074e-03  3.014e-03 -3.917e-03  1.023e-03
EU560799.1.1486               3.951e-02  2.716e-03  2.039e-01 -3.100e-02
KX880977.1.1307               4.332e-02  6.017e-04  2.415e-01 -3.603e-02
FJ363751.1.1374               2.214e-03 -1.626e-02  2.392e-01 -1.214e-01
KF094662.1.1371               1.579e-03  1.001e-02  4.030e-02 -5.105e-02
KF286609.1.1482              -1.343e-04 -1.123e-04  7.624e-04 -1.147e-03
MG675050.1.1274              -1.643e-04 -6.802e-05 -1.234e-04  5.725e-06
JQ449890.1.1405              -1.341e-03  3.563e-05 -7.667e-04 -5.687e-04
JF111268.1.1369              -6.321e-05  1.423e-05  1.696e-04 -3.865e-05
JF223442.1.1369              -1.798e-03 -2.877e-04 -1.724e-03 -9.369e-04
MH813962.1.1255               1.087e-03 -7.646e-04  8.599e-03 -1.424e-03
KU324914.1.1231               1.293e-03  6.850e-03  2.659e-02 -3.654e-02
KP027016.1.1336               4.407e-03 -8.522e-05  2.844e-03 -1.411e-03
KX583579.1.1213              -1.251e-05 -1.258e-05 -8.739e-05 -2.929e-05
EU463949.1.1313              -1.267e-06 -1.166e-06 -6.201e-05 -4.443e-05
EU774880.1.1320              -5.887e-04  1.372e-04 -3.168e-04 -8.872e-04
AB033209.1.1505              -2.327e-04 -2.062e-04 -7.126e-04 -7.034e-04
JQ046411.1.1474               1.654e-02  5.839e-04  3.272e-02 -3.145e-02
MH400162.1.1200               1.996e-02  7.575e-04  4.229e-02 -3.554e-02
AB370875.1.1495              -1.048e-03 -1.405e-04 -4.185e-04 -2.055e-03
MG515289.1.1202              -1.107e-02  8.006e-04 -6.570e-03 -1.570e-02
EU465367.1.1437              -5.082e-03  2.115e-04 -3.949e-03 -7.752e-03
MF436196.1.1510              -1.311e-03 -4.553e-05 -6.887e-04 -1.936e-03
KX881777.1.1230               4.430e-04 -3.917e-04 -1.005e-03 -5.362e-04
JF194361.1.1386              -2.405e-03 -1.007e-04 -1.534e-03 -1.905e-03
AF243141.1.1505              -3.943e-04 -4.343e-04 -6.594e-04 -8.476e-04
AF371472.1.1492               2.197e-04 -2.785e-04  1.131e-03 -9.717e-04
KF064913.1.1385              -5.186e-04 -1.808e-04 -1.301e-03 -1.032e-03
MH327501.1.1445              -3.681e-04  2.034e-05 -4.952e-05 -2.769e-04
KC336486.1.1472              -2.569e-04  3.310e-04  2.422e-04 -5.369e-05
HG800468.1.1200              -3.524e-05  9.440e-05 -7.942e-04 -4.154e-04
KM819108.1.1529              -2.512e-04 -6.741e-05 -5.841e-04 -1.676e-04
MH197051.1.1200               3.041e-04 -1.456e-04  1.152e-03  2.941e-06
HW066504.1.1528               1.730e-21 -5.096e-21 -1.947e-20  1.269e-20
JF240039.1.1322              -2.352e-04 -4.265e-05 -1.436e-04 -1.905e-04
JF411370.1.1398              -3.047e-04 -5.789e-05 -1.624e-04 -1.299e-04
JQ449983.1.1321               5.992e-05 -2.201e-04  9.903e-05 -5.609e-04
GU374018.1.1361              -7.829e-04 -3.858e-04  4.932e-04 -2.288e-03
KF826010.1.1436               5.831e-05 -1.806e-05 -4.975e-04 -1.041e-04
AF016390.1.1538               8.987e-06  6.867e-06 -1.039e-05 -1.513e-05
JF115422.1.1375              -2.041e-04 -1.267e-04 -1.633e-04 -4.773e-05
JF231450.1.1376              -2.236e-05  9.873e-05 -1.390e-04 -3.584e-06
ATKJ02000147.82.1446         -4.694e-04  7.342e-05 -4.738e-04  2.836e-04
JF086992.1.1377              -9.147e-04  5.608e-04 -4.480e-04 -1.261e-03
AM039968.1.1512              -8.719e-05 -6.985e-05 -4.642e-05 -2.025e-05
KY024500.1.1206              -3.001e-04 -2.107e-04  2.546e-04 -4.489e-05
FJ957564.1.1515               1.558e-04 -6.173e-04 -2.998e-03 -1.166e-03
HM810242.1.1370              -3.277e-04 -5.512e-04 -9.690e-05  1.723e-04
AB735688.1.1201              -7.946e-05 -1.362e-04  5.006e-05 -2.553e-04
FJ981654.1.1204               2.227e-04 -4.890e-04 -2.631e-03 -9.114e-04
JF017343.1.1375              -7.965e-06 -6.054e-04 -3.313e-03 -1.402e-03
MG546549.1.1454              -2.520e-06  6.033e-05 -3.736e-04 -1.824e-04
KF413411.1.1467               1.203e-03  5.528e-04 -5.851e-03  2.611e-03
AM237368.1.1456              -9.597e-05 -8.386e-06 -1.397e-05  6.092e-05
KY680227.1.1207               8.031e-04  9.023e-04 -6.133e-03  8.920e-04
KY008752.1.1284              -2.312e-06  2.177e-04 -2.105e-04  1.077e-04
HM263273.1.1372              -1.349e-02 -6.559e-03  3.458e-03 -3.486e-02
GQ389787.1.1471              -1.648e-02 -6.514e-03  7.960e-03 -3.893e-02
KF100596.1.1359              -3.180e-04 -1.292e-04  4.030e-04 -5.110e-04
KF083132.1.1378              -1.967e-03 -1.280e-03  2.661e-03 -1.009e-02
JF183284.1.1372              -2.066e-03 -1.388e-03  2.080e-03 -8.173e-03
CP012119.1331602.1333155      8.028e-03  3.893e-05 -1.425e-02 -2.127e-03
KM253147.1.1511               9.449e-03 -5.857e-05 -1.638e-02 -1.860e-03
JF150575.1.1370               4.238e-05  2.518e-05 -3.844e-05 -1.662e-05
JF190687.1.1351              -1.055e-03 -6.757e-04 -1.671e-04 -2.899e-03
MH447042.1.1230              -2.490e-03 -2.862e-04  3.049e-04 -5.026e-03
KX436095.1.1487               2.675e-04  3.431e-04 -1.111e-03  2.433e-04
AB730646.1.1429               5.266e-04  4.829e-04 -1.782e-03  3.462e-04
FJ512842.1.1396              -3.102e-04 -2.968e-04 -1.490e-04 -6.236e-05
KU200945.1.1458               2.305e-05 -6.433e-07 -1.581e-05  7.222e-04
MH368252.1.1352              -8.167e-04  2.271e-03  9.948e-03  6.663e-02
JF002026.1.1373               1.235e-04 -1.228e-06 -2.039e-04 -2.655e-05
LK985358.1.1200               1.181e-04  4.751e-05 -2.656e-04  2.983e-05
AB272364.1.1268              -8.788e-05  3.661e-05 -3.595e-04 -7.648e-05
JQ449960.1.1414              -1.189e-03  5.656e-05  1.165e-03 -2.671e-03
JQ452498.1.1373               4.672e-05  1.495e-05 -2.000e-04 -1.074e-04
JQ449887.1.1241              -2.136e-05 -1.086e-04 -3.241e-04 -5.986e-04
HQ811598.1.1472              -3.675e-04 -2.710e-05 -1.688e-04 -3.859e-05
KF098427.1.1370              -3.254e-04 -7.090e-05 -2.204e-04 -4.650e-05
KJ578741.1.1411              -4.673e-04 -7.430e-04 -1.107e-04  8.965e-04
KY673688.1.1200              -6.840e-05  1.036e-04  1.268e-03 -6.745e-04
KY963445.1.1230              -1.210e-02 -1.646e-03 -2.760e-02 -2.470e-02
HM276508.1.1382              -3.642e-05 -1.250e-05 -4.442e-05 -1.433e-05
AY543038.1.1420               5.405e-04 -5.165e-04 -8.381e-04 -3.029e-04
JF189488.1.1361              -2.508e-04 -2.311e-04  2.013e-04 -2.414e-04
GQ448318.1.1256              -1.462e-04  1.261e-04 -1.270e-04 -2.009e-04
HQ744394.1.1427              -7.920e-04 -7.769e-04  4.335e-04 -2.021e-03
FJ715930.1.1401              -5.210e-05 -1.153e-05  3.776e-05  4.328e-05
HM256610.1.1349              -4.903e-04  2.580e-04 -4.664e-04 -8.399e-04
KT006758.1.1432               2.788e-04  1.013e-04 -2.357e-04 -5.653e-04
AB111934.1.1414              -6.060e-05 -6.641e-05  7.373e-04 -2.585e-04
KM278969.1.1410              -3.505e-04 -3.236e-04  1.551e-04 -7.211e-05
GQ014605.1.1316               1.578e-04  4.051e-05 -7.443e-05 -3.975e-05
Z94007.1.1532                -7.311e-05  4.586e-06  1.380e-04  4.299e-04
KF099085.1.1336              -2.854e-04  2.044e-04 -1.424e-04 -4.064e-04
JF141755.1.1356               4.085e-05  3.301e-05 -1.834e-04  4.632e-05
FMJA01000006.260934.262419   -1.822e-04  7.100e-05  2.293e-05 -2.703e-06
HQ813447.1.1408               6.006e-04  2.370e-04 -2.509e-04 -1.038e-04
KF066950.1.1341              -3.748e-04 -1.152e-04 -1.531e-04 -1.267e-05
JQ466276.1.1304              -4.605e-05  2.017e-05  8.647e-05 -3.792e-05
KF098410.1.1335              -2.330e-04  7.348e-05  4.256e-04 -2.881e-04
GU227198.1.1891              -7.394e-05 -1.656e-05 -5.200e-05  9.505e-06
JQ466576.1.1367              -1.148e-05  3.250e-05 -3.480e-04 -8.611e-05
KR107314.1.1202              -5.732e-05  3.354e-05 -1.995e-05  1.360e-05
FLKB01000005.3297.4792       -1.104e-04  1.927e-04  4.545e-04  1.582e-03
DQ800421.1.1361              -8.093e-06 -6.293e-04 -2.322e-04 -1.055e-03
GQ014659.1.1348               4.204e-05 -6.117e-05 -4.493e-05  9.008e-04
KF098860.1.1353               7.175e-05 -9.877e-04 -1.280e-03  1.152e-03
AB538433.1.1488               4.479e-05 -3.543e-04 -2.130e-04  5.655e-05
GQ014254.1.1331              -1.322e-04  2.385e-04  6.662e-05 -1.083e-04
GQ035558.1.1350              -2.060e-04  3.432e-04  8.171e-05  1.443e-05
GQ094283.1.1347              -6.867e-04  5.902e-05 -6.132e-04 -1.231e-03
EU160559.1.1318              -2.130e-03 -3.066e-04  1.311e-03 -4.757e-03
GQ113171.1.1349               1.416e-05 -9.854e-05 -2.578e-04 -1.302e-04
FM874004.1.1481              -6.271e-04 -1.300e-04 -3.671e-04 -6.672e-04
JF135679.1.1327              -1.500e-05  9.537e-05 -8.798e-05  1.149e-04
KF096327.1.1337               2.720e-04 -5.160e-04 -8.868e-04 -4.356e-04
GQ006526.1.1346              -2.087e-04  1.163e-05  9.802e-05 -5.238e-04
AF542234.1.1418              -1.748e-03 -6.246e-04 -6.922e-04 -2.555e-03
KF099543.1.1332               7.433e-05  2.578e-05  3.236e-05 -2.286e-04
GQ006553.1.1331               1.165e-04 -1.318e-04 -2.054e-04 -1.648e-04
JF203190.1.1346               1.360e-04  3.163e-05  2.291e-05 -2.203e-05
KJ469554.1.1367              -3.780e-04  7.291e-05 -2.512e-04 -6.325e-04
KF098872.1.1350              -8.146e-04  1.681e-04 -5.117e-04 -1.243e-03
KF100164.1.1351               5.337e-04  2.369e-04 -7.814e-05 -1.077e-04
JF067258.1.1350              -4.423e-04  1.747e-04 -3.583e-04 -7.438e-04
KF085270.1.1286              -1.937e-03 -2.105e-04 -5.276e-04 -1.518e-03
KF086802.1.1289              -1.196e-03  1.162e-04 -5.826e-05 -1.074e-03
KF096013.1.1247              -2.672e-04  7.028e-05 -4.977e-04 -1.989e-04
GQ003913.1.1349               3.932e-05 -5.481e-05 -3.160e-05  1.198e-03
FCEX01000012.769211.770715   -2.964e-04  6.453e-05 -1.673e-04 -4.839e-04
GQ006259.1.1327               1.922e-04 -5.945e-05 -5.497e-04 -8.768e-05
KF084442.1.1326              -7.766e-04  2.615e-05 -5.516e-04 -1.080e-03
KF099033.1.1342              -6.615e-04  1.041e-04 -4.709e-04 -1.105e-03
HM279057.1.1349              -2.598e-04  1.402e-04 -2.491e-04 -4.430e-04
JF113984.1.1349              -4.750e-04 -7.582e-05 -2.801e-04 -5.371e-04
GQ014615.1.1346              -3.661e-04  1.138e-04 -2.650e-04 -6.106e-04
HM252077.1.1349              -4.831e-04  1.286e-04 -3.275e-04 -8.021e-04
HQ745323.1.1440              -1.372e-05 -2.671e-05 -3.766e-06  8.038e-06
JQ475420.1.1245              -3.455e-04  5.707e-06  3.655e-04 -2.150e-04
GU293217.1.1487              -3.540e-05  2.360e-05 -6.815e-05 -1.690e-05
HM062207.1.1317              -1.136e-04 -4.089e-05  5.438e-04 -8.909e-04
JN615702.1.1315               8.174e-04  1.191e-04 -9.910e-06  6.250e-04
DQ129588.1.1516               1.912e-06 -2.216e-06  3.705e-05 -5.471e-06
HQ674800.1.1454              -2.569e-04 -1.715e-04 -7.520e-05  7.903e-05
JQ684361.1.1453               1.117e-03 -6.189e-04 -1.871e-03  1.183e-03
JF222116.1.1308              -9.724e-04  2.818e-04  5.737e-04 -2.370e-03
JF222135.1.1307              -7.800e-04  1.891e-04 -3.175e-04 -1.409e-03
AB991050.1.1411              -5.366e-03 -1.440e-03 -3.493e-03 -1.099e-02
HM111817.1.1319              -3.056e-03 -2.606e-03 -5.663e-03 -1.458e-02
KF082954.1.1307               4.255e-06  3.105e-04 -8.416e-04 -2.485e-04
GQ097820.1.1308              -3.481e-04 -1.183e-04 -1.426e-04 -3.550e-04
HM270912.1.1304              -1.497e-05 -2.914e-05 -4.108e-06  8.768e-06
HM270687.1.1304              -5.465e-04 -4.980e-04 -2.012e-03 -2.140e-03
JQ796662.1.1393               4.388e-03  5.126e-03 -2.121e-03 -3.575e-04
KP694006.1.1333               3.618e-03  4.243e-03 -1.905e-03 -8.010e-04
HQ698286.1.1217               5.909e-03  4.763e-03 -2.495e-03 -7.766e-04
KT581998.1.1306               1.717e-03  1.568e-03 -7.554e-04 -1.483e-04
EU535584.1.1345               8.035e-04  7.727e-05 -1.076e-03  1.647e-04
AB195985.1.1410               1.323e-05 -6.997e-05 -4.244e-04 -1.053e-03
EU133399.1.1323               1.170e-05 -7.085e-05 -6.903e-05 -7.949e-05
JF224904.1.1305               2.036e-04  1.487e-04 -8.472e-04  2.239e-04
FR733885.1.1353               1.487e-05 -7.710e-06  9.064e-05 -1.389e-05
KC511070.1.1353              -5.813e-06 -3.512e-05 -1.535e-04 -1.177e-04
FR847847.1.1348              -5.810e-04 -5.009e-04 -1.642e-04 -1.242e-03
AB698685.1.1444              -8.138e-04 -4.373e-04 -4.949e-04 -1.936e-03
AB698720.1.1455              -7.569e-05 -3.320e-06 -4.370e-05 -1.582e-05
HM240983.1.1303              -1.411e-04 -7.540e-05 -1.539e-04 -2.923e-04
MH686116.1.1456              -4.178e-04  1.520e-04  9.189e-05 -2.143e-04
D32226.1.1405                -5.310e-04  3.128e-05 -4.538e-04 -1.186e-03
FJ793801.1.1205              -3.330e-03 -4.622e-04 -1.032e-03 -6.607e-03
EU704833.1.1228              -9.226e-06 -4.517e-05  4.787e-05  2.769e-06
FJ225120.1.1386              -1.086e-03 -1.388e-04  6.089e-04 -3.159e-03
HM336158.1.1306              -8.431e-05  6.099e-05  8.394e-04 -6.549e-04
KY941259.1.1214              -8.956e-05 -8.400e-05 -8.331e-07  8.712e-04
EF050096.1.1264              -3.076e-04 -3.799e-05  2.711e-04 -7.464e-04
HM332168.1.1306              -3.229e-04  1.180e-04 -7.573e-04 -1.423e-03
HM843775.1.1306              -1.071e-03  1.358e-05 -7.103e-04 -1.575e-03
HQ674799.1.1456              -6.195e-05 -1.300e-05 -3.946e-05 -1.215e-06
FR874230.1.1325              -5.185e-04 -2.802e-04  2.847e-04 -1.170e-03
HM319082.1.1306              -1.648e-04  1.082e-04 -2.665e-04 -5.376e-04
JN089710.1.1214              -7.647e-05  2.966e-05 -2.070e-04 -2.589e-05
KY908268.1.1323              -1.922e-05  5.683e-05  4.891e-05 -5.292e-05
EU289421.1.1449              -5.675e-04  1.335e-04 -3.018e-04 -8.379e-04
KJ016207.1.1336               2.359e-04  1.573e-04  2.242e-04  1.053e-03
KM924548.1.1437              -3.051e-04 -2.877e-04  1.016e-04 -6.373e-04
KT860421.1.1231              -8.028e-04  7.518e-05 -3.597e-04 -1.578e-03
KF063555.1.1283               2.457e-03 -1.367e-03 -5.320e-03 -3.022e-03
KY609362.1.1453               1.555e-03 -1.213e-03 -4.665e-03 -2.709e-03
FPLS01012024.1.1259           2.138e-04 -1.329e-04 -4.539e-04 -3.004e-04
JF189148.1.1306              -3.755e-04 -2.765e-04 -3.491e-05 -3.946e-04
AM697454.1.1437              -4.303e-03 -1.482e-03  2.151e-03 -8.116e-03
FJ854748.1.1205               3.841e-06  5.245e-05  1.258e-04 -7.953e-05
KY908289.1.1327               1.073e-04 -3.579e-04 -7.830e-04 -9.937e-04
EU803989.1.1260              -1.132e-03 -1.476e-04 -4.127e-04 -2.008e-03
JQ396552.1.1473               5.224e-05 -3.252e-04 -9.640e-04 -1.099e-03
JF222401.1.1310              -5.129e-04 -4.739e-04  4.111e-04 -2.113e-03
FN421814.1.1366              -1.664e-04  9.162e-05  7.869e-04  2.147e-04
EF019669.1.1293              -1.162e-03 -9.982e-04 -5.782e-04 -3.509e-03
FN421749.1.1369              -8.637e-05 -1.823e-04  3.582e-04 -3.846e-05
KJ809354.1.1468               4.627e-04 -2.155e-04 -9.509e-04 -1.645e-04
KC002967.1.1344               1.921e-04 -1.972e-04 -2.809e-04  7.321e-04
HM240873.1.1306              -2.909e-04 -4.771e-04  2.390e-04 -9.428e-04
GQ850582.1.1448               1.223e-05  4.355e-05  1.314e-04 -9.257e-05
JQ014516.1.1251              -2.182e-04  1.605e-04 -7.417e-04 -2.100e-04
GQ388898.1.1466              -2.186e-04 -7.163e-04 -1.413e-03 -1.863e-03
EF111062.1.1228              -3.238e-04 -4.447e-04  1.708e-04 -5.466e-04
GQ059294.1.1310               7.778e-04 -6.946e-04 -1.212e-03 -4.620e-04
FJ562158.1.1241              -1.716e-04 -8.442e-05 -9.954e-05 -7.187e-05
JF231895.1.1308              -1.666e-04 -7.948e-05  2.458e-04 -6.629e-04
JN023329.1.1442               7.116e-04 -2.536e-04 -1.193e-04 -7.218e-04
KM253064.1.1368              -2.157e-03 -5.306e-04 -3.640e-03 -3.862e-03
EU907884.1.1353              -2.135e-05  4.630e-05 -4.464e-04 -1.481e-04
EU705724.1.1206              -9.593e-04 -6.625e-04  8.519e-04 -1.314e-03
KJ809157.1.1466              -3.265e-04 -2.820e-04  4.723e-04 -1.048e-03
HM459845.1.1398              -8.183e-05 -1.241e-04  5.480e-05 -1.664e-04
EU642849.1.1387               6.146e-05 -1.150e-05  1.050e-04 -4.389e-04
KX990242.1.1335               1.259e-05 -3.139e-05  6.774e-04 -4.210e-04
JN178642.1.1441              -2.372e-05 -5.127e-05 -2.751e-05  4.882e-05
KC775412.1.1233              -4.348e-05 -4.814e-04 -5.881e-04 -1.354e-03
AJ786801.1.1437              -2.322e-05  1.288e-06  1.172e-04 -7.181e-04
KU713519.1.1337              -5.351e-05 -2.900e-05  7.568e-05 -3.038e-04
GU118241.1.1406               7.926e-03  8.780e-03 -5.006e-03 -2.211e-03
AM936813.1.1323              -3.395e-04 -2.310e-04  5.971e-05 -6.278e-04
FPLS01004034.10.1473         -9.332e-04  1.320e-04  5.422e-04 -3.727e-03
KM882673.1.1292              -4.960e-04 -2.147e-04 -2.442e-03 -3.289e-03
JN590703.1.1281              -1.609e-21 -3.494e-22 -1.028e-20 -2.119e-21
JF202879.1.1303              -1.021e-03  2.486e-04 -1.098e-03  7.934e-04
JF146933.1.1303               4.273e-05 -6.086e-05  1.024e-03 -5.580e-04
KU713399.1.1335               4.141e-04 -3.192e-04 -5.179e-04 -3.813e-04
KF037469.1.1449              -7.366e-04 -1.128e-04 -5.131e-04 -2.718e-04
AJ227797.1.1418              -1.762e-04  3.943e-05  2.020e-04  5.279e-04
JX949361.1.1344               1.832e-04 -1.847e-04 -3.891e-04 -2.816e-04
JX950099.1.1339              -1.489e-05 -1.841e-05 -5.475e-05 -5.191e-05
LC190811.1.1214               1.489e-04  1.760e-04 -3.849e-04 -8.952e-05
EU705610.1.1201              -1.434e-05 -3.722e-06  2.558e-05  7.701e-06
HM257747.1.1303              -1.882e-04  3.080e-05 -9.014e-05 -3.410e-04
JN590606.1.1265               4.852e-05 -4.621e-05  3.662e-05  2.314e-05
EU202832.1.1390               1.038e-06 -1.588e-05  4.675e-04 -1.257e-04
AB746431.1.1394              -3.263e-04  3.045e-05  4.290e-05 -5.623e-04
FQ658706.2.1303               2.834e-05 -3.427e-05 -3.370e-05  9.227e-04
KX990248.1.1356              -5.013e-04 -3.231e-04 -1.656e-05 -1.211e-03
AM696989.1.1449              -1.360e-03  7.266e-04 -1.311e-03 -1.448e-03
JX967345.1.1427              -1.626e-03 -3.855e-04 -8.105e-04 -2.512e-03
JF177852.1.1312              -2.287e-04  4.792e-04  1.112e-04  1.445e-04
AJ292602.1.1452              -1.982e-05 -2.718e-04 -7.922e-05 -4.637e-04
FM873225.1.1443              -4.181e-04  5.458e-05 -1.594e-04 -8.027e-04
JF198908.1.1314              -3.760e-04 -6.132e-05  1.002e-03 -1.669e-03
FJ466044.1.1396              -4.128e-04 -8.817e-05 -2.200e-04 -1.729e-04
JX458433.1.1240              -9.927e-06  2.133e-05 -1.956e-04 -6.178e-05
HM319067.1.1310              -9.802e-04 -1.074e-04 -2.208e-04 -3.028e-03
FM874383.1.1445              -1.576e-03 -1.094e-03 -3.197e-04 -2.436e-03
HM278195.1.1308               1.922e-04 -2.251e-04 -8.090e-04 -2.860e-04
EU360476.1.1340              -9.155e-04 -4.176e-04 -1.958e-03 -1.425e-03
JF217150.1.1312              -1.455e-03  3.304e-04 -8.166e-04 -1.768e-03
AJ292597.1.1461              -2.922e-04  8.746e-06 -4.127e-04  4.010e-04
KY908303.1.1320              -4.583e-04  1.232e-04  1.364e-05 -1.923e-03
EU133428.1.1318              -4.223e-04 -3.102e-04 -2.909e-03 -3.397e-03
FQ659602.2.1312               1.405e-05  1.571e-04 -1.538e-04 -7.304e-04
HQ622729.1.1448              -1.491e-03 -8.537e-05 -5.825e-04 -1.237e-03
AF533352.1.1433              -2.974e-04  2.420e-04  5.696e-05  3.519e-04
JF211051.1.1312              -1.067e-03  3.055e-04 -8.658e-04 -4.904e-04
FM872588.1.1451              -4.519e-04  1.049e-04 -2.769e-04 -6.932e-04
JF772550.1.1422              -5.088e-04 -3.148e-05 -1.836e-04 -4.334e-04
AF498717.1.1397              -1.743e-04  1.231e-04 -3.194e-04 -1.969e-04
EF441950.1.1245               5.846e-04  1.960e-04 -2.642e-04  1.215e-04
EU239162.1.1272              -3.478e-04 -1.488e-04 -2.449e-04 -6.980e-06
GQ157794.1.1428              -2.830e-04  2.349e-04 -9.557e-04 -6.587e-04
KC108987.1.1200              -7.869e-05 -5.263e-04 -2.341e-04  4.587e-05
EF522125.1.1538              -4.615e-04 -3.297e-04 -1.238e-04  1.654e-05
KM117219.1.1448               3.080e-05 -3.258e-04  7.801e-05 -1.215e-03
JN367254.1.1453              -7.237e-05 -2.413e-05 -7.613e-05 -6.810e-06
KM888877.1.1419               2.080e-04 -1.548e-04 -1.225e-04  3.719e-05
HM335571.1.1366              -1.250e-04 -6.125e-05  2.242e-04 -5.441e-04
JQ452674.1.1294              -1.076e-04  1.431e-04 -1.513e-05 -7.660e-05
MH447060.1.1253              -4.253e-04 -2.442e-04  7.548e-05 -1.241e-03
JQ453278.1.1401               1.118e-05 -2.104e-04  6.392e-04 -7.731e-05
KF098358.1.1361               1.336e-04  7.259e-05 -3.768e-04 -6.258e-05
KF101734.1.1362              -6.497e-04 -1.800e-04 -8.087e-04 -3.648e-04
JQ453421.1.1412              -5.955e-04 -3.597e-04  3.544e-04 -1.287e-04
JQ455246.1.1325              -8.700e-05  4.209e-05  5.842e-05 -9.321e-05
MH447059.1.1230               6.199e-04  4.769e-04 -1.330e-03 -3.489e-04
FJ598364.1.1434              -2.251e-04 -1.017e-04 -1.074e-04  3.230e-06
KT203427.1.1205              -1.537e-04  1.382e-04 -6.309e-04 -1.297e-04
KX771280.1.1349               4.870e-06 -1.515e-05  4.236e-05 -3.453e-06
FM872569.1.1483               3.308e-05 -4.755e-05  2.830e-04 -2.023e-04
FM872852.1.1485               1.381e-05 -5.523e-05  8.260e-04 -4.362e-04
JQ186386.1.1354              -8.313e-06 -3.678e-06 -4.421e-06  7.307e-07
FJ802321.1.1209              -2.154e-03 -1.399e-04 -4.545e-03 -7.036e-04
FJ849642.1.1453               1.746e-04 -1.387e-04 -1.619e-04 -2.189e-04
LN854583.1.1235               5.397e-04  1.848e-04  1.501e-05  4.182e-04
AJ575688.1.1457              -5.096e-04 -1.469e-04 -1.616e-03 -2.198e-04
EU705816.1.1232              -8.111e-04 -7.633e-06 -1.997e-03 -2.216e-04
FJ393073.1.1503              -1.216e-05  3.496e-05 -7.932e-05 -6.758e-06
HE582888.1.1283              -5.160e-04  7.569e-07 -9.025e-04 -1.136e-04
AB109889.1.1484               1.346e-03 -1.197e-03 -2.458e-03 -3.961e-04
FJ946525.1.1290              -2.898e-04 -1.639e-04 -6.958e-04 -7.396e-04
CU927448.1.1343               1.364e-04 -2.882e-04  4.566e-04 -9.354e-04
JQ014532.1.1307              -5.888e-05 -2.330e-05 -4.221e-04 -9.984e-05
DQ257419.1.1483              -1.677e-04 -3.557e-05  1.008e-03 -9.019e-04
KF494758.1.1495               1.888e-03  5.063e-04 -2.633e-03  1.760e-03
AM697195.1.1484              -4.745e-05  1.549e-04  3.241e-04 -3.402e-04
JQ467010.1.1278              -5.557e-04 -1.887e-04  3.288e-05 -2.204e-04
KF070907.1.1357              -6.487e-05 -2.846e-06 -3.745e-05 -1.356e-05
MH096047.1.1231              -1.292e-04 -2.026e-04  1.532e-04 -4.449e-04
HM304713.1.1352              -1.010e-04  2.789e-04 -5.549e-05 -3.824e-05
KX508304.1.1490               1.426e-04 -3.908e-05 -4.735e-04 -2.331e-04
KC358437.1.1263               2.092e-04 -1.521e-04 -1.764e-04  3.105e-05
AY922019.1.1391              -3.399e-04 -5.100e-05 -1.197e-04 -7.632e-05
JX222489.1.1391              -3.830e-04  2.852e-04 -8.598e-05 -1.156e-03
EU705078.1.1288              -5.227e-04 -1.220e-04 -3.322e-04  1.885e-04
HM263418.1.1354               4.832e-05  1.666e-04 -3.012e-04 -7.254e-05
KU515096.1.1489               6.007e-06  1.418e-05  2.869e-04  7.500e-04
HM057840.1.1320              -1.963e-04  6.959e-05  2.358e-04 -6.204e-04
KT005625.1.1200              -3.258e-04  1.175e-04 -6.888e-05 -7.455e-05
KT005643.1.1200               1.912e-04 -6.333e-04 -6.748e-04  6.242e-05
JF135618.1.1350              -5.435e-04 -2.551e-04 -1.109e-04  1.055e-04
KF100506.1.1350              -1.817e-04  4.670e-06 -1.794e-04 -3.745e-04
HF677134.1.1260              -2.712e-05 -2.012e-05 -7.213e-05 -7.358e-05
EF019185.1.1381              -4.185e-04 -4.832e-04 -2.089e-04  3.534e-04
EF653575.1.1340               1.323e-04  4.328e-05 -9.680e-06 -1.937e-05
KF189006.1.1289              -9.785e-05  1.711e-04  1.584e-03  5.363e-04
AY792246.1.1361              -2.208e-04 -4.431e-04  8.017e-04 -1.130e-03
JN672003.1.1289              -5.697e-04 -5.554e-04  4.941e-04 -1.045e-03
KX507782.1.1490              -3.542e-04 -3.410e-04  2.903e-04  1.413e-03
JF958162.1.1368              -6.596e-05 -1.158e-04  4.103e-05  1.102e-04
LC372651.1.1240              -2.116e-04  5.365e-05 -1.460e-04 -3.724e-04
AJ292648.1.1494              -1.794e-04 -1.330e-04  2.271e-04 -4.074e-04
AJ884795.1.1413               3.440e-04 -6.078e-04 -6.103e-04 -9.747e-04
FJ434113.1.1425              -5.345e-04 -2.100e-04  7.830e-05 -8.527e-04
KC112035.1.1269               6.867e-05 -3.561e-05  4.187e-04 -6.418e-05
HQ746842.1.1393               2.792e-04 -3.836e-04 -1.819e-03  4.336e-04
FJ493018.1.1242               4.162e-04 -4.796e-04 -6.184e-04  4.903e-04
DQ644497.1.1533               4.113e-04  6.511e-05  5.815e-05  4.749e-04
HM438483.1.1484              -4.739e-04 -2.581e-05  2.938e-04 -1.009e-03
EU150268.1.1200              -1.741e-04  4.827e-05 -1.494e-04 -3.142e-04
JF265850.1.1359               2.977e-05 -1.976e-05  4.465e-04 -3.622e-04
KF098316.1.1357              -9.674e-05 -1.721e-04  1.223e-04 -2.399e-04
KX363704.1.1459              -5.531e-04  1.093e-04 -1.142e-03 -2.098e-04
MH236011.1.1204              -3.684e-04  4.084e-04 -1.394e-03 -8.189e-04
CVRG01041904.1.1229          -2.451e-04 -1.075e-05 -1.415e-04 -5.122e-05
JQ691707.1.1488              -4.449e-04  6.180e-04 -2.917e-03 -1.184e-03
EU536840.1.1397              -2.376e-02  1.421e-03 -2.173e-02  2.865e-02
KF756254.1.1238              -3.744e-02  1.555e-03 -3.676e-02  4.088e-02
KC734132.1.1424               8.795e-05  1.666e-04 -4.204e-05 -1.041e-05
KJ496054.1.1444              -1.055e-03 -1.022e-04 -7.257e-04  5.310e-04
EU460309.1.1298               1.320e-05 -1.064e-05  6.082e-05  2.352e-05
EU777710.1.1395              -2.923e-01  1.153e-01 -1.797e-01 -3.449e-01
KF756208.1.1251              -2.590e-01  2.606e-02 -9.787e-02  1.963e-02
JF790967.1.1432              -9.993e-02  8.341e-03 -3.951e-02  9.081e-03
MH235974.1.1212              -2.071e-01  2.349e-02 -8.242e-02  2.097e-02
JQ522962.1.1258              -1.098e-04  6.893e-05 -1.656e-04 -3.211e-05
MH393477.1.1503              -1.220e-01  1.007e-02 -4.721e-02  1.174e-02
KU358690.1.1400              -6.729e-04  2.525e-04 -4.048e-04 -7.554e-04
HE652090.1.1459              -2.224e-04 -8.377e-05 -4.173e-04 -8.470e-04
KJ534472.1.1439              -5.751e-03  1.900e-03 -3.543e-03 -6.901e-03
KM253135.1.1447              -4.838e-03  1.910e-03 -3.422e-03 -5.647e-03
MH323407.1.1447              -2.549e-03 -1.092e-03 -2.228e-04 -5.703e-03
KJ809260.1.1509              -6.252e-03 -3.832e-03 -2.151e-03 -1.566e-02
EU536823.1.1396              -8.188e-03 -4.945e-03 -2.046e-03 -1.878e-02
KX687553.1.1251              -2.959e-02  3.111e-03 -3.284e-02 -2.911e-03
HE602890.1.1401              -2.273e-02  7.066e-03 -1.857e-02  2.308e-02
KF147055.1.1458              -3.793e-02  3.302e-03 -4.016e-02 -2.330e-03
AB681346.1.1462              -5.272e-02  1.249e-02 -3.177e-02  1.784e-02
HM445406.1.1361              -2.166e-03 -2.508e-03  5.842e-04 -5.420e-03
KF756190.1.1310              -3.205e-01  2.857e-02 -1.247e-01  3.793e-02
KX640928.1.1211               3.436e-05 -4.161e-05 -9.582e-05 -5.073e-05
LN624760.1.1451              -1.071e-03  2.085e-04  8.450e-04 -9.466e-05
MH259800.1.1388              -5.248e-01  2.084e-01 -3.300e-01 -6.169e-01
KM021097.1.1244              -6.318e-04  1.342e-04 -5.923e-04 -1.285e-03
EU169145.1.1368              -6.223e-03 -5.277e-03 -9.155e-03 -1.524e-02
JF709910.1.1403              -2.434e-02 -1.754e-02 -3.738e-02 -5.253e-02
KX378956.1.1440              -1.579e-02 -1.007e-02 -2.115e-02 -3.062e-02
KY476123.1.1200              -1.203e-02 -6.910e-03 -1.536e-02 -2.364e-02
FJ893930.1.1361              -8.284e-03 -7.115e-03 -1.148e-02 -1.819e-02
KF424281.1.1444              -2.827e-03 -2.842e-04 -1.312e-03 -1.710e-03
KT767708.1.1430              -6.359e-03 -3.102e-04 -9.366e-05 -4.834e-03
KC178570.1.1440              -1.613e-03 -1.487e-03  7.717e-04 -1.358e-03
EU239123.1.1223              -2.204e-05  7.491e-05 -1.074e-04  1.353e-05
KX212248.1.1200              -3.013e-04 -5.665e-04  2.354e-04 -1.244e-04
JQ684470.1.1465              -5.127e-05  2.764e-05 -4.229e-04 -8.890e-05
EU196777.1.1200              -8.837e-05  1.172e-03 -1.395e-02 -3.749e-03
EU196771.1.1211              -2.670e-02  2.109e-02 -3.013e-01 -8.274e-02
GQ267972.1.1461              -2.434e-02  2.027e-02 -2.848e-01 -7.997e-02
EU236279.1.1411               2.884e-05 -8.975e-05  2.509e-04 -2.045e-05
JQ855569.1.1259              -3.617e-03 -1.377e-03 -5.694e-04 -1.382e-03
FR774600.1.1369              -2.335e-04 -5.484e-05 -1.394e-04 -1.649e-04
GQ901866.1.1257              -2.316e-04 -3.233e-04  4.138e-04 -9.711e-04
MH571636.1.1200              -9.311e-04  5.713e-05 -1.305e-03 -2.525e-04
LN611354.1.1200              -7.320e-04  7.913e-05 -2.792e-03 -4.340e-04
AB369002.1.1355               1.054e-04 -1.646e-04 -7.009e-05 -1.406e-04
KF098552.1.1358              -2.260e-04  7.256e-05 -6.404e-04 -1.016e-04
DQ834356.1.1441              -7.291e-04  1.475e-04 -1.385e-03 -2.251e-04
JN697570.1.1405               5.940e-04  4.344e-04  2.205e-03 -1.735e-03
AY663435.1.1430              -5.498e-05 -1.137e-04  2.355e-04 -3.020e-04
AB062283.1.1345              -7.825e-04 -3.157e-04 -5.532e-04  2.858e-04
HQ180180.1.1390               7.069e-05 -3.975e-04  1.782e-03 -2.688e-03
LN611366.1.1300              -2.458e-04  5.170e-04  1.055e-04 -8.431e-05
GU247457.1.1249              -6.684e-04 -5.945e-04  9.119e-04 -1.030e-03
HM854251.1.1443              -3.376e-04 -3.101e-04 -1.454e-03  7.700e-04
KC843488.1.1328              -4.747e-02  7.092e-03 -3.606e-02 -3.657e-02
AJ275038.1.1439              -4.299e-04 -1.935e-04  1.510e-03 -2.628e-03
HQ857761.1.1442              -1.375e-04 -5.757e-05  4.723e-04 -8.615e-04
MG738337.1.1283              -6.006e-06 -4.546e-05 -3.386e-04  1.041e-04
GQ088991.1.1358              -1.613e-04  2.004e-04 -9.839e-05 -1.537e-04
FJ825887.1.1469              -3.024e-04 -3.048e-04  4.231e-04 -1.027e-03
KF831405.1.1448              -2.175e-05 -1.884e-04 -1.350e-04  3.486e-04
EU706079.1.1249              -4.525e-05 -1.488e-04  9.460e-06  3.369e-04
LN854580.1.1220              -1.019e-04  9.314e-06 -1.822e-04  2.614e-04
KJ623585.1.1469              -9.079e-04  3.223e-04 -1.088e-03 -6.452e-04
GQ008884.1.1351              -7.098e-05  1.343e-04  1.252e-04 -1.575e-04
HAAC01027432.1.1206          -3.288e-03 -1.802e-03  2.804e-03 -1.363e-02
MH703470.1.1505              -2.952e-03 -8.252e-04  2.373e-03 -1.048e-02
DQ860047.1.1505              -1.356e-05 -1.006e-05 -3.607e-05 -3.679e-05
EF470567.1.1267              -7.130e-05  3.278e-05 -5.345e-05 -6.848e-05
EU844911.1.1328              -6.537e-04 -4.561e-04 -1.190e-03 -2.011e-03
HQ860753.1.1200               1.164e-03  2.290e-04  1.755e-05  8.996e-04
HQ698589.1.1398              -6.058e-04  4.058e-04 -4.066e-03 -1.114e-03
JX627626.1.1239               5.362e-03 -4.842e-03 -2.215e-02 -1.122e-02
KP717943.1.1266              -4.953e-04  7.711e-05  6.662e-04  1.166e-03
FJ900895.1.1281              -2.892e-04 -4.821e-04 -4.696e-04 -2.524e-04
KF756244.1.1201              -1.233e-03 -3.119e-04 -6.997e-04 -9.047e-04
AB681355.1.1464              -5.847e-05  3.544e-05  1.740e-03 -2.574e-03
KR868991.1.1409              -9.692e-05 -3.382e-05  4.884e-04 -7.886e-04
HQ698586.1.1428              -1.322e-03 -5.179e-04  5.538e-04 -2.843e-03
AJ272303.1.1426               1.412e-05 -1.546e-05  3.931e-05 -2.970e-06
GQ984339.1.1269              -2.332e-04 -4.016e-04  1.457e-04 -7.877e-04
AB205576.1.1426              -4.200e-03 -2.437e-03 -1.047e-02 -1.080e-02
AB205571.1.1418              -1.858e-03 -9.138e-04 -3.741e-03 -4.288e-03
AM269902.1.1421              -4.225e-04  1.686e-05 -7.827e-04 -8.535e-04
JQ467255.1.1254              -6.286e-05 -7.175e-05 -1.082e-04 -2.782e-05
HQ846513.1.1442              -3.612e-04 -3.360e-04  4.280e-04 -1.365e-03
JQ465886.1.1406              -3.289e-04 -3.822e-05  4.555e-05 -1.465e-03
JQ455641.1.1400              -3.973e-04 -4.807e-04  3.922e-04 -1.445e-03
JQ455259.1.1251              -2.158e-04 -4.877e-05 -3.369e-04 -8.869e-05
JQ453181.1.1411              -6.821e-05  4.416e-05  1.789e-05 -4.370e-05
KF101919.1.1361              -1.474e-04 -1.789e-04 -5.027e-05  5.221e-05
EU768020.1.1365              -1.742e-04 -3.195e-05 -1.152e-04 -5.922e-06
JF163633.1.1360              -9.264e-04 -3.056e-04 -8.069e-05 -6.107e-05
JF506644.1.1364              -2.746e-04 -4.725e-04  2.164e-04 -9.804e-04
X74687.1.1457                -3.580e-03 -1.588e-03 -6.334e-03 -7.480e-03
JF182810.1.1380              -8.493e-03 -5.922e-03 -1.623e-02 -1.729e-02
JF412253.1.1400              -3.873e-04 -4.239e-04 -5.724e-04 -1.143e-03
JX013442.1.1364              -6.130e-02  7.285e-02  2.247e-01  1.154e+00
AOQH01000134.9789.11348      -2.408e-02  2.824e-02  9.064e-02  4.539e-01
KX880951.1.1230              -2.126e-02  2.269e-02  8.036e-02  3.943e-01
HM186527.1.1371              -1.194e-04  2.886e-04 -1.466e-04  2.687e-05
KY780350.1.1207              -4.116e-02  5.043e-02  1.452e-01  7.561e-01
JF703628.1.1513              -5.250e-02  6.286e-02  1.937e-01  9.885e-01
KY780358.1.1208              -2.055e-02  2.287e-02  7.222e-02  3.644e-01
KF052592.1.1446              -1.254e-03  1.376e-04 -1.739e-03 -2.542e-04
KU569617.1.1237              -2.580e-03  5.006e-04 -3.930e-03 -7.075e-04
AOQF01000068.44124.45733      3.865e-04  5.787e-05  2.185e-04 -8.595e-05
KU179368.1.1477              -4.120e-04 -7.664e-04  2.141e-06  4.838e-04
KC618479.1.1393              -3.303e-04 -6.880e-04 -2.995e-05  1.153e-03
KM264402.1.1478              -3.569e-05 -7.279e-04 -2.115e-04  6.526e-03
KM187215.1.1403              -6.187e-04 -7.789e-04 -1.539e-04 -1.800e-03
AY581130.1.1377              -4.908e-04 -3.908e-04  2.711e-04 -1.244e-03
KF464373.1.1241               1.922e-04 -1.472e-04 -2.910e-04  1.073e-04
JQ977080.1.1441              -5.857e-04 -8.176e-04 -5.508e-06  2.211e-03
KF201713.1.1445              -4.397e-04  2.683e-04 -3.820e-04 -6.346e-04
KT005623.1.1250              -5.252e-04 -3.049e-04  5.686e-04 -1.736e-03
KX225292.1.1208              -6.006e-04  1.387e-04 -7.337e-04 -6.286e-04
DQ440548.1.1439              -8.608e-04 -8.555e-05 -5.189e-04 -6.093e-04
FJ811884.1.1433              -8.170e-04 -3.363e-04  9.671e-05  5.944e-04
KM242581.1.1405               5.510e-04 -8.209e-04 -3.034e-04  2.425e-03
MG196051.1.1227              -2.440e-04  4.629e-05 -8.709e-05 -4.498e-04
HM069224.1.1426              -1.403e-04  2.796e-04  7.736e-04  5.893e-05
KM253006.1.1448              -4.291e-04  3.738e-04  2.742e-06  1.523e-03
JQ190329.1.1367              -4.127e-04 -2.674e-04  3.984e-04  9.799e-04
GQ379617.1.1220               1.915e-04  1.567e-04 -1.970e-04 -2.859e-05
DQ059817.1.1299              -3.221e-03  6.697e-04 -4.953e-03 -7.410e-04
KX212259.1.1200              -2.681e-04  7.328e-05 -4.354e-04 -6.987e-05
JN797481.1.1203              -4.248e-04 -1.686e-04  1.672e-03 -2.910e-03
KY038312.1.1251              -7.566e-04 -2.960e-04 -1.508e-04 -7.322e-04
EU239106.1.1241              -2.824e-04 -7.339e-05  3.184e-04  1.301e-03
HM334946.1.1363              -2.275e-04  4.798e-04  1.176e-04 -9.614e-05
KP772347.1.1460              -7.484e-03  1.660e-03  1.036e-02  3.197e-02
KU881628.1.1200              -1.071e-02  2.750e-03  1.398e-02  4.158e-02
KP339859.1.1411              -3.280e-04 -1.126e-04  1.697e-03 -2.720e-03
KT215540.1.1447              -1.564e-04  3.036e-04  9.048e-05 -4.725e-05
MG738316.1.1428              -3.884e-03 -2.407e-03  7.011e-03 -1.862e-02
KF479549.1.1506              -4.786e-04  4.119e-06  1.551e-04 -9.791e-04
AY173020.1.1325              -4.748e-04 -4.615e-04 -1.877e-04 -5.322e-04
KU674365.1.1488              -5.295e-05  1.277e-04  1.183e-04 -4.178e-05
KC163803.1.1266              -1.122e-04 -2.367e-04  6.570e-05 -5.048e-04
                                   MDS3
JN178502.1.1489              -8.744e-04
LN569729.1.1347              -1.831e-04
EF516822.1.1479              -8.535e-04
FJ466419.1.1420              -6.327e-04
KJ726591.1.1386               1.715e-03
AB034799.1.1494              -3.328e-06
KF100146.1.1366               6.564e-06
FJ904258.1.1491              -6.806e-05
JF225121.1.1362              -6.343e-04
FJ534995.1.1486               1.612e-05
JQ452099.1.1291              -9.157e-05
KF101495.1.1358              -3.249e-04
HM267060.1.1360              -5.866e-04
JF168787.1.1357              -5.370e-04
KF101923.1.1355               5.834e-05
FJ558124.1.1310              -1.725e-04
JQ460234.1.1383               1.017e-04
JF140876.1.1359               6.365e-05
JQ460239.1.1372              -3.365e-04
JF107580.1.1357              -1.003e-03
AB547696.1.1280              -6.708e-04
KM251024.1.1452               1.281e-04
FR720647.1.1447              -1.905e-04
JF229797.1.1352              -4.432e-04
JQ342863.1.1390              -3.626e-05
KF070899.1.1352              -6.632e-04
AM403311.1.1280               2.775e-04
HM276373.1.1351               4.463e-05
GQ001605.1.1352               5.592e-05
KJ579161.1.1520              -2.687e-04
FPLS01052044.12.1513         -2.251e-04
JF198984.1.1350              -4.445e-05
JN873202.1.1487              -2.685e-04
JF181867.1.1344              -6.578e-04
JF233885.1.1345               5.815e-07
JF228239.1.1346              -1.662e-04
MG788926.1.1212              -8.114e-04
EU537791.1.1381              -5.956e-04
MG859559.1.1339              -2.063e-03
AM423088.1.1339              -1.742e-03
HQ686141.1.1218               8.488e-05
KC618502.1.1400               1.787e-05
KF061609.1.1285               6.415e-05
AM420149.1.1479               2.577e-05
CU924115.1.1369               2.232e-06
JX657043.1.1256               6.042e-04
AM420030.1.1477               8.462e-05
JQ447599.1.1283               2.796e-06
FN421757.1.1382              -1.445e-03
HM487994.1.1230              -8.794e-04
JQ991923.1.1360               5.636e-05
JF158381.1.1365               3.301e-04
JQ466140.1.1308               8.654e-05
EU534796.1.1350              -1.075e-03
JF231294.1.1313              -5.711e-05
KF037501.1.1475              -4.116e-04
FJ465978.1.1476              -6.384e-04
HG529099.1.1221              -4.539e-04
JF198859.1.1337              -1.148e-03
KF424996.1.1424              -1.116e-03
JN023236.1.1453              -2.075e-03
JN023102.1.1455              -1.667e-03
DQ906050.1.1458               1.508e-04
HF677560.1.1320              -7.800e-05
KC924939.1.1365              -8.277e-05
KT582003.1.1350               5.279e-04
HQ674944.1.1469              -3.882e-04
GU731346.1.1349              -2.419e-04
AM697130.1.1456              -6.667e-04
FR749818.1.1462              -1.397e-04
FJ466050.1.1386              -1.581e-04
HQ317066.1.1458               8.033e-05
HQ595201.1.1462              -3.267e-04
HQ598946.1.1456              -6.002e-04
JN023851.1.1453              -5.321e-04
HQ687088.1.1488              -9.520e-04
FJ466048.1.1374              -8.387e-04
HQ595224.1.1463              -1.973e-04
FPLS01054129.36.1499         -1.113e-03
FR716684.1.1401               3.449e-04
JF200056.1.1323              -2.179e-03
DQ521477.1.1424              -5.973e-03
FJ465984.1.1365              -6.036e-04
JN024058.1.1455              -3.500e-04
HQ598755.1.1456              -1.300e-04
HM318996.1.1322              -8.578e-04
FJ004689.1.1320              -2.308e-05
FJ466063.1.1461              -3.583e-03
JX967284.1.1418              -5.662e-04
FM873018.1.1452              -1.716e-03
FNSD01000001.2831055.2832560 -9.072e-04
AB637074.1.1458              -3.056e-03
DQ532229.1.1476              -3.508e-04
FJ624885.1.1477              -4.427e-04
HM319117.1.1337              -6.732e-04
KF063285.1.1306              -4.989e-04
HQ754307.1.1415              -8.728e-03
GFIM01005958.9.1236          -8.580e-03
GQ025225.1.1346              -6.981e-03
LT996886.1992536.1994032     -8.819e-04
JQ855509.1.1280              -5.569e-04
Z78206.1.1473                -5.385e-05
AF542072.1.1334              -2.411e-03
MK005285.1.1200              -2.485e-03
AJ131121.1.1481               2.614e-02
JF021752.1.1274              -7.192e-04
JQ453285.1.1278               1.998e-04
JQ462353.1.1304               3.537e-04
JQ452983.1.1387              -4.803e-04
JQ453094.1.1265               1.526e-05
JQ456274.1.1389               5.518e-05
JQ460427.1.1401              -8.934e-04
KF101799.1.1351               7.690e-05
GQ358840.1.1493               9.377e-03
LN774496.1.1227              -7.834e-04
AMGM01000177.486.1752         1.316e-04
MH447029.1.1245               7.004e-05
KP717958.1.1215               5.108e-04
GQ927310.1.1446               3.950e-04
MH173277.1.1221               1.850e-04
JQ659878.1.1493              -4.535e-04
KX026867.1.1427              -8.408e-05
JF223997.1.1388               1.222e-04
JQ456193.1.1347              -2.685e-04
JF411398.1.1363              -8.454e-04
KT154887.1.1354              -1.383e-04
EU289495.1.1483              -1.042e-03
FJ527819.1.1459              -1.010e-03
EF451667.1.1266               5.705e-05
KF080158.1.1305               1.135e-04
KP214599.6.1225              -3.146e-04
FJ716240.1.1353               2.574e-05
HM248734.1.1345              -4.926e-04
FN824831.1.1299              -1.883e-04
EU374909.1.1206              -1.890e-04
JQ660285.1.1454              -7.693e-04
MH468728.1.1296              -7.882e-04
MK135915.1.1317              -5.983e-05
KX618431.1.1210              -7.184e-04
ADNU01000076.15.1525         -2.039e-03
JQ855568.1.1203              -6.916e-04
EU868814.1.1450              -4.386e-03
CR933228.2.1304              -4.057e-04
L43597.1.1437                -5.980e-04
AM697010.1.1473              -1.687e-04
EU289429.1.1487              -4.984e-04
AF247813.1.1375              -1.567e-04
LN565962.1.1354              -2.321e-04
GQ348649.1.1360               2.179e-05
LN573160.1.1352              -1.918e-03
KU060864.1.1436              -3.556e-04
HG800046.1.1425              -8.428e-04
MH394200.1.1219               1.067e-04
KM023860.1.1371              -1.199e-02
MF765337.1.1200              -5.527e-04
JF200689.1.1340              -3.043e-04
JF172593.1.1339              -1.330e-03
GQ033816.1.1340              -8.558e-03
KF063016.1.1336               1.746e-05
KF086785.1.1341               4.076e-05
KR514582.1.1245               3.796e-05
GQ038569.1.1298              -1.851e-02
KC873924.1.1374              -6.468e-04
Y09044.1.1472                -1.108e-02
JQ855615.1.1266              -1.718e-03
Y14651.1.1383                -3.421e-03
GQ085072.1.1341               4.735e-04
HM274530.1.1342              -5.550e-05
JQ855630.1.1284               2.375e-03
JF091892.1.1344              -3.437e-04
Y09655.1.1468                -4.979e-04
JQ855614.1.1252               5.673e-04
KF061369.1.1304               7.424e-05
JF150579.1.1352               2.358e-04
KF084353.1.1339              -6.494e-05
KF101186.1.1334              -6.224e-04
MH447031.1.1244               1.039e-04
EU379256.1.1267              -8.630e-04
JF117557.1.1344              -5.384e-03
GQ085228.1.1339              -1.905e-05
JF141683.1.1340              -9.927e-03
JQ855529.1.1276              -1.029e-03
X81872.1.1430                -1.895e-03
GQ041275.1.1338              -4.875e-03
JF172360.1.1372              -1.440e-04
GQ044514.1.1347              -1.024e-02
JF070773.1.1342              -3.925e-03
KF091541.1.1338              -4.812e-03
KF067707.1.1340              -2.025e-03
Y10999.1.1323                -1.242e-03
KF069418.1.1339              -2.395e-04
GQ006474.1.1336              -3.287e-03
JF113924.1.1343              -2.581e-03
JF106001.1.1271               2.192e-04
FJ214364.1.1418              -2.085e-03
AY500143.1.1430              -2.165e-04
GQ009821.1.1349               7.262e-05
KU713460.1.1383              -7.424e-04
KY908278.1.1240               3.620e-05
AB193261.1.1528              -5.650e-04
FR682689.1.1485              -1.287e-04
HE795127.1.1443               2.763e-05
HM263196.1.1366              -3.425e-04
JF190702.1.1368              -9.716e-05
FPLS01027341.17.1497         -2.743e-04
DQ420178.1.1216              -3.979e-04
KT626954.1.1200              -2.632e-05
HQ586883.1.1508              -3.732e-04
KM257721.1.1483              -2.939e-03
KX792217.1.1200              -7.495e-03
HQ774508.1.1459               3.745e-04
FJ558058.1.1360               1.146e-04
KJ726551.1.1410              -6.244e-02
JN013950.1.1521              -1.007e-01
EU773324.1.1414              -3.848e-02
EU777806.1.1322              -6.268e-02
FM873468.1.1497              -8.775e-04
AGZE01000001.1.1322           1.617e-04
Y15716.1.1409                -5.373e-04
FM874392.1.1503              -2.188e-03
JF148501.1.1373              -3.227e-04
JF206640.1.1370              -5.938e-04
AM943029.1.1242              -4.773e-03
JF146179.1.1366               1.753e-04
EU560812.1.1483               4.098e-03
KM974909.1.1455              -4.050e-04
MF369939.1.1403              -7.146e-05
KU899036.1.1458               1.124e-03
EU778165.1.1293               6.305e-04
KU324909.1.1217               2.260e-02
JN639432.1.1262               2.450e-05
GU432146.1.1216              -4.903e-03
JQ404454.1.1248              -6.792e-03
JQ452959.1.1394              -7.983e-03
JX986968.1.1511               3.825e-03
EU560799.1.1486               4.039e-03
KX880977.1.1307               5.407e-03
FJ363751.1.1374              -2.831e-03
KF094662.1.1371              -4.274e-02
KF286609.1.1482               6.854e-05
MG675050.1.1274               1.308e-04
JQ449890.1.1405               1.217e-03
JF111268.1.1369               6.179e-05
JF223442.1.1369               1.684e-03
MH813962.1.1255               8.862e-05
KU324914.1.1231              -3.025e-02
KP027016.1.1336              -4.815e-04
KX583579.1.1213               2.351e-05
EU463949.1.1313              -6.471e-06
EU774880.1.1320              -1.090e-03
AB033209.1.1505              -4.135e-04
JQ046411.1.1474              -3.351e-04
MH400162.1.1200               8.934e-04
AB370875.1.1495              -2.425e-03
MG515289.1.1202              -2.196e-02
EU465367.1.1437              -1.055e-02
MF436196.1.1510              -2.935e-03
KX881777.1.1230              -4.685e-04
JF194361.1.1386              -4.138e-03
AF243141.1.1505              -1.763e-03
AF371472.1.1492              -2.111e-04
KF064913.1.1385              -2.172e-03
MH327501.1.1445              -4.469e-04
KC336486.1.1472               1.722e-04
HG800468.1.1200               2.797e-04
KM819108.1.1529               3.518e-04
MH197051.1.1200               3.143e-04
HW066504.1.1528               6.098e-21
JF240039.1.1322               1.767e-04
JF411370.1.1398              -1.535e-04
JQ449983.1.1321              -1.051e-04
GU374018.1.1361              -2.265e-03
KF826010.1.1436               1.417e-04
AF016390.1.1538               1.806e-05
JF115422.1.1375               1.607e-04
JF231450.1.1376               6.428e-05
ATKJ02000147.82.1446         -1.036e-03
JF086992.1.1377              -1.268e-03
AM039968.1.1512              -2.433e-05
KY024500.1.1206               2.208e-04
FJ957564.1.1515               6.926e-04
HM810242.1.1370               3.485e-04
AB735688.1.1201              -3.280e-04
FJ981654.1.1204               4.287e-04
JF017343.1.1375               1.225e-03
MG546549.1.1454               1.172e-04
KF413411.1.1467              -2.039e-03
AM237368.1.1456               1.454e-04
KY680227.1.1207              -1.320e-03
KY008752.1.1284               6.108e-05
HM263273.1.1372              -2.763e-02
GQ389787.1.1471              -3.147e-02
KF100596.1.1359              -1.655e-04
KF083132.1.1378              -5.075e-03
JF183284.1.1372              -4.013e-03
CP012119.1331602.1333155     -3.252e-03
KM253147.1.1511              -3.501e-03
JF150575.1.1370              -1.016e-07
JF190687.1.1351              -2.755e-03
MH447042.1.1230              -3.557e-03
KX436095.1.1487              -8.913e-04
AB730646.1.1429              -8.013e-04
FJ512842.1.1396              -1.522e-04
KU200945.1.1458              -2.617e-04
MH368252.1.1352              -1.889e-02
JF002026.1.1373              -3.620e-05
LK985358.1.1200               4.341e-05
AB272364.1.1268               1.371e-04
JQ449960.1.1414              -5.748e-04
JQ452498.1.1373              -2.240e-04
JQ449887.1.1241              -4.016e-04
HQ811598.1.1472               3.041e-04
KF098427.1.1370               2.098e-04
KJ578741.1.1411              -8.100e-04
KY673688.1.1200              -5.748e-04
KY963445.1.1230              -2.844e-02
HM276508.1.1382               3.807e-05
AY543038.1.1420              -6.326e-04
JF189488.1.1361              -4.296e-04
GQ448318.1.1256              -1.744e-04
HQ744394.1.1427              -1.496e-03
FJ715930.1.1401              -1.198e-06
HM256610.1.1349              -7.717e-04
KT006758.1.1432               1.940e-03
AB111934.1.1414               3.292e-05
KM278969.1.1410              -6.255e-05
GQ014605.1.1316              -2.218e-05
Z94007.1.1532                 6.263e-06
KF099085.1.1336              -9.380e-04
JF141755.1.1356              -1.131e-04
FMJA01000006.260934.262419   -7.113e-04
HQ813447.1.1408              -6.602e-05
KF066950.1.1341               2.878e-04
JQ466276.1.1304               2.323e-05
KF098410.1.1335               6.184e-05
GU227198.1.1891               6.305e-05
JQ466576.1.1367               9.598e-05
KR107314.1.1202              -1.511e-04
FLKB01000005.3297.4792       -2.499e-04
DQ800421.1.1361              -1.297e-03
GQ014659.1.1348              -3.848e-04
KF098860.1.1353              -1.722e-03
AB538433.1.1488              -5.319e-05
GQ014254.1.1331               5.635e-05
GQ035558.1.1350              -1.110e-03
GQ094283.1.1347              -1.277e-03
EU160559.1.1318              -2.723e-03
GQ113171.1.1349               3.932e-05
FM874004.1.1481              -7.673e-04
JF135679.1.1327               8.420e-06
KF096327.1.1337              -1.336e-03
GQ006526.1.1346              -2.187e-04
AF542234.1.1418              -4.278e-03
KF099543.1.1332               2.188e-04
GQ006553.1.1331               2.019e-06
JF203190.1.1346              -1.561e-05
KJ469554.1.1367              -7.129e-04
KF098872.1.1350              -1.593e-03
KF100164.1.1351              -6.007e-05
JF067258.1.1350              -7.474e-04
KF085270.1.1286              -5.414e-03
KF086802.1.1289              -2.364e-03
KF096013.1.1247               2.547e-04
GQ003913.1.1349              -5.008e-04
FCEX01000012.769211.770715   -5.439e-04
GQ006259.1.1327               1.583e-04
KF084442.1.1326              -1.146e-03
KF099033.1.1342              -1.217e-03
HM279057.1.1349              -3.975e-04
JF113984.1.1349              -6.171e-04
GQ014615.1.1346              -6.526e-04
HM252077.1.1349              -8.849e-04
HQ745323.1.1440               1.356e-05
JQ475420.1.1245               8.222e-05
GU293217.1.1487               3.492e-05
HM062207.1.1317              -1.406e-04
JN615702.1.1315               1.935e-04
DQ129588.1.1516               1.064e-05
HQ674800.1.1454              -4.416e-05
JQ684361.1.1453               1.319e-03
JF222116.1.1308              -1.101e-03
JF222135.1.1307              -8.336e-04
AB991050.1.1411              -1.548e-02
HM111817.1.1319              -1.917e-02
KF082954.1.1307               4.161e-04
GQ097820.1.1308              -1.025e-03
HM270912.1.1304               1.480e-05
HM270687.1.1304              -2.614e-03
JQ796662.1.1393               1.760e-02
KP694006.1.1333               1.531e-02
HQ698286.1.1217               2.063e-02
KT581998.1.1306               6.643e-03
EU535584.1.1345               3.888e-04
AB195985.1.1410              -2.616e-04
EU133399.1.1323               2.248e-04
JF224904.1.1305              -5.177e-04
FR733885.1.1353              -1.180e-06
KC511070.1.1353              -1.349e-04
FR847847.1.1348              -7.185e-04
AB698685.1.1444              -1.673e-03
AB698720.1.1455               4.312e-05
HM240983.1.1303              -5.076e-04
MH686116.1.1456              -1.039e-03
D32226.1.1405                -1.246e-03
FJ793801.1.1205              -7.773e-03
EU704833.1.1228               1.700e-05
FJ225120.1.1386              -3.328e-03
HM336158.1.1306              -1.909e-06
KY941259.1.1214              -2.501e-04
EF050096.1.1264              -7.225e-05
HM332168.1.1306              -1.294e-03
HM843775.1.1306              -2.545e-03
HQ674799.1.1456               5.110e-05
FR874230.1.1325              -1.247e-03
HM319082.1.1306              -9.925e-04
JN089710.1.1214               9.401e-05
KY908268.1.1323               4.502e-05
EU289421.1.1449              -8.392e-04
KJ016207.1.1336              -1.440e-04
KM924548.1.1437              -4.769e-04
KT860421.1.1231              -1.458e-03
KF063555.1.1283               1.445e-03
KY609362.1.1453               7.007e-04
FPLS01012024.1.1259          -3.905e-04
JF189148.1.1306              -1.907e-04
AM697454.1.1437              -4.761e-03
FJ854748.1.1205              -3.981e-04
KY908289.1.1327              -1.372e-03
EU803989.1.1260              -4.095e-03
JQ396552.1.1473              -1.250e-03
JF222401.1.1310              -2.544e-03
FN421814.1.1366              -1.978e-04
EF019669.1.1293              -2.502e-03
FN421749.1.1369               1.417e-04
KJ809354.1.1468              -6.164e-04
KC002967.1.1344              -5.686e-04
HM240873.1.1306              -9.895e-04
GQ850582.1.1448               3.616e-05
JQ014516.1.1251               2.780e-04
GQ388898.1.1466              -1.910e-03
EF111062.1.1228              -1.607e-03
GQ059294.1.1310              -1.006e-03
FJ562158.1.1241              -8.928e-05
JF231895.1.1308              -2.182e-04
JN023329.1.1442              -2.149e-03
KM253064.1.1368              -4.981e-03
EU907884.1.1353               1.782e-04
EU705724.1.1206              -1.083e-03
KJ809157.1.1466              -8.833e-04
HM459845.1.1398              -2.187e-04
EU642849.1.1387              -3.631e-04
KX990242.1.1335               1.501e-05
JN178642.1.1441               1.965e-06
KC775412.1.1233              -1.381e-03
AJ786801.1.1437              -2.210e-04
KU713519.1.1337              -9.977e-05
GU118241.1.1406               3.431e-02
AM936813.1.1323              -8.425e-04
FPLS01004034.10.1473         -2.234e-03
KM882673.1.1292              -5.259e-03
JN590703.1.1281              -1.088e-21
JF202879.1.1303              -2.829e-03
JF146933.1.1303               1.729e-05
KU713399.1.1335              -4.122e-04
KF037469.1.1449              -1.008e-03
AJ227797.1.1418               7.817e-05
JX949361.1.1344              -3.188e-04
JX950099.1.1339              -3.256e-05
LC190811.1.1214               1.031e-04
EU705610.1.1201               1.188e-05
HM257747.1.1303              -3.487e-04
JN590606.1.1265              -6.064e-05
EU202832.1.1390              -1.140e-05
AB746431.1.1394              -2.996e-04
FQ658706.2.1303              -3.832e-04
KX990248.1.1356              -1.466e-03
AM696989.1.1449              -3.192e-03
JX967345.1.1427              -2.431e-03
JF177852.1.1312              -1.473e-03
AJ292602.1.1452              -5.718e-04
FM873225.1.1443              -7.638e-04
JF198908.1.1314              -1.756e-03
FJ466044.1.1396              -2.044e-04
JX458433.1.1240               7.526e-05
HM319067.1.1310              -3.132e-03
FM874383.1.1445              -3.078e-03
HM278195.1.1308              -1.675e-04
EU360476.1.1340              -2.009e-03
JF217150.1.1312              -3.543e-03
AJ292597.1.1461              -6.904e-04
KY908303.1.1320              -8.906e-04
EU133428.1.1318              -4.470e-03
FQ659602.2.1312              -6.665e-04
HQ622729.1.1448              -2.035e-03
AF533352.1.1433              -3.056e-04
JF211051.1.1312              -2.137e-03
FM872588.1.1451              -7.945e-04
JF772550.1.1422              -5.938e-04
AF498717.1.1397               6.255e-05
EF441950.1.1245               5.213e-04
EU239162.1.1272               3.060e-04
GQ157794.1.1428               5.418e-04
KC108987.1.1200              -6.858e-04
EF522125.1.1538              -7.945e-05
KM117219.1.1448              -2.325e-04
JN367254.1.1453               6.483e-05
KM888877.1.1419              -1.735e-04
HM335571.1.1366              -1.653e-04
JQ452674.1.1294              -3.540e-04
MH447060.1.1253              -1.081e-03
JQ453278.1.1401               7.097e-05
KF098358.1.1361               2.624e-04
KF101734.1.1362               4.574e-04
JQ453421.1.1412               4.853e-04
JQ455246.1.1325              -4.036e-05
MH447059.1.1230               5.302e-04
FJ598364.1.1434               1.550e-04
KT203427.1.1205               2.829e-04
KX771280.1.1349               3.614e-06
FM872569.1.1483              -2.814e-05
FM872852.1.1485               1.114e-05
JQ186386.1.1354               8.879e-06
FJ802321.1.1209               2.748e-03
FJ849642.1.1453              -1.980e-04
LN854583.1.1235               1.822e-05
AJ575688.1.1457               7.528e-04
EU705816.1.1232               9.978e-04
FJ393073.1.1503               3.235e-05
HE582888.1.1283               5.161e-04
AB109889.1.1484              -6.439e-04
FJ946525.1.1290              -4.317e-04
CU927448.1.1343              -3.613e-04
JQ014532.1.1307               1.513e-04
DQ257419.1.1483              -3.375e-04
KF494758.1.1495               4.923e-03
AM697195.1.1484              -6.949e-04
JQ467010.1.1278               4.409e-04
KF070907.1.1357               3.696e-05
MH096047.1.1231              -5.310e-04
HM304713.1.1352               5.495e-05
KX508304.1.1490               5.050e-05
KC358437.1.1263              -1.545e-05
AY922019.1.1391              -5.805e-04
JX222489.1.1391              -1.862e-03
EU705078.1.1288              -1.337e-03
HM263418.1.1354              -1.553e-03
KU515096.1.1489              -2.862e-04
HM057840.1.1320              -7.696e-04
KT005625.1.1200              -6.377e-04
KT005643.1.1200              -8.119e-04
JF135618.1.1350              -4.224e-04
KF100506.1.1350              -4.420e-04
HF677134.1.1260              -4.494e-05
EF019185.1.1381              -4.297e-04
EF653575.1.1340              -1.839e-05
KF189006.1.1289              -1.410e-04
AY792246.1.1361              -9.776e-04
JN672003.1.1289              -9.020e-04
KX507782.1.1490              -9.929e-04
JF958162.1.1368              -1.085e-04
LC372651.1.1240              -3.953e-04
AJ292648.1.1494              -1.020e-04
AJ884795.1.1413              -8.084e-04
FJ434113.1.1425              -3.987e-04
KC112035.1.1269              -5.451e-06
HQ746842.1.1393              -4.439e-04
FJ493018.1.1242              -1.156e-04
DQ644497.1.1533               1.233e-05
HM438483.1.1484               3.995e-04
EU150268.1.1200              -3.611e-04
JF265850.1.1359               3.230e-04
KF098316.1.1357              -1.142e-04
KX363704.1.1459               5.397e-04
MH236011.1.1204               7.847e-04
CVRG01041904.1.1229           1.396e-04
JQ691707.1.1488               1.303e-03
EU536840.1.1397              -5.814e-02
KF756254.1.1238              -9.449e-02
KC734132.1.1424              -3.055e-05
KJ496054.1.1444              -2.417e-03
EU460309.1.1298              -2.965e-04
EU777710.1.1395              -8.492e-01
KF756208.1.1251              -6.528e-01
JF790967.1.1432              -2.503e-01
MH235974.1.1212              -5.170e-01
JQ522962.1.1258               1.112e-04
MH393477.1.1503              -3.074e-01
KU358690.1.1400              -8.714e-04
HE652090.1.1459              -1.135e-03
KJ534472.1.1439              -9.941e-03
KM253135.1.1447              -8.544e-03
MH323407.1.1447              -6.722e-03
KJ809260.1.1509              -1.836e-02
EU536823.1.1396              -2.269e-02
KX687553.1.1251              -8.093e-02
HE602890.1.1401              -7.909e-02
KF147055.1.1458              -9.917e-02
AB681346.1.1462              -1.158e-01
HM445406.1.1361              -6.800e-03
KF756190.1.1310              -8.040e-01
KX640928.1.1211               1.029e-06
LN624760.1.1451              -1.686e-03
MH259800.1.1388              -1.518e+00
KM021097.1.1244              -1.144e-03
EU169145.1.1368              -1.494e-02
JF709910.1.1403              -5.422e-02
KX378956.1.1440              -3.351e-02
KY476123.1.1200              -2.522e-02
FJ893930.1.1361              -2.018e-02
KF424281.1.1444              -6.238e-03
KT767708.1.1430              -1.392e-02
KC178570.1.1440              -5.118e-03
EU239123.1.1223               5.324e-05
KX212248.1.1200              -2.555e-03
JQ684470.1.1465               9.897e-05
EU196777.1.1200               3.021e-03
EU196771.1.1211               8.697e-02
GQ267972.1.1461               8.263e-02
EU236279.1.1411               2.141e-05
JQ855569.1.1259              -6.192e-03
FR774600.1.1369              -1.912e-04
GQ901866.1.1257              -6.570e-04
MH571636.1.1200               7.638e-04
LN611354.1.1200               1.177e-03
AB369002.1.1355               1.703e-05
KF098552.1.1358               3.124e-04
DQ834356.1.1441               7.757e-04
JN697570.1.1405              -1.150e-03
AY663435.1.1430              -2.454e-04
AB062283.1.1345              -1.677e-03
HQ180180.1.1390              -1.365e-03
LN611366.1.1300              -1.158e-03
GU247457.1.1249              -1.020e-03
HM854251.1.1443              -1.077e-03
KC843488.1.1328              -1.109e-01
AJ275038.1.1439              -4.595e-04
HQ857761.1.1442              -1.755e-04
MG738337.1.1283               1.205e-04
GQ088991.1.1358              -8.287e-04
FJ825887.1.1469              -3.845e-04
KF831405.1.1448              -1.385e-05
EU706079.1.1249               6.686e-05
LN854580.1.1220              -2.858e-05
KJ623585.1.1469              -1.765e-04
GQ008884.1.1351               3.160e-05
HAAC01027432.1.1206          -5.425e-03
MH703470.1.1505              -3.790e-03
DQ860047.1.1505              -2.247e-05
EF470567.1.1267              -1.201e-04
EU844911.1.1328              -2.120e-03
HQ860753.1.1200              -1.622e-05
HQ698589.1.1398               1.403e-03
JX627626.1.1239               2.525e-03
KP717943.1.1266              -1.851e-05
FJ900895.1.1281              -2.921e-04
KF756244.1.1201              -1.899e-03
AB681355.1.1464              -5.569e-05
KR868991.1.1409              -1.193e-04
HQ698586.1.1428              -2.278e-03
AJ272303.1.1426               8.478e-07
GQ984339.1.1269              -9.925e-04
AB205576.1.1426              -8.151e-03
AB205571.1.1418              -3.066e-03
AM269902.1.1421              -1.280e-03
JQ467255.1.1254               6.675e-05
HQ846513.1.1442              -8.509e-04
JQ465886.1.1406              -7.432e-04
JQ455641.1.1400              -1.203e-03
JQ455259.1.1251               3.002e-04
JQ453181.1.1411               8.390e-05
KF101919.1.1361               1.280e-04
EU768020.1.1365               1.452e-04
JF163633.1.1360               6.684e-04
JF506644.1.1364              -1.171e-03
X74687.1.1457                -5.624e-03
JF182810.1.1380              -1.338e-02
JF412253.1.1400              -1.004e-03
JX013442.1.1364              -8.516e-02
AOQH01000134.9789.11348      -3.159e-02
KX880951.1.1230              -2.651e-02
HM186527.1.1371               8.575e-05
KY780350.1.1207              -5.638e-02
JF703628.1.1513              -7.207e-02
KY780358.1.1208              -2.568e-02
KF052592.1.1446               1.022e-03
KU569617.1.1237               2.113e-03
AOQF01000068.44124.45733     -4.854e-05
KU179368.1.1477              -1.552e-03
KC618479.1.1393              -1.549e-03
KM264402.1.1478              -3.019e-03
KM187215.1.1403              -2.019e-03
AY581130.1.1377              -2.251e-03
KF464373.1.1241              -1.018e-04
JQ977080.1.1441              -1.330e-03
KF201713.1.1445              -7.326e-04
KT005623.1.1250              -1.103e-03
KX225292.1.1208              -3.559e-04
DQ440548.1.1439              -1.611e-03
FJ811884.1.1433              -1.372e-03
KM242581.1.1405              -1.360e-03
MG196051.1.1227              -4.268e-04
HM069224.1.1426              -1.315e-03
KM253006.1.1448              -3.005e-03
JQ190329.1.1367              -2.871e-03
GQ379617.1.1220               7.062e-05
DQ059817.1.1299               2.617e-03
KX212259.1.1200               2.261e-04
JN797481.1.1203              -5.361e-04
KY038312.1.1251              -4.428e-04
EU239106.1.1241              -1.152e-03
HM334946.1.1363              -8.317e-04
KP772347.1.1460               3.977e-03
KU881628.1.1200               4.758e-03
KP339859.1.1411              -4.025e-04
KT215540.1.1447              -5.444e-04
MG738316.1.1428              -6.208e-03
KF479549.1.1506              -4.674e-04
AY173020.1.1325              -1.125e-03
KU674365.1.1488              -2.194e-05
KC163803.1.1266              -6.076e-04


Site scores (weighted sums of species scores)

         CAP1     CAP2     MDS1       MDS2       MDS3
G0                                                   
G1  -1.322104 -4.98609 -1.17493 -0.2734669  0.4751846
G10 -0.228005 -3.83701 -0.47621 -0.3586758  0.2384010
G11  1.714003  0.35040  0.88558 -0.2297556  0.1572534
G12  0.011529 -1.49802 -0.29164  0.0673735  0.7054933
G13  0.826227  0.08129  0.38935 -0.0351371  0.0573939
G14  2.107777  0.94157  0.73303  0.0063787  0.3083762
G15  0.297284 -0.14877 -0.04098 -0.0503349  0.2513650
G16  1.706469  0.87121  0.49897 -0.1925607 -0.3268655
G17  2.033380  0.21906  1.04177 -0.1483688  0.0334712
G18  0.844914 -0.04641  0.26713  0.0220388  0.0407752
G19  0.128145 -0.43932 -0.04090  0.0966482  0.2545532
G2                                                   
G20 -0.373778 -1.88240 -0.24861 -0.0996256  0.4238957
G21 -0.561123 -4.53600 -0.57241 -0.3355226  0.0106216
G22 -0.591092 -4.37558 -0.96241 -0.2541409  0.4045853
G23 -0.650285 -2.40725 -0.58773 -0.0949772  0.5286659
G24 -0.850904 -4.96703 -0.98969 -0.3140982  0.5797447
G25 -0.174621 -0.23464 -0.34491  0.0226560  0.2725495
G26  0.682938 -0.23389 -0.21566 -0.1286706 -0.2331956
G27  0.983676  0.28091  0.51568 -0.0875098 -0.0116028
G28  0.118975 -0.63803 -0.08803  0.0161074  0.3055064
G29 -0.018823 -0.65155 -0.09867  0.0307434  0.3095898
G3   1.113639  0.75414  0.75892 -0.1582132  0.0445459
G30  1.674284  1.03714  0.96455 -0.0514233  0.2269681
G31 -0.417092 -4.22052  0.20738 -0.6167586 -0.3207461
G32  0.834948 -2.14335 -0.15512 -0.1453190  0.6424575
G33  0.150189 -1.45352  0.10898 -0.1595417  0.0995622
G34  0.279176  0.19503  0.12803 -0.0631425  0.1570966
G35 -1.029147 -0.83408 -0.11628 -0.1469574 -0.2694849
G36  1.756495 -6.58503  0.87742 -1.0706984  0.1012998
G37  0.909310 -0.48337  0.04030 -0.0056944  0.6974822
G38  0.372421  1.33222  0.08096  0.2382960  0.2483379
G39 -0.205957  1.26353  0.08290  0.1799112 -0.0849788
G4                                                   
G40  0.493662 -0.92702  0.01488 -0.0776332  0.4655129
G41  0.189721  1.55515  0.28246  0.1677884  0.1002855
G42  2.203089 -4.15269  0.69247 -0.5987978  0.5851998
G43 -0.802450 10.47855 -0.03689  1.2237328 -0.3911295
G44 -2.097955 -4.31821 -0.36025 -0.6481193 -0.8937197
G45  1.150587  5.61111 -0.02510  0.6643786 -0.0351415
G46  0.840364 -0.86295  0.51655 -0.2507623  0.2398385
G47  2.087460 -1.07943  0.55166 -0.3028978 -0.1613792
G48  1.310625 -0.74672 -0.06627 -0.0001783  0.6408259
G49 -0.117512 -0.17816 -0.27323  0.0311142  0.0336315
G5  -0.373829 -1.92043 -0.44874 -0.1103162  0.2323667
G50 -1.338883  1.17227 -0.46882  0.1759973 -0.4634984
G51  0.082660 -2.58550 -0.28219 -0.2549348  0.1425128
G52  0.725181 -0.18502 -0.17017  0.0288788  0.3492461
G53  0.102074  1.22563 -0.21614  0.1726956  0.0483974
G54  0.046315 -0.84548 -0.20875 -0.0999519 -0.0009536
G55  0.482899  1.03275 -0.40553  0.3915688  0.4052716
G56 -1.263981 -3.45695 -0.45229 -0.3181979 -0.5602752
G57  0.292040  1.65810  0.04731  0.2483437  0.1156456
G58  0.043212  1.15548 -0.03996  0.1981423  0.0552285
G59  0.784367 -1.96739 -0.08964 -0.1142882  0.5044075
G60 -0.210718  2.56164 -0.36977  0.4682669  0.0260193
G61  0.451454 -0.62874 -0.06686 -0.0059637  0.0960427
G62 -0.037198 -3.58150 -0.52920 -0.2350973  0.2428883
G63  0.916830  0.00399 -0.05578  0.0453993  0.6903494
G64  0.003337  0.47401  0.05338 -0.0211113  0.0735762
G65 -0.087862  0.32417 -0.01365 -0.0205929  0.0848303
G66 -0.312246 -1.75780 -0.45664 -0.0183297 -0.0034935
G67  0.228040 -0.56873 -0.14774  0.0536565  0.0149997
G68 -0.743387  0.31362 -0.42161  0.1934288 -0.2692645
G69  0.042447 -0.66847 -0.19270  0.0430284 -0.0476910
G7  -0.100568 -1.06635 -0.20592 -0.1169124  0.1747419
G71 -2.541075 -6.41143 -0.61559 -0.6951743 -0.6626532
G72 -0.771307 -1.07439 -0.12056 -0.0582221 -0.1091879
G73 -3.054755 -3.42397 -0.27923 -0.6094373 -1.0941120
G74 -1.838845  4.52079  0.28736  0.2790499 -0.9029555
G75 -2.795824 -3.67902 -0.20715 -0.6081552 -1.0867165
G76 -3.364428  4.62917 -0.34001  0.4781186 -1.2727496
G77  0.678853 13.20428  0.47647  1.5749136  0.3423960
G78  0.019041  0.83102  0.21030  0.0455942  0.1572367
G79 -1.612115  3.65858 -0.07573  0.4837274 -0.6536856
G8                                                   
G80 -2.290300 -4.03732  0.10616 -0.6353266 -1.2493827
G81 -2.353993  2.04823  0.02930 -0.0238305 -1.2461579
G82 -1.249592  8.75578 -0.01639  1.0267986 -0.6738690
G83 -0.256133  0.51271  0.06230  0.0369089 -0.2434877
G84 -0.309573 14.01802  0.39286  1.5505660 -0.3969907
G85  0.216060 -0.06973  0.07457 -0.0706791  0.1275775
G86  1.870551 -1.23484  1.08078 -0.4215145  0.0199103
G87  2.106837 -3.24616  1.18909 -0.6950587  0.0277107
G88  0.252153 11.72199  0.20847  1.4678517 -0.0269662
G89  0.181824  2.48275  0.20534  0.3019742  0.1205089
G9                                                   


Site constraints (linear combinations of constraining variables)

        CAP1      CAP2     MDS1       MDS2       MDS3
G0                                                   
G1  -0.23957  0.211508 -1.17493 -0.2734669  0.4751846
G10  0.11096  0.278903 -0.47621 -0.3586758  0.2384010
G11 -0.05265  0.506667  0.88558 -0.2297556  0.1572534
G12 -0.75725 -0.543598 -0.29164  0.0673735  0.7054933
G13  0.07527 -0.383535  0.38935 -0.0351371  0.0573939
G14  0.34216 -0.256132  0.73303  0.0063787  0.3083762
G15 -0.08649  0.645527 -0.04098 -0.0503349  0.2513650
G16  1.44709  0.940380  0.49897 -0.1925607 -0.3268655
G17  0.23418 -0.745647  1.04177 -0.1483688  0.0334712
G18  0.33058 -0.727113  0.26713  0.0220388  0.0407752
G19 -0.25069 -0.799121 -0.04090  0.0966482  0.2545532
G2                                                   
G20 -0.72420 -0.052022 -0.24861 -0.0996256  0.4238957
G21  0.34522 -0.684550 -0.57241 -0.3355226  0.0106216
G22  0.26606  0.138368 -0.96241 -0.2541409  0.4045853
G23 -0.62442  0.224680 -0.58773 -0.0949772  0.5286659
G24 -0.26512  0.293760 -0.98969 -0.3140982  0.5797447
G25 -0.08649  0.645527 -0.34491  0.0226560  0.2725495
G26  1.44709  0.940380 -0.21566 -0.1286706 -0.2331956
G27  0.14225 -0.120806  0.51568 -0.0875098 -0.0116028
G28 -0.27839 -0.201680 -0.08803  0.0161074  0.3055064
G29 -0.40473 -0.303198 -0.09867  0.0307434  0.3095898
G3  -0.23668  0.471284  0.75892 -0.1582132  0.0445459
G30 -0.33462 -0.289719  0.96455 -0.0514233  0.2269681
G31 -0.23457 -0.193256  0.20738 -0.6167586 -0.3207461
G32 -0.06357  0.123259 -0.15512 -0.1453190  0.6424575
G33 -0.21981 -0.300579  0.10898 -0.1595417  0.0995622
G34 -0.21794  0.620254  0.12803 -0.0631425  0.1570966
G35 -0.36656  0.231668 -0.11628 -0.1469574 -0.2694849
G36  0.04159  0.143478  0.87742 -1.0706984  0.1012998
G37 -0.40135  0.343659  0.04030 -0.0056944  0.6974822
G38 -0.18719 -0.405604  0.08096  0.2382960  0.2483379
G39 -0.17887 -0.432397  0.08290  0.1799112 -0.0849788
G4                                                   
G40 -0.36656  0.231668  0.01488 -0.0776332  0.4655129
G41 -0.44548 -0.231817  0.28246  0.1677884  0.1002855
G42 -0.03302 -0.154504  0.69247 -0.5987978  0.5851998
G43  0.04559  0.429588 -0.03689  1.2237328 -0.3911295
G44  0.04559  0.429588 -0.36025 -0.6481193 -0.8937197
G45  1.30351  0.386099 -0.02510  0.6643786 -0.0351415
G46 -0.46269  0.331865  0.51655 -0.2507623  0.2398385
G47  1.43758 -0.045523  0.55166 -0.3028978 -0.1613792
G48  0.27820  0.188969 -0.06627 -0.0001783  0.6408259
G49  0.27820  0.188969 -0.27323  0.0311142  0.0336315
G5  -0.05151  0.174129 -0.44874 -0.1103162  0.2323667
G50  0.27820  0.188969 -0.46882  0.1759973 -0.4634984
G51  0.27820  0.188969 -0.28219 -0.2549348  0.1425128
G52  0.38709  0.376567 -0.17017  0.0288788  0.3492461
G53  0.38709  0.376567 -0.21614  0.1726956  0.0483974
G54  0.38709  0.376567 -0.20875 -0.0999519 -0.0009536
G55  0.46203 -0.701840 -0.40553  0.3915688  0.4052716
G56  0.46203 -0.701840 -0.45229 -0.3181979 -0.5602752
G57  0.02556 -0.253403  0.04731  0.2483437  0.1156456
G58  0.02556 -0.253403 -0.03996  0.1981423  0.0552285
G59  0.02556 -0.253403 -0.08964 -0.1142882  0.5044075
G60  0.39075 -0.322880 -0.36977  0.4682669  0.0260193
G61  0.39075 -0.322880 -0.06686 -0.0059637  0.0960427
G62  0.39075 -0.322880 -0.52920 -0.2350973  0.2428883
G63 -0.21794  0.620254 -0.05578  0.0453993  0.6903494
G64 -0.21794  0.620254  0.05338 -0.0211113  0.0735762
G65 -0.21794  0.620254 -0.01365 -0.0205929  0.0848303
G66  0.45038 -0.664331 -0.45664 -0.0183297 -0.0034935
G67  0.45038 -0.664331 -0.14774  0.0536565  0.0149997
G68  0.45038 -0.664331 -0.42161  0.1934288 -0.2692645
G69  0.45038 -0.664331 -0.19270  0.0430284 -0.0476910
G7  -0.07894  0.501612 -0.20592 -0.1169124  0.1747419
G71 -0.38919 -0.472834 -0.61559 -0.6951743 -0.6626532
G72 -0.38087 -0.499626 -0.12056 -0.0582221 -0.1091879
G73 -0.68560  0.601038 -0.27923 -0.6094373 -1.0941120
G74 -0.68560  0.601038  0.28736  0.2790499 -0.9029555
G75 -0.55935  0.194601 -0.20715 -0.6081552 -1.0867165
G76 -0.49636 -0.008216 -0.34001  0.4781186 -1.2727496
G77 -0.60689  0.228050  0.47647  1.5749136  0.3423960
G78 -0.60689  0.228050  0.21030  0.0455942  0.1572367
G79 -0.28575 -0.805860 -0.07573  0.4837274 -0.6536856
G8                                                   
G80 -0.28575 -0.805860  0.10616 -0.6353266 -1.2493827
G81 -0.18289  0.626994  0.02930 -0.0238305 -1.2461579
G82  0.05403 -0.135780 -0.01639  1.0267986 -0.6738690
G83  0.07725 -0.210530  0.06230  0.0369089 -0.2434877
G84 -0.14028  0.489818  0.39286  1.5505660 -0.3969907
G85 -0.14028  0.489818  0.07457 -0.0706791  0.1275775
G86  0.01080 -0.146079  1.08078 -0.4215145  0.0199103
G87  0.03344 -0.218954  1.18909 -0.6950587  0.0277107
G88  0.06173 -0.310047  0.20847  1.4678517 -0.0269662
G89 -0.35163 -0.175161  0.20534  0.3019742  0.1205089
G9                                                   


Biplot scores for constraining variables

                               CAP1    CAP2 MDS1 MDS2 MDS3
ProportionSpruceOnTerritory  0.1888 -0.9820    0    0    0
MeanTempC                   -0.9550 -0.2966    0    0    0

null device 
          1 
