
Lmod is automatically replacing "intel/2016.4" with "gcc/7.3.0".

-------------------------------------------------------------------------------
The following dependent module(s) are not currently loaded: gcccore/.5.4.0 (required by: icc/.2016.4.258, ifort/.2016.4.258)
-------------------------------------------------------------------------------

Due to MODULEPATH changes, the following have been reloaded:
  1) openmpi/2.1.1

The following have been reloaded with a version change:
  1) gcccore/.5.4.0 => gcccore/.7.3.0     2) imkl/11.3.4.258 => imkl/2018.3.222

Loading required package: permute
Loading required package: lattice
This is vegan 2.5-6
── Attaching packages ─────────────────────────────────────── tidyverse 1.3.0 ──
✔ ggplot2 3.3.2     ✔ purrr   0.3.4
✔ tibble  3.0.4     ✔ dplyr   1.0.2
✔ tidyr   1.1.2     ✔ stringr 1.4.0
✔ readr   1.4.0     ✔ forcats 0.5.0
── Conflicts ────────────────────────────────────────── tidyverse_conflicts() ──
✖ dplyr::filter() masks stats::filter()
✖ dplyr::lag()    masks stats::lag()
Joining, by = "SampleID"
null device 
          1 
`summarise()` regrouping output by 'CollectionYear', 'CollectionSeason' (override with `.groups` argument)
Warning message:
Using size for a discrete variable is not advised. 
null device 
          1 

Call:
capscale(formula = dmAitchison$data ~ Prop_Spruce_On_Territory +      CollectionYear + AgeAtCollection, data = gj_meta, comm = otu_table(gj_ps),      na.action = na.exclude) 

Partitioning of mean squared Unknown distance:
              Inertia Proportion
Total          2.6005     1.0000
Constrained    0.3703     0.1424
Unconstrained  2.2301     0.8576

Eigenvalues, and their contribution to the mean squared Unknown distance 

Importance of components:
                        CAP1    CAP2     CAP3   MDS1   MDS2   MDS3
Eigenvalue            0.2767 0.06779 0.025791 1.1046 0.7149 0.4106
Proportion Explained  0.1064 0.02607 0.009918 0.4248 0.2749 0.1579
Cumulative Proportion 0.1064 0.13249 0.142408 0.5672 0.8421 1.0000

Accumulated constrained eigenvalues
Importance of components:
                        CAP1    CAP2    CAP3
Eigenvalue            0.2767 0.06779 0.02579
Proportion Explained  0.7473 0.18306 0.06964
Cumulative Proportion 0.7473 0.93036 1.00000

Scaling 2 for species and site scores
* Species are scaled proportional to eigenvalues
* Sites are unscaled: weighted dispersion equal on all dimensions
* General scaling constant of scores:  2.971963 


Species scores

                                       CAP1       CAP2       CAP3       MDS1
7c125a28e16f6d1f492809a98dedbe5b  1.439e-04  2.035e-03 -9.226e-04  1.412e-03
d645c19e488f3ec4c05c082e83a86e93  6.366e-04 -3.035e-03  2.519e-03  2.123e-03
41100c6221f908f29c2dd9ab7e1b3860  3.226e-05 -1.491e-04  9.575e-04  2.034e-03
f0e0a42069627382751d97a8ffe1e650  1.327e-03  1.139e-03  4.209e-03  6.842e-03
aecc37f34c618a9cb23d4f42871df374  1.178e-03  1.743e-03  2.308e-03  2.367e-03
219bf2f69acc1098fb43960523c52e7e  1.415e-03  3.117e-03 -2.232e-03 -2.262e-03
74ba68d964efb966be731adf3f09e55d  6.012e-04  5.136e-04  1.178e-03  1.817e-03
78da8fb8280a79ea63f394c5a70a044b  5.054e-03  3.175e-04  1.110e-03  2.091e-03
c39946cbf72abb079fae9af705d7b103  2.083e-03  2.871e-03 -1.824e-03 -3.054e-03
6db83e552983c386ef33e3cf9a95f85f  1.759e-03 -6.265e-03 -2.586e-03  1.050e-03
06cf02e27cff2b9aa0a304be20f12480 -2.021e-04  3.558e-04  1.233e-04  9.242e-04
a4cb9127f5840951ab94eddb94730b2e  5.861e-04  1.081e-03  1.767e-03  2.109e-03
883f568cb13fb3faf266f6309c665a43 -1.463e-04  1.593e-03  1.418e-03 -1.810e-04
b206ff7f740ab2a298dfd05293174cd8 -1.507e-03  5.736e-03  1.312e-03 -2.104e-03
b21419c6adddb04c9b46ab8213ca5355  1.677e-03  1.245e-03  1.364e-03  6.530e-04
90890aa5e3f42e2bbd5a8fb419006658  1.516e-03  6.857e-04 -1.912e-03  5.595e-03
ece8b4d40bff92791b566a75f2c1d6c3  9.092e-04 -1.047e-03  2.491e-04  2.603e-03
04a253a78bcb9530dc52df53b09f995b  1.147e-03 -1.395e-03  3.799e-03  3.898e-03
bc0485c128e6d2283ce2b1d840c8699d  1.445e-03  2.060e-03 -2.831e-03  1.332e-02
ec016223be6ab08793cac2082a8b7687 -1.273e-03 -6.051e-03 -2.251e-03  9.700e-04
9d4a7af6c79c0167b1d3658067f06c86 -1.350e-03 -4.345e-03 -2.006e-03 -9.114e-04
dc2d14b49137f6bd0b2ad6d08f3a38ed -2.417e-04 -2.212e-03 -3.203e-04  7.116e-04
57b1b5f3cafe17b8177fbf296fdf1662 -3.659e-04  9.380e-04 -2.818e-04  4.787e-03
e5234a674f445f61587ca18c95a49873  9.620e-04  3.444e-04  3.258e-03  3.707e-03
82770d17674a6e67f7c8f59a4e63bb95  1.261e-03 -9.430e-04 -3.351e-04  1.298e-03
50c571a488a36f5bd245fec09e7e103b -1.164e-04  1.032e-03  4.211e-04 -7.575e-04
5d3a9d5b2ff75691c12184ff3790e4fe  4.603e-04 -1.275e-02  7.146e-03 -4.280e-02
8b45187cf1a89413e03fa31f05efb1ae -2.668e-03 -1.289e-02  1.038e-02 -3.469e-02
972c2817d33e45bc58a916910c8dd269  1.269e-03 -1.515e-02  1.191e-02 -4.677e-02
a3258e1f30e8a717e0e41288368a479e -1.042e-04 -1.016e-03  6.581e-04 -2.936e-03
92e6854b0a19a845fd9e6aa64d26cd9e  4.744e-04 -1.962e-03  9.386e-04  1.283e-02
93ca53935fd0ba03c0b6d6cdbb977a80  1.633e-03 -7.821e-04  4.371e-03  2.995e-03
a13dd396d77587cbc9a93b9e3c1bd6d4  1.386e-03  2.930e-04  4.619e-03  3.137e-03
b8e7c92d2c7de3b4e7bfe58e54715a4e -3.554e-04 -1.311e-03 -9.439e-04 -8.137e-04
e2ac46c0947692441703df4bf0d3277d -4.656e-03  2.598e-02 -2.588e-03  1.197e-01
9e0e2d88b2bf942b08bd007d5f89bd50 -7.366e-03  1.966e-02  6.640e-03  9.855e-02
3dc617264ac6b0e2f8cb8c2b995f9486  8.510e-04  8.242e-03  5.737e-03 -6.836e-03
4644b41366b8cc3e5aa38631ae00e2f9  1.767e-03 -1.611e-03  1.236e-03  1.205e-03
f54006cd3414575f40e4ca0fe41ee4a3  1.673e-04  1.304e-03  1.866e-03  1.146e-02
8015c5568f448ffbbb49d567a6f518f1  2.115e-03  5.438e-04  7.152e-03  8.087e-03
a86d59c1e293680cbb44ac8cb86c9ae9  1.435e-04  6.279e-04 -5.118e-04  2.230e-03
9e3fc5c932d72e0fb9da6bd733c195bd -4.742e-01 -2.082e-01  1.948e-01 -4.417e-01
7902ca8c40015f1548b0e63199f475bb -4.084e-01 -2.478e-01  1.673e-01 -3.662e-01
0406ed4809981af122b01a6c51679137 -4.095e-01 -1.530e-01  2.269e-02 -4.172e-01
922cd384f0647e99ecc3516985ca419c -5.236e-01 -1.553e-01  4.395e-02 -5.210e-01
311030dd3480b4be74d627d8f927c1cb -2.590e-02  5.762e-03 -9.705e-03 -3.021e-02
1304c45c8040a1c6983e736de424e0f5  5.337e-04  8.820e-04  1.322e-03  1.454e-03
9b39c8e84916c9361ccd8935ae86f7f8  1.255e-02  5.228e-03  1.470e-02  3.450e-02
892e879d9828aa79be0e2dd6fe6ff548 -2.888e-04 -2.962e-03  1.819e-02  3.921e-02
be1418b73cdebad7075c1ed8b9f8dadb  6.230e-03 -6.637e-03  2.068e-02  1.647e-02
3de182ea44e443b8f229456d15967445  1.839e-03  8.973e-03 -3.956e-03  2.062e-02
4f385b35b8b3fc13e9a8bfbdcb83eebf  8.206e-04  4.445e-03 -5.034e-04  2.767e-02
f252fbb124aa0efc32c12de291a1e6ee  1.580e-03 -3.171e-04 -1.918e-03  7.227e-03
9ec8119e9d0a29a043b93ed61bc5d0bf -9.927e-03 -2.876e-03 -5.958e-03 -1.228e-02
f84395ff8ee4e864edb652c2e430f8c3  2.691e-03 -3.392e-03 -9.126e-03 -2.917e-03
81969153afe66bd1e2dbe69fed67e1a9 -5.932e-03  4.110e-03 -2.166e-03 -1.175e-02
9240c7ecfd3c014e501adabff01eecf5 -3.588e-03  3.089e-03 -1.298e-03 -8.121e-03
d12f162af25a6c5f86c283258ec325e6  8.943e-04  1.479e-03  2.115e-03  3.793e-03
14adbe7e7a205ad343d7722b877ca183 -7.658e-04  5.547e-04 -2.502e-04  3.415e-03
ebdc3a44318696e0c2bf839e2976c5e7  1.091e-03  1.495e-03 -1.343e-03 -1.763e-03
963332e5f8a4810b460189d3f92dba14  1.027e-03 -1.395e-03  2.632e-03  2.936e-03
77ef902dbddd613ba9aa6484a9bc3317  6.850e-04  2.433e-03  1.602e-03  2.138e-03
e13f7c382a18a68e272e71ab1aa40bb7 -1.600e-04 -6.489e-05  2.025e-03  5.249e-03
2c5ddbd24e3fa7ebd1c8869775e12ec5  1.531e-03 -6.781e-04  5.128e-03  5.546e-03
4a68f8087e7b4a71583a1d104696efd5  2.268e-04  4.144e-04  1.394e-03  1.071e-04
98c97333650143cae7892ff753e69af8 -1.905e-04  1.584e-03  1.077e-03  1.536e-03
89a37450bc9acf700354c15eeaf4a976 -1.054e-02 -2.529e-03 -7.086e-03  3.191e-02
e1b6c9a7589185b9df6d939d05af6279 -1.093e-02 -2.262e-03 -7.195e-03  2.948e-02
3caa6fba80ec850eccc514c297030a18 -2.903e-03  3.738e-03  2.984e-04  1.728e-02
32f3d80763522e17780c5576de395f4e  4.584e-04  1.126e-03 -5.958e-04 -8.320e-04
5ec606a159715a657f824a672d832157  2.423e-02  1.149e-02 -3.149e-02  9.391e-02
45b3c16654b9511c4f886af3736a68c9  2.236e-02  1.060e-02 -3.126e-02  9.093e-02
23e295d4b8b212637efc273e28f07cc8  1.716e-02  8.756e-03 -2.108e-02  6.787e-02
0ca83baa9bd74c7a2444c180245c6f28  6.577e-03  3.988e-03 -3.807e-03  2.615e-02
fbe5784c9d1b5e7421cc9ea5959dad1e -2.138e-03 -7.381e-04 -5.077e-04  8.042e-03
2f4af1c7f4de49dabfcba7101bf906c9  9.698e-04  4.912e-04 -3.878e-03  7.755e-03
12bc0e6534c02e303e14807e73a7f2f2  1.234e-02  9.262e-03 -1.652e-03  4.338e-02
9982adc6993a5ba65bbaca0a39f34542  1.167e-03  1.443e-03  1.232e-03  4.827e-03
c8ad59f01b1bfd16c615d2e9614278e3  1.696e-03 -7.747e-04  5.737e-03  4.472e-03
f7a5dff8fdbb9125c9c533d40f378399  9.245e-03  5.466e-03 -9.004e-03  3.675e-02
4a340363f9c36a698f19f0edca68ab8b  3.117e-03  2.445e-03 -1.869e-03  1.217e-02
c6c3dd600b7a71786a2df7049f5ceff6  5.285e-04  1.122e-03 -2.099e-04  4.928e-04
37d02e583844f17ffde2bd299cd9a812  2.200e-04  1.059e-03 -1.298e-04 -1.977e-04
334722d50f69b43a5e329ca304d44831  5.405e-04  9.044e-04 -1.563e-03 -1.061e-03
924686f08ec54103d6f3d59f8b6a22b1  7.113e-05  5.885e-04  2.245e-04 -7.465e-04
f80f1ce66d8d06d5d5208d8785e89cda -1.365e-04  5.481e-04 -5.548e-04  7.363e-04
b650a5be654c1c54f91925d7cf54ec81 -1.293e-03 -6.461e-03 -2.396e-03  7.720e-04
51e9a9c5805aff7e6adfbbfa1a4fe942  1.208e-03  2.088e-03 -1.673e-03 -2.476e-03
9ccade59d577e6b33c8126f9a30a428d  4.840e-04 -4.120e-04 -1.332e-04  5.234e-04
92f03bf54895fc00083cfe774b3b9509  3.735e-03  6.457e-03 -5.175e-03 -7.659e-03
798b1260043e4f4e6fec6213b1b365fa -2.856e-04 -3.478e-04 -3.895e-04  5.019e-04
ced0b50b531d365b603d991ec09148d9  3.900e-03 -2.807e-03 -4.017e-04  4.801e-03
277fcb9133ae69aa097c8174883fd5e7  1.361e-03 -1.159e-03 -3.747e-04  1.472e-03
74ace3ba71b8d4aa1ac7259c3f358725 -6.520e-04 -3.980e-03 -1.459e-03 -1.018e-04
ff118db0f69d176269efa8be70714d29 -1.201e-03  4.295e-04 -7.506e-04 -1.797e-03
57d1dd3d251de89a6ea3a54ff26911a8  4.941e-04  1.319e-03 -5.363e-04 -1.332e-03
028acbb720db06698cda259965880579  3.514e-03  7.249e-03 -4.314e-03 -7.394e-03
5d4f260213e1613a8a94eae765f2ba19  4.289e-04 -8.597e-04  3.119e-05  1.824e-03
976c29d4a2d86d2fb4555c19a7813807  4.487e-03  2.749e-03 -2.872e-03  8.032e-03
3ea4ec4d7fd8e5d72eafc5ea95449bd8  2.984e-04  6.504e-03  1.644e-03 -5.250e-04
eac8a9e3f26c5cf8338a97e65cefd9a8  1.433e-03  2.051e-03 -1.630e-03 -2.931e-03
bf05a3be5a93a601f9265e44cc305f7f -1.837e-03  1.868e-03  1.209e-03  8.100e-03
686a95afa05ad0e1e7c9d0771e99643f  2.692e-03  4.907e-03 -2.190e-03 -2.665e-03
d63aa9b765a432b77f0413fec16fda2a  9.432e-04  6.020e-04  4.610e-04  8.613e-04
ca950393f8a6691902b170c539ec1791  4.992e-04 -6.364e-05 -1.930e-03  3.285e-03
330e77df79258dc0711e8f722088b028 -5.348e-04  2.825e-04 -3.087e-04 -7.700e-04
63d95306accd595e6acff3f72bb13c48  9.563e-04 -6.097e-04 -1.934e-03  4.499e-03
696ae8f68f974c9656ad3ff6cdc9c48f -2.276e-04  8.077e-04 -3.843e-04  3.406e-04
13aa81a1fc7d4497dd73d7a7c20a97af  4.194e-03  8.605e-05 -3.246e-03  9.584e-03
e49ae678a129fb6b8a3ddea373201335  5.023e-04 -1.005e-03  7.509e-04 -7.033e-05
44681c05d9c7bbd0876387dc71a6861e  5.152e-03  4.754e-03 -1.357e-03 -3.723e-03
7461a18d2256dc73090c855352864107  2.343e-04  9.606e-04  1.246e-03  1.604e-03
c6c13c916636a2c0c86556b8d3a24ff9  3.376e-03 -1.456e-03  4.293e-04  6.558e-04
45893b363430fe5867978fd94b65ede7 -1.343e-03  1.237e-03  7.052e-06  6.191e-03
cc67e6b96eeab5fa3ce5c8030e685cc5 -2.215e-04 -1.297e-04  1.759e-04 -2.253e-05
f88742e23b49bdc1e3b6e243e3348166  1.153e-02 -6.615e-05  1.673e-03 -2.723e-02
cdab3ceff641ff801eba271a4019bdbe -4.202e-02  3.161e-02  1.864e-03  1.738e-01
4cf095d0059c417d00e96a450c061caf -4.945e-02  3.957e-02  1.362e-03  2.165e-01
5eaed2335f1c5b2f494c10750a42c1a1 -3.883e-02  2.349e-02  3.926e-03  1.438e-01
5a73081e770ef3d089fd9c2adef08c33  6.066e-03  3.775e-03  1.039e-03  1.692e-05
459e76f5cf1757e843e653dcbd32b6fd -1.611e-03  1.883e-03 -1.064e-03 -8.346e-04
c9c7d372cf7c41282b7d76995554873f  1.298e-02  6.741e-03  3.890e-03 -4.113e-03
3b4ba797244ecf2d19aaaf3bdaf02524  6.199e-03  1.577e-02 -4.901e-05 -8.537e-03
ca479a95c5f16e79e33ba0b3211bbf4d  6.733e-03  7.618e-03 -5.389e-03 -8.440e-03
2e93bb8675e404b7b4d705fffd170ba6  3.578e-03  6.186e-03 -4.958e-03 -7.338e-03
1d6550ffe179ff74b310e60472fc8707  1.252e-02  6.873e-03  5.670e-03  2.608e-03
7861166a2fcbfa31c1afe928535baf4d  4.675e-03  1.921e-03  1.807e-03  5.630e-04
7c6f060b2e7db8f93f6cc5c1b803f244  1.562e-03  1.529e-03  3.875e-03  6.009e-03
1519c16cfcff7f50a22beb30661fa4c1  3.760e-03  3.377e-03 -3.865e-03 -3.920e-03
8159dc516d9df44d7d9f5f642b8930df  2.445e-03  1.765e-03  1.385e-03  3.550e-04
6d4bef634d10cc9c126d13b51913579d  8.233e-03  9.008e-03  1.691e-03 -1.990e-03
026b184b7aa9614350a03f21ae4adf7e  6.476e-03  1.012e-02  1.111e-03 -6.345e-03
4a111a6f0220793b852337b8aea50089  2.048e-02  2.648e-02 -1.117e-03 -1.446e-02
fe31c416ee1e4982359c6644943f2b1b  2.913e-02  3.585e-02  6.350e-03 -7.831e-03
49632e7b6e6f10664e8d471cfcecc987  8.726e-03  1.927e-02 -8.404e-03 -1.622e-02
14b90e65166441c66bb1045ae04b3067  8.994e-03  2.519e-02 -5.504e-03 -1.638e-02
cbbf52609c3e413343edaaa8d59045b5  2.712e-03  1.003e-03  1.046e-03  5.142e-04
eba9df3372b854fe6d35a0f22765644e -5.114e-04  2.015e-03  5.765e-05  3.186e-03
5304dc18b717ec2ea322e2faa4ee3d30  2.900e-04  6.483e-03  4.258e-03  9.421e-04
b1edbf09da53e0eeea06b2770fe99f05  2.086e-03  1.538e-04  1.134e-04  2.979e-03
ba6672fc5b80f341159c2bbf3f23803f  2.996e-03 -4.111e-03  2.020e-03  1.646e-02
bb64d78c4771ce2e2d138732888085ed  4.555e-03  3.141e-03  8.736e-04  1.676e-02
05647c89ff9743822a21ba95614c51df  3.519e-03  4.004e-03  1.452e-02  1.316e-02
0088f707e22c433ce24a0183582bbd76  2.334e-03  4.635e-05  7.490e-03  1.060e-02
492709e50acb55ba939ce797968726b8  1.761e-03  5.004e-03  6.916e-03  7.545e-03
5515e13347f098013c0e4c295f31a06f  3.800e-04  5.407e-03  2.699e-03 -1.672e-03
675abb747eabf769b52023d1069048af  3.353e-03  2.456e-03  8.159e-03  6.945e-03
cbefd3799cdc9cb1c7c70e257c115b15  1.168e-03 -2.452e-03  3.531e-03  5.060e-03
6d41fbe380e57210c91baef4354d4f1f -1.105e-04 -4.659e-04 -6.275e-04 -5.283e-05
7259b064c3b74584d70a04ce24ecc804 -5.249e-04 -4.438e-04  1.958e-04 -4.000e-04
b43cc432d2332622d47fb2691a555fe5  5.508e-03  1.789e-03  2.142e-03 -2.726e-04
d5f72f65403b52c0ca10b6c7eb22aaea  2.718e-02  8.266e-03  1.380e-02  1.893e-02
fea2a3e5c7eb593d2f96ab5dab318d70  2.469e-02  7.667e-03  1.181e-02  7.139e-03
9ecd1d27833293ce81217c85e3733d9f  2.183e-02  9.793e-03  1.125e-02  3.950e-03
35658630e52347e1e91ea813d0f8466c  1.358e-03 -1.466e-03  6.765e-04  3.066e-03
81ded12588a6b368dc02e50cca97711b  3.006e-02  9.989e-03  1.335e-02  7.589e-03
dedefca66cef8bed0486133f1d887494  4.141e-03  1.564e-03  1.098e-03  1.891e-03
a53c4dfe916b15e952e1e41ca4f49072  4.560e-04  5.666e-04  1.168e-03  7.495e-04
ed1e8f1fa4864b8af9f57d79dbef53f9  1.275e-03  4.212e-03  1.274e-03 -1.090e-03
3b08c78393faa31bdb9855aad41578db  1.048e-02  4.216e-03  2.711e-03 -3.347e-04
dd0d66cce1bab07099849100a13261c2  8.101e-03  5.788e-03  3.335e-03  1.365e-03
b344eccd0e4129fc4242cc3890a38e26  1.055e-02 -6.668e-03 -1.645e-03 -2.277e-02
cc193b0cc75d4086d60d3fbe2077cced  4.791e-03 -3.277e-03 -6.290e-03 -1.896e-02
a26ce61c59c9711bd4cf64f3d3cef07f  1.149e-03 -8.538e-04  3.425e-03  3.147e-03
7a5bbcbbcfebe2979a457e33de8b9a55  1.074e-02  4.048e-03  4.579e-03 -4.588e-03
e22f33a5bfcf56b2a897f5f7c51bc2cf  1.077e-03  6.599e-04 -4.910e-04 -2.189e-03
d25d2466b1f7f312062dbd809834d875 -1.673e-03  1.955e-03 -1.105e-03 -8.667e-04
9c362874fdcc76590e95b454d49f9f2b  1.871e-01 -1.327e-01  6.910e-02 -9.690e-01
efc14407e60710557f793c3440ae2710  1.604e-01 -1.343e-01  6.008e-02 -8.715e-01
c963b4292285587ec5a308bd5032cc0a  1.316e-01 -1.265e-01  4.306e-02 -7.490e-01
8cd9dbee9127fd3deb2d41285c3b6824  1.179e-01 -1.220e-01  5.021e-02 -7.362e-01
81d5e5a632cc0a4a29f834e8da03950f -3.224e-03 -2.116e-02  1.324e-02 -6.073e-02
4bf8b5c1587fdb5ee7395cb39cb6ee1a -3.340e-03 -1.598e-02  7.346e-03 -4.543e-02
f3f7c6d70ccba7bc330de85e9e6bfcc5 -4.059e-03 -1.937e-02  1.156e-02 -5.939e-02
70449abccf87679f3e10a4677aa123db  2.348e-03  4.060e-03 -3.253e-03 -4.815e-03
64680654aa1af11bf7c0ac3b25243dde  9.541e-04  3.894e-04 -1.819e-04  1.397e-03
                                       MDS2       MDS3
7c125a28e16f6d1f492809a98dedbe5b -1.714e-04 -6.318e-05
d645c19e488f3ec4c05c082e83a86e93  2.958e-04  2.185e-04
41100c6221f908f29c2dd9ab7e1b3860 -1.685e-04  1.174e-04
f0e0a42069627382751d97a8ffe1e650 -9.768e-05  1.328e-03
aecc37f34c618a9cb23d4f42871df374 -2.808e-04  4.229e-04
219bf2f69acc1098fb43960523c52e7e  1.585e-04  2.517e-04
74ba68d964efb966be731adf3f09e55d  5.726e-05  7.413e-04
78da8fb8280a79ea63f394c5a70a044b  3.949e-04  5.392e-04
c39946cbf72abb079fae9af705d7b103  2.570e-04  5.426e-04
6db83e552983c386ef33e3cf9a95f85f  2.173e-04 -9.570e-05
06cf02e27cff2b9aa0a304be20f12480 -5.270e-05 -1.378e-04
a4cb9127f5840951ab94eddb94730b2e -6.759e-05  7.423e-04
883f568cb13fb3faf266f6309c665a43 -8.914e-05  4.372e-04
b206ff7f740ab2a298dfd05293174cd8  1.939e-04  2.223e-03
b21419c6adddb04c9b46ab8213ca5355  2.988e-04  1.067e-03
90890aa5e3f42e2bbd5a8fb419006658  1.313e-04 -4.286e-04
ece8b4d40bff92791b566a75f2c1d6c3  2.288e-04 -3.343e-05
04a253a78bcb9530dc52df53b09f995b -2.177e-04  9.257e-04
bc0485c128e6d2283ce2b1d840c8699d -1.392e-04 -9.452e-04
ec016223be6ab08793cac2082a8b7687  1.916e-05  8.932e-04
9d4a7af6c79c0167b1d3658067f06c86  5.438e-05  7.181e-04
dc2d14b49137f6bd0b2ad6d08f3a38ed  5.528e-05  6.901e-04
57b1b5f3cafe17b8177fbf296fdf1662 -2.955e-04 -3.465e-04
e5234a674f445f61587ca18c95a49873 -8.896e-05  1.161e-03
82770d17674a6e67f7c8f59a4e63bb95  2.583e-04  8.203e-04
50c571a488a36f5bd245fec09e7e103b  2.351e-04  1.369e-04
5d3a9d5b2ff75691c12184ff3790e4fe -1.143e-02 -1.541e-03
8b45187cf1a89413e03fa31f05efb1ae -1.427e-02 -3.101e-03
972c2817d33e45bc58a916910c8dd269 -1.137e-02 -4.437e-03
a3258e1f30e8a717e0e41288368a479e -5.960e-04 -9.857e-05
92e6854b0a19a845fd9e6aa64d26cd9e -5.493e-04  3.283e-04
93ca53935fd0ba03c0b6d6cdbb977a80 -3.526e-04  1.010e-03
a13dd396d77587cbc9a93b9e3c1bd6d4 -1.987e-04  1.132e-03
b8e7c92d2c7de3b4e7bfe58e54715a4e -1.866e-03  6.815e-04
e2ac46c0947692441703df4bf0d3277d -8.081e-03 -1.323e-03
9e0e2d88b2bf942b08bd007d5f89bd50 -7.140e-03 -1.414e-03
3dc617264ac6b0e2f8cb8c2b995f9486  1.473e-03  1.840e-03
4644b41366b8cc3e5aa38631ae00e2f9 -7.090e-07  1.264e-03
f54006cd3414575f40e4ca0fe41ee4a3  2.508e-04 -1.412e-03
8015c5568f448ffbbb49d567a6f518f1 -2.088e-04  2.499e-03
a86d59c1e293680cbb44ac8cb86c9ae9  4.626e-05  1.129e-04
9e3fc5c932d72e0fb9da6bd733c195bd  6.738e-01 -6.251e-01
7902ca8c40015f1548b0e63199f475bb  5.669e-01 -5.227e-01
0406ed4809981af122b01a6c51679137  5.787e-01 -4.723e-01
922cd384f0647e99ecc3516985ca419c  7.439e-01 -6.148e-01
311030dd3480b4be74d627d8f927c1cb -2.206e-03  2.113e-03
1304c45c8040a1c6983e736de424e0f5 -1.411e-04  4.463e-04
9b39c8e84916c9361ccd8935ae86f7f8  1.051e-03  3.851e-03
892e879d9828aa79be0e2dd6fe6ff548 -2.744e-03  4.015e-03
be1418b73cdebad7075c1ed8b9f8dadb  2.913e-04  3.256e-03
3de182ea44e443b8f229456d15967445 -1.422e-03 -1.255e-03
4f385b35b8b3fc13e9a8bfbdcb83eebf -1.542e-03 -1.306e-03
f252fbb124aa0efc32c12de291a1e6ee  2.641e-04 -7.633e-04
9ec8119e9d0a29a043b93ed61bc5d0bf  1.079e-02 -2.130e-03
f84395ff8ee4e864edb652c2e430f8c3  2.153e-04  1.266e-03
81969153afe66bd1e2dbe69fed67e1a9  1.410e-03 -1.796e-03
9240c7ecfd3c014e501adabff01eecf5  1.004e-03 -1.301e-03
d12f162af25a6c5f86c283258ec325e6  3.053e-05  1.063e-03
14adbe7e7a205ad343d7722b877ca183 -3.249e-04 -5.446e-04
ebdc3a44318696e0c2bf839e2976c5e7  1.874e-04  2.884e-04
963332e5f8a4810b460189d3f92dba14 -1.214e-04  7.392e-04
77ef902dbddd613ba9aa6484a9bc3317 -2.276e-04  8.689e-04
e13f7c382a18a68e272e71ab1aa40bb7 -4.525e-04  1.629e-04
2c5ddbd24e3fa7ebd1c8869775e12ec5 -2.174e-04  1.537e-03
4a68f8087e7b4a71583a1d104696efd5  5.052e-04 -5.650e-04
98c97333650143cae7892ff753e69af8  3.628e-05  9.355e-04
89a37450bc9acf700354c15eeaf4a976 -1.206e-02  5.030e-03
e1b6c9a7589185b9df6d939d05af6279 -1.276e-02  4.374e-03
3caa6fba80ec850eccc514c297030a18 -1.505e-03 -1.263e-03
32f3d80763522e17780c5576de395f4e -3.794e-06  9.877e-05
5ec606a159715a657f824a672d832157  2.634e-03 -6.729e-03
45b3c16654b9511c4f886af3736a68c9  2.744e-03 -6.069e-03
23e295d4b8b212637efc273e28f07cc8  1.980e-03 -4.144e-03
0ca83baa9bd74c7a2444c180245c6f28  6.160e-04 -6.271e-05
fbe5784c9d1b5e7421cc9ea5959dad1e -7.513e-04 -1.973e-04
2f4af1c7f4de49dabfcba7101bf906c9  3.222e-04 -5.620e-06
12bc0e6534c02e303e14807e73a7f2f2 -1.956e-04 -6.786e-04
9982adc6993a5ba65bbaca0a39f34542  7.437e-05  7.787e-04
c8ad59f01b1bfd16c615d2e9614278e3 -1.405e-04  7.446e-04
f7a5dff8fdbb9125c9c533d40f378399  1.014e-03 -1.297e-03
4a340363f9c36a698f19f0edca68ab8b  2.660e-04  4.284e-05
c6c3dd600b7a71786a2df7049f5ceff6 -3.510e-04  8.230e-04
37d02e583844f17ffde2bd299cd9a812 -2.591e-04 -9.456e-05
334722d50f69b43a5e329ca304d44831  9.982e-05 -3.281e-04
924686f08ec54103d6f3d59f8b6a22b1 -7.995e-07  5.213e-05
f80f1ce66d8d06d5d5208d8785e89cda  4.700e-05  7.791e-05
b650a5be654c1c54f91925d7cf54ec81  4.554e-05  9.639e-04
51e9a9c5805aff7e6adfbbfa1a4fe942  1.976e-04  2.443e-04
9ccade59d577e6b33c8126f9a30a428d  1.079e-04  3.147e-04
92f03bf54895fc00083cfe774b3b9509  6.112e-04  7.555e-04
798b1260043e4f4e6fec6213b1b365fa -4.707e-04  3.121e-04
ced0b50b531d365b603d991ec09148d9  8.310e-04  2.711e-03
277fcb9133ae69aa097c8174883fd5e7  3.034e-04  8.851e-04
74ace3ba71b8d4aa1ac7259c3f358725  8.298e-05  6.161e-04
ff118db0f69d176269efa8be70714d29 -1.560e-04 -6.626e-05
57d1dd3d251de89a6ea3a54ff26911a8  1.263e-04  1.647e-04
028acbb720db06698cda259965880579  9.055e-04  1.664e-04
5d4f260213e1613a8a94eae765f2ba19  1.841e-04 -1.489e-05
976c29d4a2d86d2fb4555c19a7813807  3.778e-04  1.890e-04
3ea4ec4d7fd8e5d72eafc5ea95449bd8  6.106e-04 -1.670e-03
eac8a9e3f26c5cf8338a97e65cefd9a8 -2.382e-04 -3.612e-04
bf05a3be5a93a601f9265e44cc305f7f -7.554e-04  3.716e-05
686a95afa05ad0e1e7c9d0771e99643f -1.312e-06  1.521e-03
d63aa9b765a432b77f0413fec16fda2a  6.248e-04 -5.604e-05
ca950393f8a6691902b170c539ec1791  6.701e-05 -9.290e-04
330e77df79258dc0711e8f722088b028 -5.472e-05  2.914e-05
63d95306accd595e6acff3f72bb13c48  1.588e-04 -1.362e-04
696ae8f68f974c9656ad3ff6cdc9c48f  3.319e-04 -1.317e-03
13aa81a1fc7d4497dd73d7a7c20a97af  7.020e-04  1.838e-03
e49ae678a129fb6b8a3ddea373201335 -7.723e-05 -2.004e-04
44681c05d9c7bbd0876387dc71a6861e  3.788e-04  9.388e-05
7461a18d2256dc73090c855352864107  1.168e-05  6.921e-04
c6c13c916636a2c0c86556b8d3a24ff9  1.735e-04  1.538e-04
45893b363430fe5867978fd94b65ede7 -6.040e-04 -6.749e-04
cc67e6b96eeab5fa3ce5c8030e685cc5  8.935e-05  1.945e-04
f88742e23b49bdc1e3b6e243e3348166 -1.014e-02 -1.753e-03
cdab3ceff641ff801eba271a4019bdbe -3.364e-02 -1.082e-02
4cf095d0059c417d00e96a450c061caf -3.559e-02 -1.061e-02
5eaed2335f1c5b2f494c10750a42c1a1 -2.825e-02 -7.760e-03
5a73081e770ef3d089fd9c2adef08c33  3.739e-04  8.023e-04
459e76f5cf1757e843e653dcbd32b6fd  8.402e-05  6.187e-04
c9c7d372cf7c41282b7d76995554873f -4.456e-04 -1.913e-04
3b4ba797244ecf2d19aaaf3bdaf02524  1.105e-03  3.626e-03
ca479a95c5f16e79e33ba0b3211bbf4d  6.801e-04  1.624e-03
2e93bb8675e404b7b4d705fffd170ba6  5.856e-04  7.239e-04
1d6550ffe179ff74b310e60472fc8707  3.980e-04  2.347e-03
7861166a2fcbfa31c1afe928535baf4d  1.863e-04 -4.229e-04
7c6f060b2e7db8f93f6cc5c1b803f244  1.377e-04  1.724e-03
1519c16cfcff7f50a22beb30661fa4c1  6.869e-04  1.303e-03
8159dc516d9df44d7d9f5f642b8930df  3.180e-04 -5.978e-04
6d4bef634d10cc9c126d13b51913579d  1.320e-03  3.189e-03
026b184b7aa9614350a03f21ae4adf7e  9.483e-04  7.392e-04
4a111a6f0220793b852337b8aea50089  2.292e-03  3.182e-03
fe31c416ee1e4982359c6644943f2b1b  4.028e-03  6.839e-03
49632e7b6e6f10664e8d471cfcecc987  1.384e-03  1.657e-03
14b90e65166441c66bb1045ae04b3067  2.091e-04  2.752e-03
cbbf52609c3e413343edaaa8d59045b5  8.004e-05 -2.056e-04
eba9df3372b854fe6d35a0f22765644e -5.273e-04 -1.834e-04
5304dc18b717ec2ea322e2faa4ee3d30  1.640e-03 -2.109e-03
b1edbf09da53e0eeea06b2770fe99f05 -8.746e-04  2.145e-03
ba6672fc5b80f341159c2bbf3f23803f  2.703e-04  3.467e-03
bb64d78c4771ce2e2d138732888085ed  1.153e-03  2.594e-03
05647c89ff9743822a21ba95614c51df  7.697e-04  2.180e-03
0088f707e22c433ce24a0183582bbd76 -2.837e-04  2.090e-03
492709e50acb55ba939ce797968726b8  4.255e-04  2.218e-03
5515e13347f098013c0e4c295f31a06f  4.615e-04  1.236e-03
675abb747eabf769b52023d1069048af -7.295e-05  2.869e-03
cbefd3799cdc9cb1c7c70e257c115b15 -2.999e-04  2.792e-04
6d41fbe380e57210c91baef4354d4f1f -1.319e-04  2.679e-04
7259b064c3b74584d70a04ce24ecc804  7.771e-04 -7.446e-04
b43cc432d2332622d47fb2691a555fe5 -9.304e-05 -5.359e-04
d5f72f65403b52c0ca10b6c7eb22aaea  1.269e-04 -1.628e-03
fea2a3e5c7eb593d2f96ab5dab318d70  5.431e-04 -1.233e-03
9ecd1d27833293ce81217c85e3733d9f  8.150e-04 -8.125e-04
35658630e52347e1e91ea813d0f8466c  2.883e-04  1.653e-03
81ded12588a6b368dc02e50cca97711b  7.444e-04 -1.787e-03
dedefca66cef8bed0486133f1d887494  1.481e-04 -3.728e-04
a53c4dfe916b15e952e1e41ca4f49072 -1.208e-04  4.496e-04
ed1e8f1fa4864b8af9f57d79dbef53f9  7.416e-04  1.603e-03
3b08c78393faa31bdb9855aad41578db  5.964e-04 -3.451e-04
dd0d66cce1bab07099849100a13261c2  5.601e-04  1.353e-04
b344eccd0e4129fc4242cc3890a38e26 -7.959e-03 -1.043e-02
cc193b0cc75d4086d60d3fbe2077cced -6.142e-03 -1.062e-02
a26ce61c59c9711bd4cf64f3d3cef07f -3.211e-04  8.404e-04
7a5bbcbbcfebe2979a457e33de8b9a55 -6.977e-04 -1.173e-03
e22f33a5bfcf56b2a897f5f7c51bc2cf -1.158e-03 -1.620e-03
d25d2466b1f7f312062dbd809834d875  8.725e-05  6.425e-04
9c362874fdcc76590e95b454d49f9f2b -5.092e-01 -2.131e-01
efc14407e60710557f793c3440ae2710 -4.524e-01 -1.876e-01
c963b4292285587ec5a308bd5032cc0a -3.891e-01 -1.621e-01
8cd9dbee9127fd3deb2d41285c3b6824 -3.800e-01 -1.477e-01
81d5e5a632cc0a4a29f834e8da03950f -1.407e-02 -4.456e-03
4bf8b5c1587fdb5ee7395cb39cb6ee1a -8.718e-03 -1.725e-03
f3f7c6d70ccba7bc330de85e9e6bfcc5 -1.267e-02 -2.862e-03
70449abccf87679f3e10a4677aa123db  3.843e-04  4.750e-04
64680654aa1af11bf7c0ac3b25243dde  5.657e-05 -1.370e-04


Site scores (weighted sums of species scores)

         CAP1    CAP2    CAP3     MDS1      MDS2     MDS3
G0   0.843180  0.2611  1.3602 -0.21081 -0.345300  0.23505
G1   0.676135  1.7433  6.6060 -0.44042 -0.919351 -1.14766
G10  1.454988  1.5767 -0.4064  0.30292 -1.120817  0.66334
G11 -1.301236  2.1752  0.9436  0.25328 -0.031710 -1.31420
G12  0.816579  1.3308  0.8360 -0.01051 -0.442461  0.09824
G13 -0.434593 -0.6479 -0.6311 -0.15499  0.061564  0.40458
G14 -1.232145 -1.4800  2.4513 -0.57579  0.272667 -0.30996
G15  0.267933 -1.3025 -1.9038  0.27372  0.444293  0.29300
G16 -1.037747 -0.2031  1.6115  0.14491  0.068991 -0.73431
G17 -1.905405  0.7426  1.5460 -0.08961  0.779232 -1.16536
G18 -0.108361 -0.5482 -1.5367  0.02305 -0.073553  0.90769
G19 -0.008234 -1.5572  1.2255 -0.51929  0.290927  0.36934
G2                                                       
G20  0.770943  0.8704 -1.9660  0.48414 -0.118960  0.37873
G21 -0.534405  7.4357 -5.3741  1.82092 -0.713269 -0.47076
G22  0.606749 -2.4702  7.4575 -1.07600 -0.885131  0.09179
G23  1.205319  0.6798  0.0209  0.11547  0.070922 -0.16258
G24  1.173551 -1.3538  7.6024 -1.01808 -0.785958 -0.39403
G25  0.915046 -0.6013 -3.6480  0.31592  0.256895  0.66880
G26 -0.019276 -1.1918 -1.0905 -0.01513  0.048639  0.32227
G27 -0.483476 -0.8030  1.4056 -0.33399 -0.066395  0.02479
G28  0.275766 -1.2029 -1.7623 -0.11148  0.424377  0.55939
G29  0.654962  0.7368 -2.5701  0.41708  0.003518  0.55156
G3  -1.870348 -3.0758 -2.4358 -0.31118  1.314123 -0.09881
G30 -2.239410 -1.9625 -2.3850 -0.01137  1.221176 -0.12870
G4                                                       
G5   0.489269 -1.2651  0.8686 -0.44288  0.139456  0.15383
G6   0.795055 -1.4189 -2.7810  0.04885 -0.025363  0.47969
G7   0.229163  3.5320 -5.4442  1.12128  0.131489 -0.27572
G8                                                       
G9                                                       


Site constraints (linear combinations of constraining variables)

         CAP1     CAP2     CAP3     MDS1      MDS2     MDS3
G0   0.230373  0.61898  0.04795 -0.21081 -0.345300  0.23505
G1   0.508150  0.15102 -0.15708 -0.44042 -0.919351 -1.14766
G10 -0.404308 -0.23879 -0.37387  0.30292 -1.120817  0.66334
G11 -0.246306 -0.23383 -0.81034  0.25328 -0.031710 -1.31420
G12  0.210770  0.78757 -0.09751 -0.01051 -0.442461  0.09824
G13 -0.701688  0.39776 -0.31430 -0.15499  0.061564  0.40458
G14 -0.682085  0.22917 -0.16884 -0.57579  0.272667 -0.30996
G15  0.567118 -1.03291  1.07879  0.27372  0.444293  0.29300
G16 -0.345340 -1.42271  0.86200  0.14491  0.068991 -0.73431
G17 -0.028070  0.78322  0.55855 -0.08961  0.779232 -1.16536
G18 -0.940528  0.39341  0.34176  0.02305 -0.073553  0.90769
G19  0.007856  0.85827  0.37211 -0.51929  0.290927  0.36934
G2                                                         
G20  0.342133 -0.24716  0.76508  0.48414 -0.118960  0.37873
G21 -0.904602  0.46846  0.15532  1.82092 -0.713269 -0.47076
G22 -0.570325 -0.63697  0.54829 -1.07600 -0.885131  0.09179
G23  1.428648  0.25614  0.37362  0.11547  0.070922 -0.16258
G24  0.516189 -0.13367  0.15683 -1.01808 -0.785958 -0.39403
G25  0.685219 -0.28286 -0.12785  0.31592  0.256895  0.66880
G26 -0.227239 -0.67267 -0.34464 -0.01513  0.048639  0.32227
G27 -0.598793  0.08885 -0.23032 -0.33399 -0.066395  0.02479
G28  0.313665  0.47866 -0.01353 -0.11148  0.424377  0.55939
G29  0.226031  0.21957  0.53092  0.41708  0.003518  0.55156
G3  -0.246306 -0.23383 -0.81034 -0.31118  1.314123 -0.09881
G30 -0.686427 -0.17024  0.31414 -0.01137  1.221176 -0.12870
G4                                                         
G5   0.506644  0.42470 -0.47582 -0.44288  0.139456  0.15383
G6   0.373070 -1.00612 -1.58736  0.04885 -0.025363  0.47969
G7   0.666152  0.15598 -0.59355  1.12128  0.131489 -0.27572
G8                                                         
G9                                                         


Biplot scores for constraining variables

                            CAP1    CAP2    CAP3 MDS1 MDS2 MDS3
Prop_Spruce_On_Territory -0.4392  0.7817  0.4429    0    0    0
CollectionYear           -0.8697 -0.3764 -0.3191    0    0    0
AgeAtCollection          -0.2104 -0.4944  0.8434    0    0    0

null device 
          1 
