
Lmod is automatically replacing "intel/2016.4" with "gcc/7.3.0".

-------------------------------------------------------------------------------
The following dependent module(s) are not currently loaded: gcccore/.5.4.0 (required by: icc/.2016.4.258, ifort/.2016.4.258)
-------------------------------------------------------------------------------

Due to MODULEPATH changes, the following have been reloaded:
  1) openmpi/2.1.1

The following have been reloaded with a version change:
  1) gcccore/.5.4.0 => gcccore/.7.3.0     2) imkl/11.3.4.258 => imkl/2018.3.222

[1] "Working directory, packages, functions"
Loading required package: permute
Loading required package: lattice
This is vegan 2.5-7
Loading required package: MASS
Loading required package: NADA
Loading required package: survival

Attaching package: ‘NADA’

The following object is masked from ‘package:stats’:

    cor

Loading required package: truncnorm
Loading required package: ALDEx2
Loading required package: car
Loading required package: carData
── Attaching packages ─────────────────────────────────────── tidyverse 1.3.0 ──
✔ ggplot2 3.3.3     ✔ purrr   0.3.4
✔ tibble  3.0.5     ✔ dplyr   1.0.2
✔ tidyr   1.1.2     ✔ stringr 1.4.0
✔ readr   1.4.0     ✔ forcats 0.5.0
── Conflicts ────────────────────────────────────────── tidyverse_conflicts() ──
✖ dplyr::filter() masks stats::filter()
✖ dplyr::lag()    masks stats::lag()
✖ dplyr::recode() masks car::recode()
✖ dplyr::select() masks MASS::select()
✖ purrr::some()   masks car::some()
[1] "Initiate functions for analysis"
[1] "Prediction 1A - Spatial distribution"
[1] "Read in the Data"
[1] "Building phyloseq object"
[1] "Extract the metadata"
[1] "CLR transformation"
No. corrected values:  2852 
[1] "Accessing the metadata by season/year"
[1] "Accessing the XY metadata by season"
[1] "Computing Haversine Distances"
[1] "Maximum Distance (m) by Collection Season"
$xyFall2017
[1] 21040.29

$xyFall2018
[1] 21117.46

$xyFall2020
[1] 82607.29

$xySpring2020
[1] 74993.99

[1] "Build the community objects (OTU table) for season"
[1] "Unweighted PCNM - for use with all OTU tables"
$xyFall2017
        PCNM1        PCNM2       PCNM3        PCNM4         PCNM5
1  0.44856297  0.642009407  0.34824290 -0.022439812 -0.0012329138
2 -0.34105728  0.161324358 -0.10520979 -0.337286855 -0.7376909866
3  0.54298253 -0.004750313 -0.41067053  0.014894015 -0.0001105186
4 -0.33432753  0.167590381 -0.07453421  0.823442922  0.0687322761
5 -0.05656485 -0.260060826 -0.50788023 -0.006633962 -0.0005129994
6  0.31751386 -0.612789909  0.25963204  0.005585329  0.0004129581
7 -0.34014861  0.160933689 -0.10681653 -0.454820388  0.6716281809
8 -0.23696110 -0.254256787  0.59723635 -0.022741250 -0.0012259968

$xyFall2018
       PCNM1       PCNM2        PCNM3      PCNM4         PCNM5         PCNM6
1  0.1858734 -0.60061286  0.254702521  0.5206736 -1.679965e-03  7.546770e-04
2  0.2915126 -0.51713244 -0.308414722 -0.3382262 -9.855083e-04  9.214056e-07
3 -0.4132689 -0.01710091  0.098889493 -0.1203348 -3.462235e-01  7.381927e-01
4  0.3613814  0.19921330 -0.418920357 -0.3418418  3.255076e-05  3.286199e-07
5 -0.4060805 -0.02070909  0.118731773 -0.1406930  8.146179e-01 -6.861421e-02
6 -0.2252468  0.24259216 -0.474489514  0.3181231  2.134327e-03  4.282208e-07
7  0.2759801  0.41662120 -0.005512313  0.5126480  2.102348e-02 -3.019380e-04
8 -0.4124486 -0.01706189  0.097929552 -0.1180882 -4.641818e-01 -6.710900e-01
9  0.3422973  0.31419054  0.637083568 -0.2922606 -2.473751e-02  1.057118e-03

$xyFall2020
         PCNM1       PCNM2       PCNM3       PCNM4         PCNM5         PCNM6
1  -0.33312622  0.29899679 -0.31373941 -0.25597928  2.286283e-03  4.318775e-04
2  -0.33312622  0.29899679 -0.31373941 -0.25597928  2.286283e-03  4.318775e-04
3  -0.37910718  0.14278649  0.14952790  0.30419267  5.494098e-05 -3.267519e-06
4  -0.37910718  0.14278649  0.14952790  0.30419267  5.494098e-05 -3.267519e-06
5   0.05442208 -0.47142093 -0.46245743  0.18457801  1.078307e-02  2.596081e-03
6   0.19670085  0.18937790  0.41618720 -0.22220013  8.869233e-03 -1.337732e-01
7   0.19659792  0.18934899  0.41643071 -0.22257498 -1.016102e-02  1.217450e-01
8   0.20454962  0.02519456 -0.08089354  0.08031727 -5.973831e-01 -4.012125e-01
9   0.20615026  0.02618141 -0.07435884  0.07586685  2.047802e-01 -2.492128e-01
10 -0.17272091 -0.53658151  0.08421290 -0.65368159 -6.417976e-03 -1.770843e-03
11  0.20609279  0.02608480 -0.07432205  0.07564783  2.657320e-01 -3.104899e-01
12  0.20615971  0.02767238 -0.06884913  0.07211159  2.256473e-01  4.524170e-01
13  0.20615971  0.02767238 -0.06884913  0.07211159  2.256473e-01  4.524170e-01
14  0.20462542  0.02683965 -0.07500426  0.07642374 -5.981541e-01  3.768606e-01
15  0.20609279  0.02608480 -0.07432205  0.07564783  2.657320e-01 -3.104899e-01
16 -0.29036343 -0.44002101  0.39064866  0.28932523  2.428100e-04  5.628910e-05

$xySpring2020
         PCNM1       PCNM2      PCNM3       PCNM4         PCNM5
1   0.32557357 -0.22779982  0.1104617 -0.31571688  4.166332e-04
2  -0.37746715  0.01717233  0.1813098 -0.04452321 -4.077314e-01
3   0.10634688  0.60290310 -0.2966280 -0.54046198 -7.351431e-04
4   0.24552095 -0.25204884 -0.5864528  0.18648709  6.682523e-04
5  -0.06385327 -0.23059562  0.1032843 -0.02186508 -1.148845e-03
6  -0.37746715  0.01717233  0.1813098 -0.04452321 -4.077314e-01
7  -0.31769924 -0.06825995 -0.5500358  0.28780772  2.759293e-05
8   0.37353315 -0.01516461  0.3162869  0.46037488 -4.772344e-05
9   0.20112916  0.59754552  0.1453247  0.41480453  3.704438e-06
10 -0.06385327 -0.23059562  0.1032843 -0.02186508 -1.148845e-03
11 -0.37733720  0.01747098  0.1813933 -0.04480190  8.170105e-01
12  0.32557357 -0.22779982  0.1104617 -0.31571688  4.166332e-04

[1] "Acessing PCNM scores"
[1] "Analysis for All OTUs"
[1] "Variance partitioning"
Warning messages:
1: collinearity detected in cbind(X1,X2): mm = 8, m = 7 
2: collinearity detected in cbind(X1,X2): mm = 10, m = 8 
$xyFall2017

Partition of variance in RDA 

Call: (function (Y, X, ..., data, chisquare = FALSE, transfo, scale =
FALSE, add = FALSE, sqrt.dist = FALSE, permutations = 1000) { if
(missing(data)) data <- parent.frame() X <- list(X, ...)  if
((length(X) < 2 || length(X) > 4)) stop("needs two to four explanatory
tables") if (inherits(Y, "dist")) { inert <- attr(Y, "method") inert <-
paste(paste0(toupper(substring(inert, 1, 1)), substring(inert, 2)),
"distance") if (sqrt.dist) Y <- sqrt(Y) else inert <- paste("squared",
inert) if (is.logical(add) && isTRUE(add)) add <- "lingoes" if
(is.character(add)) { add <- match.arg(add, c("lingoes", "cailliez"))
if (add == "lingoes") { ac <- addLingoes(as.matrix(Y)) Y <- sqrt(Y^2 +
2 * ac) } else if (add == "cailliez") { ac <- addCailliez(as.matrix(Y))
Y <- Y + ac } if (ac > sqrt(.Machine$double.eps)) inert <-
paste(paste0(toupper(substring(add, 1, 1)), substring(add, 2)),
"adjusted", inert) } RDA <- "dbRDA" if (!missing(transfo) ||
!missing(scale)) message("arguments 'transfo' and 'scale' are ignored
with distances") } else if (chisquare) { inert = "Chi-square" RDA =
"CCA" permutations = getPermuteMatrix(permutations, nrow(Y)) } else {
inert <- "variance" RDA <- "RDA" if (!missing(transfo)) { Y <-
decostand(Y, transfo) transfo <- attr(Y, "decostand") } if
(!missing(transfo) && (is.null(dim(Y)) || ncol(Y) == 1))
warning("transformations are probably meaningless with a single
variable") if (scale && !missing(transfo)) warning("Y should not be
both transformed and scaled (standardized)") Y <- scale(Y, center =
TRUE, scale = scale) } Sets <- list() for (i in seq_along(X)) { if
(is.data.frame(X[[i]]) || is.factor(X[[i]])) { mf <-
as.data.frame(X[[i]]) mf <- model.matrix(~., mf) Sets[[i]] <- mf[, -1,
drop = FALSE] } else if (inherits(X[[i]], "formula")) { mf <-
model.frame(X[[i]], data, na.action = na.fail, drop.unused.levels =
TRUE) trms <- attr(mf, "terms") Sets[[i]] <- model.matrix(trms, mf) if
(any(colnames(Sets[[i]]) == "(Intercept)")) { xint <-
which(colnames(Sets[[i]]) == "(Intercept)") Sets[[i]] <- (Sets[[i]])[,
-xint, drop = FALSE] } } else Sets[[i]] <- as.matrix(X[[i]]) Sets[[i]]
<- scale(Sets[[i]], center = TRUE, scale = TRUE) } out <- list()
out$part <- switch(length(Sets), NULL, varpart2(Y, Sets[[1]],
Sets[[2]], chisquare, permutations), varpart3(Y, Sets[[1]], Sets[[2]],
Sets[[3]], chisquare, permutations), varpart4(Y, Sets[[1]], Sets[[2]],
Sets[[3]], Sets[[4]], chisquare, permutations)) if (inherits(Y,
"dist")) { out$part$ordination <- "dbrda" } else { if (chisquare)
out$part$ordination <- "cca" else { out$part$ordination <- "rda" } } if
(RDA == "RDA") { out$scale <- scale if (!missing(transfo)) out$transfo
<- transfo } else { if (scale || !missing(transfo)) message("arguments
'scale' and 'transfo' ignored: valid only in RDA") } out$inert <- inert
out$RDA <- RDA out$call <- match.call() mx <- rep(" ", length(X)) for
(i in seq_along(X)) mx[i] <- deparse(out$call[[i + 2]], width.cutoff =
500) out$tables <- mx class(out) <- c("varpart", class(out)) out })(Y =
dots[[1L]][[4L]], X = dots[[2L]][[4L]], ~., data = dots[[3L]][[4L]])

Explanatory tables:
X1:  dots[[2L]][[1L]]
X2:  ~. 

No. of explanatory tables: 2 
Total variation (SS): 4679.2 
            Variance: 668.46 
No. of observations: 8 

Partition table:
                     Df R.squared Adj.R.squared Testable
[a+b] = X1            5   0.72682       0.04388     TRUE
[b+c] = X2            3   0.36939      -0.10358     TRUE
[a+b+c] = X1+X2       7   1.00000                   TRUE
Individual fractions                                    
[a] = X1|X2           4                             TRUE
[b]                   0                            FALSE
[c] = X2|X1           2                             TRUE
[d] = Residuals                                    FALSE
---
Use function ‘rda’ to test significance of fractions of interest

$xyFall2018

Partition of variance in RDA 

Call: (function (Y, X, ..., data, chisquare = FALSE, transfo, scale =
FALSE, add = FALSE, sqrt.dist = FALSE, permutations = 1000) { if
(missing(data)) data <- parent.frame() X <- list(X, ...)  if
((length(X) < 2 || length(X) > 4)) stop("needs two to four explanatory
tables") if (inherits(Y, "dist")) { inert <- attr(Y, "method") inert <-
paste(paste0(toupper(substring(inert, 1, 1)), substring(inert, 2)),
"distance") if (sqrt.dist) Y <- sqrt(Y) else inert <- paste("squared",
inert) if (is.logical(add) && isTRUE(add)) add <- "lingoes" if
(is.character(add)) { add <- match.arg(add, c("lingoes", "cailliez"))
if (add == "lingoes") { ac <- addLingoes(as.matrix(Y)) Y <- sqrt(Y^2 +
2 * ac) } else if (add == "cailliez") { ac <- addCailliez(as.matrix(Y))
Y <- Y + ac } if (ac > sqrt(.Machine$double.eps)) inert <-
paste(paste0(toupper(substring(add, 1, 1)), substring(add, 2)),
"adjusted", inert) } RDA <- "dbRDA" if (!missing(transfo) ||
!missing(scale)) message("arguments 'transfo' and 'scale' are ignored
with distances") } else if (chisquare) { inert = "Chi-square" RDA =
"CCA" permutations = getPermuteMatrix(permutations, nrow(Y)) } else {
inert <- "variance" RDA <- "RDA" if (!missing(transfo)) { Y <-
decostand(Y, transfo) transfo <- attr(Y, "decostand") } if
(!missing(transfo) && (is.null(dim(Y)) || ncol(Y) == 1))
warning("transformations are probably meaningless with a single
variable") if (scale && !missing(transfo)) warning("Y should not be
both transformed and scaled (standardized)") Y <- scale(Y, center =
TRUE, scale = scale) } Sets <- list() for (i in seq_along(X)) { if
(is.data.frame(X[[i]]) || is.factor(X[[i]])) { mf <-
as.data.frame(X[[i]]) mf <- model.matrix(~., mf) Sets[[i]] <- mf[, -1,
drop = FALSE] } else if (inherits(X[[i]], "formula")) { mf <-
model.frame(X[[i]], data, na.action = na.fail, drop.unused.levels =
TRUE) trms <- attr(mf, "terms") Sets[[i]] <- model.matrix(trms, mf) if
(any(colnames(Sets[[i]]) == "(Intercept)")) { xint <-
which(colnames(Sets[[i]]) == "(Intercept)") Sets[[i]] <- (Sets[[i]])[,
-xint, drop = FALSE] } } else Sets[[i]] <- as.matrix(X[[i]]) Sets[[i]]
<- scale(Sets[[i]], center = TRUE, scale = TRUE) } out <- list()
out$part <- switch(length(Sets), NULL, varpart2(Y, Sets[[1]],
Sets[[2]], chisquare, permutations), varpart3(Y, Sets[[1]], Sets[[2]],
Sets[[3]], chisquare, permutations), varpart4(Y, Sets[[1]], Sets[[2]],
Sets[[3]], Sets[[4]], chisquare, permutations)) if (inherits(Y,
"dist")) { out$part$ordination <- "dbrda" } else { if (chisquare)
out$part$ordination <- "cca" else { out$part$ordination <- "rda" } } if
(RDA == "RDA") { out$scale <- scale if (!missing(transfo)) out$transfo
<- transfo } else { if (scale || !missing(transfo)) message("arguments
'scale' and 'transfo' ignored: valid only in RDA") } out$inert <- inert
out$RDA <- RDA out$call <- match.call() mx <- rep(" ", length(X)) for
(i in seq_along(X)) mx[i] <- deparse(out$call[[i + 2]], width.cutoff =
500) out$tables <- mx class(out) <- c("varpart", class(out)) out })(Y =
dots[[1L]][[4L]], X = dots[[2L]][[4L]], ~., data = dots[[3L]][[4L]])

Explanatory tables:
X1:  dots[[2L]][[2L]]
X2:  ~. 

No. of explanatory tables: 2 
Total variation (SS): 2257.4 
            Variance: 282.17 
No. of observations: 9 

Partition table:
                     Df R.squared Adj.R.squared Testable
[a+b] = X1            6   0.74972      -0.00114     TRUE
[b+c] = X2            4   0.55118       0.10236     TRUE
[a+b+c] = X1+X2       8   1.00000                   TRUE
Individual fractions                                    
[a] = X1|X2           4                             TRUE
[b]                   0                            FALSE
[c] = X2|X1           2                             TRUE
[d] = Residuals                                    FALSE
---
Use function ‘rda’ to test significance of fractions of interest

$xyFall2020

Partition of variance in RDA 

Call: (function (Y, X, ..., data, chisquare = FALSE, transfo, scale =
FALSE, add = FALSE, sqrt.dist = FALSE, permutations = 1000) { if
(missing(data)) data <- parent.frame() X <- list(X, ...)  if
((length(X) < 2 || length(X) > 4)) stop("needs two to four explanatory
tables") if (inherits(Y, "dist")) { inert <- attr(Y, "method") inert <-
paste(paste0(toupper(substring(inert, 1, 1)), substring(inert, 2)),
"distance") if (sqrt.dist) Y <- sqrt(Y) else inert <- paste("squared",
inert) if (is.logical(add) && isTRUE(add)) add <- "lingoes" if
(is.character(add)) { add <- match.arg(add, c("lingoes", "cailliez"))
if (add == "lingoes") { ac <- addLingoes(as.matrix(Y)) Y <- sqrt(Y^2 +
2 * ac) } else if (add == "cailliez") { ac <- addCailliez(as.matrix(Y))
Y <- Y + ac } if (ac > sqrt(.Machine$double.eps)) inert <-
paste(paste0(toupper(substring(add, 1, 1)), substring(add, 2)),
"adjusted", inert) } RDA <- "dbRDA" if (!missing(transfo) ||
!missing(scale)) message("arguments 'transfo' and 'scale' are ignored
with distances") } else if (chisquare) { inert = "Chi-square" RDA =
"CCA" permutations = getPermuteMatrix(permutations, nrow(Y)) } else {
inert <- "variance" RDA <- "RDA" if (!missing(transfo)) { Y <-
decostand(Y, transfo) transfo <- attr(Y, "decostand") } if
(!missing(transfo) && (is.null(dim(Y)) || ncol(Y) == 1))
warning("transformations are probably meaningless with a single
variable") if (scale && !missing(transfo)) warning("Y should not be
both transformed and scaled (standardized)") Y <- scale(Y, center =
TRUE, scale = scale) } Sets <- list() for (i in seq_along(X)) { if
(is.data.frame(X[[i]]) || is.factor(X[[i]])) { mf <-
as.data.frame(X[[i]]) mf <- model.matrix(~., mf) Sets[[i]] <- mf[, -1,
drop = FALSE] } else if (inherits(X[[i]], "formula")) { mf <-
model.frame(X[[i]], data, na.action = na.fail, drop.unused.levels =
TRUE) trms <- attr(mf, "terms") Sets[[i]] <- model.matrix(trms, mf) if
(any(colnames(Sets[[i]]) == "(Intercept)")) { xint <-
which(colnames(Sets[[i]]) == "(Intercept)") Sets[[i]] <- (Sets[[i]])[,
-xint, drop = FALSE] } } else Sets[[i]] <- as.matrix(X[[i]]) Sets[[i]]
<- scale(Sets[[i]], center = TRUE, scale = TRUE) } out <- list()
out$part <- switch(length(Sets), NULL, varpart2(Y, Sets[[1]],
Sets[[2]], chisquare, permutations), varpart3(Y, Sets[[1]], Sets[[2]],
Sets[[3]], chisquare, permutations), varpart4(Y, Sets[[1]], Sets[[2]],
Sets[[3]], Sets[[4]], chisquare, permutations)) if (inherits(Y,
"dist")) { out$part$ordination <- "dbrda" } else { if (chisquare)
out$part$ordination <- "cca" else { out$part$ordination <- "rda" } } if
(RDA == "RDA") { out$scale <- scale if (!missing(transfo)) out$transfo
<- transfo } else { if (scale || !missing(transfo)) message("arguments
'scale' and 'transfo' ignored: valid only in RDA") } out$inert <- inert
out$RDA <- RDA out$call <- match.call() mx <- rep(" ", length(X)) for
(i in seq_along(X)) mx[i] <- deparse(out$call[[i + 2]], width.cutoff =
500) out$tables <- mx class(out) <- c("varpart", class(out)) out })(Y =
dots[[1L]][[4L]], X = dots[[2L]][[4L]], ~., data = dots[[3L]][[4L]])

Explanatory tables:
X1:  dots[[2L]][[3L]]
X2:  ~. 

No. of explanatory tables: 2 
Total variation (SS): 20744 
            Variance: 1382.9 
No. of observations: 16 

Partition table:
                     Df R.squared Adj.R.squared Testable
[a+b] = X1            6   0.37347      -0.04422     TRUE
[b+c] = X2            3   0.21995       0.02494     TRUE
[a+b+c] = X1+X2       9   0.58613      -0.03468     TRUE
Individual fractions                                    
[a] = X1|X2           6                -0.05962     TRUE
[b]                   0                 0.01540    FALSE
[c] = X2|X1           3                 0.00954     TRUE
[d] = Residuals                         1.03468    FALSE
---
Use function ‘rda’ to test significance of fractions of interest

$xySpring2020

Partition of variance in RDA 

Call: (function (Y, X, ..., data, chisquare = FALSE, transfo, scale =
FALSE, add = FALSE, sqrt.dist = FALSE, permutations = 1000) { if
(missing(data)) data <- parent.frame() X <- list(X, ...)  if
((length(X) < 2 || length(X) > 4)) stop("needs two to four explanatory
tables") if (inherits(Y, "dist")) { inert <- attr(Y, "method") inert <-
paste(paste0(toupper(substring(inert, 1, 1)), substring(inert, 2)),
"distance") if (sqrt.dist) Y <- sqrt(Y) else inert <- paste("squared",
inert) if (is.logical(add) && isTRUE(add)) add <- "lingoes" if
(is.character(add)) { add <- match.arg(add, c("lingoes", "cailliez"))
if (add == "lingoes") { ac <- addLingoes(as.matrix(Y)) Y <- sqrt(Y^2 +
2 * ac) } else if (add == "cailliez") { ac <- addCailliez(as.matrix(Y))
Y <- Y + ac } if (ac > sqrt(.Machine$double.eps)) inert <-
paste(paste0(toupper(substring(add, 1, 1)), substring(add, 2)),
"adjusted", inert) } RDA <- "dbRDA" if (!missing(transfo) ||
!missing(scale)) message("arguments 'transfo' and 'scale' are ignored
with distances") } else if (chisquare) { inert = "Chi-square" RDA =
"CCA" permutations = getPermuteMatrix(permutations, nrow(Y)) } else {
inert <- "variance" RDA <- "RDA" if (!missing(transfo)) { Y <-
decostand(Y, transfo) transfo <- attr(Y, "decostand") } if
(!missing(transfo) && (is.null(dim(Y)) || ncol(Y) == 1))
warning("transformations are probably meaningless with a single
variable") if (scale && !missing(transfo)) warning("Y should not be
both transformed and scaled (standardized)") Y <- scale(Y, center =
TRUE, scale = scale) } Sets <- list() for (i in seq_along(X)) { if
(is.data.frame(X[[i]]) || is.factor(X[[i]])) { mf <-
as.data.frame(X[[i]]) mf <- model.matrix(~., mf) Sets[[i]] <- mf[, -1,
drop = FALSE] } else if (inherits(X[[i]], "formula")) { mf <-
model.frame(X[[i]], data, na.action = na.fail, drop.unused.levels =
TRUE) trms <- attr(mf, "terms") Sets[[i]] <- model.matrix(trms, mf) if
(any(colnames(Sets[[i]]) == "(Intercept)")) { xint <-
which(colnames(Sets[[i]]) == "(Intercept)") Sets[[i]] <- (Sets[[i]])[,
-xint, drop = FALSE] } } else Sets[[i]] <- as.matrix(X[[i]]) Sets[[i]]
<- scale(Sets[[i]], center = TRUE, scale = TRUE) } out <- list()
out$part <- switch(length(Sets), NULL, varpart2(Y, Sets[[1]],
Sets[[2]], chisquare, permutations), varpart3(Y, Sets[[1]], Sets[[2]],
Sets[[3]], chisquare, permutations), varpart4(Y, Sets[[1]], Sets[[2]],
Sets[[3]], Sets[[4]], chisquare, permutations)) if (inherits(Y,
"dist")) { out$part$ordination <- "dbrda" } else { if (chisquare)
out$part$ordination <- "cca" else { out$part$ordination <- "rda" } } if
(RDA == "RDA") { out$scale <- scale if (!missing(transfo)) out$transfo
<- transfo } else { if (scale || !missing(transfo)) message("arguments
'scale' and 'transfo' ignored: valid only in RDA") } out$inert <- inert
out$RDA <- RDA out$call <- match.call() mx <- rep(" ", length(X)) for
(i in seq_along(X)) mx[i] <- deparse(out$call[[i + 2]], width.cutoff =
500) out$tables <- mx class(out) <- c("varpart", class(out)) out })(Y =
dots[[1L]][[4L]], X = dots[[2L]][[4L]], ~., data = dots[[3L]][[4L]])

Explanatory tables:
X1:  dots[[2L]][[4L]]
X2:  ~. 

No. of explanatory tables: 2 
Total variation (SS): 12323 
            Variance: 1120.2 
No. of observations: 12 

Partition table:
                     Df R.squared Adj.R.squared Testable
[a+b] = X1            5   0.38130      -0.13429     TRUE
[b+c] = X2            3   0.25844      -0.01964     TRUE
[a+b+c] = X1+X2       8   0.66610      -0.22430     TRUE
Individual fractions                                    
[a] = X1|X2           5                -0.20466     TRUE
[b]                   0                 0.07036    FALSE
[c] = X2|X1           3                -0.09001     TRUE
[d] = Residuals                         1.22430    FALSE
---
Use function ‘rda’ to test significance of fractions of interest

Warning messages:
1: collinearity detected: redundant variable(s)  between tables X1, X2
results are probably incorrect: remove redundant variable(s) and repeat the analysis 
2: collinearity detected: redundant variable(s)  between tables X1, X2
results are probably incorrect: remove redundant variable(s) and repeat the analysis 
$xyFall2017
NULL

$xyFall2018
NULL

$xyFall2020
NULL

$xySpring2020
NULL

null device 
          1 
[1] "Testing with RDA (full model)"
$xyFall2017
Call: rda(formula = x ~ Sex + BirthYear + JuvenileStatus, data = data)

               Inertia Proportion Rank
Total         668.4596     1.0000     
Constrained   246.9194     0.3694    3
Unconstrained 421.5402     0.6306    4
Inertia is variance 

Eigenvalues for constrained axes:
  RDA1   RDA2   RDA3 
114.17  78.85  53.90 

Eigenvalues for unconstrained axes:
   PC1    PC2    PC3    PC4 
166.55 100.61  86.68  67.69 


$xyFall2018
Call: rda(formula = x ~ Sex + BirthYear + JuvenileStatus, data = data)

               Inertia Proportion Rank
Total         282.1727     1.0000     
Constrained   155.5280     0.5512    4
Unconstrained 126.6447     0.4488    4
Inertia is variance 

Eigenvalues for constrained axes:
 RDA1  RDA2  RDA3  RDA4 
79.38 34.21 22.83 19.10 

Eigenvalues for unconstrained axes:
  PC1   PC2   PC3   PC4 
78.24 25.75 15.89  6.77 


$xyFall2020
Call: rda(formula = x ~ Sex + BirthYear + JuvenileStatus, data = data)

              Inertia Proportion Rank
Total         1382.94       1.00     
Constrained    304.18       0.22    3
Unconstrained 1078.76       0.78   12
Inertia is variance 

Eigenvalues for constrained axes:
  RDA1   RDA2   RDA3 
143.21  97.52  63.46 

Eigenvalues for unconstrained axes:
   PC1    PC2    PC3    PC4    PC5    PC6    PC7    PC8    PC9   PC10   PC11 
261.15 180.00 111.16  95.28  94.84  83.39  64.52  53.88  40.31  35.51  32.43 
  PC12 
 26.31 


$xySpring2020
Call: rda(formula = x ~ Sex + BirthYear + JuvenileStatus, data = data)

                Inertia Proportion Rank
Total         1120.2286     1.0000     
Constrained    289.5133     0.2584    3
Unconstrained  830.7152     0.7416    8
Inertia is variance 

Eigenvalues for constrained axes:
  RDA1   RDA2   RDA3 
155.19  76.14  58.19 

Eigenvalues for unconstrained axes:
   PC1    PC2    PC3    PC4    PC5    PC6    PC7    PC8 
271.38 170.63 110.57 106.44  63.00  41.16  38.67  28.86 


$xyFall2017
Permutation test for rda under reduced model
Permutation: free
Number of permutations: 999

Model: rda(formula = x ~ Sex + BirthYear + JuvenileStatus, data = data)
         Df Variance     F Pr(>F)
Model     3   246.92 0.781  0.896
Residual  4   421.54             

$xyFall2018
Permutation test for rda under reduced model
Permutation: free
Number of permutations: 999

Model: rda(formula = x ~ Sex + BirthYear + JuvenileStatus, data = data)
         Df Variance      F Pr(>F)
Model     4   155.53 1.2281  0.323
Residual  4   126.64              

$xyFall2020
Permutation test for rda under reduced model
Permutation: free
Number of permutations: 999

Model: rda(formula = x ~ Sex + BirthYear + JuvenileStatus, data = data)
         Df Variance      F Pr(>F)
Model     3   304.18 1.1279  0.242
Residual 12  1078.76              

$xySpring2020
Permutation test for rda under reduced model
Permutation: free
Number of permutations: 999

Model: rda(formula = x ~ Sex + BirthYear + JuvenileStatus, data = data)
         Df Variance      F Pr(>F)
Model     3   289.51 0.9294  0.573
Residual  8   830.72              

$xyFall2017
$xyFall2017$r.squared
[1] 0.3693856

$xyFall2017$adj.r.squared
[1] -0.1035752


$xyFall2018
$xyFall2018$r.squared
[1] 0.5511802

$xyFall2018$adj.r.squared
[1] 0.1023603


$xyFall2020
$xyFall2020$r.squared
[1] 0.219952

$xyFall2020$adj.r.squared
[1] 0.02494004


$xySpring2020
$xySpring2020$r.squared
[1] 0.2584413

$xySpring2020$adj.r.squared
[1] -0.01964319


[1] "Testing with partial RDA (fraction [a])"
$xyFall2017
Call: rda(formula = x ~ Sex + BirthYear + JuvenileStatus +
Condition(scores(y)), data = data)

               Inertia Proportion Rank
Total         668.4596     1.0000     
Conditional   485.8514     0.7268    5
Constrained   182.6082     0.2732    2
Unconstrained   0.0000     0.0000    0
Inertia is variance 
Some constraints were aliased because they were collinear (redundant)

Eigenvalues for constrained axes:
  RDA1   RDA2 
121.84  60.77 


$xyFall2018
Call: rda(formula = x ~ Sex + BirthYear + JuvenileStatus +
Condition(scores(y)), data = data)

               Inertia Proportion Rank
Total         282.1727     1.0000     
Conditional   211.5495     0.7497    6
Constrained    70.6232     0.2503    2
Unconstrained   0.0000     0.0000    0
Inertia is variance 
Some constraints were aliased because they were collinear (redundant)

Eigenvalues for constrained axes:
 RDA1  RDA2 
48.55 22.07 


$xyFall2020
Call: rda(formula = x ~ Sex + BirthYear + JuvenileStatus +
Condition(scores(y)), data = data)

                Inertia Proportion Rank
Total         1382.9435     1.0000     
Conditional    516.4862     0.3735    6
Constrained    294.0953     0.2127    3
Unconstrained  572.3621     0.4139    6
Inertia is variance 

Eigenvalues for constrained axes:
  RDA1   RDA2   RDA3 
133.38  86.22  74.49 

Eigenvalues for unconstrained axes:
   PC1    PC2    PC3    PC4    PC5    PC6 
162.90 148.36  86.43  78.85  56.74  39.09 


$xySpring2020
Call: rda(formula = x ~ Sex + BirthYear + JuvenileStatus +
Condition(scores(y)), data = data)

                Inertia Proportion Rank
Total         1120.2286     1.0000     
Conditional    427.1380     0.3813    5
Constrained    319.0464     0.2848    3
Unconstrained  374.0442     0.3339    3
Inertia is variance 

Eigenvalues for constrained axes:
  RDA1   RDA2   RDA3 
166.65  92.87  59.53 

Eigenvalues for unconstrained axes:
   PC1    PC2    PC3 
240.04  80.41  53.60 


$xyFall2017
No residual component

Model: rda(formula = x ~ Sex + BirthYear + JuvenileStatus + Condition(scores(y)), data = data)
         Df Variance F Pr(>F)
Model     2   182.61         
Residual  0     0.00         

$xyFall2018
No residual component

Model: rda(formula = x ~ Sex + BirthYear + JuvenileStatus + Condition(scores(y)), data = data)
         Df Variance F Pr(>F)
Model     2   70.623         
Residual  0    0.000         

$xyFall2020
Permutation test for rda under reduced model
Permutation: free
Number of permutations: 999

Model: rda(formula = x ~ Sex + BirthYear + JuvenileStatus + Condition(scores(y)), data = data)
         Df Variance      F Pr(>F)
Model     3   294.10 1.0277  0.444
Residual  6   572.36              

$xySpring2020
Permutation test for rda under reduced model
Permutation: free
Number of permutations: 999

Model: rda(formula = x ~ Sex + BirthYear + JuvenileStatus + Condition(scores(y)), data = data)
         Df Variance     F Pr(>F)
Model     3   319.05 0.853  0.672
Residual  3   374.04             

$xyFall2017
$xyFall2017$r.squared
[1] 0.2731777

$xyFall2017$adj.r.squared
[1] NA


$xyFall2018
$xyFall2018$r.squared
[1] 0.2502838

$xyFall2018$adj.r.squared
[1] NA


$xyFall2020
$xyFall2020$r.squared
[1] 0.2126589

$xyFall2020$adj.r.squared
[1] 0.009537887


$xySpring2020
$xySpring2020$r.squared
[1] 0.2848048

$xySpring2020$adj.r.squared
[1] -0.09000766


[1] "Forward selection for parsimonious model"
[1] "Spatial variables"
Step: R2.adj= 0 
Call: x ~ 1 
 
                 R2.adjusted
<All variables>  0.043878224
+ PCNM5          0.040605455
+ PCNM3          0.012056922
+ PCNM4          0.006536145
<none>           0.000000000
+ PCNM1         -0.010457571
+ PCNM2         -0.034114875

        Df    AIC      F Pr(>F)
+ PCNM5  1 53.407 1.2963  0.232

Step: R2.adj= 0 
Call: x ~ 1 
 
                 R2.adjusted
+ PCNM5          0.136544069
+ PCNM3          0.022353939
+ PCNM4          0.004606969
<none>           0.000000000
<All variables> -0.001135098
+ PCNM1         -0.019734470
+ PCNM2         -0.024509069
+ PCNM6         -0.119585751

Step: R2.adj= 0 
Call: x ~ 1 
 
                 R2.adjusted
+ PCNM3          0.023118139
+ PCNM1          0.005172671
<none>           0.000000000
+ PCNM6         -0.006123058
+ PCNM2         -0.008457640
+ PCNM5         -0.012903729
+ PCNM4         -0.029232740
<All variables> -0.044218779

Step: R2.adj= 0 
Call: x ~ 1 
 
                R2.adjusted
+ PCNM4          0.01924771
+ PCNM1          0.01203315
<none>           0.00000000
+ PCNM2         -0.01516179
+ PCNM5         -0.04780225
+ PCNM3         -0.04889189
<All variables> -0.13429179

$xyFall2017
Call: rda(formula = x ~ 1, data = data)

              Inertia Rank
Total           668.5     
Unconstrained   668.5    7
Inertia is variance 

Eigenvalues for unconstrained axes:
   PC1    PC2    PC3    PC4    PC5    PC6    PC7 
177.15 142.68 115.36  92.04  59.76  47.56  33.91 


$xyFall2018
Call: rda(formula = x ~ 1, data = data)

              Inertia Rank
Total           282.2     
Unconstrained   282.2    8
Inertia is variance 

Eigenvalues for unconstrained axes:
  PC1   PC2   PC3   PC4   PC5   PC6   PC7   PC8 
85.72 78.09 35.77 33.41 29.76  9.90  5.36  4.17 


$xyFall2020
Call: rda(formula = x ~ 1, data = data)

              Inertia Rank
Total            1383     
Unconstrained    1383   15
Inertia is variance 

Eigenvalues for unconstrained axes:
   PC1    PC2    PC3    PC4    PC5    PC6    PC7    PC8    PC9   PC10   PC11 
295.09 196.54 143.59 115.42 100.69  88.35  82.35  76.97  63.71  53.27  45.64 
  PC12   PC13   PC14   PC15 
 38.45  32.18  30.48  20.22 


$xySpring2020
Call: rda(formula = x ~ 1, data = data)

              Inertia Rank
Total            1120     
Unconstrained    1120   11
Inertia is variance 

Eigenvalues for unconstrained axes:
  PC1   PC2   PC3   PC4   PC5   PC6   PC7   PC8   PC9  PC10  PC11 
366.7 190.3 150.5 111.5  87.1  49.6  45.7  40.5  28.8  27.6  21.9 


[1] "Summary of spatial selection process"
$xyFall2017
NULL

$xyFall2018
NULL

$xyFall2020
NULL

$xySpring2020
NULL

[1] "ANOVA on full spatial selection"
$xyFall2017
No constrained component

Model: rda(formula = x ~ 1, data = data)
         Df Variance  F Pr(>F)
Model     0     0.00  0       
Residual  7   668.46          

$xyFall2018
No constrained component

Model: rda(formula = x ~ 1, data = data)
         Df Variance  F Pr(>F)
Model     0     0.00  0       
Residual  8   282.17          

$xyFall2020
No constrained component

Model: rda(formula = x ~ 1, data = data)
         Df Variance  F Pr(>F)
Model     0      0.0  0       
Residual 15   1382.9          

$xySpring2020
No constrained component

Model: rda(formula = x ~ 1, data = data)
         Df Variance  F Pr(>F)
Model     0      0.0  0       
Residual 11   1120.2          

$xyFall2017
$species
                                   PC1          PC2
EU374909.1.1206            -0.21557355 -0.029093892
MH236011.1.1204            -0.28590739 -0.047120575
JQ466140.1.1308            -0.24841127 -0.037510256
GQ009821.1.1349            -0.24295732 -0.026714973
KU324914.1.1231            -0.17292958 -0.018164170
AM237368.1.1456            -0.28590739 -0.047120575
JF790967.1.1432            -0.17398816 -0.018435486
FN421749.1.1369            -0.20733315  0.266801837
GQ113171.1.1349            -0.07263294  0.207018750
CU924115.1.1369            -0.14878991 -0.011977132
MH447059.1.1230             0.62298343 -0.241237453
JQ456274.1.1389             0.21468148  0.199910026
JN615702.1.1315            -0.20928981 -0.027483360
MG738316.1.1428            -0.16815004 -0.016939166
KF098860.1.1353             0.57474663 -0.400100720
KF063016.1.1336            -0.02496953 -0.355080532
FR716684.1.1401            -0.23926090 -0.035165001
CVRG01041904.1.1229        -0.09866216  0.267125012
FJ558058.1.1360             0.04918980  0.037386082
KF101734.1.1362             0.32544620  0.424516031
JN590606.1.1265            -0.22613624 -0.031801129
LC190811.1.1214            -0.28590739 -0.047120575
HQ674800.1.1454            -0.21557355 -0.029093892
EU768020.1.1365             0.33747481 -0.419385906
KR514582.1.1245            -0.07063243 -0.528426232
KF101495.1.1358            -0.20251269 -0.025746372
EF050096.1.1264            -0.16016703 -0.014893107
EU239162.1.1272             0.14024323  0.520687539
KF756254.1.1238            -0.15336086 -0.013148674
KF094662.1.1371            -0.19954693 -0.024986243
KF101799.1.1351            -0.09278392  0.238055238
GQ379617.1.1220             0.26307469  0.032794953
AJ575688.1.1457             0.03544969 -0.018916356
GQ003913.1.1349             0.01956388 -0.260125920
DQ420178.1.1216            -0.12861896 -0.006807285
JQ456193.1.1347            -0.16461798 -0.016033894
GQ157794.1.1428            -0.19910226 -0.017921134
KJ809260.1.1509            -0.13463150 -0.008348309
LN624760.1.1451            -0.17932701 -0.019803843
AOQF01000068.44124.45733   -0.09916289  0.238831235
EF522125.1.1538            -0.24928780 -0.037734911
KM117219.1.1448            -0.19002243 -0.022545097
JQ855630.1.1284             0.48606198 -0.826357480
FJ466050.1.1386             0.14115670 -0.004405855
KF083132.1.1378            -0.12694817 -0.006379057
KY908289.1.1327            -0.16648015 -0.384545424
FR847847.1.1348            -0.12826823 -0.006717391
EU465367.1.1437            -0.12667817 -0.006309856
JQ447599.1.1283             0.06991045 -0.179745011
FJ393073.1.1503            -0.35550717 -0.047740186
KF084442.1.1326            -0.18753143  0.009264641
GQ035558.1.1350            -0.12800639 -0.006650282
HM256610.1.1349             0.17914674 -0.513415000
HM267060.1.1360            -0.15455206 -0.013453981
EU560799.1.1486            -0.11450568  0.774559266
JQ453181.1.1411            -0.02063960 -0.404035496
MH393477.1.1503            -0.18241010 -0.020594045
GQ014605.1.1316            -0.28590739 -0.047120575
FJ957564.1.1515             0.48461925 -0.522267538
MH447031.1.1244             0.32213859 -0.384182362
GU731346.1.1349            -0.21395044 -0.028677886
KF080158.1.1305             0.26558785 -0.390746496
KM253006.1.1448            -0.16980625 -0.017363657
JQ014516.1.1251             0.12633218 -0.251838310
HM263196.1.1366            -0.15932303 -0.014676789
JN367254.1.1453             0.06713920 -0.029368287
HM263418.1.1354            -0.13598910 -0.008696264
JX627626.1.1239            -0.28590739 -0.047120575
KC618479.1.1393            -0.20028781 -0.025176132
HM279057.1.1349             0.20508987 -0.444696725
AY500143.1.1430            -0.16539466 -0.016232959
KF086785.1.1341            -0.19051913 -0.002244516
JX657043.1.1256             0.12859528  0.304141963
KM264402.1.1478            -0.20454806 -0.026268040
FPLS01052044.12.1513       -0.13215293 -0.007713046
FJ434113.1.1425            -0.16141229 -0.015212270
GQ448318.1.1256            -0.05147786 -0.379389124
HM810242.1.1370            -0.49082566 -0.086904665
EU196771.1.1211             0.37321861 -0.134283862
JQ453094.1.1265            -0.23440053  0.183680893
KF100146.1.1366             0.08508944  0.006620846
JQ453421.1.1412             0.55169070  0.618587040
JQ186386.1.1354            -0.32626897 -0.057465315
KF099033.1.1342             0.11823002 -0.001869389
KF084353.1.1339            -0.28590739 -0.047120575
KT005643.1.1200            -0.18339939 -0.020847602
FPLS01012024.1.1259        -0.21800986 -0.029718324
AB730646.1.1429            -0.17668745 -0.019127318
HM252077.1.1349             0.07830174 -0.355804374
JQ404454.1.1248            -0.14161060 -0.010137063
KF756190.1.1310            -0.15232506 -0.012883198
JF017343.1.1375             0.45874599 -0.281962679
KF101919.1.1361             0.06782050 -0.031077105
JQ522962.1.1258            -0.47812182 -0.084438265
FJ900895.1.1281            -0.25754305 -0.039850746
AM697130.1.1456            -0.35665213 -0.047750379
JF224904.1.1305            -0.17852741 -0.019598903
AB034799.1.1494            -0.28590739 -0.047120575
KM242581.1.1405            -0.28590739 -0.047120575
KF098427.1.1370             0.25307586  0.296614119
KP339859.1.1411            -0.15197560 -0.012793630
EU705724.1.1206            -0.19397373 -0.023557821
LK985358.1.1200             0.06348044 -0.020191535
HM240983.1.1303            -0.13096214 -0.007407846
JQ467255.1.1254             0.05031888 -0.038771672
HM186527.1.1371            -0.28590739 -0.047120575
FR733885.1.1353            -0.23603321 -0.034337738
HQ774508.1.1459             0.31365584  0.302744006
EF111062.1.1228             0.30977802  0.026695828
GQ006553.1.1331            -0.22969805 -0.032714024
DQ906050.1.1458             0.02849802 -0.469225690
EU907884.1.1353            -0.01011940  0.219096120
HG800468.1.1200             0.68277646 -0.265315547
LN854583.1.1235            -0.21780899 -0.029666840
FJ981654.1.1204             0.28335681 -0.567916494
FJ946525.1.1290            -0.16817238 -0.016944893
GQ014615.1.1346             0.12425096 -0.377914061
JQ475420.1.1245            -0.17483756 -0.018653189
EU868814.1.1450             0.66693356 -0.413038900
KU179368.1.1477            -0.16889083 -0.017129033
GQ014659.1.1348            -0.20663577 -0.026803124
JQ449890.1.1405             0.67104211  0.161401460
DQ129588.1.1516            -0.40930994 -0.071078704
MH447029.1.1245             0.04873069 -0.038811109
JQ684361.1.1453            -0.28590739 -0.047120575
KC002967.1.1344            -0.20555371 -0.026525791
HQ846513.1.1442            -0.17827208 -0.019533464
JQ449887.1.1241             0.13488972 -0.154428589
EF019185.1.1381            -0.17906958 -0.019737863
JQ691707.1.1488            -0.07180067 -0.525814320
KF098552.1.1358             0.07058429 -0.038268457
JF203190.1.1346            -0.28590739 -0.047120575
JQ453278.1.1401             0.15252546  0.269470460
KJ809157.1.1466            -0.17005454 -0.017427292
GQ085072.1.1341             0.59644373 -0.428617028
AMGM01000177.486.1752      -0.12834517 -0.006737112
JF140876.1.1359            -0.08783583  0.230434202
JF412253.1.1400            -0.16295379 -0.015607360
KX771280.1.1349            -0.28590739 -0.047120575
AJ275038.1.1439            -0.13349801 -0.008057792
DQ644497.1.1533            -0.28590739 -0.047120575
KT005623.1.1250            -0.18370103 -0.020924911
JF220967.1.1337             0.27627846 -0.417059345
GQ006259.1.1327            -0.06627128 -0.538176779
HG800046.1.1425            -0.22858007 -0.032427485
LN611366.1.1300            -0.13291574 -0.007908556
AJ884795.1.1413            -0.15400812 -0.013314568
JF223442.1.1369             0.43088741  0.654797101
JF217150.1.1312             0.12779280 -0.421275011
JQ014532.1.1307            -0.27332596 -0.015620820
HAAC01027432.1.1206        -0.25362273 -0.042644006
JQ467010.1.1278             0.42302110 -0.307536476
JF240039.1.1322             0.55912956  0.013332418
KF096013.1.1247             0.46771220 -0.188057290
JQ455641.1.1400            -0.15672134 -0.014009972
DQ532229.1.1476            -0.14068683 -0.009900300
GQ267972.1.1461             0.34103150  0.300393401
EU236279.1.1411            -0.28590739 -0.047120575
JF202879.1.1303             0.31553082  0.027270663
JF146179.1.1366            -0.16529396 -0.016207150
FR720647.1.1447            -0.14970692 -0.012212164
HQ686141.1.1218             0.06185951 -0.038485104
FLKB01000005.3297.4792     -0.13155688 -0.007560279
KX212259.1.1200            -0.01723151 -0.319304027
KF756208.1.1251            -0.22118338 -0.030531700
AB746431.1.1394            -0.12880300 -0.006854454
KM819108.1.1529            -0.12081017 -0.540441225
KJ496054.1.1444            -0.14884558 -0.011991401
GU227198.1.1891             0.01114863 -0.031171466
AB538433.1.1488            -0.19175828 -0.022989998
MH813962.1.1255            -0.08539081  0.289397746
FN421757.1.1382            -0.14307691 -0.010512880
KC924939.1.1365             0.03404322  0.211944830
EU239123.1.1223            -0.15659801  0.005121945
HE795127.1.1443             0.23436782 -0.289457476
JF150579.1.1352             0.48561425  0.554142947
AB681346.1.1462            -0.15167434 -0.012716417
FJ465978.1.1476            -0.22773705 -0.032211419
KY038312.1.1251            -0.13836368 -0.009304871
FQ658706.2.1303            -0.01723151 -0.319304027
Z78206.1.1473              -0.20611354 -0.026669275
HM445406.1.1361            -0.19017572 -0.022584386
GQ358840.1.1493            -0.28590739 -0.047120575
DQ834356.1.1441            -0.56519645 -0.068671088
MG675050.1.1274             0.08987036 -0.037789561
JF231450.1.1376            -0.10879574 -0.339467781
EF653575.1.1340            -0.24708917 -0.037171398
AM420149.1.1479             0.23149408  0.409834813
HM438483.1.1484            -0.16692001 -0.016623908
KF286609.1.1482            -0.15889677 -0.014567539
JF115422.1.1375             0.57379296  0.308564323
MH259800.1.1388            -0.17150553 -0.017799185
JN797481.1.1203            -0.14248456 -0.010361061
HM278195.1.1308            -0.19700497 -0.024334734
AB370875.1.1495            -0.15109561 -0.012568088
AM039968.1.1512            -0.15594330 -0.013810558
HQ698589.1.1398            -0.29695288 -0.019049835
MH096047.1.1231            -0.13570385 -0.008623152
LN854580.1.1220            -0.13322387 -0.007987531
EF451667.1.1266            -0.25438338 -0.012560907
JQ660285.1.1454            -0.18341133 -0.020850660
KF098358.1.1361             0.17393345 -0.551660532
HQ811598.1.1472            -0.30191890  0.250320823
KF826010.1.1436            -0.21094171 -0.027906743
JF231895.1.1308            -0.22514756 -0.027267049
JF021752.1.1274             0.15305761  0.014543979
HQ598946.1.1456            -0.20191097 -0.025592150
AB991050.1.1411            -0.04461750 -0.250552655
AY173020.1.1325            -0.14284897 -0.010454459
GQ850582.1.1448            -0.18266762 -0.020660048
HQ744394.1.1427            -0.19002243 -0.022545097
GU293217.1.1487            -0.01942341 -0.329438192
EU705816.1.1232             0.19763380  0.197499528
KC336486.1.1472            -0.22371801 -0.031181331
Y09655.1.1468               0.22927835 -0.436049829
HE602890.1.1401            -0.16974359 -0.017347595
JF111268.1.1369             0.10881506 -0.016551430
KT203427.1.1205            -0.06429881  0.211069341
AF016390.1.1538            -0.03199254 -0.387551229
MH197051.1.1200            -0.19468038 -0.023738936
AJ786801.1.1437            -0.15627714 -0.013896122
KF479549.1.1506            -0.16914125 -0.017193216
KC511070.1.1353            -0.17405739 -0.018453232
HE582888.1.1283             0.06823906 -0.010928388
KF082954.1.1307             0.49801683 -0.254713917
KF413411.1.1467            -0.18361296 -0.020902340
AB735688.1.1201            -0.17881931 -0.019673719
DQ059817.1.1299            -0.11741063  0.235660263
KU674365.1.1488            -0.22536898 -0.031604477
JQ455259.1.1251             0.62297497  0.512121121
FMJA01000006.260934.262419  0.13521925  0.302000750
KF070907.1.1357            -0.07263294  0.207018750
MF369939.1.1403            -0.17176810 -0.017866481
JQ453285.1.1278             0.25659112  0.285728470
KM251024.1.1452            -0.28590739 -0.047120575
JF265850.1.1359            -0.17268094 -0.018100443
HQ746842.1.1393            -0.18842575 -0.022135866
KM187215.1.1403            -0.12653390 -0.006272881
KF061369.1.1304            -0.06627128 -0.538176779
KF100596.1.1359            -0.15068832 -0.012463698
JF411370.1.1398            -0.18936936 -0.022377713
HM274530.1.1342            -0.28590739 -0.047120575
JN089710.1.1214            -0.34663063 -0.047661163
EU706079.1.1249            -0.28590739 -0.047120575
HM270687.1.1304            -0.15130013 -0.012620506
EU536823.1.1396            -0.15974644 -0.014785309
FJ802321.1.1209             0.32477022  0.117086299
AJ292648.1.1494            -0.13953591 -0.009605317
AB369002.1.1355            -0.28590739 -0.047120575
AF247813.1.1375            -0.18912242 -0.022314423
FJ466044.1.1396            -0.21112970 -0.027954926
AB698720.1.1455            -0.07694396  0.213658568
KY680227.1.1207            -0.28590739 -0.047120575
LN611354.1.1200             0.18981684  0.249083401
JQ460427.1.1401            -0.15117337 -0.012588017
KM974909.1.1455            -0.15213246 -0.012833834
KC108987.1.1200            -0.19079677 -0.022743562
FJ534995.1.1486            -0.19112001 -0.022826408
JF223997.1.1388            -0.13284391  0.261060585
AJ131121.1.1481            -0.28590739 -0.047120575
AB698685.1.1444            -0.12754533 -0.006532111
JN023851.1.1453            -0.16554556 -0.016271633
HQ595201.1.1462            -0.18949712 -0.022410460
KU324909.1.1217             0.35304254  0.606995467
JF198984.1.1350            -0.21716272 -0.029501200
AGZE01000001.1.1322        -0.09175915 -0.507740433
MH571636.1.1200             0.28918437  0.307450904
JF163633.1.1360             0.63213092  0.566618738
JF067258.1.1350             0.13809039 -0.454854721
AJ272303.1.1426            -0.15673476 -0.014013411
KX436095.1.1487            -0.22983899 -0.032750148
KJ578741.1.1411            -0.23490448 -0.034048442
JQ855614.1.1252             0.59075325 -0.297538466
KF098316.1.1357            -0.13344479 -0.008044152
KF066950.1.1341             0.46673204  0.518199671
KF147055.1.1458            -0.15674463 -0.014015940
FJ598364.1.1434             0.23916918  0.239943707
KF201713.1.1445            -0.13734623 -0.009044098
JF106001.1.1271             0.32211112 -0.583115672
KY941259.1.1214            -0.19357491 -0.023455604
FJ512842.1.1396            -0.19530876 -0.023899992
JF200056.1.1323             0.19102943 -0.307659023
AB205576.1.1426            -0.14993358 -0.012270257
JQ460239.1.1372            -0.20213808 -0.004121398
KT767708.1.1430            -0.14902515 -0.012037425
JF225121.1.1362            -0.20037573 -0.025198666
HQ674799.1.1456             0.29261741 -0.300467473
HM276508.1.1382             0.06442052 -0.022549389
FJ825887.1.1469            -0.19902821 -0.024853294
KF063555.1.1283            -0.14562171 -0.011165117
KF052592.1.1446            -0.11324905  0.242644462
KX880977.1.1307            -0.29442658  0.483631917
FJ849642.1.1453            -0.17291006 -0.018159169
KU569617.1.1237             0.45747672 -0.056571689
HQ598755.1.1456            -0.18772514 -0.021956298
D32226.1.1405              -0.12754533 -0.006532111
KF101923.1.1355             0.20119076  0.208662994
KF100164.1.1351             0.26983984 -0.371286958
FR682689.1.1485            -0.19265213 -0.023219095
KC112035.1.1269            -0.28590739 -0.047120575
AB033209.1.1505            -0.16344639 -0.015733614

$sites
            PC1         PC2
G12 -0.82600051  0.27690024
G15 -3.39542819 -0.65920929
G17 -0.05607658  3.49361970
G20  2.41691892  4.05621067
G25 -1.29190070 -0.01150113
G28 -4.32994521 -1.10977226
G29  4.72562529  0.11734296
G7   2.75680698 -6.16359090

attr(,"const")
[1] 8.27072
attr(,"class")
[1] "ordiplot"

$xyFall2018
$species
                                  PC1         PC2
MH236011.1.1204          -0.019018614  0.15345856
MH447059.1.1230           0.087022981 -0.96563601
KF098860.1.1353          -0.385458822 -0.59707409
FJ558058.1.1360          -0.393918594 -0.56910642
KF101734.1.1362          -0.009050656  0.08828293
KY963445.1.1230           1.145998864 -0.36571018
KP717958.1.1215          -0.014006350  0.06547693
LC190811.1.1214          -0.370056874 -0.53275146
KR514582.1.1245          -0.424319296 -0.42732666
GQ379617.1.1220          -0.362928858 -0.46613045
AB637074.1.1458          -0.097756845  0.04398214
AOQF01000068.44124.45733 -0.371606254 -0.53511204
AB272364.1.1268           0.454791137 -0.21834256
JQ855630.1.1284          -0.399401829 -0.31995923
KY908289.1.1327          -0.030171997  0.10004262
EU560799.1.1486          -0.753716253  0.88912721
JQ453181.1.1411          -0.016054977  0.10143704
GQ014605.1.1316          -0.307178016 -0.43695120
FJ957564.1.1515           0.454791137 -0.21834256
FM873018.1.1452           0.002640723  0.07485277
HM263196.1.1366          -0.229918617 -0.31924121
JX627626.1.1239           0.720116392 -0.35076290
FN824831.1.1299          -0.095961586  0.04336463
JX657043.1.1256          -0.554397741 -0.37341938
EU196771.1.1211           1.208298300 -0.42988276
JQ453421.1.1412          -0.020108263  0.12699648
KF084353.1.1339          -0.386791140 -0.55824726
JF017343.1.1375          -0.401809024 -0.45203785
AB034799.1.1494          -0.360005891 -0.51743810
FR733885.1.1353          -0.031873339  0.10769639
GQ006553.1.1331          -0.031367276  0.10541978
HG800468.1.1200          -0.048119636  0.17464609
EU868814.1.1450           0.004767603  0.09074678
JQ449890.1.1405          -0.377496825 -0.54408673
DQ129588.1.1516          -0.094022559  0.04269767
MH447029.1.1245          -0.106397262  0.04695416
JQ449887.1.1241          -0.356325482 -0.51183074
JQ691707.1.1488           0.718526841 -0.21534948
KF098552.1.1358          -0.295217786 -0.41872897
JF203190.1.1346          -0.390801109 -0.39370711
AMGM01000177.486.1752    -0.008543162  0.16559757
KX771280.1.1349          -0.095961586  0.04336463
JF220967.1.1337          -0.346228461 -0.49644723
JF223442.1.1369          -0.078870286 -0.49764079
JF217150.1.1312          -0.014928162  0.08165774
JF240039.1.1322          -0.114010347  0.12232284
GQ267972.1.1461           1.187313014 -0.49185039
EU236279.1.1411          -0.139054207  0.05818709
CR933228.2.1304          -0.362539987 -0.55184933
JF202879.1.1303          -0.072814411  0.03540275
HQ813447.1.1408           0.038302277 -0.81757904
MH813962.1.1255          -0.055007433  0.21176899
FN421757.1.1382          -0.299424236 -0.42513779
KC924939.1.1365          -0.404449793 -0.58515143
HE795127.1.1443          -0.111982868  0.12349513
MH400162.1.1200          -0.026088871  0.20176481
EF653575.1.1340          -0.369306273 -0.40110064
JF115422.1.1375          -0.001200194  0.08696612
EU196777.1.1200           1.245800359 -0.08645567
HQ698589.1.1398           0.691029639 -0.33624608
MH096047.1.1231          -0.015607505  0.09358244
HM318996.1.1322          -0.319405948 -0.49297777
KF098358.1.1361          -0.398313503 -0.57580237
HQ811598.1.1472          -0.030171997  0.10004262
KF826010.1.1436           0.625939201 -0.30376030
AB991050.1.1411          -0.308780916 -0.33680342
GQ850582.1.1448          -0.034114546  0.18972042
JF111268.1.1369          -0.016878233  0.11588788
AF016390.1.1538          -0.038265050  0.08131330
MH197051.1.1200          -0.007939713  0.20157051
KF082954.1.1307          -0.395153713 -0.44727189
JQ455259.1.1251           0.080957738 -0.65588483
KM251024.1.1452          -0.035727031  0.12503287
HM274530.1.1342          -0.376067793 -0.54190950
FJ802321.1.1209           0.446373831 -0.21414159
AB369002.1.1355          -0.129544437  0.05491604
MK005285.1.1200          -0.015607505  0.09358244
FJ534995.1.1486          -0.440303882 -0.53126084
KU324909.1.1217          -0.858319541  0.91186502
JF163633.1.1360          -0.016826074  0.11497231
AJ272303.1.1426          -0.048517983  0.13596258
KX990248.1.1356          -0.084200205  0.03931909
KX880977.1.1307          -0.766748069  0.90288780
FJ849642.1.1453          -0.016389199  0.10730372
KU569617.1.1237          -0.023445516  0.18848384
KF100164.1.1351          -0.424711901 -0.48804994
KC112035.1.1269          -0.039610599  0.14250375

$sites
            PC1        PC2
G11 -0.06318576  1.1091170
G13 -1.15097155  0.3958968
G16 -0.36286163  1.5470259
G18 -0.39087830  0.9655457
G22  5.79657416 -2.8929939
G26 -3.49653676 -5.3272136
G27 -0.24023968  1.0807585
G30 -0.11925912  1.4909530
G9   0.02735865  1.6309105

attr(,"const")
[1] 6.892888
attr(,"class")
[1] "ordiplot"

$xyFall2020
$species
                                       PC1          PC2
KM021097.1.1244              -0.3963756439 -0.067766187
X81872.1.1430                -0.0429166187 -0.395520173
KU324914.1.1231               0.3510227282 -0.800458752
JF790967.1.1432              -0.8797951230  0.516915409
AF542234.1.1418              -0.2336471535 -0.388717189
KF098860.1.1353              -0.2494035685 -0.129296545
HM069224.1.1426               0.2321605339  0.222466742
EU133428.1.1318              -0.2783532218 -0.505730369
FJ363751.1.1374               0.5751492482  0.232261147
HM334946.1.1363               0.1714434767  0.218780233
KY963445.1.1230              -0.7262138799  0.418819046
GQ038569.1.1298              -0.3262582042 -0.478767140
AM943029.1.1242              -0.5180248487  0.083360429
HM843775.1.1306              -0.1727481768 -0.021494944
KY780350.1.1207               0.2537638771  0.805152526
MG859559.1.1339              -0.3295868328 -0.007912228
KF756254.1.1238              -0.8163380544  0.411908607
JF222135.1.1307              -0.1347207111 -0.081593738
KF094662.1.1371               0.3511330016 -0.857675923
GQ044514.1.1347              -0.1285198631 -0.393515181
MH323407.1.1447              -0.1890426781 -0.123189215
KJ809260.1.1509              -0.4784344663 -0.027826205
AB637074.1.1458              -0.4863794209  0.080468285
JQ855615.1.1266              -0.0142279587 -0.145925438
AM697454.1.1437               0.0568301978 -0.540216154
JF141683.1.1340               0.0278496597 -0.405816487
EF522125.1.1538               0.1760405657 -0.290272427
KF083132.1.1378               0.0793849385 -0.172125695
AM696989.1.1449              -0.1720089014 -0.285868785
KY908289.1.1327              -0.0226052152 -0.193831870
EU844911.1.1328              -0.1492621170 -0.503456674
FR847847.1.1348               0.0331835591 -0.220435068
KF189006.1.1289               0.4769607912  0.117121454
EU465367.1.1437              -0.7132729522 -0.046811087
JQ855569.1.1259              -0.0723456634 -0.154126351
JX222489.1.1391              -0.1979412883 -0.313930756
JN023102.1.1455               0.1567210817  0.012224254
MH393477.1.1503              -0.7942556227  0.505151236
X74687.1.1457                -0.5480323521 -0.424042337
KF037469.1.1449              -0.4441166648 -0.322256042
JF183284.1.1372               0.0248884376 -0.431766406
KX792217.1.1200               0.4083448233  0.545612702
EU705078.1.1288              -0.1117746970  0.073826362
KX507782.1.1490               0.1919697977  0.301905405
KM253006.1.1448               0.0654105977  0.463417119
MH235974.1.1212              -0.7075554539  0.402486379
FNSD01000001.2831055.2832560 -0.0987277306 -0.149309363
KC618479.1.1393               0.1236912552  0.338091143
GFIM01005958.9.1236          -0.0611186616 -0.375904845
AJ227797.1.1418               0.3540167227  0.162281518
JQ796662.1.1393               0.0201438308  0.242869488
KM264402.1.1478               0.1346733205  0.382988129
KX378956.1.1440              -0.4654918815 -0.159055527
KX880951.1.1230               0.3598961479  0.560719872
KF067707.1.1340              -0.1110125711 -0.385973480
KC178570.1.1440               0.1451933622  0.439619015
KY476123.1.1200              -0.7065833953  0.036168062
JQ404454.1.1248              -0.1666289023 -0.278373072
KF756190.1.1310              -0.5991239735  0.398882902
KM257721.1.1483               0.3073130034  0.447459263
EU773324.1.1414              -0.9383694739  0.209655990
KF085270.1.1286              -0.1566078598 -0.033143361
JF086992.1.1377              -0.1931279352 -0.063880635
GU432146.1.1216              -0.1523677400 -0.483081483
JF194361.1.1386              -0.4537907419 -0.424039647
KM253135.1.1447              -0.4907963132 -0.079849520
JF222401.1.1310               0.1214030553 -0.106423518
JF182810.1.1380              -0.2484934078 -0.143459137
JF411398.1.1363               0.1727252764  0.310311568
HQ754307.1.1415              -0.3499599044 -0.285429412
KM253064.1.1368              -0.2819565893 -0.472701950
HM186527.1.1371               0.3488899957  0.082705719
HQ622729.1.1448              -0.2342241842 -0.350772639
EF111062.1.1228               0.3989084444  0.218512094
JX013442.1.1364               0.4387598590  0.417872013
GQ025225.1.1346              -0.0061830817 -0.640352283
EU868814.1.1450              -0.5317049252 -0.359702024
KU179368.1.1477               0.1183511595  0.320778186
EU778165.1.1293               0.5141586605 -0.147876695
JF198908.1.1314              -0.0078886109 -0.057634583
KU899036.1.1458               0.2042907435 -0.166620180
EU534796.1.1350               0.0219119419  0.133503613
JF772550.1.1422              -0.1154175656 -0.160211690
KF086802.1.1289              -0.2069089511 -0.063514391
HM263273.1.1372              -0.2865952517 -0.186580548
EF019185.1.1381               0.0478653430 -0.118181388
KF756244.1.1201              -0.2852550224 -0.122754624
FJ225120.1.1386               0.0696963746 -0.131464960
MH368252.1.1352               0.4918009274  0.488014015
GQ041275.1.1338              -0.2404343570 -0.340336097
FJ214364.1.1418               0.5272868202  0.372368021
EU239106.1.1241               0.2927036131  0.414194521
KX212248.1.1200               0.0518264189  0.434549347
KP694006.1.1333               0.0786896525  0.164622434
KF064913.1.1385              -0.3189879155 -0.363158359
FJ811884.1.1433              -0.0293539867  0.414046663
LN611366.1.1300               0.1627769515  0.221511314
EU803989.1.1260              -0.0890753889  0.030512567
EU777806.1.1322              -0.8920230351  0.346354800
JF217150.1.1312               0.0361298160 -0.123759314
JF703628.1.1513               0.2393356400  0.467009850
FM874383.1.1445              -0.1525586214 -0.521536218
AB062283.1.1345              -0.3159550104  0.045952100
GU118241.1.1406               0.0696037807  0.132118554
KX687553.1.1251              -0.8497014015  0.377251734
JF198859.1.1337              -0.1057428637 -0.314010981
KC873924.1.1374               0.0112075620 -0.249329596
JF202879.1.1303              -0.1844854458  0.153929990
L43597.1.1437                -0.2653269545 -0.321205203
JF070773.1.1342              -0.1106382078 -0.535293068
KF756208.1.1251              -0.8825164164  0.518409594
KF494758.1.1495               0.1656948017  0.267696694
JF709910.1.1403              -0.5477166367  0.020902063
FJ793801.1.1205              -0.2690264899 -0.122021033
JN697570.1.1405               0.2990939713  0.124083974
EF516822.1.1479               0.0553239824 -0.497748593
FM874004.1.1481              -0.1483567330 -0.464727988
KY609362.1.1453              -0.2337478455 -0.411369093
AB681346.1.1462              -1.0769230949  0.139150002
JQ449983.1.1321               0.1803798267  0.123602680
JQ977080.1.1441               0.1621763151  0.319054304
KY780358.1.1208               0.4972711235  0.521409668
JX967345.1.1427              -0.4912057972 -0.394727703
EU777710.1.1395              -0.9604901498  0.336929443
KF091541.1.1338              -0.2730129803 -0.189867590
KM023860.1.1371              -0.2722677981  0.018836775
MH259800.1.1388              -1.0413197202  0.407693630
JF117557.1.1344              -0.0563014033 -0.555938342
MF436196.1.1510              -0.4578013483 -0.074514849
KJ726551.1.1410              -0.8705990990  0.347761490
HQ698586.1.1428              -0.2367470673 -0.349992024
JN013950.1.1521              -0.9044912771  0.433333177
Y09044.1.1472                -0.3321121118 -0.337218733
GQ033816.1.1340              -0.5807856085 -0.141807520
GQ006474.1.1336              -0.2333134962 -0.368521964
GQ389787.1.1471               0.1279940283 -0.203010494
AM269902.1.1421              -0.0912016187  0.224322645
EU560812.1.1483               0.6368846353 -0.329922985
AM423088.1.1339              -0.1993238467 -0.137984421
EU169145.1.1368              -0.7416012685  0.372248697
MG515289.1.1202              -0.9065226736  0.100795884
AB991050.1.1411              -0.3969814658 -0.382201235
AY173020.1.1325               0.0377369048 -0.147112117
EU360476.1.1340              -0.1538826506 -0.528130538
KC843488.1.1328              -1.0230776278  0.544707529
HE602890.1.1401              -0.8095634906  0.431288773
JQ452959.1.1394              -0.2152326066 -0.233962769
FM874392.1.1503              -0.1093814877  0.087346423
AOQH01000134.9789.11348       0.5901768724  0.563876945
DQ521477.1.1424              -0.3125185452 -0.107655718
KU674365.1.1488               0.2995780404  0.081227569
KF096327.1.1337               0.0009464606 -0.023550869
KF424281.1.1444              -0.5405942865  0.083836236
HM319067.1.1310              -0.0880997087 -0.038647377
MH447042.1.1230              -0.4083753014 -0.333149863
Y10999.1.1323                -0.0627135908 -0.114550772
GQ388898.1.1466              -0.1611891709 -0.478586034
HM111817.1.1319              -0.3820088772 -0.040192812
FJ893930.1.1361              -0.3660965574  0.391019696
KU515096.1.1489               0.3477636780  0.176348413
KM882673.1.1292              -0.1361841492  0.111388563
EU536823.1.1396              -0.5031160390 -0.030961818
EU536840.1.1397              -0.7228717568  0.392383472
MK005285.1.1200              -0.5139680391 -0.339544168
Y14651.1.1383                -0.4688267513 -0.274814234
EU160559.1.1318               0.0029597764 -0.477723361
HM854251.1.1443              -0.0999410070 -0.141871291
AB698685.1.1444              -0.1487589175 -0.471314249
JN023851.1.1453               0.2661873821  0.255170415
AF542072.1.1334              -0.4555878905 -0.099052453
KU324909.1.1217               0.3867428666 -0.309852340
JQ190329.1.1367               0.2330784611  0.362747641
FR874230.1.1325               0.0520561438  0.382314968
DQ440548.1.1439              -0.3238616939 -0.014464993
KJ534472.1.1439              -0.4690282553 -0.095409266
EU289495.1.1483               0.0133375335 -0.528122802
ADNU01000076.15.1525         -0.0882623940 -0.089842115
JF135618.1.1350              -0.0298209858 -0.448729083
KF147055.1.1458              -0.9561161511  0.417793144
CP012119.1331602.1333155     -0.0052253783 -0.030695667
FJ512842.1.1396               0.1530533165 -0.268678255
JF200056.1.1323              -0.2862951386 -0.469479975
AB205576.1.1426              -0.1471232137  0.254394398
JF190687.1.1351              -0.1357419207 -0.286362995
AB205571.1.1418              -0.3220580734 -0.369976700
KT767708.1.1430              -0.5948657183  0.032329785
EF019669.1.1293              -0.0514526410 -0.188348358
JF211051.1.1312              -0.4563415958 -0.043441211
JF113924.1.1343               0.0243228921 -0.127162039

$sites
           PC1        PC2
G71 -3.4923686  1.1268255
G72 -0.9079644 -7.0938500
G73 -4.4443174  1.1186450
G74 -1.1749357  1.9913467
G75 -5.2649373 -5.5762253
G76 -3.9575378  2.1818897
G78  3.1964964 -0.8631196
G79 -0.9462157  2.8995101
G81 -1.2775871  2.6858115
G82  0.9555358  3.6419091
G83  1.9507875 -0.5894243
G84  2.7054689  2.9788317
G85  2.4522119  1.0412600
G86  3.3883372 -1.9490812
G87  4.1084218 -2.5624363
G89  2.7086046 -1.0318926

attr(,"const")
[1] 12.00118
attr(,"class")
[1] "ordiplot"

$xySpring2020
$species
                                 PC1          PC2
KM021097.1.1244         -0.244514162 -0.163735978
EU374909.1.1206          0.023532281  0.493592358
JQ466140.1.1308          0.179578766  0.024989478
FJ558124.1.1310         -0.340836278  0.331181870
KU324914.1.1231         -0.288938641 -0.354130427
AM237368.1.1456          0.279753447 -0.006422345
JF790967.1.1432         -0.534024108  0.325320278
AF243141.1.1505         -0.322938107 -0.199275213
EU289429.1.1487          0.248277364 -0.110353331
AM697010.1.1473         -0.274412679 -0.177228915
JN615702.1.1315          0.322217582 -0.012918724
MG738316.1.1428         -0.625682515 -0.058346935
EU133428.1.1318         -0.282700989 -0.176759925
FR716684.1.1401          0.275868324  0.003437618
JQ046411.1.1474          0.413629586 -0.299528766
FQ659602.2.1312          0.241749193 -0.105784625
JQ452498.1.1373         -0.225319257 -0.155020098
FJ363751.1.1374         -0.307113703 -0.192125023
GQ038569.1.1298         -0.479816871  0.217806041
KC775412.1.1233         -0.243116421 -0.163104759
KY780350.1.1207         -0.267889637 -0.250356604
EF050096.1.1264         -0.213971448 -0.233912998
JF222135.1.1307         -0.370397104  0.255071662
KF094662.1.1371         -0.327785106 -0.402292268
MH323407.1.1447         -0.147727400 -0.188488768
JF172593.1.1339         -0.400219209 -0.234351758
JQ456193.1.1347         -0.325481128 -0.203504056
HF677560.1.1320         -0.345477086  0.220971933
KJ809260.1.1509         -0.284880082 -0.161581489
KF101186.1.1334         -0.281032456 -0.180284600
AB637074.1.1458         -0.324201846 -0.203265943
JQ855615.1.1266         -0.312202807 -0.194360618
AM697454.1.1437         -0.649128269  0.349349200
JF141683.1.1340         -0.521834996  0.132889444
CU927448.1.1343         -0.273102956 -0.176713281
Z94007.1.1532            0.197000921  0.035184543
KM117219.1.1448         -0.338076998 -0.205580701
AF498717.1.1397          0.104241436  0.444035385
FJ466050.1.1386         -0.308335140 -0.192607257
FJ466419.1.1420          0.243973542  0.011262979
KF083132.1.1378         -0.531225687 -0.293652016
EU844911.1.1328         -0.493900705  0.332207350
FR847847.1.1348         -0.337431098 -0.205797561
EU465367.1.1437         -0.282968549 -0.181107617
FJ466063.1.1461         -0.257901596 -0.229129450
KU358690.1.1400          0.006516326  0.531740508
KM278969.1.1410         -0.246209138 -0.163833047
JQ855569.1.1259          0.245558363 -0.088900771
JX222489.1.1391         -0.485996912  0.260641374
JF200689.1.1340         -0.297018684 -0.187477077
HM459845.1.1398         -0.275409080 -0.177680622
JN023102.1.1455         -0.531447325  0.334847171
MH393477.1.1503         -0.589376303  0.334976482
JF183284.1.1372         -0.427435305 -0.350172970
KX792217.1.1200          0.393665371 -0.100772194
KX618431.1.1210         -0.318456226 -0.197247309
GU731346.1.1349          0.029622301  0.474607901
HM263196.1.1366         -0.323907296 -0.199666707
MH235974.1.1212         -0.544254566  0.328080736
GFIM01005958.9.1236     -0.532234434 -0.297608740
LN565962.1.1354         -0.268163007 -0.174395701
AY500143.1.1430         -0.331696552 -0.203197873
JQ796662.1.1393          0.870841425 -0.359188171
FPLS01052044.12.1513    -0.425072074  0.240154440
FJ434113.1.1425         -0.470196182  0.246790130
KX378956.1.1440         -0.445942113  0.397324902
FN421814.1.1366          0.026102709  0.471703174
KX880951.1.1230         -0.197682566 -0.189614289
KF067707.1.1340         -0.533350657  0.281469079
KC178570.1.1440         -0.514794731  0.209472884
KY476123.1.1200         -0.449007776  0.319794207
JQ404454.1.1248         -0.463025250 -0.290472567
KF424996.1.1424         -0.453713909  0.338549135
KF756190.1.1310         -0.597727743  0.192071711
JF224904.1.1305          0.044381891  0.428597741
KF063285.1.1306         -0.280911083 -0.314704697
GU432146.1.1216         -0.499161509 -0.283246720
JF194361.1.1386         -0.394375543  0.248545692
KP339859.1.1411         -0.300499255 -0.374699855
EU705724.1.1206         -0.301264737 -0.215306413
JF222401.1.1310         -0.378264492 -0.224308891
HM240983.1.1303          0.005661906  0.549299786
HQ754307.1.1415         -0.733217446  0.218257749
HQ698286.1.1217          0.889932326 -0.353323621
JQ465886.1.1406         -0.370154610 -0.220717719
FM873225.1.1443         -0.221703405 -0.153385985
KM253064.1.1368         -0.425893800  0.453254010
MH447060.1.1253         -0.305889714 -0.191573949
HQ622729.1.1448         -0.483557812  0.275553343
EF111062.1.1228         -0.507806314  0.377879326
DQ906050.1.1458          0.260698543 -0.130360314
JX013442.1.1364         -0.450266177  0.234566014
GQ025225.1.1346         -0.541177635 -0.305018470
EF441950.1.1245          0.338619467 -0.051191523
AB681355.1.1464          0.263812537 -0.135944072
GU374018.1.1361         -0.368898550 -0.220162785
KT215540.1.1447          0.169927954  0.030410375
EU868814.1.1450          0.279642806 -0.014929515
EU778165.1.1293         -0.345209027 -0.198755440
JF198908.1.1314         -0.317902606 -0.197034512
KU899036.1.1458         -0.335822780 -0.284818579
FM872588.1.1451          0.056302776  0.391436696
JQ684361.1.1453          0.180279675  0.024887695
HQ846513.1.1442         -0.348216908 -0.210687179
KY908303.1.1320         -0.287882665 -0.260435876
KF086802.1.1289         -0.354061563 -0.213336783
HM263273.1.1372         -0.767680478  0.185503026
KU713460.1.1383         -0.292332442 -0.185352625
KT006758.1.1432          0.490997196 -0.146397156
FJ225120.1.1386         -0.293713381 -0.186039402
JF222116.1.1308         -0.438470938  0.182624471
GQ041275.1.1338          0.037811940  0.522659835
KJ809157.1.1466         -0.521144496  0.265125284
JF172360.1.1372         -0.270300121 -0.175364537
KX212248.1.1200         -0.381485186  0.296431455
KP694006.1.1333          0.871659806 -0.326104647
AJ275038.1.1439         -0.308129188 -0.372801727
KF064913.1.1385         -0.289360325 -0.184080629
KT005623.1.1250         -0.355181659 -0.213844565
JF158381.1.1365         -0.257682720 -0.290998029
HG800046.1.1425         -0.567517906  0.242492603
KF069418.1.1339         -0.358546859  0.059643353
FJ811884.1.1433         -0.284780357 -0.182021249
KR868991.1.1409         -0.221021953 -0.301031276
AB195985.1.1410          0.481256434 -0.159524537
EU803989.1.1260         -0.474348104  0.179631481
AJ884795.1.1413         -0.317088832 -0.196575638
JF217150.1.1312         -0.223776447 -0.236011203
HAAC01027432.1.1206     -0.736504464  0.250817224
JF703628.1.1513         -0.082149783 -0.451929971
JF189148.1.1306         -0.262560395 -0.171855825
KT581998.1.1306          0.779364113 -0.282750729
JQ455641.1.1400         -0.320569607 -0.198153606
DQ532229.1.1476         -0.299999042 -0.188828187
HQ857761.1.1442         -0.250835557 -0.307030052
GU118241.1.1406          0.348035046 -0.117776682
KX687553.1.1251         -0.273776189 -0.267904222
KC873924.1.1374         -0.294885394 -0.216712753
JF146179.1.1366          0.363281142 -0.217734569
FR720647.1.1447         -0.313994711 -0.191051275
JF070773.1.1342         -0.388648801 -0.375474949
KF756208.1.1251         -0.680787880  0.388613609
AB746431.1.1394         -0.440408725  0.303308671
GU247457.1.1249         -0.321168371 -0.355628339
KF494758.1.1495          0.621133977 -0.229958375
KJ496054.1.1444         -0.329182244 -0.202058042
JF709910.1.1403         -0.517209889  0.407434673
FJ793801.1.1205         -0.516018687  0.133856612
JN697570.1.1405         -0.273636704  0.172142778
EF516822.1.1479         -0.564346738  0.275506572
HM062207.1.1317         -0.231824165 -0.308475415
HQ595224.1.1463          0.283712372 -0.007626064
KY038312.1.1251         -0.453960865  0.301759735
JQ449983.1.1321         -0.263508925 -0.180876250
MH400162.1.1200          0.427177244 -0.287141211
KY780358.1.1208         -0.270925991 -0.179502927
HM445406.1.1361         -0.004614489  0.581334454
GQ358840.1.1493          0.004980356  0.551424385
EU777710.1.1395         -0.491432369  0.148354269
KF091541.1.1338         -0.478663737 -0.276607291
HM438483.1.1484         -0.258284142 -0.215651268
KF286609.1.1482         -0.227367398 -0.282630054
MH259800.1.1388         -0.713831232  0.329739263
JN797481.1.1203         -0.320990360 -0.379488489
HQ317066.1.1458          0.254406271 -0.119077534
HM318996.1.1322         -0.327556851  0.351971685
HQ698586.1.1428          0.254461310 -0.129523130
JQ660285.1.1454         -0.354810008 -0.213676081
AF533352.1.1433          0.014157089  0.506906793
HM057840.1.1320         -0.358031698  0.067558507
Y09044.1.1472            0.180430447  0.024865800
GQ033816.1.1340         -0.373736181 -0.387636563
HQ180180.1.1390         -0.439812871 -0.252281191
GQ389787.1.1471         -0.706127092  0.159581476
JF231895.1.1308         -0.319999740 -0.197895264
EU560812.1.1483         -0.353154774 -0.170423246
JF021752.1.1274         -0.302873879 -0.190131460
AM423088.1.1339         -0.444647443 -0.256357759
EU169145.1.1368         -0.280807262 -0.203501502
HQ598946.1.1456         -0.534849692  0.262820392
MG788926.1.1212         -0.326058565 -0.200641959
MG515289.1.1202          0.314764683 -0.019968478
AB991050.1.1411         -0.460975836  0.051673956
AY173020.1.1325         -0.347404845 -0.210319039
HM336158.1.1306          0.271152645 -0.063781214
HQ744394.1.1427         -0.363291343 -0.217520993
EU360476.1.1340          0.051659587  0.425738810
KC336486.1.1472          0.233666648  0.013400296
HE602890.1.1401         -0.524673852  0.315529114
JQ452959.1.1394         -0.466880533 -0.419008853
FJ527819.1.1459          0.180143129  0.024907524
JF107580.1.1357         -0.370048978 -0.220584486
FM874392.1.1503         -0.275777101 -0.177958169
JF190702.1.1368         -0.219429146 -0.278887243
JF168787.1.1357         -0.345733273 -0.211767946
AJ786801.1.1437         -0.319999740 -0.197895264
FPLS01004034.10.1473    -0.331720819 -0.368623528
KF479549.1.1506         -0.498218936  0.298741163
KC511070.1.1353          0.046244395  0.422791748
AOQH01000134.9789.11348 -0.206793906 -0.192249604
FR749818.1.1462         -0.251384761 -0.166789485
KF413411.1.1467          0.329572875 -0.021570044
MF369939.1.1403          0.260392763 -0.129812016
KF096327.1.1337         -0.242719085 -0.162947866
GQ901866.1.1257         -0.168378851 -0.233336360
JQ855529.1.1276          0.014813824  0.520770456
JF265850.1.1359          0.265352344 -0.053695075
HQ746842.1.1393          0.103067688  0.493936688
KM187215.1.1403          0.047563395  0.418680021
HM319067.1.1310         -0.358973459 -0.209115716
KF100596.1.1359         -0.237277700 -0.210311980
JF411370.1.1398          0.026706813  0.483696368
MH447042.1.1230         -0.587898537  0.242187271
Y10999.1.1323           -0.312287207 -0.194492164
HM332168.1.1306         -0.350605482 -0.211770010
GQ388898.1.1466         -0.245877182 -0.164292690
HM111817.1.1319         -0.280551727  0.111337534
FJ893930.1.1361         -0.414007215  0.327610669
KU713519.1.1337         -0.257782214 -0.169689693
HM270687.1.1304          0.056994200  0.511490606
KM882673.1.1292         -0.510698006  0.167955606
EU536823.1.1396         -0.305714859 -0.168360204
AJ292648.1.1494         -0.272709009 -0.175934794
AB109889.1.1484          0.117897176  0.466490006
HM240873.1.1306         -0.273403900 -0.176771598
AF247813.1.1375          0.016843633  0.514442919
FJ466044.1.1396          0.019739946  0.505414225
KY680227.1.1207          0.330784622 -0.021938479
EU160559.1.1318         -0.513846325  0.205081305
JQ460427.1.1401         -0.313452150 -0.194926992
KM974909.1.1455         -0.476572565  0.309175899
AJ131121.1.1481         -0.012272014  0.605205302
AB698685.1.1444         -0.353244887 -0.207809636
HQ595201.1.1462         -0.362617433 -0.217215484
KJ726591.1.1386          0.566447151 -0.136112348
KU324909.1.1217         -0.335513279 -0.244316701
FR874230.1.1325         -0.515048273  0.217417998
EU289495.1.1483         -0.289050959 -0.183865004
HM319082.1.1306         -0.158490178 -0.196034366
ADNU01000076.15.1525    -0.293924761 -0.186074484
EU289421.1.1449          0.272926190 -0.004346503
JN023329.1.1442         -0.345341229 -0.209470450
KJ578741.1.1411          0.180235923  0.024894048
JQ855614.1.1252          0.021949335  0.498526883
KF098316.1.1357         -0.290708274 -0.184616329
MH703470.1.1505         -0.665592686  0.166607927
KF147055.1.1458         -0.379097378 -0.224686470
KM924548.1.1437         -0.268163007 -0.174395701
FPLS01054129.36.1499    -0.320736537 -0.192026493
JN023236.1.1453         -0.385075537 -0.227446414
GQ097820.1.1308         -0.369429084 -0.220303465
JF200056.1.1323          0.010047105  0.518513169
JF190687.1.1351         -0.417811724 -0.240559053
JQ460239.1.1372         -0.359864435 -0.215967446
KF099543.1.1332         -0.233596372 -0.158725332
FJ825887.1.1469         -0.374844801 -0.222758615
KF063555.1.1283         -0.306329961 -0.191698233
EF019669.1.1293         -0.384968702  0.166756592
MK135915.1.1317         -0.239968711 -0.161614155
FR682689.1.1485          0.038496590  0.446944026
JF113924.1.1343         -0.490075873  0.282170412

$sites
            PC1         PC2
G31 -9.01438198 -4.08656207
G32  2.26632150 -0.49680116
G33  0.12869085 -0.01868806
G34 -0.07856372  0.09797881
G35 -2.92775014  9.12669318
G36  1.48326971 -2.65967647
G37  1.47542377 -0.22747713
G38  0.58690501  0.27792979
G39  0.36546829  0.61548691
G40  2.30021243 -0.69938432
G41  1.56224149 -0.32395851
G42  1.85216280 -1.60554097

attr(,"const")
[1] 10.53598
attr(,"class")
[1] "ordiplot"

null device 
          1 
[1] "Partition Bray-Curtis dissimilarities"
Warning messages:
1: collinearity detected in cbind(X1,X2): mm = 8, m = 7 
2: collinearity detected in cbind(X1,X2): mm = 10, m = 8 
$xyFall2017

Partition of squared Euclidean distance in dbRDA 

Call: varpart(Y = x, X = ~., y, data = z)

Explanatory tables:
X1:  ~.
X2:  y 

No. of explanatory tables: 2 
Total variation (SS): 4679.2 
No. of observations: 8 

Partition table:
                     Df R.squared Adj.R.squared Testable
[a+b] = X1            3   0.36939      -0.10358     TRUE
[b+c] = X2            5   0.72682       0.04388     TRUE
[a+b+c] = X1+X2       7   1.00000                   TRUE
Individual fractions                                    
[a] = X1|X2           2                             TRUE
[b]                   0                            FALSE
[c] = X2|X1           4                             TRUE
[d] = Residuals                                    FALSE
---
Use function ‘dbrda’ to test significance of fractions of interest

$xyFall2018

Partition of squared Euclidean distance in dbRDA 

Call: varpart(Y = x, X = ~., y, data = z)

Explanatory tables:
X1:  ~.
X2:  y 

No. of explanatory tables: 2 
Total variation (SS): 2257.4 
No. of observations: 9 

Partition table:
                     Df R.squared Adj.R.squared Testable
[a+b] = X1            4   0.55118       0.10236     TRUE
[b+c] = X2            6   0.74972      -0.00114     TRUE
[a+b+c] = X1+X2       8   1.00000                   TRUE
Individual fractions                                    
[a] = X1|X2           2                             TRUE
[b]                   0                            FALSE
[c] = X2|X1           4                             TRUE
[d] = Residuals                                    FALSE
---
Use function ‘dbrda’ to test significance of fractions of interest

$xyFall2020

Partition of squared Euclidean distance in dbRDA 

Call: varpart(Y = x, X = ~., y, data = z)

Explanatory tables:
X1:  ~.
X2:  y 

No. of explanatory tables: 2 
Total variation (SS): 20744 
No. of observations: 16 

Partition table:
                     Df R.squared Adj.R.squared Testable
[a+b] = X1            3   0.21995       0.02494     TRUE
[b+c] = X2            6   0.37347      -0.04422     TRUE
[a+b+c] = X1+X2       9   0.58613      -0.03468     TRUE
Individual fractions                                    
[a] = X1|X2           3                 0.00954     TRUE
[b]                   0                 0.01540    FALSE
[c] = X2|X1           6                -0.05962     TRUE
[d] = Residuals                         1.03468    FALSE
---
Use function ‘dbrda’ to test significance of fractions of interest

$xySpring2020

Partition of squared Euclidean distance in dbRDA 

Call: varpart(Y = x, X = ~., y, data = z)

Explanatory tables:
X1:  ~.
X2:  y 

No. of explanatory tables: 2 
Total variation (SS): 12323 
No. of observations: 12 

Partition table:
                     Df R.squared Adj.R.squared Testable
[a+b] = X1            3   0.25844      -0.01964     TRUE
[b+c] = X2            5   0.38130      -0.13429     TRUE
[a+b+c] = X1+X2       8   0.66610      -0.22430     TRUE
Individual fractions                                    
[a] = X1|X2           3                -0.09001     TRUE
[b]                   0                 0.07036    FALSE
[c] = X2|X1           5                -0.20466     TRUE
[d] = Residuals                         1.22430    FALSE
---
Use function ‘dbrda’ to test significance of fractions of interest

Warning messages:
1: collinearity detected: redundant variable(s)  between tables X1, X2
results are probably incorrect: remove redundant variable(s) and repeat the analysis 
2: collinearity detected: redundant variable(s)  between tables X1, X2
results are probably incorrect: remove redundant variable(s) and repeat the analysis 
[1] "Prediction 1B - territory quality"
[1] "Read in the Data"
[1] "Building phyloseq object"
[1] "Extract the metadata"
[1] "Accessing the metadata by season/year"
[1] "CLR transformation"
No. corrected values:  2850 
[1] "Build the community objects (OTU table) for season"
Error in (function (formula, data, distance = "euclidean", sqrt.dist = FALSE,  : 
  needs a model formula
Calls: mapply -> <Anonymous>
Execution halted
