
Lmod is automatically replacing "intel/2016.4" with "gcc/7.3.0".

-------------------------------------------------------------------------------
The following dependent module(s) are not currently loaded: gcccore/.5.4.0 (required by: icc/.2016.4.258, ifort/.2016.4.258)
-------------------------------------------------------------------------------

Due to MODULEPATH changes, the following have been reloaded:
  1) openmpi/2.1.1

The following have been reloaded with a version change:
  1) gcccore/.5.4.0 => gcccore/.7.3.0     2) imkl/11.3.4.258 => imkl/2018.3.222

Loading required package: permute
Loading required package: lattice
This is vegan 2.5-7

Attaching package: ‘lubridate’

The following objects are masked from ‘package:base’:

    date, intersect, setdiff, union

── Attaching packages ─────────────────────────────────────── tidyverse 1.3.0 ──
✔ ggplot2 3.3.3     ✔ purrr   0.3.4
✔ tibble  3.0.5     ✔ dplyr   1.0.2
✔ tidyr   1.1.2     ✔ stringr 1.4.0
✔ readr   1.4.0     ✔ forcats 0.5.0
── Conflicts ────────────────────────────────────────── tidyverse_conflicts() ──
✖ lubridate::as.difftime() masks base::as.difftime()
✖ lubridate::date()        masks base::date()
✖ dplyr::filter()          masks stats::filter()
✖ lubridate::intersect()   masks base::intersect()
✖ dplyr::lag()             masks stats::lag()
✖ lubridate::setdiff()     masks base::setdiff()
✖ lubridate::union()       masks base::union()

── Column specification ────────────────────────────────────────────────────────
cols(
  .default = col_double(),
  `Station Name` = col_character(),
  `Date/Time` = col_date(format = ""),
  Month = col_character(),
  Day = col_character(),
  `Data Quality` = col_logical(),
  `Max Temp Flag` = col_character(),
  `Min Temp Flag` = col_character(),
  `Mean Temp Flag` = col_character(),
  `Heat Deg Days Flag` = col_character(),
  `Cool Deg Days Flag` = col_character(),
  `Total Rain (mm)` = col_logical(),
  `Total Rain Flag` = col_logical(),
  `Total Snow (cm)` = col_logical(),
  `Total Snow Flag` = col_logical(),
  `Total Precip Flag` = col_character(),
  `Snow on Grnd Flag` = col_logical(),
  `Dir of Max Gust Flag` = col_character(),
  `Spd of Max Gust Flag` = col_character()
)
ℹ Use `spec()` for the full column specifications.


── Column specification ────────────────────────────────────────────────────────
cols(
  .default = col_double(),
  `Station Name` = col_character(),
  `Date/Time` = col_date(format = ""),
  Month = col_character(),
  Day = col_character(),
  `Data Quality` = col_logical(),
  `Max Temp Flag` = col_character(),
  `Min Temp Flag` = col_character(),
  `Mean Temp Flag` = col_character(),
  `Heat Deg Days Flag` = col_character(),
  `Cool Deg Days Flag` = col_character(),
  `Total Rain (mm)` = col_logical(),
  `Total Rain Flag` = col_logical(),
  `Total Snow (cm)` = col_logical(),
  `Total Snow Flag` = col_logical(),
  `Total Precip Flag` = col_character(),
  `Snow on Grnd Flag` = col_logical(),
  `Dir of Max Gust Flag` = col_character(),
  `Spd of Max Gust Flag` = col_character()
)
ℹ Use `spec()` for the full column specifications.


── Column specification ────────────────────────────────────────────────────────
cols(
  .default = col_character(),
  `Longitude (x)` = col_double(),
  `Latitude (y)` = col_double(),
  `Climate ID` = col_double(),
  `Date/Time` = col_date(format = ""),
  Year = col_double(),
  `Data Quality` = col_logical(),
  `Max Temp (°C)` = col_double(),
  `Min Temp (°C)` = col_double(),
  `Mean Temp (°C)` = col_double(),
  `Heat Deg Days (°C)` = col_double(),
  `Cool Deg Days (°C)` = col_double(),
  `Total Rain (mm)` = col_logical(),
  `Total Snow (cm)` = col_logical(),
  `Total Precip (mm)` = col_double(),
  `Snow on Grnd (cm)` = col_double(),
  `Snow on Grnd Flag` = col_logical(),
  `Dir of Max Gust (10s deg)` = col_double()
)
ℹ Use `spec()` for the full column specifications.


── Column specification ────────────────────────────────────────────────────────
cols(
  .default = col_character(),
  `Longitude (x)` = col_double(),
  `Latitude (y)` = col_double(),
  `Climate ID` = col_double(),
  `Date/Time` = col_date(format = ""),
  Year = col_double(),
  `Data Quality` = col_logical(),
  `Max Temp (°C)` = col_double(),
  `Min Temp (°C)` = col_double(),
  `Mean Temp (°C)` = col_double(),
  `Heat Deg Days (°C)` = col_double(),
  `Cool Deg Days (°C)` = col_double(),
  `Total Rain (mm)` = col_logical(),
  `Total Snow (cm)` = col_logical(),
  `Total Precip (mm)` = col_double(),
  `Snow on Grnd (cm)` = col_double(),
  `Snow on Grnd Flag` = col_logical(),
  `Dir of Max Gust (10s deg)` = col_double()
)
ℹ Use `spec()` for the full column specifications.


── Column specification ────────────────────────────────────────────────────────
cols(
  .default = col_character(),
  `Longitude (x)` = col_double(),
  `Latitude (y)` = col_double(),
  `Climate ID` = col_double(),
  `Date/Time` = col_date(format = ""),
  Year = col_double(),
  `Data Quality` = col_logical(),
  `Max Temp (°C)` = col_double(),
  `Min Temp (°C)` = col_double(),
  `Mean Temp (°C)` = col_double(),
  `Heat Deg Days (°C)` = col_double(),
  `Cool Deg Days (°C)` = col_double(),
  `Total Rain (mm)` = col_logical(),
  `Total Snow (cm)` = col_logical(),
  `Total Precip (mm)` = col_double(),
  `Snow on Grnd (cm)` = col_double(),
  `Snow on Grnd Flag` = col_logical(),
  `Dir of Max Gust (10s deg)` = col_double(),
  `Dir of Max Gust Flag` = col_logical(),
  `Spd of Max Gust Flag` = col_logical()
)
ℹ Use `spec()` for the full column specifications.

Joining, by = "CollectionDate"
Permutation test for adonis under reduced model
Terms added sequentially (first to last)
Permutation: free
Number of permutations: 999

adonis2(formula = dmAitchison ~ FreezeThaw + SeasonType + Group, data = metaWeather, na.action = na.exclude)
           Df SumOfSqs      R2      F Pr(>F)    
FreezeThaw  1    6.188 0.02119 2.0863  0.099 .  
SeasonType  2    4.844 0.01659 0.8166  0.560    
Group       4   46.709 0.15994 3.9372  0.001 ***
Residual   79  234.308 0.80229                  
Total      86  292.049 1.00000                  
---
Signif. codes:  0 ‘***’ 0.001 ‘**’ 0.01 ‘*’ 0.05 ‘.’ 0.1 ‘ ’ 1
Joining, by = "Sample1"
null device 
          1 
Joining, by = "SampleID"
Too few points to calculate an ellipse
Warning message:
Removed 1 row(s) containing missing values (geom_path). 
null device 
          1 
