
Lmod is automatically replacing "intel/2016.4" with "gcc/7.3.0".

-------------------------------------------------------------------------------
The following dependent module(s) are not currently loaded: gcccore/.5.4.0 (required by: icc/.2016.4.258, ifort/.2016.4.258)
-------------------------------------------------------------------------------

Due to MODULEPATH changes, the following have been reloaded:
  1) openmpi/2.1.1

The following have been reloaded with a version change:
  1) gcccore/.5.4.0 => gcccore/.7.3.0     2) imkl/11.3.4.258 => imkl/2018.3.222

Loading required package: MASS
Loading required package: NADA
Loading required package: survival

Attaching package: ‘NADA’

The following object is masked from ‘package:stats’:

    cor

Loading required package: truncnorm
Loading required package: ALDEx2
Loading required package: car
Loading required package: carData
Loading required package: permute
Loading required package: lattice
This is vegan 2.5-7
── Attaching packages ─────────────────────────────────────── tidyverse 1.3.0 ──
✔ ggplot2 3.3.3     ✔ purrr   0.3.4
✔ tibble  3.0.5     ✔ dplyr   1.0.2
✔ tidyr   1.1.2     ✔ stringr 1.4.0
✔ readr   1.4.0     ✔ forcats 0.5.0
── Conflicts ────────────────────────────────────────── tidyverse_conflicts() ──
✖ dplyr::filter() masks stats::filter()
✖ dplyr::lag()    masks stats::lag()
✖ dplyr::recode() masks car::recode()
✖ dplyr::select() masks MASS::select()
✖ purrr::some()   masks car::some()
[1] "Initiate functions for analysis"
[1] "Read in the Data"
[1] "Building phyloseq object"
[1] "Extract the metadata"
[1] "CLR transformation"
No. corrected values:  6510 
[1] "Accessing the metadata by season/year"
[1] "Build the community object (OTU table) for season"
[1] "Prediction 2A - Host associated factors"
$seaFall2017
Permutation test for rda under reduced model
Permutation: free
Number of permutations: 999

Model: rda(formula = x ~ Sex + AgeAtCollection + BirthYear + BreedingStatus, data = data)
         Df Variance      F Pr(>F)
Model    11   512.65 1.1729  0.202
Residual  3   119.21              

$seaFall2018
Permutation test for rda under reduced model
Permutation: free
Number of permutations: 999

Model: rda(formula = x ~ Sex + AgeAtCollection + BirthYear + BreedingStatus, data = data)
         Df Variance    F Pr(>F)
Model    10   231.46 0.64  0.911
Residual  3   108.50            

$seaFall2020
Permutation test for rda under reduced model
Permutation: free
Number of permutations: 999

Model: rda(formula = x ~ Sex + AgeAtCollection + BirthYear + BreedingStatus, data = data)
         Df Variance      F Pr(>F)
Model     8   635.40 1.0706  0.317
Residual 10   741.86              

$seaSpring2020
Permutation test for rda under reduced model
Permutation: free
Number of permutations: 999

Model: rda(formula = x ~ Sex + AgeAtCollection + BirthYear + BreedingStatus, data = data)
         Df Variance      F Pr(>F)
Model     6   179.28 1.2277  0.211
Residual 27   657.10              

[1] "Spring 2020 - individual variables"
Permutation test for rda under reduced model
Permutation: free
Number of permutations: 999

Model: rda(formula = commFull[["seaSpring2020"]] ~ BreedingStatus, data = sea_list[["seaSpring2020"]])
         Df Variance      F Pr(>F)  
Model     1    37.48 1.5012   0.05 *
Residual 32   798.89                
---
Signif. codes:  0 ‘***’ 0.001 ‘**’ 0.01 ‘*’ 0.05 ‘.’ 0.1 ‘ ’ 1
Permutation test for rda under reduced model
Permutation: free
Number of permutations: 999

Model: rda(formula = commFull[["seaSpring2020"]] ~ AgeAtCollection, data = sea_list[["seaSpring2020"]])
         Df Variance      F Pr(>F)  
Model     1    50.77 2.0679  0.018 *
Residual 32   785.60                
---
Signif. codes:  0 ‘***’ 0.001 ‘**’ 0.01 ‘*’ 0.05 ‘.’ 0.1 ‘ ’ 1
