
Lmod is automatically replacing "intel/2016.4" with "gcc/7.3.0".

-------------------------------------------------------------------------------
The following dependent module(s) are not currently loaded: gcccore/.5.4.0 (required by: icc/.2016.4.258, ifort/.2016.4.258)
-------------------------------------------------------------------------------

Due to MODULEPATH changes, the following have been reloaded:
  1) openmpi/2.1.1

The following have been reloaded with a version change:
  1) gcccore/.5.4.0 => gcccore/.7.3.0     2) imkl/11.3.4.258 => imkl/2018.3.222

Loading required package: MASS
Loading required package: NADA
Loading required package: survival

Attaching package: ‘NADA’

The following object is masked from ‘package:stats’:

    cor

Loading required package: truncnorm
Loading required package: ALDEx2
Loading required package: car
Loading required package: carData
Loading required package: permute
Loading required package: lattice
This is vegan 2.5-7
── Attaching packages ─────────────────────────────────────── tidyverse 1.3.0 ──
✔ ggplot2 3.3.3     ✔ purrr   0.3.4
✔ tibble  3.0.5     ✔ dplyr   1.0.2
✔ tidyr   1.1.2     ✔ stringr 1.4.0
✔ readr   1.4.0     ✔ forcats 0.5.0
── Conflicts ────────────────────────────────────────── tidyverse_conflicts() ──
✖ dplyr::filter() masks stats::filter()
✖ dplyr::lag()    masks stats::lag()
✖ dplyr::recode() masks car::recode()
✖ dplyr::select() masks MASS::select()
✖ purrr::some()   masks car::some()
[1] "Initiate functions for analysis"
[1] "Read in the Data"
[1] "Building phyloseq object"
[1] "Extract the metadata"
[1] "CLR transformation"
No. corrected values:  6510 
[1] "Accessing the metadata by season/year"
[1] "Accessing the XY metadata by season"
[1] "Computing Haversine Distances"
[1] "Build the community object (OTU table) for season"
[1] "Unweighted PCNM - for use with all OTU tables"
$xyFall2017
        PCNM1        PCNM2       PCNM3        PCNM4        PCNM5         PCNM6
1   0.1742273 -0.171060128  0.36558986  0.007571256  0.151991866  0.0012902177
2  -0.1417496  0.492400567 -0.02952428  0.202075061  0.263462615  0.0009000583
3  -0.1952322  0.453064854  0.26554926 -0.230712973 -0.440127525 -0.0012335312
4   0.3135505  0.009721249 -0.13952079 -0.158130521  0.011772300 -0.4513900205
5  -0.2917002 -0.156018863  0.36403146 -0.357107266 -0.338118691 -0.0001553275
6  -0.2551875 -0.270142274  0.15349500 -0.078575821  0.581004851  0.0176963893
7  -0.3199545 -0.183608563 -0.44695007 -0.094889040 -0.061894667 -0.0199197577
8   0.3098072  0.013366303 -0.16169194 -0.173192348  0.002498979  0.4758777865
9   0.3091433  0.013639932 -0.16263090 -0.173370038  0.002024138  0.5192202205
10  0.1742273 -0.171060128  0.36558986  0.007571256  0.151991866  0.0012902177
11 -0.2046765 -0.286337464  0.10068175  0.568092621 -0.177692525  0.0214888139
12  0.3126372  0.009722074 -0.13768884 -0.156479232  0.013097368 -0.5464636877
13 -0.3199545 -0.183608563 -0.44695007 -0.094889040 -0.061894667 -0.0199197577
14 -0.1417787  0.492493327 -0.02934952  0.201848138  0.262719933  0.0008864709
15  0.2766407 -0.062572323 -0.06063077  0.530187947 -0.360835841  0.0004319076
           PCNM7         PCNM8
1  -9.100043e-07  5.649581e-07
2  -7.071070e-01  1.869751e-04
3   3.517767e-07 -9.448850e-07
4  -2.427291e-06  5.793852e-01
5  -5.745475e-04  2.454716e-07
6   5.719593e-04  1.226998e-04
7   1.813561e-06  3.748812e-04
8  -1.001118e-06 -4.849457e-01
9   5.759630e-07  4.131694e-01
10 -9.100034e-07  5.649559e-07
11  4.134819e-09 -4.966425e-04
12  2.646794e-06 -5.083610e-01
13  1.813561e-06  3.748812e-04
14  7.071061e-01  1.897429e-04
15  1.499248e-06 -8.424754e-07

$xyFall2018
        PCNM1       PCNM2       PCNM3       PCNM4        PCNM5         PCNM6
1   0.1342404 -0.49037913  0.04812536  0.19678479 -0.263325351 -1.128423e-03
2   0.1342720 -0.49047114  0.04793124  0.19657399 -0.262583383 -1.138678e-03
3   0.1904907 -0.44963616 -0.28631799 -0.20595515  0.440056518 -5.937462e-04
4  -0.2116489  0.16481783 -0.35073581  0.02642949 -0.151927614  5.398678e-04
5  -0.3523040 -0.01922546  0.17170225 -0.22818337 -0.012718830 -3.459740e-01
6   0.2758120  0.16155177 -0.40016903 -0.31906960  0.338016378  2.451716e-05
7   0.2361075  0.27482018 -0.16563588 -0.05979805 -0.580961501  1.401377e-02
8  -0.3448542 -0.02248999  0.18644084 -0.23341168 -0.003224852  8.151827e-01
9  -0.2116489  0.16481783 -0.35073581  0.02642949 -0.151927614  5.398678e-04
10  0.1715719  0.28879811 -0.05533092  0.57666782  0.178243090  6.941932e-03
11 -0.3174191  0.05373979  0.12715083  0.50128032  0.361079182 -2.055414e-04
12 -0.3516781 -0.01923059  0.17054418 -0.22747043 -0.014062564 -4.639361e-01
13  0.3235294  0.19144347  0.42851537 -0.12513881  0.061668270 -1.213307e-02
14  0.3235294  0.19144347  0.42851537 -0.12513881  0.061668270 -1.213307e-02
           PCNM7         PCNM8
1   7.071070e-01  3.762564e-04
2  -7.071061e-01  3.813381e-04
3  -3.495687e-07 -2.047135e-06
4   9.079445e-07  1.457407e-06
5   2.525016e-06  7.381927e-01
6   5.740859e-04  5.136024e-07
7  -5.714959e-04  1.049067e-04
8   3.879761e-07 -6.861370e-02
9   9.079438e-07  1.457409e-06
10 -4.399898e-09 -4.070434e-04
11 -1.495219e-06 -2.494410e-06
12 -2.707859e-06 -6.710907e-01
13 -1.813498e-06  5.286680e-04
14 -1.813498e-06  5.286680e-04

$xyFall2020
          PCNM1         PCNM2       PCNM3       PCNM4         PCNM5
1  -0.340985889  2.959551e-01 -0.28532872 -0.29809844  0.0027261464
2  -0.340985889  2.959551e-01 -0.28532872 -0.29809844  0.0027261464
3  -0.386284471  1.549848e-01  0.08889297  0.32777188  0.0001139993
4  -0.386284471  1.549848e-01  0.08889297  0.32777188  0.0001139993
5   0.003694064 -5.069691e-01 -0.46557293  0.10886611  0.0140885839
6   0.163994730  1.717021e-01  0.34028710 -0.11801574  0.0087369455
7   0.163898972  1.717024e-01  0.34060758 -0.11836022 -0.0060778186
8   0.163898972  1.717024e-01  0.34060758 -0.11836022 -0.0060778186
9   0.163911736  7.953895e-05 -0.09154907  0.05812448 -0.4725891365
10  0.163911736  7.953895e-05 -0.09154907  0.05812448 -0.4725891365
11  0.165355022  1.336222e-03 -0.08407462  0.05413544  0.2102374355
12 -0.208243439 -5.123208e-01  0.22228893 -0.64234024 -0.0088681735
13  0.165287667  1.260774e-03 -0.08391112  0.05385761  0.2617407162
14  0.165429982  2.975573e-03 -0.07888541  0.05158894  0.2314374956
15  0.165429982  2.975573e-03 -0.07888541  0.05158894  0.2314374956
16  0.164059529  1.872476e-03 -0.08605743  0.05554615 -0.4693976123
17  0.165287667  1.260774e-03 -0.08391112  0.05385761  0.2617407162
18  0.165355022  1.336222e-03 -0.08407462  0.05413544  0.2102374355
19 -0.316730920 -4.108738e-01  0.37755110  0.33790431  0.0002625805
           PCNM6
1   4.453754e-04
2   4.453754e-04
3  -3.411550e-06
4  -3.411550e-06
5   2.859623e-03
6  -1.633985e-01
7   7.521089e-02
8   7.521089e-02
9  -2.423869e-01
10 -2.423869e-01
11 -1.910840e-01
12 -2.007379e-03
13 -2.545757e-01
14  4.551556e-01
15  4.551556e-01
16  4.769646e-01
17 -2.545757e-01
18 -1.910840e-01
19  5.796952e-05

$xySpring2020
         PCNM1       PCNM2       PCNM3       PCNM4         PCNM5         PCNM6
1   0.11306122  0.21851170  0.06362269  0.08302286  0.5683451466  2.725843e-02
2  -0.20833944 -0.08300707 -0.01661539  0.06210201 -0.0042070973  2.017031e-01
3   0.19332738 -0.23241909  0.28737640  0.02801954 -0.0013408150  1.988466e-04
4   0.09443827  0.21209159  0.10980967 -0.66581498  0.0001245858 -1.002103e-03
5  -0.10329283  0.12164227 -0.01370114  0.01709334 -0.0026844555  5.346816e-04
6  -0.20833944 -0.08300707 -0.01661539  0.06210201 -0.0042070973  2.017031e-01
7  -0.20014680 -0.06230458  0.05784289 -0.67315175  0.0002121198 -1.622536e-05
8   0.18751620  0.12888696 -0.62112928 -0.03516567 -0.0004193380  4.709341e-05
9   0.21040763 -0.21938533 -0.24135069 -0.02839891  0.0002845372  1.672196e-05
10 -0.10329283  0.12164227 -0.01370114  0.01709334 -0.0026844555  5.346816e-04
11 -0.20823225 -0.08310222 -0.01655668  0.06250609  0.0340128031 -5.574238e-01
12  0.11306122  0.21851170  0.06362269  0.08302286  0.5683451466  2.725843e-02
13 -0.20836385 -0.08298041 -0.01663361  0.06206371 -0.0131697877  2.757966e-01
14 -0.20836385 -0.08298041 -0.01663361  0.06206371 -0.0131697877  2.757966e-01
15 -0.20836385 -0.08298041 -0.01663361  0.06206371 -0.0131697877  2.757966e-01
16 -0.20836385 -0.08298041 -0.01663361  0.06206371 -0.0131697877  2.757966e-01
17 -0.10329283  0.12164227 -0.01370114  0.01709334 -0.0026844555  5.346816e-04
18 -0.10329283  0.12164227 -0.01370114  0.01709334 -0.0026844555  5.346816e-04
19 -0.10329283  0.12164227 -0.01370114  0.01709334 -0.0026844555  5.346816e-04
20  0.11290816  0.21878719  0.06277573  0.08373447  0.0277718759 -1.167179e-03
21  0.11290816  0.21878719  0.06277573  0.08373447  0.0277718759 -1.167179e-03
22  0.19332738 -0.23241909  0.28737640  0.02801954 -0.0013408150  1.988466e-04
23  0.19332738 -0.23241909  0.28737640  0.02801954 -0.0013408150  1.988466e-04
24  0.19332738 -0.23241909  0.28737640  0.02801954 -0.0013408150  1.988466e-04
25  0.21040763 -0.21938533 -0.24135069 -0.02839891  0.0002845372  1.672196e-05
26  0.21040763 -0.21938533 -0.24135069 -0.02839891  0.0002845372  1.672196e-05
27  0.21040763 -0.21938533 -0.24135069 -0.02839891  0.0002845372  1.672196e-05
28 -0.20830184 -0.08304078 -0.01660334  0.06238181  0.0119677439 -3.169984e-01
29 -0.20830184 -0.08304078 -0.01660334  0.06238181  0.0119677439 -3.169984e-01
30 -0.20830184 -0.08304078 -0.01660334  0.06238181  0.0119677439 -3.169984e-01
31  0.11276244  0.21897373  0.06280365  0.08363954 -0.2958316783 -1.323009e-02
32  0.11276244  0.21897373  0.06280365  0.08363954 -0.2958316783 -1.323009e-02
33  0.11276244  0.21897373  0.06280365  0.08363954 -0.2958316783 -1.323009e-02
34  0.11276244  0.21897373  0.06280365  0.08363954 -0.2958316783 -1.323009e-02
           PCNM7         PCNM8
1   7.388059e-03 -2.289135e-01
2  -3.770690e-01 -7.185088e-04
3   6.806197e-05  1.528121e-04
4  -8.489974e-05 -8.091953e-07
5   1.799496e-04 -1.729813e-04
6  -3.770690e-01 -7.185088e-04
7  -1.034973e-05  6.745107e-04
8   1.607328e-05  9.758172e-05
9   5.941414e-06 -2.241238e-04
10  1.799496e-04 -1.729813e-04
11 -6.094171e-01 -4.340795e-03
12  7.388059e-03 -2.289135e-01
13  1.028601e-01  1.463073e-03
14  1.028601e-01  1.463073e-03
15  1.028601e-01  1.463073e-03
16  1.028601e-01  1.463073e-03
17  1.799496e-04 -1.729813e-04
18  1.799496e-04 -1.729813e-04
19  1.799496e-04 -1.729813e-04
20 -2.048646e-03  6.118403e-01
21 -2.048646e-03  6.118403e-01
22  6.806197e-05  1.528121e-04
23  6.806197e-05  1.528121e-04
24  6.806197e-05  1.528121e-04
25  5.941414e-06 -2.241238e-04
26  5.941414e-06 -2.241238e-04
27  5.941414e-06 -2.241238e-04
28  3.171640e-01 -3.963206e-05
29  3.171640e-01 -3.963206e-05
30  3.171640e-01 -3.963206e-05
31 -2.793198e-03 -1.913576e-01
32 -2.793198e-03 -1.913576e-01
33 -2.793198e-03 -1.913576e-01
34 -2.793198e-03 -1.913576e-01

[1] "Acessing PCNM scores"
[1] "Testing with RDA (full model)"
$seaFall2017
Call: rda(formula = x ~ Sex + AgeAtCollection + BirthYear +
BreedingStatus, data = data)

               Inertia Proportion Rank
Total         631.8559     1.0000     
Constrained   512.6482     0.8113   11
Unconstrained 119.2076     0.1887    3
Inertia is variance 
Some constraints were aliased because they were collinear (redundant)

Eigenvalues for constrained axes:
  RDA1   RDA2   RDA3   RDA4   RDA5   RDA6   RDA7   RDA8   RDA9  RDA10  RDA11 
114.20  94.67  70.78  54.60  44.55  34.61  27.31  23.93  21.52  13.94  12.54 

Eigenvalues for unconstrained axes:
  PC1   PC2   PC3 
56.62 32.30 30.28 


$seaFall2018
Call: rda(formula = x ~ Sex + AgeAtCollection + BirthYear +
BreedingStatus, data = data)

               Inertia Proportion Rank
Total         339.9647     1.0000     
Constrained   231.4608     0.6808   10
Unconstrained 108.5039     0.3192    3
Inertia is variance 
Some constraints were aliased because they were collinear (redundant)

Eigenvalues for constrained axes:
 RDA1  RDA2  RDA3  RDA4  RDA5  RDA6  RDA7  RDA8  RDA9 RDA10 
79.31 38.08 32.72 23.08 21.77 17.70  8.41  5.05  3.55  1.80 

Eigenvalues for unconstrained axes:
  PC1   PC2   PC3 
53.37 39.42 15.72 


$seaFall2020
Call: rda(formula = x ~ Sex + AgeAtCollection + BirthYear +
BreedingStatus, data = data)

                Inertia Proportion Rank
Total         1377.2542     1.0000     
Constrained    635.3978     0.4614    8
Unconstrained  741.8565     0.5386   10
Inertia is variance 
Some constraints were aliased because they were collinear (redundant)

Eigenvalues for constrained axes:
  RDA1   RDA2   RDA3   RDA4   RDA5   RDA6   RDA7   RDA8 
174.28 117.63  90.72  78.42  55.13  46.11  38.95  34.16 

Eigenvalues for unconstrained axes:
   PC1    PC2    PC3    PC4    PC5    PC6    PC7    PC8    PC9   PC10 
228.83  99.70  92.55  84.97  61.39  50.70  43.73  34.29  28.13  17.56 


$seaSpring2020
Call: rda(formula = x ~ Sex + AgeAtCollection + BirthYear +
BreedingStatus, data = data)

               Inertia Proportion Rank
Total         836.3710     1.0000     
Constrained   179.2752     0.2143    6
Unconstrained 657.0958     0.7857   27
Inertia is variance 
Some constraints were aliased because they were collinear (redundant)

Eigenvalues for constrained axes:
 RDA1  RDA2  RDA3  RDA4  RDA5  RDA6 
63.70 39.50 31.40 20.80 15.44  8.43 

Eigenvalues for unconstrained axes:
   PC1    PC2    PC3    PC4    PC5    PC6    PC7    PC8 
109.65  79.81  67.11  42.12  37.43  36.32  32.17  26.67 
(Showing 8 of 27 unconstrained eigenvalues)


[1] "Prediction 2A - Host associated factors"
Step: R2.adj= 0 
Call: x ~ 1 
 
                   R2.adjusted
<All variables>    0.119574014
+ BirthYear        0.097116505
+ BreedingStatus   0.023635232
+ Sex              0.002101546
<none>             0.000000000
+ AgeAtCollection -0.010213972

            Df    AIC      F Pr(>F)
+ BirthYear  8 99.453 1.1882  0.162

Step: R2.adj= 0 
Call: x ~ 1 
 
                   R2.adjusted
+ BreedingStatus   0.003249787
<none>             0.000000000
+ Sex             -0.023330715
+ AgeAtCollection -0.054500851
+ BirthYear       -0.372487529
<All variables>   -0.383036018

Step: R2.adj= 0 
Call: x ~ 1 
 
                   R2.adjusted
<All variables>    0.030431998
+ BirthYear        0.028367498
+ AgeAtCollection  0.018226837
+ BreedingStatus   0.007502381
<none>             0.000000000
+ Sex             -0.003604462

            Df    AIC      F Pr(>F)
+ BirthYear  6 142.05 1.0876   0.26

Step: R2.adj= 0 
Call: x ~ 1 
 
                  R2.adjusted
<All variables>    0.03975981
+ AgeAtCollection  0.03134731
+ BirthYear        0.02071968
+ Sex              0.01767898
+ BreedingStatus   0.01496046
<none>             0.00000000

                  Df    AIC      F Pr(>F)  
+ AgeAtCollection  1 229.64 2.0679  0.012 *
---
Signif. codes:  0 ‘***’ 0.001 ‘**’ 0.01 ‘*’ 0.05 ‘.’ 0.1 ‘ ’ 1

Step: R2.adj= 0.03134731 
Call: x ~ AgeAtCollection 
 
                 R2.adjusted
+ Sex             0.04454736
+ BreedingStatus  0.04087442
<All variables>   0.03975981
<none>            0.03134731
+ BirthYear       0.02071968

$seaFall2017
Call: rda(formula = x ~ 1, data = data)

              Inertia Rank
Total           631.9     
Unconstrained   631.9   14
Inertia is variance 

Eigenvalues for unconstrained axes:
   PC1    PC2    PC3    PC4    PC5    PC6    PC7    PC8    PC9   PC10   PC11 
126.58  96.43  78.94  65.40  57.18  44.29  33.88  32.94  24.42  20.97  18.76 
  PC12   PC13   PC14 
 12.52  10.77   8.77 


$seaFall2018
Call: rda(formula = x ~ 1, data = data)

              Inertia Rank
Total             340     
Unconstrained     340   13
Inertia is variance 

Eigenvalues for unconstrained axes:
   PC1    PC2    PC3    PC4    PC5    PC6    PC7    PC8    PC9   PC10   PC11 
102.71  59.90  44.86  27.25  23.32  22.94  19.23  17.19   8.43   5.92   3.80 
  PC12   PC13 
  2.65   1.78 


$seaFall2020
Call: rda(formula = x ~ 1, data = data)

              Inertia Rank
Total            1377     
Unconstrained    1377   18
Inertia is variance 

Eigenvalues for unconstrained axes:
   PC1    PC2    PC3    PC4    PC5    PC6    PC7    PC8 
312.77 167.94 136.30 110.20  94.36  76.08  72.57  64.00 
(Showing 8 of 18 unconstrained eigenvalues)


$seaSpring2020
Call: rda(formula = x ~ AgeAtCollection, data = data)

               Inertia Proportion Rank
Total         836.3710     1.0000     
Constrained    50.7681     0.0607    1
Unconstrained 785.6029     0.9393   32
Inertia is variance 

Eigenvalues for constrained axes:
 RDA1 
50.77 

Eigenvalues for unconstrained axes:
   PC1    PC2    PC3    PC4    PC5    PC6    PC7    PC8 
137.01  80.98  71.30  56.87  49.59  39.57  37.23  33.98 
(Showing 8 of 32 unconstrained eigenvalues)


[1] "Summary of environmental selection process"
$seaFall2017
NULL

$seaFall2018
NULL

$seaFall2020
NULL

$seaSpring2020
                    R2.adj Df    AIC      F Pr(>F)  
+ AgeAtCollection 0.031347  1 229.64 2.0679  0.012 *
<All variables>   0.039760                          
---
Signif. codes:  0 ‘***’ 0.001 ‘**’ 0.01 ‘*’ 0.05 ‘.’ 0.1 ‘ ’ 1

[1] "ANOVA on full environmental selection"
$seaFall2017
No constrained component

Model: rda(formula = x ~ 1, data = data)
         Df Variance  F Pr(>F)
Model     0     0.00  0       
Residual 14   631.86          

$seaFall2018
No constrained component

Model: rda(formula = x ~ 1, data = data)
         Df Variance  F Pr(>F)
Model     0     0.00  0       
Residual 13   339.96          

$seaFall2020
No constrained component

Model: rda(formula = x ~ 1, data = data)
         Df Variance  F Pr(>F)
Model     0      0.0  0       
Residual 18   1377.2          

$seaSpring2020
Permutation test for rda under reduced model
Permutation: free
Number of permutations: 999

Model: rda(formula = x ~ AgeAtCollection, data = data)
         Df Variance      F Pr(>F)   
Model     1    50.77 2.0679  0.006 **
Residual 32   785.60                 
---
Signif. codes:  0 ‘***’ 0.001 ‘**’ 0.01 ‘*’ 0.05 ‘.’ 0.1 ‘ ’ 1

$seaFall2017
$species
                                    PC1           PC2
EU374909.1.1206            -0.240336203 -0.0580869749
MH236011.1.1204            -0.196760964  0.5449874936
JQ466140.1.1308            -0.256261519 -0.0633603560
GQ009821.1.1349            -0.071810179  0.0634525404
AM237368.1.1456            -0.300252612 -0.0779272123
HM270912.1.1304            -0.219961534 -0.0497292282
JF790967.1.1432            -0.204910197 -0.0463562923
FN421749.1.1369            -0.109766608  0.0557463947
GQ113171.1.1349            -0.128510118 -0.1555541000
CU924115.1.1369            -0.183444163 -0.0392482025
MH447059.1.1230             0.918754289 -0.1950324409
AM697010.1.1473            -0.138469119 -0.0223046720
JQ456274.1.1389             0.047800781 -0.3722883156
JN615702.1.1315            -0.141534425 -0.0234475979
KF063016.1.1336            -0.229526948 -0.1643793718
FR716684.1.1401            -0.260515126 -0.0647688609
CVRG01041904.1.1229        -0.286743614 -0.2391048961
FJ558058.1.1360             0.162118484 -0.1642749073
JN590606.1.1265            -0.185887116 -0.0400571421
MG738337.1.1283            -0.112568720  0.0736012941
KY963445.1.1230             0.526883598  1.1805882602
KP717958.1.1215             0.023288234  0.1846851925
KP027016.1.1336            -0.231608076  0.1311565525
LC190811.1.1214            -0.263386469 -0.0657196543
EU768020.1.1365             0.082080010 -0.4839866520
KR514582.1.1245            -0.182727558 -0.2121196353
KF101495.1.1358            -0.229209843 -0.0544026814
EU133399.1.1323            -0.300252612 -0.0779272123
EF050096.1.1264            -0.193136172 -0.0424575361
EU239162.1.1272             0.113889705 -0.1606142198
KF756254.1.1238            -0.187338092 -0.0405376068
KF094662.1.1371            -0.226683355 -0.0535660806
KF101799.1.1351            -0.076051728 -0.1626127630
GQ379617.1.1220             0.164687006 -0.3114433507
AJ575688.1.1457             0.287348055  0.2817101380
GQ003913.1.1349            -0.076522740 -0.0953102468
DQ420178.1.1216            -0.166260822 -0.0335582490
JQ456193.1.1347            -0.196927876 -0.0437130906
GQ157794.1.1428             0.026874530  0.3273612591
GQ094283.1.1347            -0.058511396  0.2092392676
KJ809260.1.1509            -0.171382819 -0.0352543060
AB637074.1.1458             0.208578339  0.1760568484
AOQF01000068.44124.45733   -0.307841944 -0.0527097894
AB272364.1.1268            -0.059645689  0.1208626200
EF522125.1.1538            -0.269056896 -0.0675973141
KM117219.1.1448            -0.218569565 -0.0508793456
JQ855630.1.1284             0.372206541 -0.1613334413
FJ466050.1.1386            -0.008214420 -0.2777986761
KX881777.1.1230            -0.093858297  0.0766537810
KX225292.1.1208            -0.045782418  0.1359262928
AM696989.1.1449             0.262409716  0.3656614685
KY908289.1.1327             0.034025967 -0.1394051367
FR847847.1.1348            -0.165962036 -0.0334593114
EU465367.1.1437            -0.164607487 -0.0330107770
FJ393073.1.1503             0.043011395  0.0849814346
KF084442.1.1326            -0.145985816  0.0344839841
GQ035558.1.1350            -0.165738982 -0.0333854512
HM256610.1.1349             0.051594257 -0.1490379912
EU560799.1.1486             0.074137132 -0.0407983175
JQ453181.1.1411            -0.069846796 -0.0951797598
KJ809354.1.1468            -0.252536131 -0.0621267608
GQ014605.1.1316            -0.142383691 -0.0237642537
FJ957564.1.1515             0.385501799 -0.3369806717
MH447031.1.1244             0.085548588 -0.4481772179
GU731346.1.1349            -0.238953500 -0.0576291177
KF080158.1.1305             0.296974537 -0.2445907529
KM253006.1.1448            -0.201347691 -0.0451766327
KY024500.1.1206            -0.336734402 -0.0873451805
JQ014516.1.1251             0.248228403  0.0157842409
HM304713.1.1352            -0.300252612 -0.0779272123
HM263196.1.1366            -0.185389872 -0.0398924888
JN367254.1.1453             0.214311259 -0.1269888606
KC358437.1.1263            -0.143577179 -0.0242092561
JX627626.1.1239            -0.006414170  0.7011420804
HM279057.1.1349             0.098556401 -0.1130767459
AY500143.1.1430            -0.197589521 -0.0439321824
KF086785.1.1341            -0.036317366  0.1146501782
JX657043.1.1256             0.254393069 -0.3346555847
KM264402.1.1478            -0.230943743 -0.0549768310
FPLS01052044.12.1513       -0.169271357 -0.0345551334
FJ434113.1.1425            -0.194196994 -0.0428088083
GQ448318.1.1256            -0.093613947 -0.1522246432
HM810242.1.1370            -0.540723509 -0.1708594411
EU196771.1.1211             0.270264417  0.5820813188
JQ453094.1.1265            -0.175254383 -0.0491748169
KF100146.1.1366            -0.009720542 -0.1565844037
JQ453421.1.1412             0.453737362 -0.3342354293
HQ745323.1.1440            -0.272062404  0.0960212320
GQ927310.1.1446            -0.182694135  0.1687519772
JQ186386.1.1354            -0.392490537 -0.1084701369
KY908268.1.1323            -0.201176435 -0.0451199242
KF099033.1.1342            -0.018715945 -0.2438648787
KF084353.1.1339            -0.238199523 -0.0573794517
KT005643.1.1200            -0.212927496 -0.0490110762
FPLS01012024.1.1259        -0.242411667 -0.0587742271
AB730646.1.1429            -0.207209683 -0.0471177254
HM252077.1.1349            -0.021044961 -0.1140666749
JQ404454.1.1248            -0.177328211 -0.0372230152
KF756190.1.1310            -0.186455713 -0.0402454227
JF017343.1.1375             0.903884168 -0.3750890754
KF101919.1.1361            -0.115462060 -0.1398453820
JQ522962.1.1258            -0.386098061 -0.1216750071
FJ900895.1.1281            -0.212650766 -0.0489194419
AM697130.1.1456            -0.248187121 -0.0965423651
JF224904.1.1305            -0.208777118 -0.0476367533
AB034799.1.1494            -0.240024911 -0.0579838961
KM242581.1.1405            -0.300252612 -0.0779272123
AM403311.1.1280            -0.300252612 -0.0779272123
KF098427.1.1370             0.364866318 -0.2127333205
KP339859.1.1411            -0.186158011 -0.0401468441
EU705724.1.1206            -0.221935620 -0.0519939536
LK985358.1.1200            -0.069960576 -0.2799102267
JQ467255.1.1254             0.007074952 -0.3220265053
HM186527.1.1371            -0.300252612 -0.0779272123
FR733885.1.1353            -0.310916775 -0.0755599002
AJ292597.1.1461             0.108783512  0.1261883822
HF677134.1.1260            -0.190622051 -0.0008373577
HQ774508.1.1459             0.097429866 -0.5489205335
EF111062.1.1228             0.167088795 -0.2563438730
GQ006553.1.1331            -0.252368663 -0.0620713068
DQ906050.1.1458            -0.094134292 -0.1718743232
EU907884.1.1353             0.224556452  0.1996533587
HG800468.1.1200             0.484599745 -0.3454870511
LN854583.1.1235            -0.242240546 -0.0587175635
FJ981654.1.1204             0.281867646 -0.2942475948
FJ946525.1.1290            -0.199955820 -0.0447157395
GQ014615.1.1346             0.024914837 -0.1095498249
JQ475420.1.1245            -0.205633791 -0.0465958972
EU868814.1.1450             0.588875718 -0.2396964219
JN590703.1.1281            -0.194956359  0.0978971870
JQ449890.1.1405             1.064847998 -0.2796530676
DQ129588.1.1516            -0.401604366 -0.1213475543
MH447029.1.1245            -0.098452819 -0.3553353067
JQ684361.1.1453            -0.211534306 -0.0485497462
KC002967.1.1344            -0.218332162 -0.0508007339
JQ466276.1.1304            -0.206852014 -0.0469992899
JF150575.1.1370            -0.300252612 -0.0779272123
JQ449887.1.1241             0.208738655 -0.2376130330
EF019185.1.1381            -0.209238989 -0.0477896936
KJ623585.1.1469            -0.144515232 -0.0245590173
MH368252.1.1352            -0.143712472 -0.0242597012
JQ691707.1.1488            -0.057368488  0.4407934130
KF098552.1.1358             0.122192874 -0.2203622657
JF203190.1.1346            -0.300252612 -0.0779272123
JQ453278.1.1401             0.042444082 -0.2973229075
GQ085072.1.1341             0.261176879 -0.6353845773
JX458433.1.1240             0.358236608  0.2669696329
AMGM01000177.486.1752      -0.166027584 -0.0334810166
JF140876.1.1359             0.093878080 -0.0999666188
KX771280.1.1349            -0.300252612 -0.0779272123
HM276373.1.1351             0.022754501  0.1426567401
AJ275038.1.1439            -0.170417211 -0.0349345624
DQ644497.1.1533            -0.246729733 -0.0602040768
JF220967.1.1337             0.045807231 -0.4309647656
GQ006259.1.1327             0.005124077 -0.0650986161
HG800046.1.1425            -0.251416275 -0.0617559409
KX508304.1.1490            -0.243676353 -0.0591930052
FM872852.1.1485            -0.006591075  0.2252571510
LN611366.1.1300            -0.169921185 -0.0347703123
JF223442.1.1369             0.471156203 -0.4362515158
JF217150.1.1312             0.017677716 -0.1263416440
JQ014532.1.1307             0.008012663  0.1689492029
HAAC01027432.1.1206        -0.290085393 -0.0741848849
JQ467010.1.1278             0.206558916 -0.5041518011
JF240039.1.1322             0.332902298 -0.5030580592
KF096013.1.1247             0.356348672 -0.3783765336
JQ455641.1.1400            -0.138978222 -0.0224944955
HW066504.1.1528             0.160281910  0.3165414935
GQ267972.1.1461             0.791253282  1.1832352248
EU236279.1.1411            -0.280111239  0.1331740335
KF061609.1.1285            -0.080767029  0.2589795916
KX363704.1.1459            -0.242981066  0.1105581560
JF202879.1.1303             0.171788753 -0.2585344327
JF146179.1.1366            -0.197503737 -0.0439037766
FR720647.1.1447            -0.184225354 -0.0395068797
FLKB01000005.3297.4792     -0.168763594 -0.0343869969
KX212259.1.1200            -0.113261913 -0.1260261861
KF756208.1.1251            -0.203759425 -0.0459752348
AB746431.1.1394            -0.166417602 -0.0336101638
KM819108.1.1529            -0.098580136 -0.1203923444
KJ496054.1.1444            -0.183491590 -0.0392639070
GU227198.1.1891            -0.106930496 -0.3721285474
AB538433.1.1488            -0.220048310 -0.0513690052
MH813962.1.1255            -0.143607490 -0.2183509011
FN421757.1.1382            -0.178577340 -0.0376366418
EU239123.1.1223            -0.137458098 -0.0673801613
HE795127.1.1443             0.181843198 -0.2741581065
JF150579.1.1352             0.363543780 -0.2187576566
KY038312.1.1251            -0.174562205 -0.0363071022
FQ658706.2.1303            -0.113261913 -0.1260261861
Z78206.1.1473              -0.232277353 -0.0554184322
HM445406.1.1361            -0.218700155 -0.0509225880
GQ358840.1.1493            -0.300252612 -0.0779272123
DQ834356.1.1441            -0.147943033  0.2705162630
MG675050.1.1274             0.296236297 -0.1553150345
JF229797.1.1352            -0.266092916 -0.0666158457
JF231450.1.1376            -0.218928010 -0.2053297390
GQ984339.1.1269            -0.140136832 -0.0229264932
JQ991923.1.1360             0.097436922  0.1386088573
EF653575.1.1340            -0.267183914 -0.0669771099
HM438483.1.1484            -0.198888943 -0.0443624624
KF286609.1.1482            -0.192054060 -0.0420992146
JF115422.1.1375             0.351659355 -0.3601433909
MH259800.1.1388            -0.182663483 -0.0389896942
JN797481.1.1203            -0.178072729 -0.0374695491
DQ800421.1.1361            -0.142972646 -0.0239838509
HM278195.1.1308            -0.224517894 -0.0528490272
JQ466576.1.1367             0.099015739  0.1451116055
AM039968.1.1512            -0.189538036 -0.0412660784
HQ698589.1.1398             0.047897430  0.5735618182
LN854580.1.1220            -0.170183679 -0.0348572323
HQ860753.1.1200            -0.183622738 -0.0393073341
KF098358.1.1361            -0.127579122 -0.6264073124
JQ342863.1.1390            -0.226810155 -0.0536080681
HQ811598.1.1472            -0.240689139 -0.1769455622
KF826010.1.1436            -0.279579701 -0.0692821017
JF231895.1.1308            -0.246678053 -0.0657179007
JF021752.1.1274             0.155670400 -0.2243668009
HQ598946.1.1456            -0.228697246 -0.0542329441
KU881628.1.1200            -0.141915871 -0.0235898233
AB991050.1.1411            -0.049630077  0.0293341200
AY173020.1.1325            -0.178383162 -0.0375723433
GQ850582.1.1448            -0.166942624 -0.0337840156
HQ744394.1.1427            -0.145181531 -0.0248074527
GU293217.1.1487            -0.089087539 -0.1211114669
EU360476.1.1340            -0.142197350 -0.0236947751
EU705816.1.1232             0.436047374 -0.2209828366
KC336486.1.1472            -0.247274353 -0.0603844180
Y09655.1.1468               0.122079156 -0.0988312034
HE602890.1.1401            -0.168438645 -0.0342793959
JF111268.1.1369            -0.039904898 -0.3054417645
KT203427.1.1205             0.227199530  0.3613724663
FJ527819.1.1459            -0.143548630 -0.0241986114
AF016390.1.1538            -0.133744440 -0.1536190741
MH197051.1.1200            -0.139598543 -0.0227257874
AJ786801.1.1437            -0.189822429 -0.0413602501
KF479549.1.1506            -0.200781186 -0.0449890446
KC511070.1.1353            -0.172642987 -0.0356715878
HE582888.1.1283             0.198578377  0.0932184870
KF082954.1.1307             0.567841329 -0.0631227280
KT582003.1.1350             0.187012817  0.2115129010
KF413411.1.1467            -0.213109433 -0.0490713214
DQ059817.1.1299            -0.149461774  0.0050564303
KU674365.1.1488            -0.248680790 -0.0608501341
JQ455259.1.1251             0.605932226 -0.2740409590
FMJA01000006.260934.262419  0.079556591 -0.1165505450
KF070907.1.1357            -0.056223303 -0.1316176258
MF369939.1.1403            -0.196136737 -0.0434511192
JQ453285.1.1278             0.068322700 -0.4684983440
KM251024.1.1452            -0.253731580 -0.0625226123
JF265850.1.1359            -0.203796593 -0.0459875423
HQ746842.1.1393            -0.217209379 -0.0504289445
KM187215.1.1403            -0.164484590 -0.0329700820
KF061369.1.1304            -0.149233694 -0.2045372949
KF100596.1.1359            -0.185061392 -0.0397837187
JF411370.1.1398            -0.218013224 -0.0506951230
HM332168.1.1306             0.103841641  0.1395710018
HM274530.1.1342            -0.249904377 -0.0612553031
JN089710.1.1214            -0.118260118  0.0211469884
EU706079.1.1249            -0.300252612 -0.0779272123
JQ684470.1.1465            -0.165403219  0.3188325331
HM270687.1.1304            -0.185582588 -0.0399563031
KX583579.1.1213            -0.139598543 -0.0227257874
EU536823.1.1396            -0.192777875 -0.0423388928
FJ802321.1.1209             0.452381435 -0.0796343631
AJ292648.1.1494            -0.175560815 -0.0366377738
AB369002.1.1355            -0.230708060 -0.0548987890
JX986968.1.1511            -0.265041929 -0.0662678302
AF247813.1.1375            -0.217802862 -0.0506254655
FJ466044.1.1396            -0.236550551 -0.0568334246
GQ085228.1.1339            -0.192055556 -0.0420997097
AB698720.1.1455            -0.024445191 -0.1242618134
KY680227.1.1207            -0.300252612 -0.0779272123
LN611354.1.1200             0.462752120  0.0391097091
KX640928.1.1211            -0.211196020 -0.0484377290
KM974909.1.1455            -0.186291637 -0.0401910920
KC108987.1.1200            -0.176606606 -0.0369840687
FJ534995.1.1486            -0.219504578 -0.0511889581
JF223997.1.1388            -0.163458323 -0.2323392967
AB698685.1.1444            -0.165346210 -0.0332553917
JN023851.1.1453            -0.197718064 -0.0439747473
HQ595201.1.1462            -0.053372067  0.0822814298
MG546549.1.1454            -0.163080029  0.1096263502
KU324909.1.1217             0.426523987 -0.0996594462
JF198984.1.1350            -0.241690000 -0.0585352602
AGZE01000001.1.1322        -0.111525545  0.0574101710
MH571636.1.1200             0.285955457 -0.3645385085
JF163633.1.1360             0.423760177 -0.5076119842
JF067258.1.1350             0.020570263 -0.1371072665
AJ272303.1.1426            -0.190212272 -0.0414893397
KJ578741.1.1411            -0.239716746 -0.0578818526
JQ855614.1.1252             0.452775030 -0.3394975694
KF098316.1.1357            -0.170371873 -0.0349195493
KF464373.1.1241            -0.259360533 -0.0643865383
KF066950.1.1341             0.429768289 -0.3199976765
KF147055.1.1458            -0.190220678 -0.0414921229
KJ579161.1.1520            -0.238101841 -0.0573471063
FJ598364.1.1434             0.007227985 -0.4654487499
KF201713.1.1445            -0.173695456 -0.0360200941
JF106001.1.1271            -0.039803984 -0.5527547759
KY941259.1.1214            -0.004021747  0.0879436747
GQ097820.1.1308             0.092508342  0.1415572864
FJ512842.1.1396            -0.223072915 -0.0523705484
AB205576.1.1426            -0.184418442 -0.0395708173
JQ460239.1.1372            -0.180232564  0.0041551354
KT767708.1.1430            -0.183644564 -0.0393145617
HQ674799.1.1456             0.075479039 -0.3763313712
HM276508.1.1382             0.154177419 -0.2168893345
FJ825887.1.1469            -0.226241465 -0.0534197567
KF063555.1.1283            -0.180745218 -0.0383544954
KF052592.1.1446             0.016817944 -0.1359745333
KX880977.1.1307            -0.068852630  0.2633917194
EF019669.1.1293            -0.140548242 -0.0230798908
FJ849642.1.1453            -0.203991784 -0.0460521764
KU569617.1.1237             0.334992398 -0.0252908690
MF765337.1.1200            -0.031425107  0.1336487611
HQ598755.1.1456            -0.216612537 -0.0502313110
D32226.1.1405              -0.165346210 -0.0332553917
MK135915.1.1317             0.073166107  0.1128796643
KF101923.1.1355             0.037702093 -0.3747626899
KF100164.1.1351             0.110717105 -0.2346992536
AB033209.1.1505            -0.173819172 -0.0360610603

$sites
           PC1        PC2
G0  -3.6954558 -0.8365458
G1   0.2048124  3.4012230
G12  0.5516190  1.5056502
G15 -3.8093495 -1.6319723
G17  0.8090947  0.3439224
G19 -1.0499404 -0.3039190
G2   0.3587039  3.7595666
G20  2.5976094 -2.3286131
G24  0.2709047  3.2708054
G25 -0.8868429 -1.1959557
G28 -5.0716613 -1.6793891
G29  3.9208782 -5.3899131
G4   0.5024913  0.8438021
G5   3.2268510  2.6052311
G7   2.0702854 -2.3638927

attr(,"const")
[1] 9.698097
attr(,"class")
[1] "ordiplot"

$seaFall2018
$species
                                 PC1         PC2
MH236011.1.1204           0.17740170 -0.04606536
HM270912.1.1304          -0.10452574 -0.11098165
GQ113171.1.1349          -0.32068669  0.28480170
MH447059.1.1230          -0.10265611  0.44339604
KF098860.1.1353          -0.39910294  0.66568350
KF063016.1.1336          -0.38360203  0.33586955
FJ558058.1.1360          -0.18363417  0.74119366
KF101734.1.1362          -0.32575611  0.28615110
KY963445.1.1230          -1.41170203 -0.41183324
KP717958.1.1215          -0.55324504  0.06152485
LC190811.1.1214           0.15033152  0.43469364
KR514582.1.1245           0.23228866  0.42231984
EU239162.1.1272          -0.17292560  0.14688914
KF101799.1.1351          -0.25226068  0.22926090
GQ379617.1.1220           0.19830232  0.40786794
AB637074.1.1458           0.12155598  0.03175280
AOQF01000068.44124.45733  0.15081442  0.43660174
AB272364.1.1268          -0.15597396 -0.09346747
JQ855630.1.1284           0.13215916  0.25597826
KY908289.1.1327          -0.14758796 -0.27232014
JQ447599.1.1283          -0.15884489  0.15343612
KF084442.1.1326          -0.27907806  0.25102834
EU560799.1.1486           0.96634507 -0.22264413
JQ453181.1.1411           0.12554323 -0.03140424
GQ014605.1.1316          -0.10097990  0.54533672
FJ957564.1.1515          -0.87543229  0.17884435
FM873018.1.1452           0.07629349 -0.04064694
MH447031.1.1244          -0.13221227 -0.13113157
KF080158.1.1305          -0.10302552 -0.12293221
HM263196.1.1366           0.10665388  0.26210987
JX627626.1.1239          -1.18029548  0.09000945
FN824831.1.1299           0.11983396  0.03095213
JX657043.1.1256           0.33061927  0.39216336
EU196771.1.1211          -1.66500128 -0.47359300
KF100146.1.1366          -0.21634541  0.20010879
JQ453421.1.1412           0.10779977 -0.04702317
GQ927310.1.1446          -0.80321954  0.01184079
JQ186386.1.1354          -0.13221227 -0.13113157
KF099033.1.1342          -0.21634541  0.20010879
KF084353.1.1339          -0.17951007  0.72726539
JF017343.1.1375          -0.30577779  0.84574860
AB034799.1.1494           0.14719888  0.42231561
JQ467255.1.1254          -0.23896435  0.21846839
MH173277.1.1221          -0.24583372 -0.25558646
FR733885.1.1353           0.12497064 -0.03385790
GQ006553.1.1331          -0.25579029  0.27415285
HG800468.1.1200          -0.39059419  0.12176659
FJ981654.1.1204          -0.46805083  0.40441591
EU868814.1.1450           0.10217950 -0.03958539
JN590703.1.1281          -0.12492976 -0.12583144
GQ014659.1.1348          -0.17214122  0.16422863
JQ449890.1.1405           0.18297282  0.37479090
DQ129588.1.1516           0.11797403  0.03008733
MH447029.1.1245           0.12984392  0.03560637
JQ449887.1.1241          -0.17958232  0.68209749
JQ691707.1.1488          -0.13136380 -0.18303720
KF098552.1.1358           0.12700602  0.34252743
JF203190.1.1346           0.21579222  0.38838029
AMGM01000177.486.1752    -0.09539447 -0.26277173
JF140876.1.1359          -0.06064364 -0.07904478
KX771280.1.1349           0.11983396  0.03095213
JF220967.1.1337           0.14290479  0.40534835
JF223442.1.1369          -0.41269929  0.46510989
JF217150.1.1312           0.10582592 -0.02582988
JQ014532.1.1307          -0.24809223  0.22587741
HAAC01027432.1.1206      -0.20939464  0.19446691
JF240039.1.1322          -0.19509653  0.16490557
KF096013.1.1247          -0.43422429  0.11935947
GQ267972.1.1461          -1.69794443 -0.41627640
EU236279.1.1411           0.16116868  0.05017115
CR933228.2.1304           0.13739596  0.43828665
JF202879.1.1303           0.09763104  0.02062864
HQ813447.1.1408          -0.02445686  0.40062690
KM819108.1.1529          -0.32068669  0.28480170
MH813962.1.1255           0.22118471 -0.06397234
FN421757.1.1382           0.12831707  0.34770778
KC924939.1.1365           0.16105095  0.47704938
HE795127.1.1443           0.01141999  0.15378406
JQ449983.1.1321          -0.30471896  0.16555249
MH400162.1.1200           0.34492262 -0.22869186
JX967345.1.1427          -0.31376866  0.15222401
EF653575.1.1340           0.19517423  0.37879373
JF115422.1.1375          -0.21969747  0.19414385
EU196777.1.1200          -0.52607990 -0.72714976
JQ466576.1.1367          -0.17214122  0.16422863
HQ698589.1.1398          -0.64859795 -0.44423400
MH096047.1.1231           0.11771325 -0.02919060
HM318996.1.1322           0.12157839  0.38804564
KF098358.1.1361           0.15913842  0.46949239
HQ811598.1.1472           0.11789481 -0.03164321
KF826010.1.1436          -0.22747026 -0.12530663
HQ598946.1.1456          -0.15160501 -0.14524537
AB991050.1.1411           0.22361454  0.32601664
GQ850582.1.1448           0.05937917 -0.17850552
JF111268.1.1369           0.13994877 -0.03547689
AF016390.1.1538           0.10596432 -0.01783280
MH197051.1.1200           0.21008063 -0.18907122
KF082954.1.1307           0.23710299  0.41358675
JQ455259.1.1251          -0.03947904  0.29588534
KF070907.1.1357          -0.09303480 -0.10261868
KM251024.1.1452           0.14099804 -0.03887439
HM274530.1.1342          -0.19868232  0.72690844
KX583579.1.1213          -0.20171093  0.18823011
FJ802321.1.1209          -0.15245767 -0.09190158
AB369002.1.1355          -0.39303077  0.21169297
MK005285.1.1200           0.11771325 -0.02919060
AB698720.1.1455          -0.08833016 -0.09919470
KX640928.1.1211          -0.25994439  0.23549771
KC108987.1.1200          -0.10105023 -0.10845221
FJ534995.1.1486           0.26994659  0.48607090
MG546549.1.1454          -0.31859816 -0.28379614
KU324909.1.1217           0.99729480 -0.15859911
JF163633.1.1360           0.13903608 -0.03521886
AJ272303.1.1426           0.15556085 -0.03491716
JN024058.1.1455          -0.13973783 -0.13161052
JQ855614.1.1252          -0.33883814  0.29953509
KY941259.1.1214          -0.19312126  0.18125795
GQ097820.1.1308          -0.34701462  0.30617186
JF200056.1.1323          -0.28372296  0.24141639
KX990248.1.1356           0.10855236  0.02570663
HM276508.1.1382          -0.07476025 -0.09975798
KF052592.1.1446           0.07302907 -0.04952423
KX880977.1.1307           1.30165068 -0.45972908
FJ849642.1.1453           0.13139152 -0.03305764
KU569617.1.1237          -0.18004931  0.18945819
KF100164.1.1351           0.24903441  0.44819816
KC112035.1.1269           0.04900061 -0.12263935
AB033209.1.1505          -0.20939464  0.19446691

$sites
           PC1        PC2
G10 -2.4655108 -2.0214319
G11  1.5470350 -0.4373685
G13  1.5447662  0.7182556
G14  0.7185787 -0.8910524
G16  1.3527523 -0.4834236
G18  1.3582604 -0.2219843
G21 -4.8482179  3.9352567
G22 -3.3882000 -1.5088537
G26  1.5248484  6.0251439
G27  1.3980313 -0.4375756
G3   1.3843889 -0.8226966
G30  1.2799923 -0.7435213
G8  -2.6554098 -1.9325752
G9   1.2486849 -1.1781732

attr(,"const")
[1] 8.153504
attr(,"class")
[1] "ordiplot"

$seaFall2020
$species
                                  PC1           PC2
KM021097.1.1244          -0.303993064 -0.0709619543
X81872.1.1430            -0.192664201 -0.2974760803
KU324914.1.1231           0.151588085 -0.8043560851
JF790967.1.1432          -1.050727008  0.4916783737
KP717943.1.1266           0.352896709  0.0143711445
AF542234.1.1418          -0.380401402 -0.2691437506
KF098860.1.1353          -0.267142435 -0.1483171275
HM069224.1.1426           0.169414457  0.1061426341
EU133428.1.1318          -0.257037469 -0.4515134932
FJ363751.1.1374           0.212737605  0.0629553939
KY963445.1.1230          -0.749208476  0.4605935119
GQ038569.1.1298          -0.464737440 -0.3455293940
AM943029.1.1242          -0.579213305  0.1468860717
HM843775.1.1306          -0.168782400 -0.0190199630
KY780350.1.1207           0.604590451  0.9743634467
MG859559.1.1339          -0.273290807 -0.0258414211
KF756254.1.1238          -0.871408684  0.4307541346
JF222135.1.1307          -0.104388952 -0.1120024006
KF094662.1.1371           0.166258367 -0.9416147456
HE652090.1.1459          -0.160741358 -0.0973192048
JN672003.1.1289           0.039597783 -0.2771026511
GQ044514.1.1347          -0.200462487 -0.4471662926
MH323407.1.1447          -0.323904777 -0.0288809634
KJ809260.1.1509          -0.610594676  0.0582722396
AB637074.1.1458          -0.397904998  0.0638336393
JQ855615.1.1266          -0.144060374 -0.0821474177
AM697454.1.1437          -0.058777927 -0.4359890082
JF141683.1.1340          -0.141979382 -0.3298738737
KF083132.1.1378          -0.094753030 -0.1109627192
AM696989.1.1449          -0.166001630 -0.2653859243
EU844911.1.1328          -0.128513564 -0.4569566388
FR847847.1.1348           0.029417852 -0.2246892399
KF189006.1.1289           0.402495315 -0.0042482808
EU465367.1.1437          -0.714728004  0.0488588772
FJ466063.1.1461          -0.368920840 -0.0056803526
JQ855569.1.1259          -0.111582307 -0.2502996343
JX222489.1.1391          -0.182634560 -0.2970577662
JN023102.1.1455           0.039427857  0.0341658066
MH393477.1.1503          -0.869530026  0.5566746234
X74687.1.1457            -0.457792990 -0.3761942361
KF037469.1.1449          -0.356509934 -0.2775249479
JF183284.1.1372          -0.139971610 -0.3357567274
KX792217.1.1200           0.480035532  0.6545877990
EU705078.1.1288          -0.120928198  0.0255181815
KX507782.1.1490           0.044081376  0.3070694541
KM253006.1.1448           0.031992648  0.3431576167
MH235974.1.1212          -0.848955972  0.4104650988
KC618479.1.1393          -0.035590757  0.3331248445
GFIM01005958.9.1236      -0.247117811 -0.2922770090
AJ227797.1.1418           0.335386684  0.0979867252
JQ796662.1.1393           0.157901728  0.2225715969
KM264402.1.1478           0.105058174  0.2814124054
KX378956.1.1440          -0.600293080 -0.1067858142
KX880951.1.1230           0.654099031  0.7645227161
KF067707.1.1340          -0.218028351 -0.2880188311
KC178570.1.1440          -0.078794192  0.4183029148
KY476123.1.1200          -0.857144389  0.0349801364
JQ404454.1.1248          -0.331568788 -0.1887576535
KF756190.1.1310          -0.748280157  0.3966648575
KM257721.1.1483           0.408129462  0.5881591023
EU773324.1.1414          -0.988829338  0.2799684761
KF085270.1.1286          -0.311940165 -0.0610414557
JF086992.1.1377          -0.140770783 -0.0942900826
GU432146.1.1216          -0.276924682 -0.3377898650
JF194361.1.1386          -0.397542771 -0.3678536177
KM253135.1.1447          -0.406311189 -0.0691127747
JF222401.1.1310          -0.052822514 -0.0384446136
JF182810.1.1380          -0.274724861 -0.0232005005
HM240983.1.1303          -0.007877982  0.0352689040
HQ754307.1.1415          -0.461147163 -0.1682184384
KM253064.1.1368          -0.255756670 -0.4576267664
HQ622729.1.1448          -0.200058111 -0.3382651881
EF111062.1.1228           0.332099128  0.1157806671
JX013442.1.1364           0.742601267  0.6472844006
GQ025225.1.1346          -0.186700565 -0.5406905462
GU374018.1.1361          -0.258620583  0.0452037429
EU868814.1.1450          -0.463287354 -0.3324125698
KU179368.1.1477          -0.039346723  0.3190311981
EU778165.1.1293           0.127733550 -0.2431282575
JF198908.1.1314          -0.173012213 -0.0776876038
KU899036.1.1458          -0.039891761 -0.2600166438
JF772550.1.1422          -0.081848517 -0.1616479176
LN573160.1.1352          -0.280262716 -0.0051094458
KF086802.1.1289          -0.230730817 -0.0313460408
HM263273.1.1372          -0.529746216 -0.1300701975
KF756244.1.1201          -0.313496569 -0.0322158542
FJ225120.1.1386          -0.127107709 -0.1346578796
MH368252.1.1352           0.456223347  0.4900134677
GQ041275.1.1338          -0.216447997 -0.3101937032
FJ214364.1.1418           0.263029015  0.2967220540
EU239106.1.1241           0.211832755  0.2836121527
AM936813.1.1323          -0.111644977 -0.0689285047
KX212248.1.1200          -0.112259848  0.4142835830
KP772347.1.1460           0.577232955  0.3196119034
KP694006.1.1333           0.109535306  0.0877085780
KF064913.1.1385          -0.263386440 -0.3202627902
EU535584.1.1345          -0.149731578 -0.0637235206
FJ811884.1.1433          -0.002771693  0.3067785387
EU803989.1.1260          -0.094599427 -0.0227881078
EU777806.1.1322          -1.000471834  0.3362441502
JF217150.1.1312           0.014473737 -0.1161844710
JF703628.1.1513           0.559647044  0.6939624741
FJ466048.1.1374          -0.135963648 -0.0237442118
FM874383.1.1445          -0.253601893 -0.2981263558
AB062283.1.1345          -0.276042552  0.0113457079
GU118241.1.1406           0.155679085  0.0782598368
KX687553.1.1251          -0.920852875  0.3390531962
JF198859.1.1337          -0.196689860 -0.1975869290
KC873924.1.1374           0.049668211 -0.2412133252
JF202879.1.1303          -0.149725271  0.1368482022
L43597.1.1437            -0.204270952 -0.2867914274
JF070773.1.1342          -0.249882358 -0.3964000056
KF756208.1.1251          -0.955192333  0.5854260008
KF494758.1.1495           0.171905305  0.1740060798
JF709910.1.1403          -0.757287672  0.0342870876
JX967284.1.1418          -0.097632785 -0.0369781918
FJ793801.1.1205          -0.431715828 -0.0791391210
JN697570.1.1405           0.230593489 -0.0094041418
EF516822.1.1479           0.015163288 -0.5113261069
AB681346.1.1462          -1.035442609  0.1746895294
JQ449983.1.1321           0.158858604  0.0577779525
KY780358.1.1208           0.770700806  0.7310395605
JX967345.1.1427          -0.513868210 -0.2631499512
HM445406.1.1361          -0.068134833 -0.0913905715
EU777710.1.1395          -1.181208682  0.2967674935
KF091541.1.1338          -0.358143436 -0.0989733345
KM023860.1.1371          -0.412352273  0.0700229931
MH259800.1.1388          -1.071951658  0.4502176280
JF117557.1.1344          -0.138859838 -0.5758371876
AB370875.1.1495          -0.234302997 -0.1021274609
MF436196.1.1510          -0.484916149  0.0241225851
KJ726551.1.1410          -0.884107249  0.4083588145
HQ698586.1.1428          -0.183261199 -0.1973994628
JN013950.1.1521          -0.909340791  0.5233738460
Y09044.1.1472            -0.307290537 -0.3162298831
GQ033816.1.1340          -0.686947942 -0.0617294900
GQ006474.1.1336          -0.235715146 -0.3632563588
GQ389787.1.1471          -0.222923924 -0.1825961519
FJ004689.1.1320           0.045573225 -0.2834801405
EU560812.1.1483           0.151007491 -0.4733556066
AM423088.1.1339          -0.171258488 -0.1385960152
EU169145.1.1368          -0.819650097  0.3960513305
KU881628.1.1200           0.277095465  0.2627912454
MG515289.1.1202          -0.809290453  0.2560146722
AB991050.1.1411          -0.503295583 -0.2554248894
HQ744394.1.1427          -0.033882638 -0.1417276491
EU360476.1.1340          -0.133628682 -0.4785911130
KC843488.1.1328          -1.092755418  0.5313564410
HE602890.1.1401          -0.898466312  0.4033157251
JQ452959.1.1394          -0.351728697 -0.1104801712
FM874392.1.1503          -0.124109603  0.0216066088
AOQH01000134.9789.11348   0.844147671  0.7492210041
DQ521477.1.1424          -0.382897218 -0.0066174572
KF096327.1.1337           0.003009386 -0.0360408167
KF424281.1.1444          -0.483480222  0.2307290694
KM187215.1.1403          -0.108766912  0.1589395334
HM319067.1.1310          -0.214268715  0.0017798069
MH447042.1.1230          -0.349045401 -0.3095232744
Y10999.1.1323            -0.107300858 -0.1820335407
HM111817.1.1319          -0.559926357 -0.0414792901
FJ893930.1.1361          -0.541477115  0.3545568402
KU515096.1.1489           0.305163681  0.1195549673
KM882673.1.1292          -0.133440374  0.0858350178
EU536823.1.1396          -0.640666293  0.0563660480
EU536840.1.1397          -0.789099704  0.3560132373
MK005285.1.1200          -0.413474957 -0.2965751410
Y14651.1.1383            -0.274464754 -0.2263757575
EU160559.1.1318          -0.048170011 -0.4911004598
AB698685.1.1444          -0.126989624 -0.4285323239
AF542072.1.1334          -0.471588800 -0.0262175178
KU324909.1.1217          -0.053888058 -0.4140032985
JQ190329.1.1367           0.001841803  0.2918951399
FR874230.1.1325           0.035346874  0.2877476671
DQ440548.1.1439          -0.274427055 -0.0467416369
KJ534472.1.1439          -0.489041342 -0.0006946686
EU289495.1.1483          -0.024201621 -0.5380337623
ADNU01000076.15.1525     -0.107501822 -0.1032834984
JN023329.1.1442           0.010926241  0.3071407239
JF135618.1.1350          -0.021385531 -0.4111473210
KX436095.1.1487           0.121971011  0.1001164740
KF147055.1.1458          -0.862411812  0.5084459545
CP012119.1331602.1333155 -0.001855030 -0.0421952681
JF200056.1.1323          -0.360914197 -0.3451959504
AB205576.1.1426          -0.102628636  0.1796634116
JF190687.1.1351          -0.129186001 -0.2649771209
AB205571.1.1418          -0.269468111 -0.3478991522
KT767708.1.1430          -0.632794381  0.1271605019
EF019669.1.1293          -0.149957159 -0.1043240250
JF211051.1.1312          -0.354747891 -0.0344760865
JF113924.1.1343          -0.136998414 -0.0542745131

$sites
           PC1        PC2
G71 -3.1927277  0.9130499
G72 -1.1793933 -6.8197568
G73 -3.6966062  1.1798221
G74 -0.9292943  1.6185339
G75 -5.5628677 -5.1431396
G76 -3.5058174  2.3014120
G77  3.3582802  2.3761788
G78  2.8800818 -1.6494712
G79 -1.5931531  2.0660968
G80 -3.3479250  2.2499850
G81 -1.6513771  2.3103327
G82  0.4750767  3.4260716
G83  1.0865626 -0.6194782
G84  2.6162514  2.9866127
G85  2.0495392  0.1746271
G86  2.5143961 -3.1813207
G87  2.7918702 -4.1737407
G88  4.3842413  1.1536780
G89  2.5028620 -1.1694933

attr(,"const")
[1] 12.54792
attr(,"class")
[1] "ordiplot"

$seaSpring2020
$species
                                  RDA1         PC1
KM021097.1.1244          -0.0333075365 -0.10467946
EU374909.1.1206          -0.0206296708 -0.02192268
JQ466140.1.1308           0.0173952294  0.12167080
FJ558124.1.1310          -0.1741621192 -0.21035454
KU324914.1.1231          -0.3896070575 -0.39194836
AM237368.1.1456           0.0655047485  0.14079418
JF790967.1.1432          -0.1727120241 -0.57342365
AF243141.1.1505          -0.0017581619 -0.25243837
EU289429.1.1487          -0.1752821113  0.18811943
AM697010.1.1473          -0.0846824979 -0.15266051
JN615702.1.1315           0.1164167891  0.35485863
MG738316.1.1428          -0.3213309932 -0.49188707
EU133428.1.1318           0.1403541192 -0.27055118
FR716684.1.1401           0.1221470494  0.23985878
JQ046411.1.1474          -0.1683609830  0.27063429
FQ659602.2.1312           0.0534069912  0.09462963
JQ452498.1.1373          -0.0213556441 -0.19685251
MG738337.1.1283           0.1373678827  0.05364031
GQ038569.1.1298          -0.2641528758 -0.29575787
KC775412.1.1233          -0.0212384403 -0.28440000
KY780350.1.1207           0.2337295727 -0.17196547
KF101495.1.1358           0.1366689734 -0.04765892
EU133399.1.1323           0.1353548777  0.15907885
EF050096.1.1264          -0.1662241325 -0.09756822
JF222135.1.1307          -0.2055407934 -0.28131868
KF094662.1.1371          -0.1352590356 -0.27840658
HE652090.1.1459           0.0770617679  0.15516240
GQ044514.1.1347           0.0234704335 -0.35547003
KM253147.1.1511           0.3273867767 -0.05949200
MH323407.1.1447          -0.1323956646 -0.05996291
DQ420178.1.1216           0.0582005572 -0.13940301
JQ456193.1.1347          -0.1193337257 -0.18601847
HF677560.1.1320          -0.2298115586 -0.19688170
GQ157794.1.1428           0.0593989238  0.13781900
KJ809260.1.1509          -0.0183562943 -0.36813187
KF101186.1.1334          -0.0430877780 -0.19679826
AB637074.1.1458          -0.1007546726 -0.26231310
JQ855615.1.1266          -0.1036171567 -0.17172882
AM697454.1.1437          -0.3023901337 -0.34815190
JF141683.1.1340          -0.2478494629 -0.35553688
CU927448.1.1343          -0.0369743913 -0.28733310
KM117219.1.1448          -0.0706550127 -0.28608778
FJ466050.1.1386          -0.0906606000 -0.17460377
KX881777.1.1230           0.1428769825 -0.06496839
KF083132.1.1378          -0.1279495574 -0.44668619
AM696989.1.1449           0.0559418412  0.35049208
AF371472.1.1492           0.1272953569 -0.03986979
EU844911.1.1328          -0.1647083844 -0.47620780
FR847847.1.1348          -0.1065198723 -0.18872410
EU465367.1.1437          -0.0366186133 -0.18582019
FJ466063.1.1461          -0.0843529187 -0.32445247
KM278969.1.1410          -0.1704758483 -0.14667885
JX222489.1.1391          -0.2157440208 -0.30516663
JF200689.1.1340          -0.0967560764 -0.16373999
HM459845.1.1398          -0.0048851771 -0.19595127
JN023102.1.1455          -0.2590485661 -0.31851776
KJ809354.1.1468           0.1922348545 -0.13843683
MH393477.1.1503          -0.1230206076 -0.65787301
JF183284.1.1372          -0.2587732605 -0.33114562
KX792217.1.1200          -0.0546516321  0.23772028
KX618431.1.1210          -0.0002002082 -0.18384612
GU731346.1.1349           0.0313067884 -0.09242396
HM304713.1.1352           0.1760606202  0.05386956
HM263196.1.1366          -0.0531263496 -0.30384317
KC358437.1.1263           0.1650623381  0.09570162
MH235974.1.1212          -0.1931714458 -0.62985626
GFIM01005958.9.1236      -0.1742388790 -0.49159568
AY500143.1.1430          -0.0991563681 -0.18779739
JQ796662.1.1393          -0.2432627183  1.36277168
FJ493018.1.1242           0.1584663353  0.03996089
FPLS01052044.12.1513     -0.1837521101 -0.26995339
FJ434113.1.1425          -0.1980040781 -0.29926287
KX378956.1.1440          -0.2501903928 -0.51427583
KX880951.1.1230          -0.1106158950  0.01220715
KF067707.1.1340          -0.2464608332 -0.32269877
KC178570.1.1440          -0.2453028580 -0.32419071
KY908268.1.1323           0.1284527176  0.12232227
KT005643.1.1200           0.1407350429 -0.05899613
FPLS01012024.1.1259       0.1899245974 -0.08064097
AB730646.1.1429           0.1976775565 -0.04536147
KY476123.1.1200          -0.1448253010 -0.38459475
JQ404454.1.1248          -0.3445042735 -0.38325830
KF424996.1.1424          -0.1659868242 -0.41682475
KF756190.1.1310          -0.2906457291 -0.62702905
FJ900895.1.1281           0.1323801771 -0.03570070
AM697130.1.1456           0.1910023963 -0.04543217
JF224904.1.1305           0.0523797064 -0.09761814
GU432146.1.1216          -0.1900868161 -0.29770460
AM403311.1.1280           0.1889665763  0.13323518
KP339859.1.1411          -0.1981450202 -0.13248176
EU705724.1.1206          -0.1322133287 -0.33505687
JF222401.1.1310          -0.0354846206 -0.27345940
LK985358.1.1200           0.1374204634  0.12738630
HM240983.1.1303          -0.0114445900 -0.09002749
HQ754307.1.1415          -0.4548546376 -0.52069438
HQ698286.1.1217          -0.1465718493  1.34782024
JQ465886.1.1406          -0.0745936995 -0.16640849
KM253064.1.1368           0.0746349950 -0.37962609
HM186527.1.1371           0.1378850844  0.06976025
MH447060.1.1253          -0.0659515279 -0.18080895
HQ622729.1.1448          -0.2178157080 -0.30396066
EF111062.1.1228          -0.2020894203 -0.47302414
JF002026.1.1373           0.1586377795  0.02837515
DQ906050.1.1458          -0.0000479286  0.18649843
JX013442.1.1364           0.0951315173 -0.45452165
GQ025225.1.1346           0.0356881742 -0.54762376
EF441950.1.1245           0.0372607953  0.39168856
FJ981654.1.1204           0.1301542188  0.02552127
AB681355.1.1464          -0.0102568503  0.19282433
EU868814.1.1450           0.0357407010  0.15539519
EU778165.1.1293          -0.5909582760 -0.15331300
JF198908.1.1314          -0.0615649204 -0.24587227
KU899036.1.1458          -0.6426183244 -0.19085078
EU534796.1.1350           0.1275489371  0.05042293
JQ684361.1.1453           0.2311087803  0.38318265
JN178502.1.1489           0.1245199906 -0.03788674
KC002967.1.1344           0.1333375572 -0.03837011
LN774496.1.1227           0.1228846565  0.08261190
LN573160.1.1352           0.1863088240 -0.07205650
HQ846513.1.1442          -0.1169162218 -0.19197975
HM263273.1.1372          -0.1038183710 -0.52825961
KU713460.1.1383          -0.0960723489 -0.16064637
KT006758.1.1432          -0.1336449935  0.56797942
FJ225120.1.1386          -0.0237466152 -0.30049456
MH368252.1.1352           0.2533208047  0.17540829
JF222116.1.1308          -0.3028204631 -0.24899303
GQ041275.1.1338          -0.1131916760 -0.04624584
KJ809157.1.1466          -0.1980525671 -0.34071062
JF172360.1.1372          -0.0836470823 -0.15013632
KX212248.1.1200          -0.1415235765 -0.34368647
KP694006.1.1333          -0.1701058643  1.26011476
AJ275038.1.1439          -0.2659858434 -0.11694411
KF064913.1.1385           0.0108592309 -0.26420059
KT005623.1.1250          -0.1155295687 -0.19763003
GQ006259.1.1327           0.1367273719  0.04691301
HG800046.1.1425          -0.2371628864 -0.35680967
KF069418.1.1339          -0.2442807615 -0.19061492
KX508304.1.1490           0.1898660644  0.01043322
EU535584.1.1345           0.2238235723  0.29780743
KR868991.1.1409          -0.1567659037 -0.08628958
AB195985.1.1410          -0.0272310883  0.21995113
EU803989.1.1260          -0.2049186077 -0.29230173
EU777806.1.1322           0.0648118299 -0.06681594
JF217150.1.1312          -0.0755591455 -0.31460584
HAAC01027432.1.1206      -0.3629501928 -0.62089173
JF703628.1.1513           0.0921755008  0.01995974
JF189148.1.1306          -0.0816984572 -0.14538587
KT581998.1.1306          -0.1352616459  1.11990243
JQ455641.1.1400          -0.1014192452 -0.17874963
HQ857761.1.1442          -0.1682399053 -0.10030874
GU118241.1.1406          -0.3197705552  1.00146179
KX687553.1.1251          -0.4304989209 -0.07891786
KC873924.1.1374          -0.0458158960 -0.21852498
JF202879.1.1303          -0.0144682070 -0.19886811
JF146179.1.1366          -0.1829369953  0.31590591
FR720647.1.1447          -0.1927995031 -0.17318872
JF070773.1.1342          -0.2474362877 -0.23543078
KF756208.1.1251          -0.0871089464 -0.75813479
AB746431.1.1394          -0.1964407206 -0.28295210
GU247457.1.1249          -0.2962431402 -0.09195337
KF494758.1.1495          -0.0230313190  1.01082643
KJ496054.1.1444          -0.0982419980 -0.18637741
JF709910.1.1403          -0.0028926364 -0.47483113
AB538433.1.1488           0.1362023954  0.07068484
JX967284.1.1418           0.1980116016  0.01134303
FJ793801.1.1205          -0.0554092692 -0.35417453
JN697570.1.1405          -0.2342731548 -0.14447436
EF516822.1.1479          -0.3732099346 -0.28373627
HM062207.1.1317          -0.1619351134 -0.09268161
HQ595224.1.1463           0.0992158467  0.02521335
KY038312.1.1251          -0.1966024554 -0.29318220
MH400162.1.1200          -0.2537977812  0.41093710
KY780358.1.1208          -0.0327420386 -0.10275371
HM445406.1.1361          -0.0403705978 -0.04433841
GQ358840.1.1493           0.1812322924  0.07241375
JF229797.1.1352           0.1423629443 -0.06353513
EU777710.1.1395          -0.2511487081 -0.28777009
KF091541.1.1338          -0.2619751222 -0.21824673
HM438483.1.1484          -0.1580331555 -0.03872904
KF286609.1.1482          -0.2223761037 -0.03772295
MH259800.1.1388          -0.1596094411 -0.34936762
JN797481.1.1203          -0.2029219743 -0.14496831
DQ800421.1.1361           0.1307439859 -0.04506360
HM278195.1.1308           0.2371650285  0.03142193
HQ317066.1.1458          -0.0057424778  0.18524637
KJ726551.1.1410           0.1641252889  0.01432966
HM318996.1.1322          -0.2285001957 -0.21065270
JQ660285.1.1454          -0.0434875217 -0.13010255
JN013950.1.1521           0.0262568499 -0.21156207
AF533352.1.1433           0.0048724261 -0.03866057
HM057840.1.1320          -0.1447002944 -0.18334053
Y09044.1.1472             0.0502906031 -0.01732283
JQ342863.1.1390           0.1802784630 -0.01314578
GQ389787.1.1471          -0.3988348197 -0.39371196
JF231895.1.1308          -0.0949026269 -0.18119148
EU560812.1.1483          -0.6921891038 -0.15334316
JF021752.1.1274          -0.0982570067 -0.16732204
AM423088.1.1339          -0.1138753831 -0.27612849
EU169145.1.1368          -0.1234570242 -0.33827190
HQ598946.1.1456          -0.1752095635 -0.31014726
MG788926.1.1212          -0.1085754210 -0.17958933
AB991050.1.1411          -0.1681835575 -0.47625082
AY173020.1.1325          -0.0045453791 -0.23999320
HQ744394.1.1427          -0.1163587654 -0.20313870
EU360476.1.1340           0.0824484495 -0.25252748
KC336486.1.1472           0.0527568389  0.14760291
HE602890.1.1401          -0.3579697397 -0.29185837
JQ396552.1.1473           0.1331984085 -0.05974559
JQ452959.1.1394          -0.3596539896 -0.17232275
FJ527819.1.1459           0.0052063750  0.12651004
JF107580.1.1357          -0.1242457861 -0.20457687
JF141755.1.1356           0.0533804238 -0.04172588
AJ786801.1.1437          -0.0468297693 -0.20043744
FPLS01004034.10.1473     -0.3080843596 -0.21241312
KF479549.1.1506          -0.2143096845 -0.31928317
KC511070.1.1353           0.0321967288 -0.11647195
AOQH01000134.9789.11348  -0.0656310095 -0.07617955
FR749818.1.1462          -0.0788847758 -0.13852653
KF413411.1.1467           0.2918484719 -0.18323569
DQ521477.1.1424           0.1948823587 -0.06881375
MF369939.1.1403           0.0002491326  0.18618625
KF096327.1.1337          -0.0222603692 -0.29019098
GQ901866.1.1257          -0.2178606610 -0.03662023
JQ855529.1.1276          -0.0346132274 -0.02541917
JF265850.1.1359          -0.0366791453  0.26262732
HQ746842.1.1393           0.2188356906 -0.06882896
HM319067.1.1310          -0.2216914461 -0.34290430
KF100596.1.1359          -0.1323275597 -0.11419889
JF411370.1.1398          -0.0184031909 -0.01939452
MH447042.1.1230          -0.4481943437 -0.38513205
HM332168.1.1306          -0.0179347226 -0.29950347
GQ388898.1.1466          -0.0162835568 -0.30582754
HM111817.1.1319          -0.2903555521 -0.19426646
FJ893930.1.1361          -0.1505356092 -0.57513027
KU713519.1.1337          -0.0446313822 -0.12220090
EU706079.1.1249           0.1408371450  0.05075386
HM270687.1.1304          -0.2196197088 -0.24497726
KM882673.1.1292          -0.0291249983 -0.55588566
EU536823.1.1396          -0.1203442636 -0.21613827
AJ292648.1.1494          -0.1504002310 -0.16671136
EU536840.1.1397           0.1244733692  0.07561633
AB109889.1.1484           0.0444193203 -0.04796829
HM240873.1.1306          -0.0344183321 -0.19393432
JX986968.1.1511           0.2592119910  0.20489456
AF247813.1.1375          -0.0253207989 -0.02724943
FJ466044.1.1396          -0.0232894503 -0.02494284
GQ085228.1.1339           0.1788052597 -0.05374084
KY680227.1.1207           0.3054783045 -0.09503385
EU160559.1.1318          -0.4226757545 -0.26004400
KY008752.1.1284           0.1594651576  0.19659708
HM854251.1.1443           0.2375797274  0.06090565
GQ001605.1.1352           0.1647137599  0.15306138
JQ460427.1.1401          -0.1020239122 -0.17333131
KM974909.1.1455          -0.2064964078 -0.30709846
KC108987.1.1200           0.1387504340 -0.05346255
AJ131121.1.1481           0.2208383044  0.11801795
AB698685.1.1444          -0.1290810086 -0.38238001
JN023851.1.1453           0.0838124316  0.05431900
HQ595201.1.1462          -0.1104012636 -0.20526031
KJ726591.1.1386          -0.1539359933  0.65237449
KU324909.1.1217          -0.6749337620 -0.03704837
FR874230.1.1325          -0.2568707737 -0.41795166
JF198984.1.1350           0.1382111103  0.12783277
EU289495.1.1483          -0.0941096931 -0.15913009
HM319082.1.1306          -0.1032668199 -0.21716857
ADNU01000076.15.1525     -0.0934479702 -0.16294886
JN023329.1.1442          -0.0119742684 -0.29820353
KJ578741.1.1411           0.0460464891  0.11646727
JQ855614.1.1252          -0.0217398802 -0.02318332
KF098316.1.1357          -0.0336346702 -0.20854809
KF464373.1.1241           0.1621023484  0.06063554
MH703470.1.1505          -0.3284049783 -0.39731233
KF147055.1.1458          -0.0672944271 -0.24064441
CP012119.1331602.1333155  0.3862826519 -0.03767856
KJ579161.1.1520           0.1736326704 -0.07841304
LN569729.1.1347          -0.0223324961 -0.21863104
FPLS01054129.36.1499     -0.2527851720 -0.17163759
JN023236.1.1453          -0.1281594711 -0.20996970
GQ097820.1.1308          -0.0727714162 -0.17808241
JF200056.1.1323           0.0750502117 -0.22883562
JF190687.1.1351          -0.2026652916 -0.46039467
JQ460239.1.1372          -0.1094000899 -0.20370553
KF099543.1.1332          -0.0230705182 -0.06567834
FJ825887.1.1469          -0.0577685221 -0.25965643
KF063555.1.1283          -0.0145326513 -0.21535505
EF019669.1.1293          -0.2777379131 -0.38796283
FJ849642.1.1453           0.1343208622 -0.04111181
HQ598755.1.1456           0.1281265789  0.02872666
D32226.1.1405             0.1265550209 -0.03210715
JF113924.1.1343          -0.1882803320 -0.42088502

$sites
           RDA1         PC1
G31 -14.0290426 -7.61917189
G32   0.6842797  2.82717906
G33  -2.4141424  0.77406582
G34  -1.9387848  0.15756539
G35  -6.3779618 -3.48951557
G36  -4.5516224  2.26636348
G37   0.1263691  2.26248138
G38   1.1790608  0.08007345
G39   0.5181842 -0.18788140
G40   0.9652767  2.68201398
G41  -0.2275772  1.94971515
G42  -3.1000526  3.48633880
G48   0.4150898  1.82114852
G49   0.6314766  0.85246427
G50   0.8556714 -2.38645053
G51   1.4234815 -0.98929036
G52   1.4402266  2.51447180
G53   1.5589948 -0.32886645
G54   1.3965921 -0.60436936
G55   0.7660908  2.02190448
G56   0.9649342 -4.20914932
G57   2.3297769 -0.66125156
G58   2.1606675 -1.25600321
G59   1.0835006  1.82957945
G60   1.8409635 -0.68861371
G61   1.1551761  0.69705432
G62   1.6788256 -0.83857952
G63   1.6609512  1.75380875
G64   1.9753231 -0.37222485
G65   1.5851493 -0.80174514
G66   1.5428571 -0.50384065
G67   0.5897915 -1.46621441
G68   1.0413184 -0.78721894
G69   1.0691547 -0.78584122

$centroids
[1] NA

$biplot
                RDA1 PC1
AgeAtCollection   -1   0
attr(,"const")
[1] 12.88927
attr(,"arrow.mul")
[1] 12.02291

attr(,"const")
[1] 12.88927
attr(,"class")
[1] "ordiplot"

null device 
          1 
