
Lmod is automatically replacing "intel/2016.4" with "gcc/7.3.0".

-------------------------------------------------------------------------------
The following dependent module(s) are not currently loaded: gcccore/.5.4.0 (required by: icc/.2016.4.258, ifort/.2016.4.258)
-------------------------------------------------------------------------------

Due to MODULEPATH changes, the following have been reloaded:
  1) openmpi/2.1.1

The following have been reloaded with a version change:
  1) gcccore/.5.4.0 => gcccore/.7.3.0     2) imkl/11.3.4.258 => imkl/2018.3.222

Loading required package: MASS
Loading required package: NADA
Loading required package: survival

Attaching package: ‘NADA’

The following object is masked from ‘package:stats’:

    cor

Loading required package: truncnorm
Loading required package: ALDEx2
Loading required package: car
Loading required package: carData
Loading required package: permute
Loading required package: lattice
This is vegan 2.5-7
── Attaching packages ─────────────────────────────────────── tidyverse 1.3.0 ──
✔ ggplot2 3.3.3     ✔ purrr   0.3.4
✔ tibble  3.0.5     ✔ dplyr   1.0.2
✔ tidyr   1.1.2     ✔ stringr 1.4.0
✔ readr   1.4.0     ✔ forcats 0.5.0
── Conflicts ────────────────────────────────────────── tidyverse_conflicts() ──
✖ dplyr::filter() masks stats::filter()
✖ dplyr::lag()    masks stats::lag()
✖ dplyr::recode() masks car::recode()
✖ dplyr::select() masks MASS::select()
✖ purrr::some()   masks car::some()
[1] "Initiate functions for analysis"
[1] "Read in the Data"
[1] "Building phyloseq object"
[1] "Extract the metadata"
[1] "CLR transformation"
No. corrected values:  6510 
[1] "Accessing the metadata by season/year"
[1] "Accessing the XY metadata by season"
[1] "Computing Haversine Distances"
[1] "Build the community object (OTU table) for season"
[1] "Unweighted PCNM - for use with all OTU tables"
$xyFall2017
        PCNM1        PCNM2       PCNM3        PCNM4        PCNM5         PCNM6
1   0.1742273 -0.171060128  0.36558986  0.007571256  0.151991866  0.0012902177
2  -0.1417496  0.492400567 -0.02952428  0.202075061  0.263462615  0.0009000583
3  -0.1952322  0.453064854  0.26554926 -0.230712973 -0.440127525 -0.0012335312
4   0.3135505  0.009721249 -0.13952079 -0.158130521  0.011772300 -0.4513900205
5  -0.2917002 -0.156018863  0.36403146 -0.357107266 -0.338118691 -0.0001553275
6  -0.2551875 -0.270142274  0.15349500 -0.078575821  0.581004851  0.0176963893
7  -0.3199545 -0.183608563 -0.44695007 -0.094889040 -0.061894667 -0.0199197577
8   0.3098072  0.013366303 -0.16169194 -0.173192348  0.002498979  0.4758777865
9   0.3091433  0.013639932 -0.16263090 -0.173370038  0.002024138  0.5192202205
10  0.1742273 -0.171060128  0.36558986  0.007571256  0.151991866  0.0012902177
11 -0.2046765 -0.286337464  0.10068175  0.568092621 -0.177692525  0.0214888139
12  0.3126372  0.009722074 -0.13768884 -0.156479232  0.013097368 -0.5464636877
13 -0.3199545 -0.183608563 -0.44695007 -0.094889040 -0.061894667 -0.0199197577
14 -0.1417787  0.492493327 -0.02934952  0.201848138  0.262719933  0.0008864709
15  0.2766407 -0.062572323 -0.06063077  0.530187947 -0.360835841  0.0004319076
           PCNM7         PCNM8
1  -9.100043e-07  5.649581e-07
2  -7.071070e-01  1.869751e-04
3   3.517767e-07 -9.448850e-07
4  -2.427291e-06  5.793852e-01
5  -5.745475e-04  2.454716e-07
6   5.719593e-04  1.226998e-04
7   1.813561e-06  3.748812e-04
8  -1.001118e-06 -4.849457e-01
9   5.759630e-07  4.131694e-01
10 -9.100034e-07  5.649559e-07
11  4.134819e-09 -4.966425e-04
12  2.646794e-06 -5.083610e-01
13  1.813561e-06  3.748812e-04
14  7.071061e-01  1.897429e-04
15  1.499248e-06 -8.424754e-07

$xyFall2018
        PCNM1       PCNM2       PCNM3       PCNM4        PCNM5         PCNM6
1   0.1342404 -0.49037913  0.04812536  0.19678479 -0.263325351 -1.128423e-03
2   0.1342720 -0.49047114  0.04793124  0.19657399 -0.262583383 -1.138678e-03
3   0.1904907 -0.44963616 -0.28631799 -0.20595515  0.440056518 -5.937462e-04
4  -0.2116489  0.16481783 -0.35073581  0.02642949 -0.151927614  5.398678e-04
5  -0.3523040 -0.01922546  0.17170225 -0.22818337 -0.012718830 -3.459740e-01
6   0.2758120  0.16155177 -0.40016903 -0.31906960  0.338016378  2.451716e-05
7   0.2361075  0.27482018 -0.16563588 -0.05979805 -0.580961501  1.401377e-02
8  -0.3448542 -0.02248999  0.18644084 -0.23341168 -0.003224852  8.151827e-01
9  -0.2116489  0.16481783 -0.35073581  0.02642949 -0.151927614  5.398678e-04
10  0.1715719  0.28879811 -0.05533092  0.57666782  0.178243090  6.941932e-03
11 -0.3174191  0.05373979  0.12715083  0.50128032  0.361079182 -2.055414e-04
12 -0.3516781 -0.01923059  0.17054418 -0.22747043 -0.014062564 -4.639361e-01
13  0.3235294  0.19144347  0.42851537 -0.12513881  0.061668270 -1.213307e-02
14  0.3235294  0.19144347  0.42851537 -0.12513881  0.061668270 -1.213307e-02
           PCNM7         PCNM8
1   7.071070e-01  3.762564e-04
2  -7.071061e-01  3.813381e-04
3  -3.495687e-07 -2.047135e-06
4   9.079445e-07  1.457407e-06
5   2.525016e-06  7.381927e-01
6   5.740859e-04  5.136024e-07
7  -5.714959e-04  1.049067e-04
8   3.879761e-07 -6.861370e-02
9   9.079438e-07  1.457409e-06
10 -4.399898e-09 -4.070434e-04
11 -1.495219e-06 -2.494410e-06
12 -2.707859e-06 -6.710907e-01
13 -1.813498e-06  5.286680e-04
14 -1.813498e-06  5.286680e-04

$xyFall2020
          PCNM1         PCNM2       PCNM3       PCNM4         PCNM5
1  -0.340985889  2.959551e-01 -0.28532872 -0.29809844  0.0027261464
2  -0.340985889  2.959551e-01 -0.28532872 -0.29809844  0.0027261464
3  -0.386284471  1.549848e-01  0.08889297  0.32777188  0.0001139993
4  -0.386284471  1.549848e-01  0.08889297  0.32777188  0.0001139993
5   0.003694064 -5.069691e-01 -0.46557293  0.10886611  0.0140885839
6   0.163994730  1.717021e-01  0.34028710 -0.11801574  0.0087369455
7   0.163898972  1.717024e-01  0.34060758 -0.11836022 -0.0060778186
8   0.163898972  1.717024e-01  0.34060758 -0.11836022 -0.0060778186
9   0.163911736  7.953895e-05 -0.09154907  0.05812448 -0.4725891365
10  0.163911736  7.953895e-05 -0.09154907  0.05812448 -0.4725891365
11  0.165355022  1.336222e-03 -0.08407462  0.05413544  0.2102374355
12 -0.208243439 -5.123208e-01  0.22228893 -0.64234024 -0.0088681735
13  0.165287667  1.260774e-03 -0.08391112  0.05385761  0.2617407162
14  0.165429982  2.975573e-03 -0.07888541  0.05158894  0.2314374956
15  0.165429982  2.975573e-03 -0.07888541  0.05158894  0.2314374956
16  0.164059529  1.872476e-03 -0.08605743  0.05554615 -0.4693976123
17  0.165287667  1.260774e-03 -0.08391112  0.05385761  0.2617407162
18  0.165355022  1.336222e-03 -0.08407462  0.05413544  0.2102374355
19 -0.316730920 -4.108738e-01  0.37755110  0.33790431  0.0002625805
           PCNM6
1   4.453754e-04
2   4.453754e-04
3  -3.411550e-06
4  -3.411550e-06
5   2.859623e-03
6  -1.633985e-01
7   7.521089e-02
8   7.521089e-02
9  -2.423869e-01
10 -2.423869e-01
11 -1.910840e-01
12 -2.007379e-03
13 -2.545757e-01
14  4.551556e-01
15  4.551556e-01
16  4.769646e-01
17 -2.545757e-01
18 -1.910840e-01
19  5.796952e-05

$xySpring2020
         PCNM1       PCNM2       PCNM3       PCNM4         PCNM5         PCNM6
1   0.11306122  0.21851170  0.06362269  0.08302286  0.5683451466  2.725843e-02
2  -0.20833944 -0.08300707 -0.01661539  0.06210201 -0.0042070973  2.017031e-01
3   0.19332738 -0.23241909  0.28737640  0.02801954 -0.0013408150  1.988466e-04
4   0.09443827  0.21209159  0.10980967 -0.66581498  0.0001245858 -1.002103e-03
5  -0.10329283  0.12164227 -0.01370114  0.01709334 -0.0026844555  5.346816e-04
6  -0.20833944 -0.08300707 -0.01661539  0.06210201 -0.0042070973  2.017031e-01
7  -0.20014680 -0.06230458  0.05784289 -0.67315175  0.0002121198 -1.622536e-05
8   0.18751620  0.12888696 -0.62112928 -0.03516567 -0.0004193380  4.709341e-05
9   0.21040763 -0.21938533 -0.24135069 -0.02839891  0.0002845372  1.672196e-05
10 -0.10329283  0.12164227 -0.01370114  0.01709334 -0.0026844555  5.346816e-04
11 -0.20823225 -0.08310222 -0.01655668  0.06250609  0.0340128031 -5.574238e-01
12  0.11306122  0.21851170  0.06362269  0.08302286  0.5683451466  2.725843e-02
13 -0.20836385 -0.08298041 -0.01663361  0.06206371 -0.0131697877  2.757966e-01
14 -0.20836385 -0.08298041 -0.01663361  0.06206371 -0.0131697877  2.757966e-01
15 -0.20836385 -0.08298041 -0.01663361  0.06206371 -0.0131697877  2.757966e-01
16 -0.20836385 -0.08298041 -0.01663361  0.06206371 -0.0131697877  2.757966e-01
17 -0.10329283  0.12164227 -0.01370114  0.01709334 -0.0026844555  5.346816e-04
18 -0.10329283  0.12164227 -0.01370114  0.01709334 -0.0026844555  5.346816e-04
19 -0.10329283  0.12164227 -0.01370114  0.01709334 -0.0026844555  5.346816e-04
20  0.11290816  0.21878719  0.06277573  0.08373447  0.0277718759 -1.167179e-03
21  0.11290816  0.21878719  0.06277573  0.08373447  0.0277718759 -1.167179e-03
22  0.19332738 -0.23241909  0.28737640  0.02801954 -0.0013408150  1.988466e-04
23  0.19332738 -0.23241909  0.28737640  0.02801954 -0.0013408150  1.988466e-04
24  0.19332738 -0.23241909  0.28737640  0.02801954 -0.0013408150  1.988466e-04
25  0.21040763 -0.21938533 -0.24135069 -0.02839891  0.0002845372  1.672196e-05
26  0.21040763 -0.21938533 -0.24135069 -0.02839891  0.0002845372  1.672196e-05
27  0.21040763 -0.21938533 -0.24135069 -0.02839891  0.0002845372  1.672196e-05
28 -0.20830184 -0.08304078 -0.01660334  0.06238181  0.0119677439 -3.169984e-01
29 -0.20830184 -0.08304078 -0.01660334  0.06238181  0.0119677439 -3.169984e-01
30 -0.20830184 -0.08304078 -0.01660334  0.06238181  0.0119677439 -3.169984e-01
31  0.11276244  0.21897373  0.06280365  0.08363954 -0.2958316783 -1.323009e-02
32  0.11276244  0.21897373  0.06280365  0.08363954 -0.2958316783 -1.323009e-02
33  0.11276244  0.21897373  0.06280365  0.08363954 -0.2958316783 -1.323009e-02
34  0.11276244  0.21897373  0.06280365  0.08363954 -0.2958316783 -1.323009e-02
           PCNM7         PCNM8
1   7.388059e-03 -2.289135e-01
2  -3.770690e-01 -7.185088e-04
3   6.806197e-05  1.528121e-04
4  -8.489974e-05 -8.091953e-07
5   1.799496e-04 -1.729813e-04
6  -3.770690e-01 -7.185088e-04
7  -1.034973e-05  6.745107e-04
8   1.607328e-05  9.758172e-05
9   5.941414e-06 -2.241238e-04
10  1.799496e-04 -1.729813e-04
11 -6.094171e-01 -4.340795e-03
12  7.388059e-03 -2.289135e-01
13  1.028601e-01  1.463073e-03
14  1.028601e-01  1.463073e-03
15  1.028601e-01  1.463073e-03
16  1.028601e-01  1.463073e-03
17  1.799496e-04 -1.729813e-04
18  1.799496e-04 -1.729813e-04
19  1.799496e-04 -1.729813e-04
20 -2.048646e-03  6.118403e-01
21 -2.048646e-03  6.118403e-01
22  6.806197e-05  1.528121e-04
23  6.806197e-05  1.528121e-04
24  6.806197e-05  1.528121e-04
25  5.941414e-06 -2.241238e-04
26  5.941414e-06 -2.241238e-04
27  5.941414e-06 -2.241238e-04
28  3.171640e-01 -3.963206e-05
29  3.171640e-01 -3.963206e-05
30  3.171640e-01 -3.963206e-05
31 -2.793198e-03 -1.913576e-01
32 -2.793198e-03 -1.913576e-01
33 -2.793198e-03 -1.913576e-01
34 -2.793198e-03 -1.913576e-01

[1] "Acessing PCNM scores"
[1] "Prediction 2A - Host associated factors"
$seaFall2017
Permutation test for rda under reduced model
Permutation: free
Number of permutations: 999

Model: rda(formula = x ~ Sex + AgeAtCollection + BirthYear + BreedingStatus, data = data)
         Df Variance      F Pr(>F)
Model    11   512.65 1.1729   0.22
Residual  3   119.21              

$seaFall2018
Permutation test for rda under reduced model
Permutation: free
Number of permutations: 999

Model: rda(formula = x ~ Sex + AgeAtCollection + BirthYear + BreedingStatus, data = data)
         Df Variance    F Pr(>F)
Model    10   231.46 0.64  0.919
Residual  3   108.50            

$seaFall2020
Permutation test for rda under reduced model
Permutation: free
Number of permutations: 999

Model: rda(formula = x ~ Sex + AgeAtCollection + BirthYear + BreedingStatus, data = data)
         Df Variance      F Pr(>F)
Model     8   635.40 1.0706  0.299
Residual 10   741.86              

$seaSpring2020
Permutation test for rda under reduced model
Permutation: free
Number of permutations: 999

Model: rda(formula = x ~ Sex + AgeAtCollection + BirthYear + BreedingStatus, data = data)
         Df Variance      F Pr(>F)
Model     6   179.28 1.2277  0.194
Residual 27   657.10              

