
Lmod is automatically replacing "intel/2016.4" with "gcc/7.3.0".

-------------------------------------------------------------------------------
The following dependent module(s) are not currently loaded: gcccore/.5.4.0 (required by: icc/.2016.4.258, ifort/.2016.4.258)
-------------------------------------------------------------------------------

Due to MODULEPATH changes, the following have been reloaded:
  1) openmpi/2.1.1

The following have been reloaded with a version change:
  1) gcccore/.5.4.0 => gcccore/.7.3.0     2) imkl/11.3.4.258 => imkl/2018.3.222

Loading required package: permute
Loading required package: lattice
This is vegan 2.5-7
Loading required package: carData

Attaching package: ‘lubridate’

The following objects are masked from ‘package:base’:

    date, intersect, setdiff, union

── Attaching packages ─────────────────────────────────────── tidyverse 1.3.0 ──
✔ ggplot2 3.3.3     ✔ purrr   0.3.4
✔ tibble  3.0.5     ✔ dplyr   1.0.2
✔ tidyr   1.1.2     ✔ stringr 1.4.0
✔ readr   1.4.0     ✔ forcats 0.5.0
── Conflicts ────────────────────────────────────────── tidyverse_conflicts() ──
✖ lubridate::as.difftime() masks base::as.difftime()
✖ lubridate::date()        masks base::date()
✖ dplyr::filter()          masks stats::filter()
✖ lubridate::intersect()   masks base::intersect()
✖ dplyr::lag()             masks stats::lag()
✖ dplyr::recode()          masks car::recode()
✖ lubridate::setdiff()     masks base::setdiff()
✖ purrr::some()            masks car::some()
✖ lubridate::union()       masks base::union()
[1] "Prediction 3A + B - Weather data for freeze thaw"

── Column specification ────────────────────────────────────────────────────────
cols(
  .default = col_double(),
  `Station Name` = col_character(),
  `Date/Time` = col_date(format = ""),
  Month = col_character(),
  Day = col_character(),
  `Data Quality` = col_logical(),
  `Max Temp Flag` = col_character(),
  `Min Temp Flag` = col_character(),
  `Mean Temp Flag` = col_character(),
  `Heat Deg Days Flag` = col_character(),
  `Cool Deg Days Flag` = col_character(),
  `Total Rain (mm)` = col_logical(),
  `Total Rain Flag` = col_logical(),
  `Total Snow (cm)` = col_logical(),
  `Total Snow Flag` = col_logical(),
  `Total Precip Flag` = col_character(),
  `Snow on Grnd Flag` = col_logical(),
  `Dir of Max Gust Flag` = col_character(),
  `Spd of Max Gust Flag` = col_character()
)
ℹ Use `spec()` for the full column specifications.


── Column specification ────────────────────────────────────────────────────────
cols(
  .default = col_double(),
  `Station Name` = col_character(),
  `Date/Time` = col_date(format = ""),
  Month = col_character(),
  Day = col_character(),
  `Data Quality` = col_logical(),
  `Max Temp Flag` = col_character(),
  `Min Temp Flag` = col_character(),
  `Mean Temp Flag` = col_character(),
  `Heat Deg Days Flag` = col_character(),
  `Cool Deg Days Flag` = col_character(),
  `Total Rain (mm)` = col_logical(),
  `Total Rain Flag` = col_logical(),
  `Total Snow (cm)` = col_logical(),
  `Total Snow Flag` = col_logical(),
  `Total Precip Flag` = col_character(),
  `Snow on Grnd Flag` = col_logical(),
  `Dir of Max Gust Flag` = col_character(),
  `Spd of Max Gust Flag` = col_character()
)
ℹ Use `spec()` for the full column specifications.


── Column specification ────────────────────────────────────────────────────────
cols(
  .default = col_character(),
  `Longitude (x)` = col_double(),
  `Latitude (y)` = col_double(),
  `Climate ID` = col_double(),
  `Date/Time` = col_date(format = ""),
  Year = col_double(),
  `Data Quality` = col_logical(),
  `Max Temp (°C)` = col_double(),
  `Min Temp (°C)` = col_double(),
  `Mean Temp (°C)` = col_double(),
  `Heat Deg Days (°C)` = col_double(),
  `Cool Deg Days (°C)` = col_double(),
  `Total Rain (mm)` = col_logical(),
  `Total Snow (cm)` = col_logical(),
  `Total Precip (mm)` = col_double(),
  `Snow on Grnd (cm)` = col_double(),
  `Snow on Grnd Flag` = col_logical(),
  `Dir of Max Gust (10s deg)` = col_double()
)
ℹ Use `spec()` for the full column specifications.


── Column specification ────────────────────────────────────────────────────────
cols(
  .default = col_character(),
  `Longitude (x)` = col_double(),
  `Latitude (y)` = col_double(),
  `Climate ID` = col_double(),
  `Date/Time` = col_date(format = ""),
  Year = col_double(),
  `Data Quality` = col_logical(),
  `Max Temp (°C)` = col_double(),
  `Min Temp (°C)` = col_double(),
  `Mean Temp (°C)` = col_double(),
  `Heat Deg Days (°C)` = col_double(),
  `Cool Deg Days (°C)` = col_double(),
  `Total Rain (mm)` = col_logical(),
  `Total Snow (cm)` = col_logical(),
  `Total Precip (mm)` = col_double(),
  `Snow on Grnd (cm)` = col_double(),
  `Snow on Grnd Flag` = col_logical(),
  `Dir of Max Gust (10s deg)` = col_double()
)
ℹ Use `spec()` for the full column specifications.


── Column specification ────────────────────────────────────────────────────────
cols(
  .default = col_character(),
  `Longitude (x)` = col_double(),
  `Latitude (y)` = col_double(),
  `Climate ID` = col_double(),
  `Date/Time` = col_date(format = ""),
  Year = col_double(),
  `Data Quality` = col_logical(),
  `Max Temp (°C)` = col_double(),
  `Min Temp (°C)` = col_double(),
  `Mean Temp (°C)` = col_double(),
  `Heat Deg Days (°C)` = col_double(),
  `Cool Deg Days (°C)` = col_double(),
  `Total Rain (mm)` = col_logical(),
  `Total Snow (cm)` = col_logical(),
  `Total Precip (mm)` = col_double(),
  `Snow on Grnd (cm)` = col_double(),
  `Snow on Grnd Flag` = col_logical(),
  `Dir of Max Gust (10s deg)` = col_double(),
  `Dir of Max Gust Flag` = col_logical(),
  `Spd of Max Gust Flag` = col_logical()
)
ℹ Use `spec()` for the full column specifications.

Joining, by = "CollectionDate"
[1] "Prediction 3A - Freeze thaw variation"
Joining, by = "Sample1"
null device 
          1 

Call:
anosim(x = dmAitchison, grouping = interaction(Territory, BreedingStatus)) 
Dissimilarity: user supplied square matrix 

ANOSIM statistic R: 0.1119 
      Significance: 0.109 

Permutation: free
Number of permutations: 999

Upper quantiles of permutations (null model):
  90%   95% 97.5%   99% 
0.118 0.158 0.190 0.237 

Dissimilarity ranks between and within classes:
                        0%    25%   50%    75% 100%   N
Between                  1 142.75 284.5 423.25  561 532
Arowhon.Breeder        350 350.00 350.0 350.00  350   1
BatLake.Breeder         NA     NA    NA     NA   NA   0
CamLkRd.Breeder        487 487.00 487.0 487.00  487   1
DaviesBog.Breeder       NA     NA    NA     NA   NA   0
Mile36.Breeder         178 178.00 178.0 178.00  178   1
NorthBog.Breeder        NA     NA    NA     NA   NA   0
OpeoBridge.Breeder      NA     NA    NA     NA   NA   0
SWAir.Breeder          529 529.00 529.0 529.00  529   1
TDSN.Breeder            NA     NA    NA     NA   NA   0
WolfHowl.Breeder        NA     NA    NA     NA   NA   0
Arowhon.Non-breeder    115 130.00 145.0 243.50  342   3
BatLake.Non-breeder     38  48.25  72.5 117.75  251   6
CamLkRd.Non-breeder    246 261.00 291.0 340.50  443   6
DaviesBog.Non-breeder  428 428.00 428.0 428.00  428   1
Mile36.Non-breeder      47 229.50 412.0 414.00  416   3
NorthBog.Non-breeder   230 246.00 262.0 359.00  456   3
OpeoBridge.Non-breeder  NA     NA    NA     NA   NA   0
SWAir.Non-breeder       NA     NA    NA     NA   NA   0
TDSN.Non-breeder        NA     NA    NA     NA   NA   0
WolfHowl.Non-breeder    85 110.00 135.0 159.00  183   3

[1] "Breeder"

Call:
anosim(x = dmSamp, grouping = Territory) 
Dissimilarity: 

ANOSIM statistic R: -0.1613 
      Significance: 0.758 

Permutation: free
Number of permutations: 999

Upper quantiles of permutations (null model):
  90%   95% 97.5%   99% 
0.306 0.412 0.500 0.581 

Dissimilarity ranks between and within classes:
           0%   25%  50%   75% 100%  N
Between     1 16.25 33.5 49.75   66 62
Arowhon    28 28.00 28.0 28.00   28  1
BatLake    NA    NA   NA    NA   NA  0
CamLkRd    47 47.00 47.0 47.00   47  1
DaviesBog  NA    NA   NA    NA   NA  0
Mile36     18 18.00 18.0 18.00   18  1
NorthBog   NA    NA   NA    NA   NA  0
OpeoBridge NA    NA   NA    NA   NA  0
SWAir      61 61.00 61.0 61.00   61  1
TDSN       NA    NA   NA    NA   NA  0
WolfHowl   NA    NA   NA    NA   NA  0

[1] "Non-breeder"

Call:
anosim(x = dmSamp, grouping = Territory) 
Dissimilarity: 

ANOSIM statistic R: 0.04583 
      Significance: 0.293 

Permutation: free
Number of permutations: 999

Upper quantiles of permutations (null model):
  90%   95% 97.5%   99% 
0.125 0.169 0.205 0.235 

Dissimilarity ranks between and within classes:
            0%    25%   50%    75% 100%   N
Between      1  59.25 116.5 174.75  231 206
Arowhon     58  66.00  74.0 118.00  162   3
BatLake     24  30.25  41.0  61.50  118   6
CamLkRd    115 120.75 137.0 162.25  215   6
DaviesBog  206 206.00 206.0 206.00  206   1
Mile36      29 114.00 199.0 200.00  201   3
NorthBog   105 113.00 121.0 170.00  219   3
OpeoBridge  NA     NA    NA     NA   NA   0
SWAir       NA     NA    NA     NA   NA   0
TDSN        NA     NA    NA     NA   NA   0
WolfHowl    45  57.50  70.0  77.00   84   3

[1] "Prediction 3B - FT number of microbiota"
null device 
          1 

Call:
lm(formula = n ~ FreezeThaw, data = plot3B)

Coefficients:
(Intercept)   FreezeThaw  
     22.396        0.439  


Call:
lm(formula = n ~ FreezeThaw, data = plot3B)

Residuals:
    Min      1Q  Median      3Q     Max 
-18.103 -10.664  -8.347   0.897  95.653 

Coefficients:
            Estimate Std. Error t value Pr(>|t|)
(Intercept)   22.396     19.236   1.164    0.250
FreezeThaw     0.439      1.779   0.247    0.806

Residual standard error: 21.69 on 47 degrees of freedom
Multiple R-squared:  0.001294,	Adjusted R-squared:  -0.01995 
F-statistic: 0.06091 on 1 and 47 DF,  p-value: 0.8061

Analysis of Variance Table

Response: n
           Df  Sum Sq Mean Sq F value Pr(>F)
FreezeThaw  1    28.7   28.67  0.0609 0.8061
Residuals  47 22121.0  470.66               
[1] "Prediction 3C + D - Data for Supplementation"
[1] "Prediction 3C - Food supplementation (OTUs)"
null device 
          1 
[1] "one sample t-test"
[1] "H0 - Means are not different (u=0)"
[1] "HA - yes FS mean is less than no FS mean (u>u0)"
[1] "all"
[1] "test statistic"
[1] "summary of yes"
       n       
 Min.   : 9.0  
 1st Qu.:12.0  
 Median :23.0  
 Mean   :23.6  
 3rd Qu.:23.0  
 Max.   :51.0  
[1] "summary of no"
       n        
 Min.   : 3.00  
 1st Qu.: 9.00  
 Median :20.00  
 Mean   :24.12  
 3rd Qu.:28.00  
 Max.   :66.00  
[1] "p-value"
[1] 0.4738422

	One Sample t-test

data:  yes
t = -0.069825, df = 4, p-value = 0.4738
alternative hypothesis: true mean is less than 24.11765
95 percent confidence interval:
     -Inf 39.40445
sample estimates:
mean of x 
     23.6 

[1] "2017 only"

	One Sample t-test

data:  yes
t = -3.3304, df = 2, p-value = 0.03978
alternative hypothesis: true mean is less than 33.875
95 percent confidence interval:
     -Inf 31.95993
sample estimates:
mean of x 
 18.33333 

[1] "2018 only"

	One Sample t-test

data:  yes
t = 0.82336, df = 1, p-value = 0.7193
alternative hypothesis: true mean is less than 15.44444
95 percent confidence interval:
     -Inf 154.6182
sample estimates:
mean of x 
     31.5 

[1] "Prediction 3D - Food supplementation (distances)"
Joining, by = "Sample1"
null device 
          1 

Call:
anosim(x = dmAitchisonB, grouping = FoodSupplement) 
Dissimilarity: 

ANOSIM statistic R: 0.173 
      Significance: 0.108 

Permutation: free
Number of permutations: 999

Upper quantiles of permutations (null model):
  90%   95% 97.5%   99% 
0.178 0.252 0.304 0.365 

Dissimilarity ranks between and within classes:
        0%    25%   50%    75% 100%   N
Between  2  64.00 153.0 205.00  252 107
N        1  61.25 109.5 170.75  253 136
U       NA     NA    NA     NA   NA   0
Y       41 118.00 155.5 217.25  227  10

[1] 2017

Call:
anosim(x = dmSamp, grouping = Territory) 
Dissimilarity: 

ANOSIM statistic R: 0.7231 
      Significance: 0.132 

Permutation: free
Number of permutations: 999

Upper quantiles of permutations (null model):
  90%   95% 97.5%   99% 
0.785 0.908 0.940 1.000 

Dissimilarity ranks between and within classes:
            0% 25% 50% 75% 100%  N
Between      1  18  34  50   66 65
Alligator   NA  NA  NA  NA   NA  0
Arowhon     NA  NA  NA  NA   NA  0
BatLake     NA  NA  NA  NA   NA  0
CedarSwamp  NA  NA  NA  NA   NA  0
ClarkeLake  NA  NA  NA  NA   NA  0
Cliff       NA  NA  NA  NA   NA  0
DaviesBog   NA  NA  NA  NA   NA  0
HeadCreek   NA  NA  NA  NA   NA  0
NorthBog    10  10  10  10   10  1
OpeoTurn    NA  NA  NA  NA   NA  0
SundayCreek NA  NA  NA  NA   NA  0
SWAir       NA  NA  NA  NA   NA  0

[1] 2018

Call:
anosim(x = dmSamp, grouping = Territory) 
Dissimilarity: 

ANOSIM statistic R: -0.03704 
      Significance: 0.562 

Permutation: free
Number of permutations: 999

Upper quantiles of permutations (null model):
  90%   95% 97.5%   99% 
0.852 0.926 1.000 1.000 

Dissimilarity ranks between and within classes:
            0%   25%  50%   75% 100%  N
Between      1 14.25 27.5 41.75   55 54
Alligator   NA    NA   NA    NA   NA  0
Arowhon     NA    NA   NA    NA   NA  0
BatLake     NA    NA   NA    NA   NA  0
CedarSwamp  NA    NA   NA    NA   NA  0
ClarkeLake  NA    NA   NA    NA   NA  0
Cliff       NA    NA   NA    NA   NA  0
DaviesBog   NA    NA   NA    NA   NA  0
HeadCreek   NA    NA   NA    NA   NA  0
NorthBog    29 29.00 29.0 29.00   29  1
OpeoTurn    NA    NA   NA    NA   NA  0
SundayCreek NA    NA   NA    NA   NA  0
SWAir       NA    NA   NA    NA   NA  0

Warning messages:
1: In rm(longWeather, weather) : object 'longWeather' not found
2: In rm(longWeather, weather) : object 'weather' not found
