
Lmod is automatically replacing "intel/2016.4" with "gcc/7.3.0".

-------------------------------------------------------------------------------
The following dependent module(s) are not currently loaded: gcccore/.5.4.0 (required by: icc/.2016.4.258, ifort/.2016.4.258)
-------------------------------------------------------------------------------

Due to MODULEPATH changes, the following have been reloaded:
  1) openmpi/2.1.1

The following have been reloaded with a version change:
  1) gcccore/.5.4.0 => gcccore/.7.3.0     2) imkl/11.3.4.258 => imkl/2018.3.222

Loading required package: permute
Loading required package: lattice
This is vegan 2.5-6
── Attaching packages ─────────────────────────────────────── tidyverse 1.3.0 ──
✔ ggplot2 3.3.2     ✔ purrr   0.3.4
✔ tibble  3.0.4     ✔ dplyr   1.0.2
✔ tidyr   1.1.2     ✔ stringr 1.4.0
✔ readr   1.4.0     ✔ forcats 0.5.0
── Conflicts ────────────────────────────────────────── tidyverse_conflicts() ──
✖ dplyr::filter() masks stats::filter()
✖ dplyr::lag()    masks stats::lag()
Joining, by = c("sampleid", "ExtractID", "JayID", "Sex", "BirthYear", "AgeAtCollection", "SampleType", "CollectionDate", "CollectionDay", "CollectionMonth", "CollectionSeason", "CollectionYear", "FoodSupplement", "Territory", "TerritoryQuality", "ProportionSpruceOnTerritory", "BreedingStatus", "JuvenileStatus", "SampledBreederMale", "SampledBreederFemale", "LatitudeOriginDD", "LongitudeOriginDD", "LatitudeSamplingDD", "LongitudeSamplingDD", "MaxTempC", "MinTempC", "MeanTempC", "TotalPrecipMM")
Joining, by = "SampleID"
Too few points to calculate an ellipse
Too few points to calculate an ellipse
Too few points to calculate an ellipse
Too few points to calculate an ellipse
Warning messages:
1: Using size for a discrete variable is not advised. 
2: Removed 4 row(s) containing missing values (geom_path). 
null device 
          1 
Joining, by = "Sample1"
null device 
          1 
Permutation test for adonis under reduced model
Terms added sequentially (first to last)
Permutation: free
Number of permutations: 999

adonis2(formula = dmAitchison ~ Territory + JuvenileStatus + BreedingStatus, data = offPar)
               Df SumOfSqs      R2      F Pr(>F)
Territory       9   31.951 0.32101 1.3574  0.192
JuvenileStatus  1    4.506 0.04527 1.7228  0.184
BreedingStatus  1    5.537 0.05563 2.1170  0.119
Residual       22   57.539 0.57809              
Total          33   99.532 1.00000              

Call:
capscale(formula = dmAitchison ~ Territory + JuvenileStatus +      BreedingStatus, data = offPar, comm = otu_table(offParPS),      na.action = na.exclude) 

Partitioning of mean squared Unknown distance:
              Inertia Proportion
Total           3.016     1.0000
Constrained     1.273     0.4219
Unconstrained   1.744     0.5781

Eigenvalues, and their contribution to the mean squared Unknown distance 

Importance of components:
                        CAP1    CAP2    CAP3   MDS1   MDS2   MDS3
Eigenvalue            0.7550 0.28484 0.23271 1.0194 0.4155 0.3087
Proportion Explained  0.2503 0.09444 0.07715 0.3380 0.1377 0.1024
Cumulative Proportion 0.2503 0.34475 0.42191 0.7599 0.8976 1.0000

Accumulated constrained eigenvalues
Importance of components:
                        CAP1   CAP2   CAP3
Eigenvalue            0.7550 0.2848 0.2327
Proportion Explained  0.5933 0.2238 0.1829
Cumulative Proportion 0.5933 0.8171 1.0000

Scaling 2 for species and site scores
* Species are scaled proportional to eigenvalues
* Sites are unscaled: weighted dispersion equal on all dimensions
* General scaling constant of scores:  3.158574 


Species scores

                                   CAP1       CAP2       CAP3       MDS1
JN178502.1.1489               6.200e-04  1.935e-03  3.371e-03 -1.301e-03
LN569729.1.1347              -6.074e-04  1.217e-03  2.234e-03 -1.904e-03
EF516822.1.1479              -1.492e-02  5.339e-03  8.869e-03 -1.902e-02
FJ466419.1.1420               1.518e-04  1.471e-03 -6.053e-04  6.379e-21
KJ726591.1.1386              -1.076e-03  1.210e-02  9.604e-03  8.982e-03
AB034799.1.1494               0.000e+00  0.000e+00  0.000e+00  0.000e+00
KF100146.1.1366               0.000e+00  0.000e+00  0.000e+00  0.000e+00
FJ904258.1.1491               0.000e+00  0.000e+00  0.000e+00  0.000e+00
JF225121.1.1362               0.000e+00  0.000e+00  0.000e+00  0.000e+00
FJ534995.1.1486               0.000e+00  0.000e+00  0.000e+00  0.000e+00
JQ452099.1.1291              -1.556e-03 -1.492e-05  1.495e-04 -1.677e-03
KF101495.1.1358               7.636e-04  2.383e-03  4.152e-03 -1.603e-03
HM267060.1.1360               0.000e+00  0.000e+00  0.000e+00  0.000e+00
JF168787.1.1357              -7.620e-03 -1.236e-05  1.135e-03 -8.107e-03
KF101923.1.1355               0.000e+00  0.000e+00  0.000e+00  0.000e+00
FJ558124.1.1310              -1.201e-03  2.132e-03 -1.741e-03 -4.503e-03
JQ460234.1.1383               0.000e+00  0.000e+00  0.000e+00  0.000e+00
JF140876.1.1359               0.000e+00  0.000e+00  0.000e+00  0.000e+00
JQ460239.1.1372              -8.597e-03 -8.244e-05  8.258e-04 -9.265e-03
JF107580.1.1357              -9.746e-03 -9.345e-05  9.362e-04 -1.050e-02
AB547696.1.1280               0.000e+00  0.000e+00  0.000e+00  0.000e+00
KM251024.1.1452               0.000e+00  0.000e+00  0.000e+00  0.000e+00
FR720647.1.1447              -4.841e-03 -3.464e-04  4.118e-04 -5.080e-03
JF229797.1.1352               1.429e-03  4.459e-03  7.770e-03 -3.000e-03
JQ342863.1.1390               1.324e-05  7.644e-04 -9.949e-04 -3.007e-03
KF070899.1.1352               7.467e-04  1.818e-03 -8.901e-04  1.881e-03
AM403311.1.1280               1.106e-03 -4.644e-03  2.690e-04  1.823e-03
HM276373.1.1351               0.000e+00  0.000e+00  0.000e+00  0.000e+00
GQ001605.1.1352               1.301e-03  3.167e-03 -1.551e-03  3.258e-03
KJ579161.1.1520               7.687e-04  2.395e-03  4.061e-03 -1.865e-03
FPLS01052044.12.1513         -3.709e-03  1.186e-03 -7.020e-04 -5.826e-03
JF198984.1.1350               6.682e-04  4.330e-03  5.713e-03  2.484e-06
JN873202.1.1487               6.059e-04 -2.932e-03  3.420e-04  1.687e-03
JF181867.1.1344               0.000e+00  0.000e+00  0.000e+00  0.000e+00
JF233885.1.1345               0.000e+00  0.000e+00  0.000e+00  0.000e+00
JF228239.1.1346              -2.816e-03 -2.701e-05  2.705e-04 -3.035e-03
MG788926.1.1212              -5.670e-03 -5.437e-05  5.446e-04 -6.110e-03
EU537791.1.1381               0.000e+00  0.000e+00  0.000e+00  0.000e+00
MG859559.1.1339              -2.398e-02  1.479e-03  7.270e-03 -2.579e-02
AM423088.1.1339              -2.184e-02 -2.282e-03  2.381e-03 -2.281e-02
HQ686141.1.1218               0.000e+00  0.000e+00  0.000e+00  0.000e+00
KC618502.1.1400               4.733e-04  3.067e-03  4.047e-03  1.759e-06
KF061609.1.1285               0.000e+00  0.000e+00  0.000e+00  0.000e+00
AM420149.1.1479               0.000e+00  0.000e+00  0.000e+00  0.000e+00
CU924115.1.1369              -1.243e-05 -1.502e-04 -3.999e-06  1.647e-05
JX657043.1.1256               0.000e+00  0.000e+00  0.000e+00  0.000e+00
AM420030.1.1477               0.000e+00  0.000e+00  0.000e+00  0.000e+00
JQ447599.1.1283               0.000e+00  0.000e+00  0.000e+00  0.000e+00
FN421757.1.1382               0.000e+00  0.000e+00  0.000e+00  0.000e+00
HM487994.1.1230               0.000e+00  0.000e+00  0.000e+00  0.000e+00
JQ991923.1.1360               0.000e+00  0.000e+00  0.000e+00  0.000e+00
JF158381.1.1365              -3.508e-03 -2.683e-03  1.353e-04  2.430e-05
JQ466140.1.1308              -4.475e-04  4.434e-04  3.014e-03  2.987e-04
EU534796.1.1350               5.636e-04 -2.727e-03  3.181e-04  1.569e-03
JF231294.1.1313              -9.007e-06  2.979e-04 -1.690e-04 -5.532e-04
KF037501.1.1475               2.873e-04  8.965e-04  1.562e-03 -6.031e-04
FJ465978.1.1476               0.000e+00  0.000e+00  0.000e+00  0.000e+00
HG529099.1.1221              -1.808e-05  7.591e-04 -3.759e-04  1.303e-04
JF198859.1.1337              -1.469e-04  1.336e-04 -1.609e-04  2.171e-04
KF424996.1.1424              -3.494e-03  5.082e-03 -1.109e-03 -1.089e-02
JN023236.1.1453              -1.138e-02 -1.091e-04  1.093e-03 -1.226e-02
JN023102.1.1455              -8.947e-03  1.031e-02 -1.711e-03 -2.272e-02
DQ906050.1.1458              -3.247e-03  2.953e-03 -3.556e-03  4.798e-03
HF677560.1.1320              -2.407e-03  1.284e-03  3.597e-03 -2.607e-03
KC924939.1.1365               0.000e+00  0.000e+00  0.000e+00  0.000e+00
KT582003.1.1350              -8.492e-05  2.809e-03 -1.594e-03  2.016e-03
HQ674944.1.1469               0.000e+00  0.000e+00  0.000e+00  0.000e+00
GU731346.1.1349              -1.951e-04  2.989e-03 -2.175e-03 -5.127e-03
AM697130.1.1456               2.227e-03  7.903e-03  1.299e-02 -4.078e-03
FR749818.1.1462              -2.260e-03 -2.168e-05  2.171e-04 -2.436e-03
FJ466050.1.1386              -4.558e-03 -4.371e-05  4.378e-04 -4.912e-03
HQ317066.1.1458              -2.028e-03  1.844e-03 -2.220e-03  2.996e-03
HQ595201.1.1462              -8.894e-03 -8.528e-05  8.543e-04 -9.585e-03
HQ598946.1.1456              -1.059e-02  5.633e-03  2.874e-03 -1.587e-02
JN023851.1.1453              -1.846e-05  2.239e-03 -1.372e-03 -3.952e-03
HQ687088.1.1488               8.317e-04  2.595e-03  4.522e-03 -1.746e-03
FJ466048.1.1374              -2.983e-04  1.348e-03  1.172e-03 -1.838e-03
HQ595224.1.1463               1.084e-03  4.115e-03  4.448e-03 -3.780e-03
FPLS01054129.36.1499         -5.625e-03 -1.745e-03  2.407e-04 -5.290e-03
FR716684.1.1401              -7.740e-04  1.966e-03 -1.541e-03  1.477e-03
JF200056.1.1323               1.381e-04  4.617e-03 -1.008e-03 -7.170e-03
DQ521477.1.1424               6.486e-03  2.153e-02  3.646e-02 -1.281e-02
FJ465984.1.1365              -2.766e-05  9.149e-04 -5.192e-04 -1.699e-03
JN024058.1.1455               0.000e+00  0.000e+00  0.000e+00  0.000e+00
HQ598755.1.1456              -2.573e-05  8.511e-04 -4.829e-04 -1.581e-03
HM318996.1.1322              -2.661e-03  1.603e-02  5.106e-03 -1.528e-02
FJ004689.1.1320               2.411e-03  8.369e-03 -4.847e-03  3.105e-03
FJ466063.1.1461              -4.557e-03  1.062e-02  3.760e-03 -1.451e-02
JX967284.1.1418               1.025e-03 -7.356e-05  3.068e-03 -3.204e-03
FM873018.1.1452               1.588e-03  4.954e-03  8.633e-03 -3.333e-03
FNSD01000001.2831055.2832560  0.000e+00  0.000e+00  0.000e+00  0.000e+00
AB637074.1.1458              -4.862e-03  3.618e-03  8.133e-03 -7.798e-03
DQ532229.1.1476              -4.113e-03 -3.944e-05  3.951e-04 -4.433e-03
FJ624885.1.1477              -9.090e-03 -1.253e-03  1.417e-03 -1.063e-02
HM319117.1.1337               0.000e+00  0.000e+00  0.000e+00  0.000e+00
KF063285.1.1306              -6.311e-03  2.906e-04  1.512e-04 -5.825e-03
HQ754307.1.1415              -9.358e-02  7.462e-03  2.593e-02 -1.089e-01
GFIM01005958.9.1236          -9.998e-02 -1.935e-03  1.790e-02 -1.082e-01
GQ025225.1.1346              -7.689e-02  6.483e-03  2.258e-02 -9.178e-02
LT996886.1992536.1994032      0.000e+00  0.000e+00  0.000e+00  0.000e+00
JQ855509.1.1280              -8.894e-04 -8.528e-06  8.543e-05 -9.585e-04
Z78206.1.1473                 2.920e-05  2.829e-04 -1.164e-04  2.824e-20
AF542072.1.1334               0.000e+00  0.000e+00  0.000e+00  0.000e+00
MK005285.1.1200               0.000e+00  0.000e+00  0.000e+00  0.000e+00
AJ131121.1.1481               2.083e-01  5.176e-01 -2.522e-01  4.803e-01
JF021752.1.1274              -4.262e-03 -4.086e-05  4.094e-04 -4.593e-03
JQ453285.1.1278               0.000e+00  0.000e+00  0.000e+00  0.000e+00
JQ462353.1.1304              -6.369e-05  2.106e-03 -1.195e-03  1.512e-03
JQ452983.1.1387              -7.411e-03 -7.107e-05  7.119e-04 -7.987e-03
JQ453094.1.1265               0.000e+00  0.000e+00  0.000e+00  0.000e+00
JQ456274.1.1389               0.000e+00  0.000e+00  0.000e+00  0.000e+00
JQ460427.1.1401              -4.854e-03 -4.655e-05  4.663e-04 -5.232e-03
KF101799.1.1351               0.000e+00  0.000e+00  0.000e+00  0.000e+00
GQ358840.1.1493               7.684e-02  1.923e-01 -9.567e-02  1.762e-01
LN774496.1.1227               9.514e-04  2.317e-03 -1.134e-03 -1.131e-03
AMGM01000177.486.1752         0.000e+00  0.000e+00  0.000e+00  0.000e+00
MH447029.1.1245               0.000e+00  0.000e+00  0.000e+00  0.000e+00
KP717958.1.1215               0.000e+00  0.000e+00  0.000e+00  0.000e+00
GQ927310.1.1446               0.000e+00  0.000e+00  0.000e+00  0.000e+00
MH173277.1.1221               0.000e+00  0.000e+00  0.000e+00  0.000e+00
JQ659878.1.1493               0.000e+00  0.000e+00  0.000e+00  0.000e+00
KX026867.1.1427               4.791e-04 -2.318e-03  2.704e-04 -4.374e-05
JF223997.1.1388               0.000e+00  0.000e+00  0.000e+00  0.000e+00
JQ456193.1.1347              -6.118e-03 -3.775e-04  2.173e-03 -6.683e-03
JF411398.1.1363               0.000e+00  0.000e+00  0.000e+00  0.000e+00
KT154887.1.1354               0.000e+00  0.000e+00  0.000e+00  0.000e+00
EU289495.1.1483              -3.595e-03 -3.447e-05  3.453e-04 -3.874e-03
FJ527819.1.1459              -7.281e-04  7.215e-04  4.905e-03  4.860e-04
EF451667.1.1266               0.000e+00  0.000e+00  0.000e+00  0.000e+00
KF080158.1.1305               0.000e+00  0.000e+00  0.000e+00  0.000e+00
KP214599.6.1225               0.000e+00  0.000e+00  0.000e+00  0.000e+00
FJ716240.1.1353               0.000e+00  0.000e+00  0.000e+00  0.000e+00
HM248734.1.1345               0.000e+00  0.000e+00  0.000e+00  0.000e+00
FN824831.1.1299               0.000e+00  0.000e+00  0.000e+00  0.000e+00
EU374909.1.1206              -1.947e-04  2.077e-03 -1.782e-03 -3.322e-03
JQ660285.1.1454              -7.258e-03  1.647e-03 -1.360e-04 -6.796e-03
MH468728.1.1296               0.000e+00  0.000e+00  0.000e+00  0.000e+00
MK135915.1.1317              -1.964e-03 -1.883e-05  1.887e-04 -2.117e-03
KX618431.1.1210              -4.323e-03  4.264e-03  5.700e-03 -6.529e-03
ADNU01000076.15.1525         -3.817e-03 -3.660e-05  3.666e-04 -4.114e-03
JQ855568.1.1203               4.234e-04  1.321e-03  2.302e-03 -8.888e-04
EU868814.1.1450               7.778e-04 -4.060e-03  1.333e-03  2.011e-03
CR933228.2.1304               0.000e+00  0.000e+00  0.000e+00  0.000e+00
L43597.1.1437                -3.965e-03 -3.802e-05  3.809e-04 -4.273e-03
AM697010.1.1473              -3.002e-03 -2.878e-05  2.883e-04 -3.235e-03
EU289429.1.1487              -2.862e-03 -1.857e-03 -2.417e-03  2.952e-03
AF247813.1.1375              -2.509e-04  2.677e-03 -2.297e-03 -4.281e-03
LN565962.1.1354              -2.779e-03 -2.665e-05  2.670e-04 -2.995e-03
GQ348649.1.1360               0.000e+00  0.000e+00  0.000e+00  0.000e+00
LN573160.1.1352               6.541e-04  1.142e-03  2.623e-03 -1.730e-03
KU060864.1.1436              -5.147e-06  1.702e-04 -9.659e-05 -3.161e-04
HG800046.1.1425              -1.672e-02  2.326e-03 -5.472e-04 -2.174e-02
MH394200.1.1219              -1.994e-05  6.596e-04 -3.743e-04  4.735e-04
KM023860.1.1371               0.000e+00  0.000e+00  0.000e+00  0.000e+00
MF765337.1.1200               0.000e+00  0.000e+00  0.000e+00  0.000e+00
JF200689.1.1340              -3.965e-03 -3.802e-05  3.809e-04 -4.273e-03
JF172593.1.1339              -1.338e-02 -1.283e-04  1.285e-03 -1.442e-02
GQ033816.1.1340              -4.113e-02  1.384e-02  2.247e-02 -4.697e-02
KF063016.1.1336               0.000e+00  0.000e+00  0.000e+00  0.000e+00
KF086785.1.1341               0.000e+00  0.000e+00  0.000e+00  0.000e+00
KR514582.1.1245               0.000e+00  0.000e+00  0.000e+00  0.000e+00
GQ038569.1.1298              -7.048e-03 -2.130e-03  4.321e-03 -7.030e-03
KC873924.1.1374              -6.223e-03 -2.055e-03  6.810e-04 -7.003e-03
Y09044.1.1472                -1.164e-04  3.472e-03  1.072e-02 -1.091e-03
JQ855615.1.1266              -4.780e-03 -4.584e-05  4.592e-04 -5.152e-03
Y14651.1.1383                 5.824e-04 -2.818e-03  3.287e-04  1.622e-03
GQ085072.1.1341               0.000e+00  0.000e+00  0.000e+00  0.000e+00
HM274530.1.1342               0.000e+00  0.000e+00  0.000e+00  0.000e+00
JQ855630.1.1284               0.000e+00  0.000e+00  0.000e+00  0.000e+00
JF091892.1.1344              -2.298e-03 -2.203e-05  2.207e-04 -2.476e-03
Y09655.1.1468                -1.149e-03 -1.102e-05  1.103e-04 -1.238e-03
JQ855614.1.1252              -2.067e-04  2.205e-03 -1.892e-03 -3.528e-03
KF061369.1.1304               1.042e-04 -3.888e-04  6.420e-07 -1.222e-04
JF150579.1.1352               0.000e+00  0.000e+00  0.000e+00  0.000e+00
KF084353.1.1339               0.000e+00  0.000e+00  0.000e+00  0.000e+00
KF101186.1.1334              -2.849e-03 -1.485e-03  4.722e-04 -2.558e-03
MH447031.1.1244               0.000e+00  0.000e+00  0.000e+00  0.000e+00
EU379256.1.1267               0.000e+00  0.000e+00  0.000e+00  0.000e+00
JF117557.1.1344              -3.002e-03 -2.878e-05  2.883e-04 -3.235e-03
GQ085228.1.1339               1.075e-03 -2.016e-03  1.015e-03 -4.330e-04
JF141683.1.1340              -1.842e-02 -6.009e-03  1.837e-03 -2.394e-02
JQ855529.1.1276              -2.710e-04  2.891e-03 -2.480e-03 -4.624e-03
X81872.1.1430                 0.000e+00  0.000e+00  0.000e+00  0.000e+00
GQ041275.1.1338               6.954e-04 -4.190e-03  2.512e-03 -1.303e-03
JF172360.1.1372              -2.853e-03 -2.736e-05  2.741e-04 -3.075e-03
GQ044514.1.1347              -2.723e-03 -3.751e-03  4.102e-03 -4.193e-03
JF070773.1.1342              -2.961e-02  3.319e-03  9.451e-03 -3.171e-02
KF091541.1.1338              -3.774e-02  8.826e-04  1.189e-02 -3.851e-02
KF067707.1.1340              -9.749e-03  3.100e-03 -1.830e-03 -1.529e-02
Y10999.1.1323                -4.521e-03 -4.335e-05  4.343e-04 -4.872e-03
KF069418.1.1339              -4.817e-03  1.081e-03 -7.397e-04 -4.625e-03
GQ006474.1.1336              -4.817e-05  5.139e-04 -4.410e-04 -8.220e-04
JF113924.1.1343              -5.358e-03  6.793e-03 -5.067e-04 -1.310e-02
JF106001.1.1271               0.000e+00  0.000e+00  0.000e+00  0.000e+00
FJ214364.1.1418               0.000e+00  0.000e+00  0.000e+00  0.000e+00
AY500143.1.1430              -6.077e-03 -5.827e-05  5.838e-04 -6.550e-03
GQ009821.1.1349               0.000e+00  0.000e+00  0.000e+00  0.000e+00
KU713460.1.1383              -3.743e-03 -3.589e-05  3.595e-04 -4.034e-03
KY908278.1.1240              -7.789e-04  7.658e-04  4.671e-03  5.793e-04
AB193261.1.1528               0.000e+00  0.000e+00  0.000e+00  0.000e+00
FR682689.1.1485              -8.016e-05  1.272e-03 -8.461e-04 -1.947e-03
HE795127.1.1443               0.000e+00  0.000e+00  0.000e+00  0.000e+00
HM263196.1.1366              -5.234e-03  8.436e-04  2.093e-03 -6.554e-03
JF190702.1.1368              -2.795e-03  1.324e-03  1.363e-03 -2.441e-03
FPLS01027341.17.1497          2.949e-04  9.201e-04  1.603e-03 -6.190e-04
DQ420178.1.1216               9.957e-04  3.660e-03  5.265e-03 -2.859e-03
KT626954.1.1200               0.000e+00  0.000e+00  0.000e+00  0.000e+00
HQ586883.1.1508               0.000e+00  0.000e+00  0.000e+00  0.000e+00
KM257721.1.1483              -3.268e-04  1.828e-03 -1.199e-03 -2.512e-03
KX792217.1.1200              -5.420e-03  1.053e-02 -5.442e-03 -9.774e-03
HQ774508.1.1459               0.000e+00  0.000e+00  0.000e+00  0.000e+00
FJ558058.1.1360               0.000e+00  0.000e+00  0.000e+00  0.000e+00
KJ726551.1.1410               2.600e-02  4.565e-02  1.100e-01 -3.856e-02
JN013950.1.1521               4.415e-03  1.595e-02  2.741e-02 -1.114e-02
EU773324.1.1414              -6.517e-05  6.488e-03  6.856e-03 -8.957e-04
EU777806.1.1322               3.144e-03  9.210e-03  1.782e-02 -6.646e-03
FM873468.1.1497               0.000e+00  0.000e+00  0.000e+00  0.000e+00
AGZE01000001.1.1322           0.000e+00  0.000e+00  0.000e+00  0.000e+00
Y15716.1.1409                 0.000e+00  0.000e+00  0.000e+00  0.000e+00
FM874392.1.1503              -2.853e-03 -2.736e-05  2.741e-04 -3.075e-03
JF148501.1.1373               0.000e+00  0.000e+00  0.000e+00  0.000e+00
JF206640.1.1370               0.000e+00  0.000e+00  0.000e+00  0.000e+00
AM943029.1.1242               0.000e+00  0.000e+00  0.000e+00  0.000e+00
JF146179.1.1366              -9.128e-03  2.546e-03 -2.536e-03  1.098e-02
EU560812.1.1483              -8.881e-01  3.950e-01 -4.251e-01  9.826e-01
KM974909.1.1455              -5.234e-03  3.207e-03 -2.319e-03 -1.052e-02
MF369939.1.1403              -3.174e-03  2.886e-03 -3.475e-03  4.689e-03
KU899036.1.1458              -7.233e-01  3.195e-01 -3.398e-01  7.901e-01
EU778165.1.1293              -3.443e-01  1.512e-01 -1.626e-01  3.613e-01
KU324909.1.1217              -9.040e-01  3.913e-01 -4.230e-01  9.870e-01
JN639432.1.1262              -6.612e-04  6.013e-04 -7.240e-04  9.770e-04
GU432146.1.1216              -5.291e-02  1.097e-04  1.156e-02 -5.539e-02
JQ404454.1.1248              -5.499e-02  4.698e-03  2.101e-02 -6.195e-02
JQ452959.1.1394              -7.147e-02  1.032e-03  1.355e-02 -7.342e-02
JX986968.1.1511               3.172e-02  7.725e-02 -3.782e-02  7.749e-02
EU560799.1.1486               0.000e+00  0.000e+00  0.000e+00  0.000e+00
KX880977.1.1307               0.000e+00  0.000e+00  0.000e+00  0.000e+00
FJ363751.1.1374              -4.299e-03 -4.122e-05  4.129e-04 -4.633e-03
KF094662.1.1371              -1.979e-02  8.367e-03  2.256e-03 -1.651e-02
KF286609.1.1482              -9.079e-03  1.354e-03  2.798e-03 -1.796e-03
MG675050.1.1274               0.000e+00  0.000e+00  0.000e+00  0.000e+00
JQ449890.1.1405               0.000e+00  0.000e+00  0.000e+00  0.000e+00
JF111268.1.1369               0.000e+00  0.000e+00  0.000e+00  0.000e+00
JF223442.1.1369               0.000e+00  0.000e+00  0.000e+00  0.000e+00
MH813962.1.1255               0.000e+00  0.000e+00  0.000e+00  0.000e+00
KU324914.1.1231              -1.515e-02  1.188e-03  9.924e-04 -1.247e-02
KP027016.1.1336               0.000e+00  0.000e+00  0.000e+00  0.000e+00
KX583579.1.1213               0.000e+00  0.000e+00  0.000e+00  0.000e+00
EU463949.1.1313               1.803e-04  5.237e-04 -2.476e-04  4.121e-04
EU774880.1.1320               0.000e+00  0.000e+00  0.000e+00  0.000e+00
AB033209.1.1505               0.000e+00  0.000e+00  0.000e+00  0.000e+00
JQ046411.1.1474              -5.929e-02  4.036e-02 -3.754e-02  7.988e-02
MH400162.1.1200              -6.700e-02  4.481e-02 -4.521e-02  9.131e-02
AB370875.1.1495               0.000e+00  0.000e+00  0.000e+00  0.000e+00
MG515289.1.1202               3.041e-04  3.354e-03 -1.476e-03 -1.122e-04
EU465367.1.1437              -2.549e-03 -3.208e-03 -4.683e-04 -3.333e-03
MF436196.1.1510               0.000e+00  0.000e+00  0.000e+00  0.000e+00
KX881777.1.1230               1.512e-03  4.718e-03  8.222e-03 -3.174e-03
JF194361.1.1386              -2.371e-03  1.156e-03 -7.934e-04 -4.320e-03
AF243141.1.1505              -4.285e-03 -4.960e-03  1.082e-03 -4.385e-03
AF371472.1.1492               6.426e-04  2.005e-03  3.494e-03 -1.349e-03
KF064913.1.1385              -2.972e-03 -3.288e-04 -6.895e-04 -8.111e-03
MH327501.1.1445               0.000e+00  0.000e+00  0.000e+00  0.000e+00
KC336486.1.1472               7.300e-05  7.072e-04 -2.910e-04  7.318e-21
HG800468.1.1200               0.000e+00  0.000e+00  0.000e+00  0.000e+00
KM819108.1.1529               0.000e+00  0.000e+00  0.000e+00  0.000e+00
MH197051.1.1200               0.000e+00  0.000e+00  0.000e+00  0.000e+00
HW066504.1.1528               0.000e+00  0.000e+00  0.000e+00  0.000e+00
JF240039.1.1322               2.041e-04  6.370e-04  1.110e-03 -4.285e-04
JF411370.1.1398              -1.726e-04  1.841e-03 -1.580e-03 -2.945e-03
JQ449983.1.1321              -2.184e-03 -3.247e-03  4.093e-03 -2.367e-03
GU374018.1.1361              -9.042e-03 -8.670e-05  8.686e-04 -9.745e-03
KF826010.1.1436               0.000e+00  0.000e+00  0.000e+00  0.000e+00
AF016390.1.1538               0.000e+00  0.000e+00  0.000e+00  0.000e+00
JF115422.1.1375               0.000e+00  0.000e+00  0.000e+00  0.000e+00
JF231450.1.1376               0.000e+00  0.000e+00  0.000e+00  0.000e+00
ATKJ02000147.82.1446          0.000e+00  0.000e+00  0.000e+00  0.000e+00
JF086992.1.1377               0.000e+00  0.000e+00  0.000e+00  0.000e+00
AM039968.1.1512               0.000e+00  0.000e+00  0.000e+00  0.000e+00
KY024500.1.1206               0.000e+00  0.000e+00  0.000e+00  0.000e+00
FJ957564.1.1515               0.000e+00  0.000e+00  0.000e+00  0.000e+00
HM810242.1.1370               0.000e+00  0.000e+00  0.000e+00  0.000e+00
AB735688.1.1201               3.595e-06 -8.887e-05  1.398e-04 -1.525e-05
FJ981654.1.1204              -3.217e-05  1.064e-03 -6.037e-04 -1.976e-03
JF017343.1.1375               0.000e+00  0.000e+00  0.000e+00  0.000e+00
MG546549.1.1454               0.000e+00  0.000e+00  0.000e+00  0.000e+00
KF413411.1.1467               3.041e-03  3.576e-02 -9.281e-03 -5.489e-02
AM237368.1.1456              -9.839e-05  1.260e-03 -1.336e-03 -1.465e-03
KY680227.1.1207               3.113e-03  3.935e-02 -1.316e-02 -6.175e-02
KY008752.1.1284               9.002e-04  3.066e-03  5.382e-03  1.428e-03
HM263273.1.1372              -1.690e-01  1.270e-02  1.943e-02 -1.974e-01
GQ389787.1.1471              -2.090e-01  1.204e-02  2.646e-02 -2.354e-01
KF100596.1.1359              -4.598e-03  2.075e-03 -4.103e-04 -5.192e-03
KF083132.1.1378              -6.985e-02  2.694e-03  1.269e-02 -7.871e-02
JF183284.1.1372              -5.239e-02  2.179e-03  9.802e-03 -5.632e-02
CP012119.1331602.1333155      3.399e-02  1.685e-01  2.443e-01 -2.412e-02
KM253147.1.1511               3.732e-02  2.016e-01  2.815e-01 -2.031e-02
JF150575.1.1370               2.650e-04  6.452e-04 -3.159e-04 -3.150e-04
JF190687.1.1351              -1.723e-02 -2.344e-03  8.629e-03 -1.914e-02
MH447042.1.1230              -2.400e-02 -1.710e-03  1.417e-02 -2.374e-02
KX436095.1.1487               2.898e-04  4.790e-03 -3.752e-03 -1.286e-02
AB730646.1.1429               1.524e-04  8.230e-03 -4.905e-03 -1.737e-02
FJ512842.1.1396               0.000e+00  0.000e+00  0.000e+00  0.000e+00
KU200945.1.1458               0.000e+00  0.000e+00  0.000e+00  0.000e+00
MH368252.1.1352               9.608e-03  5.060e-02  7.125e-02 -1.583e-03
JF002026.1.1373               4.682e-04  2.602e-03  3.603e-03 -2.686e-04
LK985358.1.1200               6.125e-04  3.969e-03  5.237e-03  2.277e-06
AB272364.1.1268               0.000e+00  0.000e+00  0.000e+00  0.000e+00
JQ449960.1.1414              -1.742e-02  2.354e-04 -4.411e-04 -2.018e-02
JQ452498.1.1373              -1.638e-03  1.474e-03 -6.921e-04 -4.483e-03
JQ449887.1.1241               0.000e+00  0.000e+00  0.000e+00  0.000e+00
HQ811598.1.1472               0.000e+00  0.000e+00  0.000e+00  0.000e+00
KF098427.1.1370               0.000e+00  0.000e+00  0.000e+00  0.000e+00
KJ578741.1.1411              -5.720e-04  1.310e-03  5.055e-03  1.073e-03
KY673688.1.1200               0.000e+00  0.000e+00  0.000e+00  0.000e+00
KY963445.1.1230               4.689e-03  2.206e-02  2.417e-02 -1.903e-02
HM276508.1.1382               0.000e+00  0.000e+00  0.000e+00  0.000e+00
AY543038.1.1420               1.754e-03  5.473e-03  9.538e-03 -3.682e-03
JF189488.1.1361              -4.669e-03 -4.477e-05  4.485e-04 -5.032e-03
GQ448318.1.1256               0.000e+00  0.000e+00  0.000e+00  0.000e+00
HQ744394.1.1427              -8.968e-03 -8.599e-05  8.614e-04 -9.665e-03
FJ715930.1.1401               0.000e+00  0.000e+00  0.000e+00  0.000e+00
HM256610.1.1349               0.000e+00  0.000e+00  0.000e+00  0.000e+00
KT006758.1.1432               5.435e-03 -1.986e-02 -1.530e-02  1.610e-03
AB111934.1.1414               0.000e+00  0.000e+00  0.000e+00  0.000e+00
KM278969.1.1410              -3.717e-03 -5.716e-03 -1.379e-03 -2.041e-03
GQ014605.1.1316               0.000e+00  0.000e+00  0.000e+00  0.000e+00
Z94007.1.1532                -2.356e-04 -2.088e-03 -6.148e-04  4.678e-04
KF099085.1.1336               0.000e+00  0.000e+00  0.000e+00  0.000e+00
JF141755.1.1356              -5.039e-05  1.172e-03 -7.333e-04 -2.115e-03
FMJA01000006.260934.262419    0.000e+00  0.000e+00  0.000e+00  0.000e+00
HQ813447.1.1408               0.000e+00  0.000e+00  0.000e+00  0.000e+00
KF066950.1.1341               0.000e+00  0.000e+00  0.000e+00  0.000e+00
JQ466276.1.1304               0.000e+00  0.000e+00  0.000e+00  0.000e+00
KF098410.1.1335              -9.635e-04 -9.239e-06  9.255e-05 -1.038e-03
GU227198.1.1891               0.000e+00  0.000e+00  0.000e+00  0.000e+00
JQ466576.1.1367               0.000e+00  0.000e+00  0.000e+00  0.000e+00
KR107314.1.1202               1.003e-05  8.800e-05 -5.780e-05  3.146e-05
FLKB01000005.3297.4792        0.000e+00  0.000e+00  0.000e+00  0.000e+00
DQ800421.1.1361               7.636e-04  2.383e-03  4.152e-03 -1.603e-03
GQ014659.1.1348               0.000e+00  0.000e+00  0.000e+00  0.000e+00
KF098860.1.1353               5.824e-04 -2.818e-03  3.287e-04  1.622e-03
AB538433.1.1488               5.072e-04 -2.454e-03  2.863e-04 -4.632e-05
GQ014254.1.1331               4.846e-04 -2.264e-03 -1.730e-04 -5.190e-04
GQ035558.1.1350               0.000e+00  0.000e+00  0.000e+00  0.000e+00
GQ094283.1.1347               0.000e+00  0.000e+00  0.000e+00  0.000e+00
EU160559.1.1318              -2.329e-02  4.277e-03 -1.662e-03 -2.640e-02
GQ113171.1.1349               0.000e+00  0.000e+00  0.000e+00  0.000e+00
FM874004.1.1481               0.000e+00  0.000e+00  0.000e+00  0.000e+00
JF135679.1.1327               0.000e+00  0.000e+00  0.000e+00  0.000e+00
KF096327.1.1337              -2.032e-04  5.361e-03  9.558e-03 -5.695e-03
GQ006526.1.1346              -3.520e-03 -3.376e-05  3.382e-04 -3.794e-03
AF542234.1.1418               8.231e-04 -3.653e-03  2.988e-04  8.376e-05
KF099543.1.1332              -1.877e-03  2.004e-03 -9.725e-04 -5.060e-04
GQ006553.1.1331               0.000e+00  0.000e+00  0.000e+00  0.000e+00
JF203190.1.1346               0.000e+00  0.000e+00  0.000e+00  0.000e+00
KJ469554.1.1367               0.000e+00  0.000e+00  0.000e+00  0.000e+00
KF098872.1.1350               0.000e+00  0.000e+00  0.000e+00  0.000e+00
KF100164.1.1351               0.000e+00  0.000e+00  0.000e+00  0.000e+00
JF067258.1.1350               0.000e+00  0.000e+00  0.000e+00  0.000e+00
KF085270.1.1286              -9.846e-03 -5.971e-03 -6.992e-04 -1.061e-02
KF086802.1.1289              -7.577e-03 -1.671e-03  7.715e-04 -6.378e-03
KF096013.1.1247               0.000e+00  0.000e+00  0.000e+00  0.000e+00
GQ003913.1.1349               0.000e+00  0.000e+00  0.000e+00  0.000e+00
FCEX01000012.769211.770715    0.000e+00  0.000e+00  0.000e+00  0.000e+00
GQ006259.1.1327               5.072e-04 -2.454e-03  2.863e-04  1.412e-03
KF084442.1.1326               0.000e+00  0.000e+00  0.000e+00  0.000e+00
KF099033.1.1342               0.000e+00  0.000e+00  0.000e+00  0.000e+00
HM279057.1.1349               0.000e+00  0.000e+00  0.000e+00  0.000e+00
JF113984.1.1349               0.000e+00  0.000e+00  0.000e+00  0.000e+00
GQ014615.1.1346               0.000e+00  0.000e+00  0.000e+00  0.000e+00
HM252077.1.1349               0.000e+00  0.000e+00  0.000e+00  0.000e+00
HQ745323.1.1440               0.000e+00  0.000e+00  0.000e+00  0.000e+00
JQ475420.1.1245               0.000e+00  0.000e+00  0.000e+00  0.000e+00
GU293217.1.1487               0.000e+00  0.000e+00  0.000e+00  0.000e+00
HM062207.1.1317              -4.648e-03  6.171e-04 -4.111e-04 -3.170e-03
JN615702.1.1315               8.157e-04  1.058e-03 -1.940e-03  1.292e-03
DQ129588.1.1516               0.000e+00  0.000e+00  0.000e+00  0.000e+00
HQ674800.1.1454               0.000e+00  0.000e+00  0.000e+00  0.000e+00
JQ684361.1.1453               4.635e-03  1.745e-02  3.050e-02  1.163e-02
JF222116.1.1308              -8.620e-03  5.056e-03 -4.082e-03 -1.242e-02
JF222135.1.1307              -5.294e-03  5.925e-03 -4.016e-03 -1.039e-02
AB991050.1.1411              -4.144e-02  2.683e-02  3.505e-02 -6.937e-02
HM111817.1.1319              -4.466e-02  7.633e-02  1.057e-01 -8.825e-02
KF082954.1.1307               0.000e+00  0.000e+00  0.000e+00  0.000e+00
GQ097820.1.1308              -9.293e-03  2.361e-03  4.167e-03 -1.042e-02
HM270912.1.1304               0.000e+00  0.000e+00  0.000e+00  0.000e+00
HM270687.1.1304              -7.501e-04  6.176e-03  1.714e-02 -1.141e-02
JQ796662.1.1393              -1.815e-02  1.229e-01 -8.510e-03  9.251e-02
KP694006.1.1333              -1.527e-02  1.043e-01 -1.192e-02  7.862e-02
HQ698286.1.1217              -1.661e-02  1.331e-01 -1.816e-02  1.042e-01
KT581998.1.1306              -5.338e-03  4.339e-02 -6.944e-03  3.288e-02
EU535584.1.1345               4.125e-04  6.442e-03 -2.365e-04  7.530e-03
AB195985.1.1410              -2.038e-03  6.998e-03 -5.653e-04 -2.615e-04
EU133399.1.1323               2.340e-05  5.778e-05 -4.209e-04  1.608e-04
JF224904.1.1305              -2.202e-04  5.304e-03 -3.283e-03 -9.608e-03
FR733885.1.1353               0.000e+00  0.000e+00  0.000e+00  0.000e+00
KC511070.1.1353               1.445e-04  1.586e-03  4.800e-04 -1.880e-03
FR847847.1.1348              -6.522e-03 -6.254e-05  6.265e-04 -7.029e-03
AB698685.1.1444              -7.120e-03  1.504e-03  3.552e-03 -1.207e-02
AB698720.1.1455               0.000e+00  0.000e+00  0.000e+00  0.000e+00
HM240983.1.1303              -1.462e-04  2.093e-03 -1.567e-03 -3.551e-03
MH686116.1.1456              -4.508e-03  2.593e-03 -1.851e-03 -8.805e-03
D32226.1.1405                 4.536e-04  1.416e-03  2.467e-03 -9.523e-04
FJ793801.1.1205              -1.010e-02  2.424e-03  7.349e-03 -1.370e-02
EU704833.1.1228               0.000e+00  0.000e+00  0.000e+00  0.000e+00
FJ225120.1.1386              -3.125e-03  1.621e-03  2.912e-03 -5.041e-03
HM336158.1.1306              -5.262e-03 -5.046e-05  5.055e-04  5.671e-03
KY941259.1.1214               0.000e+00  0.000e+00  0.000e+00  0.000e+00
EF050096.1.1264              -5.740e-03  1.488e-03 -7.853e-04 -6.838e-03
HM332168.1.1306              -7.315e-03  4.403e-03 -1.716e-03 -1.505e-02
HM843775.1.1306              -1.104e-02  3.719e-03 -1.755e-03 -1.817e-02
HQ674799.1.1456               0.000e+00  0.000e+00  0.000e+00  0.000e+00
FR874230.1.1325              -1.078e-02  3.346e-03  6.298e-03 -1.405e-02
HM319082.1.1306              -2.133e-03  2.144e-03  5.910e-04 -4.663e-03
JN089710.1.1214               0.000e+00  0.000e+00  0.000e+00  0.000e+00
KY908268.1.1323               2.283e-04  1.479e-03  1.952e-03  8.487e-07
EU289421.1.1449              -8.230e-05  8.779e-04 -7.533e-04 -4.599e-04
KJ016207.1.1336               0.000e+00  0.000e+00  0.000e+00  0.000e+00
KM924548.1.1437              -2.779e-03 -2.665e-05  2.670e-04 -2.995e-03
KT860421.1.1231              -3.002e-03 -2.878e-05  2.883e-04 -3.235e-03
KF063555.1.1283               7.971e-03 -5.021e-02 -1.203e-02 -6.624e-04
KY609362.1.1453               5.755e-03 -3.855e-02 -9.201e-03 -9.024e-04
FPLS01012024.1.1259           1.471e-03  1.091e-03  5.224e-03 -2.615e-03
JF189148.1.1306              -2.594e-03 -2.487e-05  2.492e-04 -2.796e-03
AM697454.1.1437              -2.166e-02  8.518e-03  7.814e-03 -3.330e-02
FJ854748.1.1205               1.174e-04 -5.681e-04  6.628e-05 -3.804e-04
KY908289.1.1327               1.316e-03  4.105e-03  7.153e-03 -2.762e-03
EU803989.1.1260              -7.599e-03  7.415e-04  2.443e-05 -9.409e-03
JQ396552.1.1473               1.444e-03  4.506e-03  7.852e-03 -3.031e-03
JF222401.1.1310              -9.937e-03  2.274e-03  3.084e-03 -1.165e-02
FN421814.1.1366              -1.526e-04  1.627e-03 -1.396e-03 -2.603e-03
EF019669.1.1293              -1.269e-02  1.062e-02  1.009e-02 -2.248e-02
FN421749.1.1369               0.000e+00  0.000e+00  0.000e+00  0.000e+00
KJ809354.1.1468               9.240e-04  5.561e-03  4.038e-03 -6.639e-03
KC002967.1.1344               5.292e-04  1.651e-03  2.878e-03 -1.111e-03
HM240873.1.1306              -2.941e-03  2.873e-05 -1.316e-04 -4.387e-03
GQ850582.1.1448               0.000e+00  0.000e+00  0.000e+00  0.000e+00
JQ014516.1.1251               0.000e+00  0.000e+00  0.000e+00  0.000e+00
GQ388898.1.1466              -2.553e-05  6.491e-03  1.155e-02 -6.657e-03
EF111062.1.1228              -5.498e-03  1.137e-02  1.195e-02 -2.143e-02
GQ059294.1.1310               2.631e-03  8.210e-03  1.431e-02 -5.523e-03
FJ562158.1.1241               0.000e+00  0.000e+00  0.000e+00  0.000e+00
JF231895.1.1308              -5.262e-03 -5.046e-05  5.055e-04 -5.671e-03
JN023329.1.1442              -5.274e-03  7.221e-03  1.134e-02 -9.044e-03
KM253064.1.1368               2.330e-03  1.458e-02  1.531e-04 -2.708e-02
EU907884.1.1353               0.000e+00  0.000e+00  0.000e+00  0.000e+00
EU705724.1.1206              -1.151e-02 -5.178e-04  8.549e-03 -1.619e-02
KJ809157.1.1466              -9.423e-03  2.146e-03 -1.278e-03 -1.412e-02
HM459845.1.1398              -2.668e-03  8.726e-04 -2.990e-04 -2.823e-03
EU642849.1.1387              -3.071e-03  2.269e-03 -1.016e-03 -7.503e-03
KX990242.1.1335              -2.204e-04  2.004e-04 -2.413e-04  3.257e-04
JN178642.1.1441               9.409e-06  2.324e-05 -1.693e-04 -4.848e-04
KC775412.1.1233              -7.846e-04  3.662e-03  6.602e-03 -4.593e-03
AJ786801.1.1437              -4.371e-03  2.120e-03 -5.569e-04 -6.731e-03
KU713519.1.1337              -2.351e-03  5.899e-04  1.044e-03 -2.635e-03
GU118241.1.1406              -3.349e-02  2.011e-01  6.753e-02  2.061e-01
AM936813.1.1323               0.000e+00  0.000e+00  0.000e+00  0.000e+00
FPLS01004034.10.1473         -1.616e-02  1.203e-03 -1.222e-03 -1.571e-02
KM882673.1.1292              -6.780e-03  1.613e-02  1.708e-02 -2.566e-02
JN590703.1.1281               0.000e+00  0.000e+00  0.000e+00  0.000e+00
JF202879.1.1303              -7.398e-05  2.447e-03 -1.388e-03 -4.544e-03
JF146933.1.1303               1.002e-04  6.494e-04  8.570e-04  3.726e-07
KU713399.1.1335               1.127e-03  3.515e-03  6.126e-03 -2.365e-03
KF037469.1.1449               8.721e-05 -3.016e-04 -6.812e-05 -5.842e-04
AJ227797.1.1418               2.797e-05  6.909e-05 -5.033e-04 -1.441e-03
JX949361.1.1344               7.258e-04  2.265e-03  3.947e-03 -1.524e-03
JX950099.1.1339               9.394e-06 -4.545e-05  5.302e-06 -8.577e-07
LC190811.1.1214               0.000e+00  0.000e+00  0.000e+00  0.000e+00
EU705610.1.1201               3.560e-06  8.793e-06 -6.406e-05 -1.834e-04
HM257747.1.1303              -4.076e-04 -3.909e-06  3.916e-05 -4.393e-04
JN590606.1.1265              -7.720e-06  2.553e-04 -1.449e-04  1.833e-04
EU202832.1.1390               0.000e+00  0.000e+00  0.000e+00  0.000e+00
AB746431.1.1394              -3.650e-03  2.537e-03 -1.877e-03 -7.784e-03
FQ658706.2.1303               0.000e+00  0.000e+00  0.000e+00  0.000e+00
KX990248.1.1356               0.000e+00  0.000e+00  0.000e+00  0.000e+00
AM696989.1.1449               1.664e-04  4.772e-03  3.359e-03  3.272e-03
JX967345.1.1427              -6.114e-03 -5.863e-05  5.873e-04 -6.590e-03
JF177852.1.1312               0.000e+00  0.000e+00  0.000e+00  0.000e+00
AJ292602.1.1452               2.949e-04  9.201e-04  1.603e-03 -6.190e-04
FM873225.1.1443              -1.519e-03 -1.457e-05  1.459e-04 -1.637e-03
JF198908.1.1314              -4.919e-03  2.102e-03 -7.531e-04 -9.223e-03
FJ466044.1.1396              -2.248e-04  2.398e-03 -2.058e-03 -3.836e-03
JX458433.1.1240               0.000e+00  0.000e+00  0.000e+00  0.000e+00
HM319067.1.1310              -7.812e-03  8.866e-04  5.780e-03 -1.057e-02
FM874383.1.1445               0.000e+00  0.000e+00  0.000e+00  0.000e+00
HM278195.1.1308               1.785e-03  5.463e-03  9.880e-03 -3.557e-04
EU360476.1.1340               1.052e-03  6.395e-03  9.291e-03 -1.142e-02
JF217150.1.1312              -5.845e-03  5.061e-03  3.996e-04 -1.269e-02
AJ292597.1.1461               0.000e+00  0.000e+00  0.000e+00  0.000e+00
KY908303.1.1320              -7.621e-03  7.090e-03  3.307e-03 -7.587e-03
EU133428.1.1318               4.304e-04  9.587e-03  1.378e-02 -1.027e-02
FQ659602.2.1312              -1.165e-03  4.039e-03 -2.913e-03 -4.105e-03
HQ622729.1.1448              -6.187e-03  2.298e-03 -1.448e-03 -1.020e-02
AF533352.1.1433               2.082e-04  8.528e-04 -2.147e-03 -4.527e-03
JF211051.1.1312               6.125e-04  3.969e-03  5.237e-03  2.277e-06
FM872588.1.1451              -5.620e-05  5.995e-04 -5.144e-04 -9.590e-04
JF772550.1.1422               0.000e+00  0.000e+00  0.000e+00  0.000e+00
AF498717.1.1397              -1.491e-03  3.520e-03 -3.271e-03 -2.900e-03
EF441950.1.1245               1.788e-04  3.679e-03 -3.487e-03  5.289e-03
EU239162.1.1272               0.000e+00  0.000e+00  0.000e+00  0.000e+00
GQ157794.1.1428              -5.653e-04  3.101e-03 -2.040e-03 -3.321e-04
KC108987.1.1200               9.602e-04  2.996e-03  5.221e-03 -2.016e-03
EF522125.1.1538               0.000e+00  0.000e+00  0.000e+00  0.000e+00
KM117219.1.1448              -8.858e-03 -2.036e-03 -8.889e-04 -8.895e-03
JN367254.1.1453               0.000e+00  0.000e+00  0.000e+00  0.000e+00
KM888877.1.1419               4.932e-04 -2.386e-03  2.784e-04  1.373e-03
HM335571.1.1366              -4.076e-03  2.843e-05  3.040e-04 -4.205e-03
JQ452674.1.1294               1.199e-04 -4.471e-04  7.383e-07 -1.406e-04
MH447060.1.1253              -4.149e-03 -4.041e-04  4.482e-04 -4.796e-03
JQ453278.1.1401               0.000e+00  0.000e+00  0.000e+00  0.000e+00
KF098358.1.1361               0.000e+00  0.000e+00  0.000e+00  0.000e+00
KF101734.1.1362               0.000e+00  0.000e+00  0.000e+00  0.000e+00
JQ453421.1.1412               0.000e+00  0.000e+00  0.000e+00  0.000e+00
JQ455246.1.1325               0.000e+00  0.000e+00  0.000e+00  0.000e+00
MH447059.1.1230               0.000e+00  0.000e+00  0.000e+00  0.000e+00
FJ598364.1.1434               0.000e+00  0.000e+00  0.000e+00  0.000e+00
KT203427.1.1205               0.000e+00  0.000e+00  0.000e+00  0.000e+00
KX771280.1.1349               0.000e+00  0.000e+00  0.000e+00  0.000e+00
FM872569.1.1483               9.073e-05  2.831e-04  4.933e-04 -1.905e-04
FM872852.1.1485               0.000e+00  0.000e+00  0.000e+00  0.000e+00
JQ186386.1.1354               0.000e+00  0.000e+00  0.000e+00  0.000e+00
FJ802321.1.1209               0.000e+00  0.000e+00  0.000e+00  0.000e+00
FJ849642.1.1453               5.897e-04  1.840e-03  3.207e-03 -1.238e-03
LN854583.1.1235               0.000e+00  0.000e+00  0.000e+00  0.000e+00
AJ575688.1.1457               0.000e+00  0.000e+00  0.000e+00  0.000e+00
EU705816.1.1232               0.000e+00  0.000e+00  0.000e+00  0.000e+00
FJ393073.1.1503               0.000e+00  0.000e+00  0.000e+00  0.000e+00
HE582888.1.1283               0.000e+00  0.000e+00  0.000e+00  0.000e+00
AB109889.1.1484               5.624e-03  5.372e-03  3.376e-02 -1.075e-02
FJ946525.1.1290              -1.679e-04 -5.198e-04 -7.570e-05  5.552e-05
CU927448.1.1343              -2.113e-03  2.167e-03  4.094e-03 -4.511e-03
JQ014532.1.1307               0.000e+00  0.000e+00  0.000e+00  0.000e+00
DQ257419.1.1483               0.000e+00  0.000e+00  0.000e+00  0.000e+00
KF494758.1.1495               3.796e-03  4.018e-02  6.934e-03  3.835e-02
AM697195.1.1484               1.791e-04  6.522e-04  1.060e-03 -3.173e-04
JQ467010.1.1278              -4.555e-04  4.142e-04 -4.988e-04  6.730e-04
KF070907.1.1357               0.000e+00  0.000e+00  0.000e+00  0.000e+00
MH096047.1.1231               0.000e+00  0.000e+00  0.000e+00  0.000e+00
HM304713.1.1352               9.754e-04 -1.931e-03 -3.259e-04 -1.148e-03
KX508304.1.1490               1.399e-03  5.816e-04  4.608e-03  1.128e-03
KC358437.1.1263               4.918e-04 -1.119e-03  1.167e-03 -3.432e-05
AY922019.1.1391               0.000e+00  0.000e+00  0.000e+00  0.000e+00
JX222489.1.1391              -6.639e-03  1.972e-03 -1.126e-03 -1.020e-02
EU705078.1.1288               0.000e+00  0.000e+00  0.000e+00  0.000e+00
HM263418.1.1354               7.712e-04  2.406e-03  4.193e-03 -1.619e-03
KU515096.1.1489               0.000e+00  0.000e+00  0.000e+00  0.000e+00
HM057840.1.1320              -4.423e-03 -1.051e-03 -1.528e-04 -5.221e-03
KT005625.1.1200               0.000e+00  0.000e+00  0.000e+00  0.000e+00
KT005643.1.1200               1.195e-03  3.728e-03  6.496e-03 -2.508e-03
JF135618.1.1350               5.595e-05  1.382e-04 -1.007e-03 -2.883e-03
KF100506.1.1350               1.033e-04 -5.000e-04  5.833e-05 -9.435e-06
HF677134.1.1260               0.000e+00  0.000e+00  0.000e+00  0.000e+00
EF019185.1.1381               0.000e+00  0.000e+00  0.000e+00  0.000e+00
EF653575.1.1340               0.000e+00  0.000e+00  0.000e+00  0.000e+00
KF189006.1.1289               0.000e+00  0.000e+00  0.000e+00  0.000e+00
AY792246.1.1361               0.000e+00  0.000e+00  0.000e+00  0.000e+00
JN672003.1.1289              -1.044e-04  1.113e-03 -9.554e-04 -1.781e-03
KX507782.1.1490               0.000e+00  0.000e+00  0.000e+00  0.000e+00
JF958162.1.1368              -4.447e-04 -4.264e-06  4.272e-05  4.792e-04
LC372651.1.1240              -6.433e-06  2.128e-04 -1.207e-04  1.527e-04
AJ292648.1.1494              -4.320e-03 -2.527e-03 -3.446e-04 -3.796e-03
AJ884795.1.1413              -3.309e-03  5.458e-03  9.783e-03 -9.848e-03
FJ434113.1.1425              -5.859e-03  1.573e-03 -8.482e-04 -8.753e-03
KC112035.1.1269               0.000e+00  0.000e+00  0.000e+00  0.000e+00
HQ746842.1.1393               3.051e-03 -2.376e-03 -5.303e-03 -8.126e-03
FJ493018.1.1242               1.922e-03 -1.101e-02  4.488e-03 -1.866e-03
DQ644497.1.1533               0.000e+00  0.000e+00  0.000e+00  0.000e+00
HM438483.1.1484              -5.651e-03 -1.895e-04  1.193e-03 -8.459e-03
EU150268.1.1200               7.239e-05  4.690e-04  6.189e-04  2.691e-07
JF265850.1.1359              -2.984e-03  6.312e-04 -8.950e-05  3.668e-03
KF098316.1.1357              -3.631e-03  5.777e-05 -3.248e-04 -5.893e-03
KX363704.1.1459               0.000e+00  0.000e+00  0.000e+00  0.000e+00
MH236011.1.1204               0.000e+00  0.000e+00  0.000e+00  0.000e+00
CVRG01041904.1.1229           0.000e+00  0.000e+00  0.000e+00  0.000e+00
JQ691707.1.1488               0.000e+00  0.000e+00  0.000e+00  0.000e+00
EU536840.1.1397               3.596e-04 -1.341e-03  2.215e-06 -4.217e-04
KF756254.1.1238               0.000e+00  0.000e+00  0.000e+00  0.000e+00
KC734132.1.1424              -6.498e-05  2.149e-03 -1.219e-03  1.543e-03
KJ496054.1.1444              -5.892e-03 -5.650e-05  5.660e-04 -6.350e-03
EU460309.1.1298               0.000e+00  0.000e+00  0.000e+00  0.000e+00
EU777710.1.1395              -3.048e-02  1.334e-02  6.655e-05 -4.343e-02
KF756208.1.1251              -6.331e-02  5.463e-02  2.978e-03 -1.484e-01
JF790967.1.1432              -2.709e-02  2.140e-02 -1.883e-03 -5.685e-02
MH235974.1.1212              -5.315e-02  3.780e-02  1.058e-03 -1.182e-01
JQ522962.1.1258               0.000e+00  0.000e+00  0.000e+00  0.000e+00
MH393477.1.1503              -2.809e-02  1.813e-02  4.208e-04 -6.266e-02
KU358690.1.1400              -3.171e-04  3.383e-03 -2.903e-03 -5.411e-03
HE652090.1.1459               6.673e-04  5.287e-03  7.677e-03  8.902e-05
KJ534472.1.1439               0.000e+00  0.000e+00  0.000e+00  0.000e+00
KM253135.1.1447               0.000e+00  0.000e+00  0.000e+00  0.000e+00
MH323407.1.1447              -1.981e-03  5.597e-04 -3.110e-04 -2.380e-03
KJ809260.1.1509              -3.208e-03  3.772e-03  5.567e-03 -7.708e-03
EU536823.1.1396              -5.002e-03 -5.416e-03  5.992e-03 -6.598e-03
KX687553.1.1251              -8.928e-03 -3.849e-03  1.906e-04 -5.667e-03
HE602890.1.1401              -8.900e-03  5.796e-03  6.273e-03 -1.434e-02
KF147055.1.1458              -1.049e-02 -1.621e-03  1.049e-03 -1.222e-02
AB681346.1.1462               0.000e+00  0.000e+00  0.000e+00  0.000e+00
HM445406.1.1361              -5.660e-04  6.038e-03 -5.181e-03 -9.658e-03
KF756190.1.1310              -7.982e-02  6.780e-02 -8.218e-03 -1.784e-01
KX640928.1.1211               0.000e+00  0.000e+00  0.000e+00  0.000e+00
LN624760.1.1451               0.000e+00  0.000e+00  0.000e+00  0.000e+00
MH259800.1.1388              -6.022e-02  2.399e-02  1.935e-02 -8.999e-02
KM021097.1.1244              -1.767e-03  1.496e-03  2.192e-03 -2.156e-03
EU169145.1.1368              -8.133e-03  8.357e-03  1.427e-02 -1.461e-02
JF709910.1.1403              -1.447e-03  2.422e-02  1.674e-02 -2.313e-02
KX378956.1.1440              -3.148e-03  2.515e-03  7.497e-04 -1.476e-02
KY476123.1.1200              -5.158e-03  7.292e-03 -8.141e-04 -1.414e-02
FJ893930.1.1361              -9.881e-03  1.643e-02  1.154e-02 -3.089e-02
KF424281.1.1444               0.000e+00  0.000e+00  0.000e+00  0.000e+00
KT767708.1.1430               0.000e+00  0.000e+00  0.000e+00  0.000e+00
KC178570.1.1440              -1.156e-02  4.955e-04  4.003e-03 -1.436e-02
EU239123.1.1223               0.000e+00  0.000e+00  0.000e+00  0.000e+00
KX212248.1.1200              -1.885e-03  2.206e-03 -6.253e-04 -5.159e-03
JQ684470.1.1465               0.000e+00  0.000e+00  0.000e+00  0.000e+00
EU196777.1.1200               0.000e+00  0.000e+00  0.000e+00  0.000e+00
EU196771.1.1211               0.000e+00  0.000e+00  0.000e+00  0.000e+00
GQ267972.1.1461               0.000e+00  0.000e+00  0.000e+00  0.000e+00
EU236279.1.1411               0.000e+00  0.000e+00  0.000e+00  0.000e+00
JQ855569.1.1259              -8.484e-04 -7.839e-04 -2.093e-03 -1.012e-03
FR774600.1.1369               0.000e+00  0.000e+00  0.000e+00  0.000e+00
GQ901866.1.1257              -3.520e-03 -3.376e-05  3.382e-04 -8.387e-04
MH571636.1.1200               0.000e+00  0.000e+00  0.000e+00  0.000e+00
LN611354.1.1200               0.000e+00  0.000e+00  0.000e+00  0.000e+00
AB369002.1.1355               0.000e+00  0.000e+00  0.000e+00  0.000e+00
KF098552.1.1358               0.000e+00  0.000e+00  0.000e+00  0.000e+00
DQ834356.1.1441               0.000e+00  0.000e+00  0.000e+00  0.000e+00
JN697570.1.1405              -2.455e-03  2.631e-03 -2.505e-03 -2.231e-03
AY663435.1.1430               0.000e+00  0.000e+00  0.000e+00  0.000e+00
AB062283.1.1345               0.000e+00  0.000e+00  0.000e+00  0.000e+00
HQ180180.1.1390              -2.205e-02 -2.114e-04  2.118e-03 -2.376e-02
LN611366.1.1300               0.000e+00  0.000e+00  0.000e+00  0.000e+00
GU247457.1.1249              -1.267e-02  9.272e-04  2.928e-03 -1.114e-02
HM854251.1.1443               1.680e-03  4.544e-03  7.691e-03 -1.858e-03
KC843488.1.1328              -3.967e-04  3.608e-04 -4.344e-04  5.862e-04
AJ275038.1.1439              -1.493e-02  1.792e-03  1.636e-03 -1.107e-02
HQ857761.1.1442              -5.109e-03  4.236e-04 -1.217e-04 -4.192e-03
MG738337.1.1283               2.899e-05  7.160e-05 -5.216e-04 -1.494e-03
GQ088991.1.1358               0.000e+00  0.000e+00  0.000e+00  0.000e+00
FJ825887.1.1469              -1.029e-02  1.580e-05  1.558e-04 -1.354e-02
KF831405.1.1448               7.248e-05  1.790e-04 -1.304e-03 -3.734e-03
EU706079.1.1249               4.247e-05  1.049e-04 -7.641e-04 -2.188e-03
LN854580.1.1220               0.000e+00  0.000e+00  0.000e+00  0.000e+00
KJ623585.1.1469               0.000e+00  0.000e+00  0.000e+00  0.000e+00
GQ008884.1.1351              -1.616e-04  1.470e-04 -1.770e-04  2.388e-04
HAAC01027432.1.1206          -9.162e-02 -1.650e-03  6.511e-03 -1.103e-01
MH703470.1.1505              -7.143e-02  9.632e-04 -1.089e-03 -8.791e-02
DQ860047.1.1505               0.000e+00  0.000e+00  0.000e+00  0.000e+00
EF470567.1.1267               0.000e+00  0.000e+00  0.000e+00  0.000e+00
EU844911.1.1328              -4.532e-03  8.759e-03  4.132e-03 -1.603e-02
HQ860753.1.1200               0.000e+00  0.000e+00  0.000e+00  0.000e+00
HQ698589.1.1398               0.000e+00  0.000e+00  0.000e+00  0.000e+00
JX627626.1.1239               0.000e+00  0.000e+00  0.000e+00  0.000e+00
KP717943.1.1266               0.000e+00  0.000e+00  0.000e+00  0.000e+00
FJ900895.1.1281               4.763e-04  1.486e-03  2.590e-03 -9.999e-04
KF756244.1.1201               0.000e+00  0.000e+00  0.000e+00  0.000e+00
AB681355.1.1464              -4.100e-03  3.728e-03 -4.489e-03  6.057e-03
KR868991.1.1409              -4.033e-03  5.690e-04 -4.001e-04 -2.657e-03
HQ698586.1.1428              -2.865e-03  2.606e-03 -3.137e-03  4.233e-03
AJ272303.1.1426               0.000e+00  0.000e+00  0.000e+00  0.000e+00
GQ984339.1.1269               0.000e+00  0.000e+00  0.000e+00  0.000e+00
AB205576.1.1426               0.000e+00  0.000e+00  0.000e+00  0.000e+00
AB205571.1.1418               0.000e+00  0.000e+00  0.000e+00  0.000e+00
AM269902.1.1421               0.000e+00  0.000e+00  0.000e+00  0.000e+00
JQ467255.1.1254               0.000e+00  0.000e+00  0.000e+00  0.000e+00
HQ846513.1.1442              -7.448e-03 -7.142e-05  7.155e-04 -8.027e-03
JQ465886.1.1406              -8.618e-03  4.096e-03  6.413e-03 -9.982e-03
JQ455641.1.1400              -5.299e-03 -5.081e-05  5.090e-04 -5.711e-03
JQ455259.1.1251               0.000e+00  0.000e+00  0.000e+00  0.000e+00
JQ453181.1.1411               0.000e+00  0.000e+00  0.000e+00  0.000e+00
KF101919.1.1361               0.000e+00  0.000e+00  0.000e+00  0.000e+00
EU768020.1.1365               0.000e+00  0.000e+00  0.000e+00  0.000e+00
JF163633.1.1360               0.000e+00  0.000e+00  0.000e+00  0.000e+00
JF506644.1.1364              -8.817e-05  8.017e-05 -9.654e-05  1.303e-04
X74687.1.1457                 0.000e+00  0.000e+00  0.000e+00  0.000e+00
JF182810.1.1380               5.840e-06  5.657e-05 -2.328e-05  7.797e-21
JF412253.1.1400               0.000e+00  0.000e+00  0.000e+00  0.000e+00
JX013442.1.1364              -8.569e-03 -1.632e-02  1.025e-02 -1.931e-02
AOQH01000134.9789.11348      -2.492e-03  3.558e-05 -7.861e-04 -3.171e-03
KX880951.1.1230              -1.666e-03 -2.398e-03 -5.233e-04  1.839e-04
HM186527.1.1371               6.153e-04 -2.977e-03  3.473e-04 -1.993e-03
KY780350.1.1207              -4.984e-03 -6.594e-03  5.378e-03 -9.590e-03
JF703628.1.1513              -1.208e-02  2.329e-03  6.801e-03 -3.739e-03
KY780358.1.1208              -3.019e-03 -2.235e-03  4.150e-03 -5.086e-03
KF052592.1.1446               0.000e+00  0.000e+00  0.000e+00  0.000e+00
KU569617.1.1237               0.000e+00  0.000e+00  0.000e+00  0.000e+00
AOQF01000068.44124.45733      0.000e+00  0.000e+00  0.000e+00  0.000e+00
KU179368.1.1477               0.000e+00  0.000e+00  0.000e+00  0.000e+00
KC618479.1.1393               0.000e+00  0.000e+00  0.000e+00  0.000e+00
KM264402.1.1478               0.000e+00  0.000e+00  0.000e+00  0.000e+00
KM187215.1.1403              -7.828e-05  8.351e-04 -7.165e-04 -1.336e-03
AY581130.1.1377              -1.593e-04  1.578e-04  1.073e-03  1.063e-04
KF464373.1.1241               4.747e-04 -1.509e-03  7.758e-05 -1.316e-03
JQ977080.1.1441               0.000e+00  0.000e+00  0.000e+00  0.000e+00
KF201713.1.1445               1.392e-04  9.020e-04  1.190e-03  5.175e-07
KT005623.1.1250              -8.115e-03 -7.782e-05  7.796e-04 -8.746e-03
KX225292.1.1208               0.000e+00  0.000e+00  0.000e+00  0.000e+00
DQ440548.1.1439               0.000e+00  0.000e+00  0.000e+00  0.000e+00
FJ811884.1.1433              -3.224e-03 -3.091e-05  3.097e-04 -3.475e-03
KM242581.1.1405               0.000e+00  0.000e+00  0.000e+00  0.000e+00
MG196051.1.1227              -4.076e-04 -3.909e-06  3.916e-05  4.393e-04
HM069224.1.1426               0.000e+00  0.000e+00  0.000e+00  0.000e+00
KM253006.1.1448               0.000e+00  0.000e+00  0.000e+00  0.000e+00
JQ190329.1.1367               0.000e+00  0.000e+00  0.000e+00  0.000e+00
GQ379617.1.1220               0.000e+00  0.000e+00  0.000e+00  0.000e+00
DQ059817.1.1299               0.000e+00  0.000e+00  0.000e+00  0.000e+00
KX212259.1.1200               0.000e+00  0.000e+00  0.000e+00  0.000e+00
JN797481.1.1203              -1.638e-02  1.679e-03 -8.070e-04 -1.254e-02
KY038312.1.1251              -4.218e-03  2.660e-03 -1.934e-03 -8.589e-03
EU239106.1.1241               0.000e+00  0.000e+00  0.000e+00  0.000e+00
HM334946.1.1363               0.000e+00  0.000e+00  0.000e+00  0.000e+00
KP772347.1.1460               0.000e+00  0.000e+00  0.000e+00  0.000e+00
KU881628.1.1200               0.000e+00  0.000e+00  0.000e+00  0.000e+00
KP339859.1.1411              -1.377e-02  2.001e-03 -1.442e-03 -8.910e-03
KT215540.1.1447              -5.480e-04 -1.696e-03 -2.470e-04  1.812e-04
MG738316.1.1428              -1.309e-01  5.913e-03  1.407e-02 -1.384e-01
KF479549.1.1506              -6.751e-03  3.171e-03 -2.155e-03 -1.212e-02
AY173020.1.1325              -6.426e-03 -4.661e-03  1.244e-03 -9.545e-03
KU674365.1.1488               0.000e+00  0.000e+00  0.000e+00  0.000e+00
KC163803.1.1266               2.409e-04  5.865e-04 -2.871e-04  5.888e-04
                                   MDS2       MDS3
JN178502.1.1489              -7.417e-04 -2.574e-03
LN569729.1.1347              -5.012e-04 -1.989e-03
EF516822.1.1479              -7.211e-04 -9.393e-03
FJ466419.1.1420               4.311e-20  6.837e-20
KJ726591.1.1386               4.061e-03  4.169e-03
AB034799.1.1494               0.000e+00  0.000e+00
KF100146.1.1366               0.000e+00  0.000e+00
FJ904258.1.1491               0.000e+00  0.000e+00
JF225121.1.1362               0.000e+00  0.000e+00
FJ534995.1.1486               0.000e+00  0.000e+00
JQ452099.1.1291              -4.796e-05 -5.552e-04
KF101495.1.1358              -9.136e-04 -3.170e-03
HM267060.1.1360               0.000e+00  0.000e+00
JF168787.1.1357              -2.368e-04 -2.879e-03
KF101923.1.1355               0.000e+00  0.000e+00
FJ558124.1.1310              -1.521e-04 -3.016e-04
JQ460234.1.1383               0.000e+00  0.000e+00
JF140876.1.1359               0.000e+00  0.000e+00
JQ460239.1.1372              -2.649e-04 -3.067e-03
JF107580.1.1357              -3.003e-04 -3.477e-03
AB547696.1.1280               0.000e+00  0.000e+00
KM251024.1.1452               0.000e+00  0.000e+00
FR720647.1.1447              -1.279e-04 -1.969e-03
JF229797.1.1352              -1.710e-03 -5.932e-03
JQ342863.1.1390               7.185e-04  3.721e-04
KF070899.1.1352               2.081e-04 -6.629e-04
AM403311.1.1280               5.433e-04 -2.672e-03
HM276373.1.1351               0.000e+00  0.000e+00
GQ001605.1.1352               3.857e-04 -5.169e-04
KJ579161.1.1520              -8.398e-04 -3.186e-03
FPLS01052044.12.1513         -1.799e-04 -1.251e-03
JF198984.1.1350               2.231e-04 -3.069e-03
JN873202.1.1487              -5.442e-04  1.986e-03
JF181867.1.1344               0.000e+00  0.000e+00
JF233885.1.1345               0.000e+00  0.000e+00
JF228239.1.1346              -8.679e-05 -1.005e-03
MG788926.1.1212              -1.747e-04 -2.023e-03
EU537791.1.1381               0.000e+00  0.000e+00
MG859559.1.1339              -9.226e-04 -1.016e-02
AM423088.1.1339              -1.070e-03 -6.545e-03
HQ686141.1.1218               0.000e+00  0.000e+00
KC618502.1.1400               1.581e-04 -2.174e-03
KF061609.1.1285               0.000e+00  0.000e+00
AM420149.1.1479               0.000e+00  0.000e+00
CU924115.1.1369               1.623e-05 -1.172e-04
JX657043.1.1256               0.000e+00  0.000e+00
AM420030.1.1477               0.000e+00  0.000e+00
JQ447599.1.1283               0.000e+00  0.000e+00
FN421757.1.1382               0.000e+00  0.000e+00
HM487994.1.1230               0.000e+00  0.000e+00
JQ991923.1.1360               0.000e+00  0.000e+00
JF158381.1.1365              -1.988e-04 -3.577e-03
JQ466140.1.1308              -2.873e-05 -1.345e-03
EU534796.1.1350              -5.062e-04  1.847e-03
JF231294.1.1313               9.958e-05  2.088e-04
KF037501.1.1475              -3.437e-04 -1.193e-03
FJ465978.1.1476               0.000e+00  0.000e+00
HG529099.1.1221              -1.438e-04  8.777e-05
JF198859.1.1337              -2.396e-04  1.463e-04
KF424996.1.1424              -7.671e-04 -2.646e-03
JN023236.1.1453              -3.506e-04 -4.059e-03
JN023102.1.1455               4.182e-04 -3.132e-03
DQ906050.1.1458              -5.296e-03  3.233e-03
HF677560.1.1320              -1.322e-04 -2.404e-03
KC924939.1.1365               0.000e+00  0.000e+00
KT582003.1.1350              -4.094e-05 -3.378e-03
HQ674944.1.1469               0.000e+00  0.000e+00
GU731346.1.1349               3.547e-04  9.823e-04
AM697130.1.1456              -2.230e-03 -9.371e-03
FR749818.1.1462              -6.966e-05 -8.064e-04
FJ466050.1.1386              -1.405e-04 -1.626e-03
HQ317066.1.1458              -3.307e-03  2.019e-03
HQ595201.1.1462              -2.741e-04 -3.173e-03
HQ598946.1.1456              -3.227e-04 -5.992e-03
JN023851.1.1453               7.113e-04  1.492e-03
HQ687088.1.1488              -9.950e-04 -3.453e-03
FJ466048.1.1374               3.457e-04 -3.721e-05
HQ595224.1.1463              -1.049e-03 -3.761e-03
FPLS01054129.36.1499         -5.357e-05 -3.369e-03
FR716684.1.1401               7.167e-04 -1.648e-03
JF200056.1.1323              -3.163e-04 -6.710e-04
DQ521477.1.1424              -7.171e-03 -2.710e-02
FJ465984.1.1365               3.058e-04  6.414e-04
JN024058.1.1455               0.000e+00  0.000e+00
HQ598755.1.1456               2.845e-04  5.966e-04
HM318996.1.1322               9.427e-04 -4.010e-03
FJ004689.1.1320               8.473e-04  4.303e-03
FJ466063.1.1461              -6.349e-04 -5.069e-03
JX967284.1.1418              -6.765e-04  2.943e-03
FM873018.1.1452              -1.900e-03 -6.592e-03
FNSD01000001.2831055.2832560  0.000e+00  0.000e+00
AB637074.1.1458              -1.415e-03 -7.383e-03
DQ532229.1.1476              -1.268e-04 -1.467e-03
FJ624885.1.1477              -4.719e-04 -4.886e-03
HM319117.1.1337               0.000e+00  0.000e+00
KF063285.1.1306              -8.057e-04 -1.735e-03
HQ754307.1.1415              -4.170e-03 -4.678e-02
GFIM01005958.9.1236          -4.135e-03 -3.947e-02
GQ025225.1.1346              -2.172e-03 -3.634e-02
LT996886.1992536.1994032      0.000e+00  0.000e+00
JQ855509.1.1280              -2.741e-05 -3.173e-04
Z78206.1.1473                -3.596e-20  2.759e-20
AF542072.1.1334               0.000e+00  0.000e+00
MK005285.1.1200               0.000e+00  0.000e+00
AJ131121.1.1481               6.759e-02  2.646e-01
JF021752.1.1274              -1.313e-04 -1.520e-03
JQ453285.1.1278               0.000e+00  0.000e+00
JQ462353.1.1304              -3.070e-05 -2.534e-03
JQ452983.1.1387              -2.284e-04 -2.644e-03
JQ453094.1.1265               0.000e+00  0.000e+00
JQ456274.1.1389               0.000e+00  0.000e+00
JQ460427.1.1401              -1.496e-04 -1.732e-03
KF101799.1.1351               0.000e+00  0.000e+00
GQ358840.1.1493               2.483e-02  9.502e-02
LN774496.1.1227              -9.085e-04  2.424e-04
AMGM01000177.486.1752         0.000e+00  0.000e+00
MH447029.1.1245               0.000e+00  0.000e+00
KP717958.1.1215               0.000e+00  0.000e+00
GQ927310.1.1446               0.000e+00  0.000e+00
MH173277.1.1221               0.000e+00  0.000e+00
JQ659878.1.1493               0.000e+00  0.000e+00
KX026867.1.1427              -2.448e-04  5.721e-04
JF223997.1.1388               0.000e+00  0.000e+00
JQ456193.1.1347              -1.308e-04 -2.995e-03
JF411398.1.1363               0.000e+00  0.000e+00
KT154887.1.1354               0.000e+00  0.000e+00
EU289495.1.1483              -1.108e-04 -1.282e-03
FJ527819.1.1459              -4.674e-05 -2.189e-03
EF451667.1.1266               0.000e+00  0.000e+00
KF080158.1.1305               0.000e+00  0.000e+00
KP214599.6.1225               0.000e+00  0.000e+00
FJ716240.1.1353               0.000e+00  0.000e+00
HM248734.1.1345               0.000e+00  0.000e+00
FN824831.1.1299               0.000e+00  0.000e+00
EU374909.1.1206              -1.177e-04  5.368e-05
JQ660285.1.1454               2.152e-05 -1.558e-03
MH468728.1.1296               0.000e+00  0.000e+00
MK135915.1.1317              -6.052e-05 -7.007e-04
KX618431.1.1210               3.864e-04 -4.871e-03
ADNU01000076.15.1525         -1.176e-04 -1.362e-03
JQ855568.1.1203              -5.065e-04 -1.758e-03
EU868814.1.1450              -1.954e-04  1.381e-04
CR933228.2.1304               0.000e+00  0.000e+00
L43597.1.1437                -1.222e-04 -1.415e-03
AM697010.1.1473              -9.250e-05 -1.071e-03
EU289429.1.1487              -2.642e-03 -1.426e-03
AF247813.1.1375              -1.516e-04  6.918e-05
LN565962.1.1354              -8.564e-05 -9.915e-04
GQ348649.1.1360               0.000e+00  0.000e+00
LN573160.1.1352              -4.702e-04 -2.248e-03
KU060864.1.1436               5.690e-05  1.193e-04
HG800046.1.1425              -6.489e-04 -5.819e-03
MH394200.1.1219              -9.614e-06 -7.934e-04
KM023860.1.1371               0.000e+00  0.000e+00
MF765337.1.1200               0.000e+00  0.000e+00
JF200689.1.1340              -1.222e-04 -1.415e-03
JF172593.1.1339              -4.122e-04 -4.772e-03
GQ033816.1.1340              -2.631e-03 -2.724e-02
KF063016.1.1336               0.000e+00  0.000e+00
KF086785.1.1341               0.000e+00  0.000e+00
KR514582.1.1245               0.000e+00  0.000e+00
GQ038569.1.1298              -1.077e-03 -1.710e-03
KC873924.1.1374              -4.094e-04 -1.840e-03
Y09044.1.1472                -1.037e-03 -6.194e-03
JQ855615.1.1266              -1.473e-04 -1.705e-03
Y14651.1.1383                -5.231e-04  1.909e-03
GQ085072.1.1341               0.000e+00  0.000e+00
HM274530.1.1342               0.000e+00  0.000e+00
JQ855630.1.1284               0.000e+00  0.000e+00
JF091892.1.1344              -7.080e-05 -8.196e-04
Y09655.1.1468                -3.540e-05 -4.098e-04
JQ855614.1.1252              -1.249e-04  5.700e-05
KF061369.1.1304               3.687e-06 -6.690e-05
JF150579.1.1352               0.000e+00  0.000e+00
KF084353.1.1339               0.000e+00  0.000e+00
KF101186.1.1334              -3.670e-04 -1.386e-04
MH447031.1.1244               0.000e+00  0.000e+00
EU379256.1.1267               0.000e+00  0.000e+00
JF117557.1.1344              -9.250e-05 -1.071e-03
GQ085228.1.1339              -3.436e-04 -2.694e-03
JF141683.1.1340              -2.497e-03 -5.072e-03
JQ855529.1.1276              -1.638e-04  7.471e-05
X81872.1.1430                 0.000e+00  0.000e+00
GQ041275.1.1338              -1.024e-03  6.220e-03
JF172360.1.1372              -8.793e-05 -1.018e-03
GQ044514.1.1347              -1.629e-03 -1.219e-03
JF070773.1.1342              -1.203e-03 -1.182e-02
KF091541.1.1338              -1.205e-03 -1.676e-02
KF067707.1.1340              -4.719e-04 -3.289e-03
Y10999.1.1323                -1.393e-04 -1.613e-03
KF069418.1.1339              -1.098e-03 -9.079e-04
GQ006474.1.1336              -2.911e-05  1.328e-05
JF113924.1.1343              -1.896e-03 -3.485e-03
JF106001.1.1271               0.000e+00  0.000e+00
FJ214364.1.1418               0.000e+00  0.000e+00
AY500143.1.1430              -1.873e-04 -2.168e-03
GQ009821.1.1349               0.000e+00  0.000e+00
KU713460.1.1383              -1.153e-04 -1.335e-03
KY908278.1.1240              -1.651e-04 -2.047e-03
AB193261.1.1528               0.000e+00  0.000e+00
FR682689.1.1485              -1.029e-04 -9.512e-05
HE795127.1.1443               0.000e+00  0.000e+00
HM263196.1.1366              -5.139e-04 -3.163e-03
JF190702.1.1368              -5.057e-04 -1.427e-03
FPLS01027341.17.1497         -3.528e-04 -1.224e-03
DQ420178.1.1216              -1.263e-03 -4.289e-03
KT626954.1.1200               0.000e+00  0.000e+00
HQ586883.1.1508               0.000e+00  0.000e+00
KM257721.1.1483               7.105e-05  1.382e-03
KX792217.1.1200               3.321e-03  4.895e-03
HQ774508.1.1459               0.000e+00  0.000e+00
FJ558058.1.1360               0.000e+00  0.000e+00
KJ726551.1.1410              -2.445e-02 -9.078e-02
JN013950.1.1521              -6.065e-03 -2.142e-02
EU773324.1.1414              -4.616e-03 -4.970e-03
EU777806.1.1322              -3.760e-03 -1.209e-02
FM873468.1.1497               0.000e+00  0.000e+00
AGZE01000001.1.1322           0.000e+00  0.000e+00
Y15716.1.1409                 0.000e+00  0.000e+00
FM874392.1.1503              -8.793e-05 -1.018e-03
JF148501.1.1373               0.000e+00  0.000e+00
JF206640.1.1370               0.000e+00  0.000e+00
AM943029.1.1242               0.000e+00  0.000e+00
JF146179.1.1366              -4.480e-03  5.087e-03
EU560812.1.1483              -7.003e-01  5.391e-01
KM974909.1.1455              -3.363e-04 -1.674e-03
MF369939.1.1403              -5.176e-03  3.160e-03
KU899036.1.1458              -5.635e-01  4.342e-01
EU778165.1.1293              -2.646e-01  2.018e-01
KU324909.1.1217              -6.887e-01  5.440e-01
JN639432.1.1262              -1.078e-03  6.583e-04
GU432146.1.1216              -1.693e-03 -2.140e-02
JQ404454.1.1248              -3.600e-03 -3.046e-02
JQ452959.1.1394              -3.274e-03 -2.760e-02
JX986968.1.1511               1.112e-02  3.888e-02
EU560799.1.1486               0.000e+00  0.000e+00
KX880977.1.1307               0.000e+00  0.000e+00
FJ363751.1.1374              -1.325e-04 -1.534e-03
KF094662.1.1371              -6.961e-03 -9.487e-03
KF286609.1.1482               2.300e-05 -1.618e-03
MG675050.1.1274               0.000e+00  0.000e+00
JQ449890.1.1405               0.000e+00  0.000e+00
JF111268.1.1369               0.000e+00  0.000e+00
JF223442.1.1369               0.000e+00  0.000e+00
MH813962.1.1255               0.000e+00  0.000e+00
KU324914.1.1231              -5.664e-03 -1.491e-03
KP027016.1.1336               0.000e+00  0.000e+00
KX583579.1.1213               0.000e+00  0.000e+00
EU463949.1.1313               6.239e-05  2.755e-04
EU774880.1.1320               0.000e+00  0.000e+00
AB033209.1.1505               0.000e+00  0.000e+00
JQ046411.1.1474              -6.660e-02  4.395e-02
MH400162.1.1200              -7.541e-02  5.229e-02
AB370875.1.1495               0.000e+00  0.000e+00
MG515289.1.1202               4.900e-05 -1.261e-04
EU465367.1.1437              -5.522e-05 -2.599e-03
MF436196.1.1510               0.000e+00  0.000e+00
KX881777.1.1230              -1.809e-03 -6.278e-03
JF194361.1.1386              -1.364e-04 -7.760e-04
AF243141.1.1505              -8.727e-04  3.484e-04
AF371472.1.1492              -7.689e-04 -2.668e-03
KF064913.1.1385               3.977e-04  1.062e-03
MH327501.1.1445               0.000e+00  0.000e+00
KC336486.1.1472               8.287e-21  1.095e-20
HG800468.1.1200               0.000e+00  0.000e+00
KM819108.1.1529               0.000e+00  0.000e+00
MH197051.1.1200               0.000e+00  0.000e+00
HW066504.1.1528               0.000e+00  0.000e+00
JF240039.1.1322              -2.442e-04 -8.475e-04
JF411370.1.1398              -1.043e-04  4.759e-05
JQ449983.1.1321              -5.017e-04 -1.480e-03
GU374018.1.1361              -2.786e-04 -3.226e-03
KF826010.1.1436               0.000e+00  0.000e+00
AF016390.1.1538               0.000e+00  0.000e+00
JF115422.1.1375               0.000e+00  0.000e+00
JF231450.1.1376               0.000e+00  0.000e+00
ATKJ02000147.82.1446          0.000e+00  0.000e+00
JF086992.1.1377               0.000e+00  0.000e+00
AM039968.1.1512               0.000e+00  0.000e+00
KY024500.1.1206               0.000e+00  0.000e+00
FJ957564.1.1515               0.000e+00  0.000e+00
HM810242.1.1370               0.000e+00  0.000e+00
AB735688.1.1201              -4.118e-06  1.451e-04
FJ981654.1.1204               3.556e-04  7.458e-04
JF017343.1.1375               0.000e+00  0.000e+00
MG546549.1.1454               0.000e+00  0.000e+00
KF413411.1.1467               7.344e-03 -8.460e-03
AM237368.1.1456               5.118e-04 -7.684e-04
KY680227.1.1207               1.016e-02 -6.474e-03
KY008752.1.1284               3.195e-04 -3.728e-03
HM263273.1.1372              -6.858e-03 -6.646e-02
GQ389787.1.1471              -6.765e-03 -8.481e-02
KF100596.1.1359              -1.485e-04 -1.719e-03
KF083132.1.1378              -3.479e-03 -2.979e-02
JF183284.1.1372              -2.590e-03 -2.162e-02
CP012119.1331602.1333155     -5.384e-03 -1.367e-01
KM253147.1.1511              -3.493e-03 -1.656e-01
JF150575.1.1370              -2.530e-04  6.751e-05
JF190687.1.1351              -1.402e-03 -7.180e-03
MH447042.1.1230              -1.556e-03 -1.346e-02
KX436095.1.1487               2.229e-03  4.324e-03
AB730646.1.1429               2.954e-03  7.115e-03
FJ512842.1.1396               0.000e+00  0.000e+00
KU200945.1.1458               0.000e+00  0.000e+00
MH368252.1.1352               3.629e-03 -4.077e-02
JF002026.1.1373              -4.034e-05 -2.094e-03
LK985358.1.1200               2.046e-04 -2.813e-03
AB272364.1.1268               0.000e+00  0.000e+00
JQ449960.1.1414              -4.619e-04 -8.009e-03
JQ452498.1.1373               4.488e-04  4.756e-04
JQ449887.1.1241               0.000e+00  0.000e+00
HQ811598.1.1472               0.000e+00  0.000e+00
KF098427.1.1370               0.000e+00  0.000e+00
KJ578741.1.1411               9.790e-06 -2.563e-03
KY673688.1.1200               0.000e+00  0.000e+00
KY963445.1.1230              -6.251e-03 -2.147e-02
HM276508.1.1382               0.000e+00  0.000e+00
AY543038.1.1420              -2.099e-03 -7.282e-03
JF189488.1.1361              -1.439e-04 -1.666e-03
GQ448318.1.1256               0.000e+00  0.000e+00
HQ744394.1.1427              -2.763e-04 -3.199e-03
FJ715930.1.1401               0.000e+00  0.000e+00
HM256610.1.1349               0.000e+00  0.000e+00
KT006758.1.1432              -7.216e-03 -1.225e-02
AB111934.1.1414               0.000e+00  0.000e+00
KM278969.1.1410               6.429e-04 -1.262e-03
GQ014605.1.1316               0.000e+00  0.000e+00
Z94007.1.1532                 2.709e-04 -6.037e-05
KF099085.1.1336               0.000e+00  0.000e+00
JF141755.1.1356               2.996e-04  6.624e-04
FMJA01000006.260934.262419    0.000e+00  0.000e+00
HQ813447.1.1408               0.000e+00  0.000e+00
KF066950.1.1341               0.000e+00  0.000e+00
JQ466276.1.1304               0.000e+00  0.000e+00
KF098410.1.1335              -2.969e-05 -3.437e-04
GU227198.1.1891               0.000e+00  0.000e+00
JQ466576.1.1367               0.000e+00  0.000e+00
KR107314.1.1202               8.157e-07  1.656e-04
FLKB01000005.3297.4792        0.000e+00  0.000e+00
DQ800421.1.1361              -9.136e-04 -3.170e-03
GQ014659.1.1348               0.000e+00  0.000e+00
KF098860.1.1353              -5.231e-04  1.909e-03
AB538433.1.1488              -2.592e-04  6.058e-04
GQ014254.1.1331              -2.407e-04 -2.538e-04
GQ035558.1.1350               0.000e+00  0.000e+00
GQ094283.1.1347               0.000e+00  0.000e+00
EU160559.1.1318              -8.040e-04 -6.243e-03
GQ113171.1.1349               0.000e+00  0.000e+00
FM874004.1.1481               0.000e+00  0.000e+00
JF135679.1.1327               0.000e+00  0.000e+00
KF096327.1.1337              -2.122e-03 -7.844e-03
GQ006526.1.1346              -1.085e-04 -1.256e-03
AF542234.1.1418              -6.974e-04  4.266e-03
KF099543.1.1332              -8.542e-05 -3.079e-03
GQ006553.1.1331               0.000e+00  0.000e+00
JF203190.1.1346               0.000e+00  0.000e+00
KJ469554.1.1367               0.000e+00  0.000e+00
KF098872.1.1350               0.000e+00  0.000e+00
KF100164.1.1351               0.000e+00  0.000e+00
JF067258.1.1350               0.000e+00  0.000e+00
KF085270.1.1286              -9.128e-04 -5.810e-03
KF086802.1.1289              -7.426e-05 -4.177e-03
KF096013.1.1247               0.000e+00  0.000e+00
GQ003913.1.1349               0.000e+00  0.000e+00
FCEX01000012.769211.770715    0.000e+00  0.000e+00
GQ006259.1.1327              -4.556e-04  1.662e-03
KF084442.1.1326               0.000e+00  0.000e+00
KF099033.1.1342               0.000e+00  0.000e+00
HM279057.1.1349               0.000e+00  0.000e+00
JF113984.1.1349               0.000e+00  0.000e+00
GQ014615.1.1346               0.000e+00  0.000e+00
HM252077.1.1349               0.000e+00  0.000e+00
HQ745323.1.1440               0.000e+00  0.000e+00
JQ475420.1.1245               0.000e+00  0.000e+00
GU293217.1.1487               0.000e+00  0.000e+00
HM062207.1.1317              -1.295e-03 -6.845e-04
JN615702.1.1315              -4.380e-04 -1.441e-03
DQ129588.1.1516               0.000e+00  0.000e+00
HQ674800.1.1454               0.000e+00  0.000e+00
JQ684361.1.1453               4.524e-03  5.477e-03
JF222116.1.1308              -2.342e-03 -1.264e-03
JF222135.1.1307               3.259e-04 -2.980e-03
AB991050.1.1411              -4.084e-03 -3.342e-02
HM111817.1.1319              -6.224e-03 -8.313e-02
KF082954.1.1307               0.000e+00  0.000e+00
GQ097820.1.1308              -1.716e-04 -5.190e-03
HM270912.1.1304               0.000e+00  0.000e+00
HM270687.1.1304              -1.157e-03 -1.414e-02
JQ796662.1.1393               2.359e-02 -5.827e-02
KP694006.1.1333               2.217e-02 -4.569e-02
HQ698286.1.1217               2.344e-02 -6.298e-02
KT581998.1.1306               8.410e-03 -1.591e-02
EU535584.1.1345               1.942e-03 -5.727e-03
AB195985.1.1410               6.397e-05 -3.920e-03
EU133399.1.1323              -3.098e-04 -8.765e-04
JF224904.1.1305               1.405e-03  3.082e-03
FR733885.1.1353               0.000e+00  0.000e+00
KC511070.1.1353              -3.211e-04 -9.190e-04
FR847847.1.1348              -2.010e-04 -2.327e-03
AB698685.1.1444              -3.304e-04 -6.413e-03
AB698720.1.1455               0.000e+00  0.000e+00
HM240983.1.1303               1.892e-04  5.856e-04
MH686116.1.1456              -2.805e-04 -1.452e-03
D32226.1.1405                -5.427e-04 -1.883e-03
FJ793801.1.1205              -1.353e-03 -9.420e-03
EU704833.1.1228               0.000e+00  0.000e+00
FJ225120.1.1386              -7.495e-04 -3.302e-03
HM336158.1.1306               1.622e-04  1.877e-03
KY941259.1.1214               0.000e+00  0.000e+00
EF050096.1.1264               1.803e-04 -2.904e-03
HM332168.1.1306               4.504e-04 -2.633e-04
HM843775.1.1306               1.083e-04 -2.613e-03
HQ674799.1.1456               0.000e+00  0.000e+00
FR874230.1.1325              -9.288e-04 -7.309e-03
HM319082.1.1306               2.221e-05 -1.767e-03
JN089710.1.1214               0.000e+00  0.000e+00
KY908268.1.1323               7.624e-05 -1.049e-03
EU289421.1.1449               2.009e-04 -5.169e-04
KJ016207.1.1336               0.000e+00  0.000e+00
KM924548.1.1437              -8.564e-05 -9.915e-04
KT860421.1.1231              -9.250e-05 -1.071e-03
KF063555.1.1283               6.139e-04 -2.384e-02
KY609362.1.1453               4.601e-04 -1.844e-02
FPLS01012024.1.1259          -1.131e-03 -4.314e-03
JF189148.1.1306              -7.993e-05 -9.254e-04
AM697454.1.1437              -1.490e-03 -2.317e-02
FJ854748.1.1205               7.170e-05 -1.763e-04
KY908289.1.1327              -1.574e-03 -5.462e-03
EU803989.1.1260              -2.779e-04 -2.663e-03
JQ396552.1.1473              -1.728e-03 -5.995e-03
JF222401.1.1310              -7.415e-04 -5.132e-03
FN421814.1.1366              -9.219e-05  4.206e-05
EF019669.1.1293              -8.266e-04 -1.068e-02
FN421749.1.1369               0.000e+00  0.000e+00
KJ809354.1.1468              -3.760e-04 -2.428e-03
KC002967.1.1344              -6.332e-04 -2.197e-03
HM240873.1.1306               2.445e-04 -1.130e-03
GQ850582.1.1448               0.000e+00  0.000e+00
JQ014516.1.1251               0.000e+00  0.000e+00
GQ388898.1.1466              -2.562e-03 -9.417e-03
EF111062.1.1228              -2.503e-03 -6.831e-03
GQ059294.1.1310              -3.148e-03 -1.092e-02
FJ562158.1.1241               0.000e+00  0.000e+00
JF231895.1.1308              -1.622e-04 -1.877e-03
JN023329.1.1442              -9.325e-04 -9.167e-03
KM253064.1.1368              -1.998e-03 -1.971e-02
EU907884.1.1353               0.000e+00  0.000e+00
EU705724.1.1206              -1.309e-03 -3.002e-03
KJ809157.1.1466              -4.259e-04 -3.290e-03
HM459845.1.1398               1.363e-04 -1.432e-03
EU642849.1.1387               6.757e-04  5.401e-04
KX990242.1.1335              -3.594e-04  2.194e-04
JN178642.1.1441               1.366e-04 -2.926e-05
KC775412.1.1233              -1.472e-03 -5.597e-03
AJ786801.1.1437              -1.013e-03 -1.650e-03
KU713519.1.1337              -4.375e-05 -1.307e-03
GU118241.1.1406               5.105e-02 -7.583e-02
AM936813.1.1323               0.000e+00  0.000e+00
FPLS01004034.10.1473         -2.226e-03 -3.925e-03
KM882673.1.1292              -2.043e-03 -1.499e-02
JN590703.1.1281               0.000e+00  0.000e+00
JF202879.1.1303               8.179e-04  1.715e-03
JF146933.1.1303               3.347e-05 -4.603e-04
KU713399.1.1335              -1.348e-03 -4.677e-03
KF037469.1.1449              -7.772e-06  7.017e-04
AJ227797.1.1418               4.060e-04 -8.699e-05
JX949361.1.1344              -8.684e-04 -3.013e-03
JX950099.1.1339              -4.801e-06  1.122e-05
LC190811.1.1214               0.000e+00  0.000e+00
EU705610.1.1201               5.167e-05 -1.107e-05
HM257747.1.1303              -1.256e-05 -1.454e-04
JN590606.1.1265              -3.721e-06 -3.071e-04
EU202832.1.1390               0.000e+00  0.000e+00
AB746431.1.1394              -2.506e-04 -1.150e-03
FQ658706.2.1303               0.000e+00  0.000e+00
KX990248.1.1356               0.000e+00  0.000e+00
AM696989.1.1449               4.913e-04 -7.535e-04
JX967345.1.1427              -1.884e-04 -2.181e-03
JF177852.1.1312               0.000e+00  0.000e+00
AJ292602.1.1452              -3.528e-04 -1.224e-03
FM873225.1.1443              -4.682e-05 -5.420e-04
JF198908.1.1314               5.688e-04 -2.254e-04
FJ466044.1.1396              -1.359e-04  6.198e-05
JX458433.1.1240               0.000e+00  0.000e+00
HM319067.1.1310              -1.291e-03 -8.854e-03
FM874383.1.1445               0.000e+00  0.000e+00
HM278195.1.1308              -7.831e-04 -7.351e-03
EU360476.1.1340              -3.321e-04 -5.479e-03
JF217150.1.1312               4.189e-04 -3.024e-03
AJ292597.1.1461               0.000e+00  0.000e+00
KY908303.1.1320               5.278e-04 -4.388e-03
EU133428.1.1318              -2.554e-03 -1.126e-02
FQ659602.2.1312              -7.250e-04  3.216e-03
HQ622729.1.1448              -3.173e-04 -2.068e-03
AF533352.1.1433              -1.263e-04 -2.196e-04
JF211051.1.1312               2.046e-04 -2.813e-03
FM872588.1.1451              -3.397e-05  1.550e-05
JF772550.1.1422               0.000e+00  0.000e+00
AF498717.1.1397               1.394e-03  2.794e-04
EF441950.1.1245               1.431e-03  1.801e-03
EU239162.1.1272               0.000e+00  0.000e+00
GQ157794.1.1428              -7.173e-04  3.402e-03
KC108987.1.1200              -1.149e-03 -3.986e-03
EF522125.1.1538               0.000e+00  0.000e+00
KM117219.1.1448              -3.111e-04  7.453e-04
JN367254.1.1453               0.000e+00  0.000e+00
KM888877.1.1419              -4.429e-04  1.616e-03
HM335571.1.1366              -2.431e-04 -1.355e-03
JQ452674.1.1294               4.241e-06 -7.693e-05
MH447060.1.1253              -8.429e-05 -1.620e-03
JQ453278.1.1401               0.000e+00  0.000e+00
KF098358.1.1361               0.000e+00  0.000e+00
KF101734.1.1362               0.000e+00  0.000e+00
JQ453421.1.1412               0.000e+00  0.000e+00
JQ455246.1.1325               0.000e+00  0.000e+00
MH447059.1.1230               0.000e+00  0.000e+00
FJ598364.1.1434               0.000e+00  0.000e+00
KT203427.1.1205               0.000e+00  0.000e+00
KX771280.1.1349               0.000e+00  0.000e+00
FM872569.1.1483              -1.085e-04 -3.767e-04
FM872852.1.1485               0.000e+00  0.000e+00
JQ186386.1.1354               0.000e+00  0.000e+00
FJ802321.1.1209               0.000e+00  0.000e+00
FJ849642.1.1453              -7.055e-04 -2.448e-03
LN854583.1.1235               0.000e+00  0.000e+00
AJ575688.1.1457               0.000e+00  0.000e+00
EU705816.1.1232               0.000e+00  0.000e+00
FJ393073.1.1503               0.000e+00  0.000e+00
HE582888.1.1283               0.000e+00  0.000e+00
AB109889.1.1484              -3.639e-03 -1.739e-02
FJ946525.1.1290               3.152e-05 -4.775e-04
CU927448.1.1343              -9.280e-04 -3.924e-03
JQ014532.1.1307               0.000e+00  0.000e+00
DQ257419.1.1483               0.000e+00  0.000e+00
KF494758.1.1495               1.399e-02  1.293e-02
AM697195.1.1484              -1.716e-04 -7.557e-04
JQ467010.1.1278              -7.428e-04  4.535e-04
KF070907.1.1357               0.000e+00  0.000e+00
MH096047.1.1231               0.000e+00  0.000e+00
HM304713.1.1352              -2.398e-04 -3.776e-04
KX508304.1.1490              -7.902e-04 -5.224e-03
KC358437.1.1263              -1.572e-04 -5.715e-05
AY922019.1.1391               0.000e+00  0.000e+00
JX222489.1.1391              -3.139e-04 -2.248e-03
EU705078.1.1288               0.000e+00  0.000e+00
HM263418.1.1354              -9.226e-04 -3.202e-03
KU515096.1.1489               0.000e+00  0.000e+00
HM057840.1.1320              -6.624e-04 -2.503e-03
KT005625.1.1200               0.000e+00  0.000e+00
KT005643.1.1200              -1.429e-03 -4.959e-03
JF135618.1.1350               8.120e-04 -1.740e-04
KF100506.1.1350              -5.281e-05  1.234e-04
HF677134.1.1260               0.000e+00  0.000e+00
EF019185.1.1381               0.000e+00  0.000e+00
EF653575.1.1340               0.000e+00  0.000e+00
KF189006.1.1289               0.000e+00  0.000e+00
AY792246.1.1361               0.000e+00  0.000e+00
JN672003.1.1289              -6.308e-05  2.878e-05
KX507782.1.1490               0.000e+00  0.000e+00
JF958162.1.1368               1.370e-05  1.586e-04
LC372651.1.1240              -3.101e-06 -2.559e-04
AJ292648.1.1494               1.983e-04 -1.513e-03
AJ884795.1.1413              -2.059e-03 -9.135e-03
FJ434113.1.1425              -2.680e-04 -1.994e-03
KC112035.1.1269               0.000e+00  0.000e+00
HQ746842.1.1393               3.222e-04 -3.862e-03
FJ493018.1.1242               3.422e-04  2.674e-03
DQ644497.1.1533               0.000e+00  0.000e+00
HM438483.1.1484              -1.125e-03 -7.939e-04
EU150268.1.1200               2.417e-05 -3.325e-04
JF265850.1.1359               8.174e-05  2.642e-04
KF098316.1.1357               4.332e-04 -1.426e-03
KX363704.1.1459               0.000e+00  0.000e+00
MH236011.1.1204               0.000e+00  0.000e+00
CVRG01041904.1.1229           0.000e+00  0.000e+00
JQ691707.1.1488               0.000e+00  0.000e+00
EU536840.1.1397               1.272e-05 -2.308e-04
KF756254.1.1238               0.000e+00  0.000e+00
KC734132.1.1424              -3.132e-05 -2.585e-03
KJ496054.1.1444              -1.816e-04 -2.102e-03
EU460309.1.1298               0.000e+00  0.000e+00
EU777710.1.1395              -2.133e-03 -1.318e-02
KF756208.1.1251              -5.619e-03 -3.878e-02
JF790967.1.1432              -8.600e-04 -1.315e-02
MH235974.1.1212              -2.794e-03 -2.932e-02
JQ522962.1.1258               0.000e+00  0.000e+00
MH393477.1.1503              -2.722e-03 -1.747e-02
KU358690.1.1400              -1.917e-04  8.744e-05
HE652090.1.1459               2.576e-04 -4.045e-03
KJ534472.1.1439               0.000e+00  0.000e+00
KM253135.1.1447               0.000e+00  0.000e+00
MH323407.1.1447               7.291e-05 -1.028e-03
KJ809260.1.1509              -1.267e-03  1.015e-03
EU536823.1.1396              -5.411e-04  3.939e-03
KX687553.1.1251               5.540e-05 -5.477e-03
HE602890.1.1401               2.519e-04 -1.312e-02
KF147055.1.1458              -3.213e-04 -4.148e-03
AB681346.1.1462               0.000e+00  0.000e+00
HM445406.1.1361              -3.421e-04  1.561e-04
KF756190.1.1310              -1.017e-02 -3.536e-02
KX640928.1.1211               0.000e+00  0.000e+00
LN624760.1.1451               0.000e+00  0.000e+00
MH259800.1.1388              -1.952e-03 -3.039e-02
KM021097.1.1244               1.644e-05 -1.788e-03
EU169145.1.1368              -3.780e-04 -2.348e-03
JF709910.1.1403              -3.370e-03 -7.935e-03
KX378956.1.1440              -4.733e-04 -4.672e-03
KY476123.1.1200              -1.238e-03 -3.519e-03
FJ893930.1.1361              -2.829e-03 -5.073e-03
KF424281.1.1444               0.000e+00  0.000e+00
KT767708.1.1430               0.000e+00  0.000e+00
KC178570.1.1440              -4.509e-04 -6.047e-03
EU239123.1.1223               0.000e+00  0.000e+00
KX212248.1.1200              -3.218e-04 -1.180e-03
JQ684470.1.1465               0.000e+00  0.000e+00
EU196777.1.1200               0.000e+00  0.000e+00
EU196771.1.1211               0.000e+00  0.000e+00
GQ267972.1.1461               0.000e+00  0.000e+00
EU236279.1.1411               0.000e+00  0.000e+00
JQ855569.1.1259              -2.896e-04  5.255e-04
FR774600.1.1369               0.000e+00  0.000e+00
GQ901866.1.1257              -2.398e-05 -2.776e-04
MH571636.1.1200               0.000e+00  0.000e+00
LN611354.1.1200               0.000e+00  0.000e+00
AB369002.1.1355               0.000e+00  0.000e+00
KF098552.1.1358               0.000e+00  0.000e+00
DQ834356.1.1441               0.000e+00  0.000e+00
JN697570.1.1405              -1.950e-03  7.308e-04
AY663435.1.1430               0.000e+00  0.000e+00
AB062283.1.1345               0.000e+00  0.000e+00
HQ180180.1.1390              -6.794e-04 -7.866e-03
LN611366.1.1300               0.000e+00  0.000e+00
GU247457.1.1249              -1.555e-03 -4.571e-03
HM854251.1.1443               9.664e-04 -6.011e-03
KC843488.1.1328              -6.470e-04  3.950e-04
AJ275038.1.1439              -3.246e-03 -3.887e-03
HQ857761.1.1442              -9.803e-04 -1.127e-03
MG738337.1.1283               4.208e-04 -9.015e-05
GQ088991.1.1358               0.000e+00  0.000e+00
FJ825887.1.1469               3.568e-04 -3.833e-03
KF831405.1.1448               1.052e-03 -2.254e-04
EU706079.1.1249               6.164e-04 -1.321e-04
LN854580.1.1220               0.000e+00  0.000e+00
KJ623585.1.1469               0.000e+00  0.000e+00
GQ008884.1.1351              -2.636e-04  1.609e-04
HAAC01027432.1.1206          -3.950e-03 -4.150e-02
MH703470.1.1505              -3.108e-03 -2.769e-02
DQ860047.1.1505               0.000e+00  0.000e+00
EF470567.1.1267               0.000e+00  0.000e+00
EU844911.1.1328              -2.071e-03 -7.553e-03
HQ860753.1.1200               0.000e+00  0.000e+00
HQ698589.1.1398               0.000e+00  0.000e+00
JX627626.1.1239               0.000e+00  0.000e+00
KP717943.1.1266               0.000e+00  0.000e+00
FJ900895.1.1281              -5.699e-04 -1.977e-03
KF756244.1.1201               0.000e+00  0.000e+00
AB681355.1.1464              -6.686e-03  4.081e-03
KR868991.1.1409              -1.182e-03 -5.448e-04
HQ698586.1.1428              -4.673e-03  2.853e-03
AJ272303.1.1426               0.000e+00  0.000e+00
GQ984339.1.1269               0.000e+00  0.000e+00
AB205576.1.1426               0.000e+00  0.000e+00
AB205571.1.1418               0.000e+00  0.000e+00
AM269902.1.1421               0.000e+00  0.000e+00
JQ467255.1.1254               0.000e+00  0.000e+00
HQ846513.1.1442              -2.295e-04 -2.657e-03
JQ465886.1.1406              -6.977e-05 -6.272e-03
JQ455641.1.1400              -1.633e-04 -1.890e-03
JQ455259.1.1251               0.000e+00  0.000e+00
JQ453181.1.1411               0.000e+00  0.000e+00
KF101919.1.1361               0.000e+00  0.000e+00
EU768020.1.1365               0.000e+00  0.000e+00
JF163633.1.1360               0.000e+00  0.000e+00
JF506644.1.1364              -1.438e-04  8.777e-05
X74687.1.1457                 0.000e+00  0.000e+00
JF182810.1.1380              -1.095e-20  6.298e-21
JF412253.1.1400               0.000e+00  0.000e+00
JX013442.1.1364              -8.298e-04  3.877e-03
AOQH01000134.9789.11348      -8.853e-04 -1.901e-03
KX880951.1.1230              -7.201e-04 -3.638e-03
HM186527.1.1371               3.757e-04 -9.237e-04
KY780350.1.1207              -6.876e-04 -8.176e-03
JF703628.1.1513              -1.183e-03 -6.217e-03
KY780358.1.1208              -1.731e-04 -8.500e-04
KF052592.1.1446               0.000e+00  0.000e+00
KU569617.1.1237               0.000e+00  0.000e+00
AOQF01000068.44124.45733      0.000e+00  0.000e+00
KU179368.1.1477               0.000e+00  0.000e+00
KC618479.1.1393               0.000e+00  0.000e+00
KM264402.1.1478               0.000e+00  0.000e+00
KM187215.1.1403              -4.731e-05  2.158e-05
AY581130.1.1377              -1.023e-05 -4.787e-04
KF464373.1.1241               1.202e-04 -5.224e-04
JQ977080.1.1441               0.000e+00  0.000e+00
KF201713.1.1445               4.649e-05 -6.394e-04
KT005623.1.1250              -2.501e-04 -2.895e-03
KX225292.1.1208               0.000e+00  0.000e+00
DQ440548.1.1439               0.000e+00  0.000e+00
FJ811884.1.1433              -9.935e-05 -1.150e-03
KM242581.1.1405               0.000e+00  0.000e+00
MG196051.1.1227               1.256e-05  1.454e-04
HM069224.1.1426               0.000e+00  0.000e+00
KM253006.1.1448               0.000e+00  0.000e+00
JQ190329.1.1367               0.000e+00  0.000e+00
GQ379617.1.1220               0.000e+00  0.000e+00
DQ059817.1.1299               0.000e+00  0.000e+00
KX212259.1.1200               0.000e+00  0.000e+00
JN797481.1.1203              -3.702e-03 -3.140e-03
KY038312.1.1251              -2.750e-04 -1.345e-03
EU239106.1.1241               0.000e+00  0.000e+00
HM334946.1.1363               0.000e+00  0.000e+00
KP772347.1.1460               0.000e+00  0.000e+00
KU881628.1.1200               0.000e+00  0.000e+00
KP339859.1.1411              -4.139e-03 -1.774e-03
KT215540.1.1447               1.029e-04 -1.558e-03
MG738316.1.1428              -1.021e-02 -4.744e-02
KF479549.1.1506              -3.819e-04 -2.217e-03
AY173020.1.1325               4.254e-04 -4.628e-03
KU674365.1.1488               0.000e+00  0.000e+00
KC163803.1.1266               8.913e-05  3.935e-04


Site scores (weighted sums of species scores)

         CAP1     CAP2     CAP3       MDS1       MDS2       MDS3
G31 -1.729315  0.04257  2.55746 -1.159e+00 -9.131e-02 -3.590e-01
G32  0.149109  0.35750 -1.18681  3.164e-01  1.176e+00 -4.709e-02
G33 -0.373752  0.84962  1.16092  1.469e-01 -3.893e-02 -6.190e-01
G34 -0.299368  0.09938 -0.18081  8.481e-02  1.327e-01 -6.824e-01
G35 -0.094927  0.19550  1.57196 -9.941e-01 -9.699e-02  1.503e-02
G36 -2.177167  0.20101 -1.61057  6.301e-01 -1.916e+00  3.972e-01
G37  0.363576  0.41834 -0.73104 -1.247e-16  9.284e-17 -6.576e-17
G38  0.082353 -0.91643 -0.98313  2.889e-01  4.608e-01 -3.488e-02
G39 -0.069382 -2.05184  1.33644 -1.475e-01 -1.098e-01  1.314e+00
G40  0.232414  0.71656  0.20307 -3.255e-01  3.918e-01 -3.423e-01
G41  0.138858  0.63775 -0.30945  1.873e-16 -5.459e-17 -1.019e-16
G42 -1.794893 -0.05859 -2.36822  1.159e+00  9.131e-02  3.590e-01
G48 -0.051694  1.31993 -1.11913  4.433e-01 -2.480e-02 -6.949e-01
G49  0.404235  1.51725  1.36506  6.008e-04  1.487e-01 -6.945e-01
G50  0.456215 -0.29697  1.92643 -1.147e+00  5.687e-01  4.050e-01
G51 -0.005147 -0.24371  0.07239 -2.435e-01  4.698e-02  6.343e-01
G52  0.750489  0.32683 -2.26962  8.545e-01  3.563e-01  5.343e-01
G53  0.718867  1.18791 -2.17887  8.808e-01  2.684e-01 -2.903e-01
G54 -0.079671  0.52225  0.55177 -4.156e-01 -9.195e-01  8.332e-02
G55  0.823623 -0.26487 -0.06975  4.607e-01  7.233e-01  8.523e-01
G56 -0.104595  1.32867  2.25539 -4.607e-01 -7.233e-01 -8.523e-01
G57 -0.030058 -0.85993 -0.64919  1.827e-01  1.304e-02  8.992e-01
G58  0.258862 -0.09056  0.63911 -3.803e-01  2.951e-01 -2.147e-02
G59 -0.179445  0.31280 -0.15760  5.073e-02 -2.692e-01 -2.587e-01
G60  0.943378 -0.69340  0.58388 -4.067e-01  6.388e-01 -2.797e-01
G61 -0.322912 -0.12756 -0.41656  1.781e-01 -1.034e+00 -5.591e-01
G62  0.474431 -0.34957 -0.35253  8.725e-02  4.370e-02 -4.398e-01
G63  0.332424  0.22302 -1.58660  7.957e-01  1.681e-01 -4.377e-01
G64  0.014551 -1.85840  1.28316 -7.032e-01 -3.155e-01  1.211e+00
G65  0.275596 -0.39563  0.38091 -1.774e-01  1.474e-02 -9.083e-02
G66  0.455600 -0.12266 -0.04962  7.453e-02  2.999e-01 -3.788e-01
G67 -0.071474 -0.81252 -0.75037  3.796e-01 -3.373e-01  4.180e-01
G68  0.433258 -0.45500  0.99244 -4.417e-01  2.293e-01 -1.915e-01
G69  0.075963 -0.65924  0.08944 -1.245e-02 -1.919e-01  1.523e-01


Site constraints (linear combinations of constraining variables)

        CAP1      CAP2       CAP3       MDS1       MDS2       MDS3
G31 -1.76210 -0.008011  0.0946222 -1.159e+00 -9.131e-02 -3.590e-01
G32 -0.69873  0.301256 -0.4276880  3.164e-01  1.176e+00 -4.709e-02
G33 -0.36067  0.169452  1.3581074  1.469e-01 -3.893e-02 -6.190e-01
G34 -0.42030 -0.616738 -0.1059037  8.481e-02  1.327e-01 -6.824e-01
G35 -0.09545  0.482745 -0.4883897 -9.941e-01 -9.699e-02  1.503e-02
G36 -0.69873  0.301256 -0.4276880  6.301e-01 -1.916e+00  3.972e-01
G37  0.36358  0.418344 -0.7310422 -1.247e-16  9.284e-17 -6.576e-17
G38 -0.23838 -1.001571 -0.3477298  2.889e-01  4.608e-01 -3.488e-02
G39  0.05699 -0.667840  1.2387577 -1.475e-01 -1.098e-01  1.314e+00
G40 -0.09545  0.482745 -0.4883897 -3.255e-01  3.918e-01 -3.423e-01
G41  0.13886  0.637746 -0.3094451  1.873e-16 -5.459e-17 -1.019e-16
G42 -1.76210 -0.008011  0.0946222  1.159e+00  9.131e-02  3.590e-01
G48 -0.03059  0.479695 -0.3209310  4.433e-01 -2.480e-02 -6.949e-01
G49  0.26478  0.813426  1.2655565  6.008e-04  1.487e-01 -6.945e-01
G50 -0.03059  0.479695 -0.3209310 -1.147e+00  5.687e-01  4.050e-01
G51 -0.03059  0.479695 -0.3209310 -2.435e-01  4.698e-02  6.343e-01
G52  0.57269  0.661184 -0.3816328  8.545e-01  3.563e-01  5.343e-01
G53  0.57269  0.661184 -0.3816328  8.808e-01  2.684e-01 -2.903e-01
G54  0.57269  0.661184 -0.3816328 -4.156e-01 -9.195e-01  8.332e-02
G55  0.35951  0.531899  1.0928194  4.607e-01  7.233e-01  8.523e-01
G56  0.35951  0.531899  1.0928194 -4.607e-01 -7.233e-01 -8.523e-01
G57  0.01209  0.014160 -0.1216232  1.827e-01  1.304e-02  8.992e-01
G58  0.01209  0.014160 -0.1216232 -3.803e-01  2.951e-01 -2.147e-02
G59  0.01209  0.014160 -0.1216232  5.073e-02 -2.692e-01 -2.587e-01
G60  0.42975 -0.823132 -0.2409729 -4.067e-01  6.388e-01 -2.797e-01
G61  0.42975 -0.823132 -0.2409729  1.781e-01 -1.034e+00 -5.591e-01
G62  0.42975 -0.823132 -0.2409729  8.725e-02  4.370e-02 -4.398e-01
G63  0.24783 -0.438298  0.0008532  7.957e-01  1.681e-01 -4.377e-01
G64  0.24783 -0.438298  0.0008532 -7.032e-01 -3.155e-01  1.211e+00
G65  0.24783 -0.438298  0.0008532 -1.774e-01  1.474e-02 -9.083e-02
G66  0.22334 -0.512356  0.0704729  7.453e-02  2.999e-01 -3.788e-01
G67  0.22334 -0.512356  0.0704729  3.796e-01 -3.373e-01  4.180e-01
G68  0.22334 -0.512356  0.0704729 -4.417e-01  2.293e-01 -1.915e-01
G69  0.22334 -0.512356  0.0704729 -1.245e-02 -1.919e-01  1.523e-01


Biplot scores for constraining variables

                               CAP1      CAP2     CAP3 MDS1 MDS2 MDS3
TerritoryBatLake           0.150549 -0.345374  0.04751    0    0    0
TerritoryCamLkRd          -0.174395  0.406634 -0.07871    0    0    0
TerritoryDaviesBog         0.165922  0.245481  0.50436    0    0    0
TerritoryMile36            0.234127  0.452111 -0.32527    0    0    0
TerritoryNorthBog          0.054467 -0.325524 -0.01742    0    0    0
TerritoryOpeoBridge        0.044623  0.204946 -0.09944    0    0    0
TerritorySWAir            -0.813242 -0.003697  0.04367    0    0    0
TerritoryTDSN              0.116839  0.134439 -0.23493    0    0    0
TerritoryWolfHowl         -0.054668  0.035715  0.16738    0    0    0
JuvenileStatusUnknown      0.007446 -0.060307 -0.73938    0    0    0
BreedingStatusNon-breeder  0.633135 -0.055829  0.06137    0    0    0


Centroids for factor constraints

                                    CAP1      CAP2     CAP3 MDS1 MDS2 MDS3
TerritoryArowhon                0.221574 -0.827761  0.03362    0    0    0
TerritoryBatLake                0.223337 -0.512356  0.07047    0    0    0
TerritoryCamLkRd               -0.204075  0.475837 -0.09210    0    0    0
TerritoryDaviesBog              0.359514  0.531899  1.09282    0    0    0
TerritoryMile36                 0.305434  0.589809 -0.42434    0    0    0
TerritoryNorthBog               0.080801 -0.482908 -0.02584    0    0    0
TerritoryOpeoBridge             0.138858  0.637746 -0.30945    0    0    0
TerritorySWAir                 -1.762104 -0.008011  0.09462    0    0    0
TerritoryTDSN                   0.363576  0.418344 -0.73104    0    0    0
TerritoryWolfHowl              -0.081098  0.052983  0.24831    0    0    0
JuvenileStatusDominantJuvenile -0.012966  0.105013  1.28747    0    0    0
JuvenileStatusUnknown           0.001255 -0.010163 -0.12459    0    0    0
BreedingStatusBreeder          -0.464374  0.040948 -0.04501    0    0    0
BreedingStatusNon-breeder       0.253295 -0.022335  0.02455    0    0    0

null device 
          1 
