
Lmod is automatically replacing "intel/2016.4" with "gcc/7.3.0".

-------------------------------------------------------------------------------
The following dependent module(s) are not currently loaded: gcccore/.5.4.0 (required by: icc/.2016.4.258, ifort/.2016.4.258)
-------------------------------------------------------------------------------

Due to MODULEPATH changes, the following have been reloaded:
  1) openmpi/2.1.1

The following have been reloaded with a version change:
  1) gcccore/.5.4.0 => gcccore/.7.3.0     2) imkl/11.3.4.258 => imkl/2018.3.222

Loading required package: permute
Loading required package: lattice
This is vegan 2.5-7
── Attaching packages ─────────────────────────────────────── tidyverse 1.3.0 ──
✔ ggplot2 3.3.3     ✔ purrr   0.3.4
✔ tibble  3.0.5     ✔ dplyr   1.0.2
✔ tidyr   1.1.2     ✔ stringr 1.4.0
✔ readr   1.4.0     ✔ forcats 0.5.0
── Conflicts ────────────────────────────────────────── tidyverse_conflicts() ──
✖ dplyr::filter() masks stats::filter()
✖ dplyr::lag()    masks stats::lag()
Joining, by = "SampleID"
Joining, by = "SampleID"
null device 
          1 
Permutation test for adonis under reduced model
Terms added sequentially (first to last)
Permutation: free
Number of permutations: 999

adonis2(formula = dmAitchison ~ DistanceFromOrigin + JayID + AgeAtCollection + CollectionYear, data = ordiDF)
                   Df SumOfSqs      R2      F Pr(>F)
DistanceFromOrigin  1    3.799 0.06649 1.1494  0.306
JayID               6   14.940 0.26151 0.7534  0.831
AgeAtCollection     1    5.210 0.09120 1.5764  0.194
CollectionYear      1    0.131 0.00230 0.0398  0.967
Residual           10   33.050 0.57850              
Total              19   57.130 1.00000              
Joining, by = "SampleID"
null device 
          1 
[1] "All years"

Call:
lm(formula = AitchisonDistance ~ DistanceFromOrigin, data = plotDFall)

Residuals:
    Min      1Q  Median      3Q     Max 
-1.4631 -0.8136 -0.4036  0.8105  4.2145 

Coefficients:
                    Estimate Std. Error t value Pr(>|t|)    
(Intercept)        6.248e-01  1.683e-01   3.713 0.000359 ***
DistanceFromOrigin 5.169e-05  8.503e-06   6.079 3.04e-08 ***
---
Signif. codes:  0 ‘***’ 0.001 ‘**’ 0.01 ‘*’ 0.05 ‘.’ 0.1 ‘ ’ 1

Residual standard error: 1.191 on 88 degrees of freedom
Multiple R-squared:  0.2957,	Adjusted R-squared:  0.2877 
F-statistic: 36.95 on 1 and 88 DF,  p-value: 3.038e-08

[1] "2017 Only"

Call:
lm(formula = AitchisonDistance ~ DistanceFromOrigin, data = filter(plotDFall, 
    CollectionYear == 2017))

Residuals:
     Min       1Q   Median       3Q      Max 
-0.54202 -0.22257 -0.09165  0.21547  0.68778 

Coefficients:
                    Estimate Std. Error t value Pr(>|t|)    
(Intercept)        3.609e-01  9.579e-02   3.768 0.000532 ***
DistanceFromOrigin 1.465e-05  7.980e-06   1.836 0.073757 .  
---
Signif. codes:  0 ‘***’ 0.001 ‘**’ 0.01 ‘*’ 0.05 ‘.’ 0.1 ‘ ’ 1

Residual standard error: 0.3452 on 40 degrees of freedom
Multiple R-squared:  0.07774,	Adjusted R-squared:  0.05469 
F-statistic: 3.372 on 1 and 40 DF,  p-value: 0.07376

[1] "2018 Only"

Call:
lm(formula = AitchisonDistance ~ DistanceFromOrigin, data = filter(plotDFall, 
    CollectionYear == 2018))

Residuals:
    Min      1Q  Median      3Q     Max 
-1.5114 -1.3140 -0.4496  1.3730  1.5871 

Coefficients:
                    Estimate Std. Error t value Pr(>|t|)    
(Intercept)        1.602e+00  3.443e-01   4.654 3.54e-05 ***
DistanceFromOrigin 3.878e-07  2.868e-05   0.014    0.989    
---
Signif. codes:  0 ‘***’ 0.001 ‘**’ 0.01 ‘*’ 0.05 ‘.’ 0.1 ‘ ’ 1

Residual standard error: 1.241 on 40 degrees of freedom
Multiple R-squared:  4.571e-06,	Adjusted R-squared:  -0.025 
F-statistic: 0.0001829 on 1 and 40 DF,  p-value: 0.9893

[1] "2020 Only"

Call:
lm(formula = AitchisonDistance ~ DistanceFromOrigin, data = filter(plotDFall, 
    CollectionYear == 2020))

Residuals:
      1       2       3       4       5       6 
-0.8943  1.6452 -0.8931 -0.4152  1.3113 -0.7538 

Coefficients:
                     Estimate Std. Error t value Pr(>|t|)  
(Intercept)         5.163e+00  1.477e+00   3.495    0.025 *
DistanceFromOrigin -6.305e-06  2.378e-05  -0.265    0.804  
---
Signif. codes:  0 ‘***’ 0.001 ‘**’ 0.01 ‘*’ 0.05 ‘.’ 0.1 ‘ ’ 1

Residual standard error: 1.3 on 4 degrees of freedom
Multiple R-squared:  0.01727,	Adjusted R-squared:  -0.2284 
F-statistic: 0.07029 on 1 and 4 DF,  p-value: 0.804

