
Lmod is automatically replacing "intel/2016.4" with "gcc/7.3.0".

-------------------------------------------------------------------------------
The following dependent module(s) are not currently loaded: gcccore/.5.4.0 (required by: icc/.2016.4.258, ifort/.2016.4.258)
-------------------------------------------------------------------------------

Due to MODULEPATH changes, the following have been reloaded:
  1) openmpi/2.1.1

The following have been reloaded with a version change:
  1) gcccore/.5.4.0 => gcccore/.7.3.0     2) imkl/11.3.4.258 => imkl/2018.3.222

[1] "Set up - working directory, packages, functions, data"
Loading required package: permute
Loading required package: lattice
This is vegan 2.5-7
── Attaching packages ─────────────────────────────────────── tidyverse 1.3.0 ──
✔ ggplot2 3.3.3     ✔ purrr   0.3.4
✔ tibble  3.0.5     ✔ dplyr   1.0.2
✔ tidyr   1.1.2     ✔ stringr 1.4.0
✔ readr   1.4.0     ✔ forcats 0.5.0
── Conflicts ────────────────────────────────────────── tidyverse_conflicts() ──
✖ dplyr::filter() masks stats::filter()
✖ dplyr::lag()    masks stats::lag()
Joining, by = "Sample1"
[1] "Dominant Juveniles (4A)"
null device 
          1 

Call:
anosim(x = dmAitchison, grouping = interaction(Territory, Group,      Group)) 
Dissimilarity: 

ANOSIM statistic R: 0.136 
      Significance: 0.094 

Permutation: free
Number of permutations: 999

Upper quantiles of permutations (null model):
  90%   95% 97.5%   99% 
0.133 0.170 0.199 0.231 

Dissimilarity ranks between and within classes:
                                              0%    25%   50%    75% 100%   N
Between                                        1 143.50 285.0 422.50  561 535
Arowhon.Breeder.Breeder                      350 350.00 350.0 350.00  350   1
BatLake.Breeder.Breeder                       NA     NA    NA     NA   NA   0
CamLkRd.Breeder.Breeder                      487 487.00 487.0 487.00  487   1
DaviesBog.Breeder.Breeder                     NA     NA    NA     NA   NA   0
Mile36.Breeder.Breeder                       178 178.00 178.0 178.00  178   1
NorthBog.Breeder.Breeder                      NA     NA    NA     NA   NA   0
OpeoBridge.Breeder.Breeder                    NA     NA    NA     NA   NA   0
SWAir.Breeder.Breeder                        529 529.00 529.0 529.00  529   1
TDSN.Breeder.Breeder                          NA     NA    NA     NA   NA   0
WolfHowl.Breeder.Breeder                      NA     NA    NA     NA   NA   0
Arowhon.DominantJuvenile.Breeder              NA     NA    NA     NA   NA   0
BatLake.DominantJuvenile.Breeder              NA     NA    NA     NA   NA   0
CamLkRd.DominantJuvenile.Breeder              NA     NA    NA     NA   NA   0
DaviesBog.DominantJuvenile.Breeder            NA     NA    NA     NA   NA   0
Mile36.DominantJuvenile.Breeder               NA     NA    NA     NA   NA   0
NorthBog.DominantJuvenile.Breeder             NA     NA    NA     NA   NA   0
OpeoBridge.DominantJuvenile.Breeder           NA     NA    NA     NA   NA   0
SWAir.DominantJuvenile.Breeder                NA     NA    NA     NA   NA   0
TDSN.DominantJuvenile.Breeder                 NA     NA    NA     NA   NA   0
WolfHowl.DominantJuvenile.Breeder             NA     NA    NA     NA   NA   0
Arowhon.Nestling.Breeder                      NA     NA    NA     NA   NA   0
BatLake.Nestling.Breeder                      NA     NA    NA     NA   NA   0
CamLkRd.Nestling.Breeder                      NA     NA    NA     NA   NA   0
DaviesBog.Nestling.Breeder                    NA     NA    NA     NA   NA   0
Mile36.Nestling.Breeder                       NA     NA    NA     NA   NA   0
NorthBog.Nestling.Breeder                     NA     NA    NA     NA   NA   0
OpeoBridge.Nestling.Breeder                   NA     NA    NA     NA   NA   0
SWAir.Nestling.Breeder                        NA     NA    NA     NA   NA   0
TDSN.Nestling.Breeder                         NA     NA    NA     NA   NA   0
WolfHowl.Nestling.Breeder                     NA     NA    NA     NA   NA   0
Arowhon.Breeder.DominantJuvenile              NA     NA    NA     NA   NA   0
BatLake.Breeder.DominantJuvenile              NA     NA    NA     NA   NA   0
CamLkRd.Breeder.DominantJuvenile              NA     NA    NA     NA   NA   0
DaviesBog.Breeder.DominantJuvenile            NA     NA    NA     NA   NA   0
Mile36.Breeder.DominantJuvenile               NA     NA    NA     NA   NA   0
NorthBog.Breeder.DominantJuvenile             NA     NA    NA     NA   NA   0
OpeoBridge.Breeder.DominantJuvenile           NA     NA    NA     NA   NA   0
SWAir.Breeder.DominantJuvenile                NA     NA    NA     NA   NA   0
TDSN.Breeder.DominantJuvenile                 NA     NA    NA     NA   NA   0
WolfHowl.Breeder.DominantJuvenile             NA     NA    NA     NA   NA   0
Arowhon.DominantJuvenile.DominantJuvenile     NA     NA    NA     NA   NA   0
BatLake.DominantJuvenile.DominantJuvenile     NA     NA    NA     NA   NA   0
CamLkRd.DominantJuvenile.DominantJuvenile     NA     NA    NA     NA   NA   0
DaviesBog.DominantJuvenile.DominantJuvenile   NA     NA    NA     NA   NA   0
Mile36.DominantJuvenile.DominantJuvenile      NA     NA    NA     NA   NA   0
NorthBog.DominantJuvenile.DominantJuvenile    NA     NA    NA     NA   NA   0
OpeoBridge.DominantJuvenile.DominantJuvenile  NA     NA    NA     NA   NA   0
SWAir.DominantJuvenile.DominantJuvenile       NA     NA    NA     NA   NA   0
TDSN.DominantJuvenile.DominantJuvenile        NA     NA    NA     NA   NA   0
WolfHowl.DominantJuvenile.DominantJuvenile    NA     NA    NA     NA   NA   0
Arowhon.Nestling.DominantJuvenile             NA     NA    NA     NA   NA   0
BatLake.Nestling.DominantJuvenile             NA     NA    NA     NA   NA   0
CamLkRd.Nestling.DominantJuvenile             NA     NA    NA     NA   NA   0
DaviesBog.Nestling.DominantJuvenile           NA     NA    NA     NA   NA   0
Mile36.Nestling.DominantJuvenile              NA     NA    NA     NA   NA   0
NorthBog.Nestling.DominantJuvenile            NA     NA    NA     NA   NA   0
OpeoBridge.Nestling.DominantJuvenile          NA     NA    NA     NA   NA   0
SWAir.Nestling.DominantJuvenile               NA     NA    NA     NA   NA   0
TDSN.Nestling.DominantJuvenile                NA     NA    NA     NA   NA   0
WolfHowl.Nestling.DominantJuvenile            NA     NA    NA     NA   NA   0
Arowhon.Breeder.Nestling                      NA     NA    NA     NA   NA   0
BatLake.Breeder.Nestling                      NA     NA    NA     NA   NA   0
CamLkRd.Breeder.Nestling                      NA     NA    NA     NA   NA   0
DaviesBog.Breeder.Nestling                    NA     NA    NA     NA   NA   0
Mile36.Breeder.Nestling                       NA     NA    NA     NA   NA   0
NorthBog.Breeder.Nestling                     NA     NA    NA     NA   NA   0
OpeoBridge.Breeder.Nestling                   NA     NA    NA     NA   NA   0
SWAir.Breeder.Nestling                        NA     NA    NA     NA   NA   0
TDSN.Breeder.Nestling                         NA     NA    NA     NA   NA   0
WolfHowl.Breeder.Nestling                     NA     NA    NA     NA   NA   0
Arowhon.DominantJuvenile.Nestling             NA     NA    NA     NA   NA   0
BatLake.DominantJuvenile.Nestling             NA     NA    NA     NA   NA   0
CamLkRd.DominantJuvenile.Nestling             NA     NA    NA     NA   NA   0
DaviesBog.DominantJuvenile.Nestling           NA     NA    NA     NA   NA   0
Mile36.DominantJuvenile.Nestling              NA     NA    NA     NA   NA   0
NorthBog.DominantJuvenile.Nestling            NA     NA    NA     NA   NA   0
OpeoBridge.DominantJuvenile.Nestling          NA     NA    NA     NA   NA   0
SWAir.DominantJuvenile.Nestling               NA     NA    NA     NA   NA   0
TDSN.DominantJuvenile.Nestling                NA     NA    NA     NA   NA   0
WolfHowl.DominantJuvenile.Nestling            NA     NA    NA     NA   NA   0
Arowhon.Nestling.Nestling                    115 130.00 145.0 243.50  342   3
BatLake.Nestling.Nestling                     38  48.25  72.5 117.75  251   6
CamLkRd.Nestling.Nestling                    246 255.00 264.0 353.50  443   3
DaviesBog.Nestling.Nestling                  428 428.00 428.0 428.00  428   1
Mile36.Nestling.Nestling                      47 229.50 412.0 414.00  416   3
NorthBog.Nestling.Nestling                   230 246.00 262.0 359.00  456   3
OpeoBridge.Nestling.Nestling                  NA     NA    NA     NA   NA   0
SWAir.Nestling.Nestling                       NA     NA    NA     NA   NA   0
TDSN.Nestling.Nestling                        NA     NA    NA     NA   NA   0
WolfHowl.Nestling.Nestling                    85 110.00 135.0 159.00  183   3

[1] "Own offspring vs other offspring (4B)"
null device 
          1 

Call:
anosim(x = dmAitchison, grouping = interaction(Territory, BreedingStatus,      BreedingStatus)) 
Dissimilarity: 

ANOSIM statistic R: 0.1119 
      Significance: 0.114 

Permutation: free
Number of permutations: 999

Upper quantiles of permutations (null model):
  90%   95% 97.5%   99% 
0.120 0.162 0.199 0.235 

Dissimilarity ranks between and within classes:
                                    0%    25%   50%    75% 100%   N
Between                              1 142.75 284.5 423.25  561 532
Arowhon.Breeder.Breeder            350 350.00 350.0 350.00  350   1
BatLake.Breeder.Breeder             NA     NA    NA     NA   NA   0
CamLkRd.Breeder.Breeder            487 487.00 487.0 487.00  487   1
DaviesBog.Breeder.Breeder           NA     NA    NA     NA   NA   0
Mile36.Breeder.Breeder             178 178.00 178.0 178.00  178   1
NorthBog.Breeder.Breeder            NA     NA    NA     NA   NA   0
OpeoBridge.Breeder.Breeder          NA     NA    NA     NA   NA   0
SWAir.Breeder.Breeder              529 529.00 529.0 529.00  529   1
TDSN.Breeder.Breeder                NA     NA    NA     NA   NA   0
WolfHowl.Breeder.Breeder            NA     NA    NA     NA   NA   0
Arowhon.Non-breeder.Breeder         NA     NA    NA     NA   NA   0
BatLake.Non-breeder.Breeder         NA     NA    NA     NA   NA   0
CamLkRd.Non-breeder.Breeder         NA     NA    NA     NA   NA   0
DaviesBog.Non-breeder.Breeder       NA     NA    NA     NA   NA   0
Mile36.Non-breeder.Breeder          NA     NA    NA     NA   NA   0
NorthBog.Non-breeder.Breeder        NA     NA    NA     NA   NA   0
OpeoBridge.Non-breeder.Breeder      NA     NA    NA     NA   NA   0
SWAir.Non-breeder.Breeder           NA     NA    NA     NA   NA   0
TDSN.Non-breeder.Breeder            NA     NA    NA     NA   NA   0
WolfHowl.Non-breeder.Breeder        NA     NA    NA     NA   NA   0
Arowhon.Breeder.Non-breeder         NA     NA    NA     NA   NA   0
BatLake.Breeder.Non-breeder         NA     NA    NA     NA   NA   0
CamLkRd.Breeder.Non-breeder         NA     NA    NA     NA   NA   0
DaviesBog.Breeder.Non-breeder       NA     NA    NA     NA   NA   0
Mile36.Breeder.Non-breeder          NA     NA    NA     NA   NA   0
NorthBog.Breeder.Non-breeder        NA     NA    NA     NA   NA   0
OpeoBridge.Breeder.Non-breeder      NA     NA    NA     NA   NA   0
SWAir.Breeder.Non-breeder           NA     NA    NA     NA   NA   0
TDSN.Breeder.Non-breeder            NA     NA    NA     NA   NA   0
WolfHowl.Breeder.Non-breeder        NA     NA    NA     NA   NA   0
Arowhon.Non-breeder.Non-breeder    115 130.00 145.0 243.50  342   3
BatLake.Non-breeder.Non-breeder     38  48.25  72.5 117.75  251   6
CamLkRd.Non-breeder.Non-breeder    246 261.00 291.0 340.50  443   6
DaviesBog.Non-breeder.Non-breeder  428 428.00 428.0 428.00  428   1
Mile36.Non-breeder.Non-breeder      47 229.50 412.0 414.00  416   3
NorthBog.Non-breeder.Non-breeder   230 246.00 262.0 359.00  456   3
OpeoBridge.Non-breeder.Non-breeder  NA     NA    NA     NA   NA   0
SWAir.Non-breeder.Non-breeder       NA     NA    NA     NA   NA   0
TDSN.Non-breeder.Non-breeder        NA     NA    NA     NA   NA   0
WolfHowl.Non-breeder.Non-breeder    85 110.00 135.0 159.00  183   3

[1] "Counts of Genera (4C+D)"
[1] "Juvenile Diversity (4C)"
null device 
          1 
[1] "Two sample t-test"
[1] "H0 - equal mean OTUs (u1-u2=0)"
[1] "HA - breeder mean OTUs greater than non-breeder mean OTUs (u1-u2>0)"
      Group.1        x
1     Breeder 59.12288
2 Non-breeder 26.15939
      Group.1        x
1     Breeder 51.66667
2 Non-breeder 28.13636

	Two Sample t-test

data:  br$NumberOfOTUs and nb$NumberOfOTUs
t = 1.6138, df = 32, p-value = 0.05819
alternative hypothesis: true difference in means is greater than 0
95 percent confidence interval:
 -1.167127       Inf
sample estimates:
mean of x mean of y 
 51.66667  28.13636 

[1] "Shared Microbiota (4D)"
Joining, by = "b"
null device 
          1 
[1] "Two sample t-test"
[1] "H0 - equal mean OTUs (u1-u2=0)"
[1] "HA1 - more shared OTUs than unique non-breeder OTUs (u1-u2 > u0)"
[1] "HA2 - more unique breeder OTUs than unique non-breeder OTUs (u1-u3 > u0)"
  Group.1        x
1   Bonly 29.68802
2  NBonly 18.93686
3  shared 33.36816
  Group.1        x
1   Bonly 40.46154
2  NBonly 25.73077
3  shared 61.07692
[1] "Shared & Non-breeder"

	Two Sample t-test

data:  sh$NumberOfOTUs and nb$NumberOfOTUs
t = 4.6975, df = 50, p-value = 1.047e-05
alternative hypothesis: true difference in means is greater than 0
95 percent confidence interval:
 22.73594      Inf
sample estimates:
mean of x mean of y 
 61.07692  25.73077 

[1] "Breeder & Non-breeder"

	Two Sample t-test

data:  br$NumberOfOTUs and nb$NumberOfOTUs
t = 2.1331, df = 50, p-value = 0.01893
alternative hypothesis: true difference in means is greater than 0
95 percent confidence interval:
 3.157112      Inf
sample estimates:
mean of x mean of y 
 40.46154  25.73077 

