
Lmod is automatically replacing "intel/2016.4" with "gcc/7.3.0".

-------------------------------------------------------------------------------
The following dependent module(s) are not currently loaded: gcccore/.5.4.0 (required by: icc/.2016.4.258, ifort/.2016.4.258)
-------------------------------------------------------------------------------

Due to MODULEPATH changes, the following have been reloaded:
  1) openmpi/2.1.1

The following have been reloaded with a version change:
  1) gcccore/.5.4.0 => gcccore/.7.3.0     2) imkl/11.3.4.258 => imkl/2018.3.222

[1] "Set up - working directory, packages, functions, data"
Loading required package: permute
Loading required package: lattice

Attaching package: ‘lattice’

The following object is masked from ‘package:boot’:

    melanoma

This is vegan 2.5-7
── Attaching packages ─────────────────────────────────────── tidyverse 1.3.0 ──
✔ ggplot2 3.3.3     ✔ purrr   0.3.4
✔ tibble  3.0.5     ✔ dplyr   1.0.2
✔ tidyr   1.1.2     ✔ stringr 1.4.0
✔ readr   1.4.0     ✔ forcats 0.5.0
── Conflicts ────────────────────────────────────────── tidyverse_conflicts() ──
✖ dplyr::filter() masks stats::filter()
✖ dplyr::lag()    masks stats::lag()
Joining, by = "Sample1"
[1] "Own offspring vs other offspring (4A)"
null device 
          1 
[1] "H0: d = d0"
[1] "HA: d < 0"
   Breeder          Different Territory Same Territory       diff        
 Length:8           Min.   :1.443       Min.   :1.349   Min.   :-0.4103  
 Class :character   1st Qu.:1.570       1st Qu.:1.695   1st Qu.:-0.2909  
 Mode  :character   Median :1.753       Median :1.821   Median : 0.1663  
                    Mean   :2.123       Mean   :2.230   Mean   : 0.1062  
                    3rd Qu.:2.222       3rd Qu.:2.437   3rd Qu.: 0.2979  
                    Max.   :4.271       Max.   :4.386   Max.   : 0.9869  
[1] 0.7315764

	Paired t-test

data:  test4A$`Same Territory` and test4A$`Different Territory`
t = 0.64539, df = 7, p-value = 0.7304
alternative hypothesis: true difference in means is less than 0
95 percent confidence interval:
      -Inf 0.4180676
sample estimates:
mean of the differences 
              0.1062282 


ORDINARY NONPARAMETRIC BOOTSTRAP


Call:
boot(data = test4A, statistic = fc, R = 999)


Bootstrap Statistics :
     original       bias    std. error
t1* 0.1062282 0.0009929195   0.1588575
[1] "Shared Microbiota (4B)"
Joining, by = "b"
null device 
          1 
[1] "Two sample t-test"
[1] "H0 - equal mean OTUs (u1-u2=0)"
[1] "HA1 - more shared OTUs than unique non-breeder OTUs (u1-u2 > u0)"
[1] "HA2 - more unique breeder OTUs than unique non-breeder OTUs (u1-u3 > u0)"
  Group.1        x
1   Bonly 29.68802
2  NBonly 18.93686
3  shared 33.36816
  Group.1        x
1   Bonly 40.46154
2  NBonly 25.73077
3  shared 61.07692
[1] "Shared & Non-breeder"

	Two Sample t-test

data:  sh$NumberOfOTUs and nb$NumberOfOTUs
t = 4.6975, df = 50, p-value = 1.047e-05
alternative hypothesis: true difference in means is greater than 0
95 percent confidence interval:
 22.73594      Inf
sample estimates:
mean of x mean of y 
 61.07692  25.73077 

[1] "Breeder & Non-breeder"

	Two Sample t-test

data:  br$NumberOfOTUs and nb$NumberOfOTUs
t = 2.1331, df = 50, p-value = 0.01893
alternative hypothesis: true difference in means is greater than 0
95 percent confidence interval:
 3.157112      Inf
sample estimates:
mean of x mean of y 
 40.46154  25.73077 

