
Lmod is automatically replacing "intel/2016.4" with "gcc/7.3.0".

-------------------------------------------------------------------------------
The following dependent module(s) are not currently loaded: gcccore/.5.4.0 (required by: icc/.2016.4.258, ifort/.2016.4.258)
-------------------------------------------------------------------------------

Due to MODULEPATH changes, the following have been reloaded:
  1) openmpi/2.1.1

The following have been reloaded with a version change:
  1) gcccore/.5.4.0 => gcccore/.7.3.0     2) imkl/11.3.4.258 => imkl/2018.3.222

[1] "Set up - working directory, packages, functions, data"
Loading required package: permute
Loading required package: lattice
This is vegan 2.5-7
── Attaching packages ─────────────────────────────────────── tidyverse 1.3.0 ──
✔ ggplot2 3.3.3     ✔ purrr   0.3.4
✔ tibble  3.0.5     ✔ dplyr   1.0.2
✔ tidyr   1.1.2     ✔ stringr 1.4.0
✔ readr   1.4.0     ✔ forcats 0.5.0
── Conflicts ────────────────────────────────────────── tidyverse_conflicts() ──
✖ dplyr::filter() masks stats::filter()
✖ dplyr::lag()    masks stats::lag()
Joining, by = "Sample1"
[1] "Dominant Juveniles (4A)"
null device 
          1 

	Wilcoxon rank sum exact test

data:  dm_dj$AitchisonDistance and dm_within$AitchisonDistance
W = 41, p-value = 0.1231
alternative hypothesis: true location shift is not equal to 0

[1] "Own offspring vs other offspring (3B)"
null device 
          1 
[1] "Non-breeder Mann-Whitney"

	Wilcoxon rank sum test with continuity correction

data:  dm_between$AitchisonDistance and dm_within$AitchisonDistance
W = 3135, p-value = 0.9128
alternative hypothesis: true location shift is not equal to 0

[1] "Counts of Genera (4C+D)"
[1] "Juvenile Diversity (4C)"
null device 
          1 
      Group.1   x.Min. x.1st Qu. x.Median   x.Mean x.3rd Qu.   x.Max.
1     Breeder  8.00000  11.25000 18.50000 22.16667  24.75000 64.00000
2 Non-breeder  3.00000   9.00000 12.50000 14.09091  17.00000 45.00000

	Wilcoxon rank sum test with continuity correction

data:  br and nb
W = 179, p-value = 0.09226
alternative hypothesis: true location shift is not equal to 0

Warning message:
In wilcox.test.default(br, nb) : cannot compute exact p-value with ties
[1] "Shared Microbiota (4D)"
 [1] NA                        "EU133428.1.1318"        
 [3] "AB637074.1.1458"         "AM697454.1.1437"        
 [5] "JN023102.1.1455"         "KM253064.1.1368"        
 [7] "GU118241.1.1406"         "JN013950.1.1521"        
 [9] "EU560812.1.1483"         "AOQH01000134.9789.11348"
[11] "HM111817.1.1319"         "KF099543.1.1332"        
$G31
 [1] NA                        "EU133428.1.1318"        
 [3] "AB637074.1.1458"         "AM697454.1.1437"        
 [5] "JN023102.1.1455"         "KM253064.1.1368"        
 [7] "GU118241.1.1406"         "JN013950.1.1521"        
 [9] "EU560812.1.1483"         "AOQH01000134.9789.11348"
[11] "HM111817.1.1319"         "KF099543.1.1332"        

$G32
 [1] NA                "JQ796662.1.1393" "HQ698286.1.1217" "KP694006.1.1333"
 [5] "JF703628.1.1513" "KT581998.1.1306" "GU118241.1.1406" "KF494758.1.1495"
 [9] "HM111817.1.1319" "KJ726591.1.1386"

$G33
 [1] NA                        "JN023102.1.1455"        
 [3] "AB730646.1.1429"         "JX013442.1.1364"        
 [5] "GQ025225.1.1346"         "FJ466048.1.1374"        
 [7] "JF070773.1.1342"         "HM318996.1.1322"        
 [9] "EU169145.1.1368"         "AB991050.1.1411"        
[11] "EU360476.1.1340"         "AOQH01000134.9789.11348"
[13] "HM111817.1.1319"         "FJ893930.1.1361"        
[15] "HM270687.1.1304"         "JF190687.1.1351"        
[17] "EF019669.1.1293"        

$G34
[1] NA                "KX378956.1.1440"

$G35
[1] NA                "GU118241.1.1406" "GQ358840.1.1493" "MH259800.1.1388"
[5] "FJ004689.1.1320" "HM111817.1.1319" "AJ131121.1.1481" "KU324909.1.1217"

$G36
[1] NA                "EU778165.1.1293" "EU560812.1.1483"

$G37
[1] NA

$G38
[1] NA                "KU324909.1.1217"

$G39
 [1] NA                "KU324914.1.1231" "KJ809260.1.1509" "KX378956.1.1440"
 [5] "EU705724.1.1206" "EF111062.1.1228" "EU777806.1.1322" "JF709910.1.1403"
 [9] "EU560812.1.1483" "EU169145.1.1368" "FJ893930.1.1361" "AB109889.1.1484"

$G40
[1] NA

$G41
[1] NA                "EU777710.1.1395" "FJ893930.1.1361"

$G42
[1] NA                "JQ796662.1.1393" "HQ698286.1.1217" "KP694006.1.1333"
[5] "JF703628.1.1513" "KT581998.1.1306" "GU118241.1.1406" "KF494758.1.1495"

$<NA>
[1] NA                "KY780350.1.1207" "KF094662.1.1371" "KM253064.1.1368"
[5] "JX013442.1.1364" "KU899036.1.1458" "JF703628.1.1513" "KY780358.1.1208"

$<NA>
[1] NA                "HQ698286.1.1217" "EF441950.1.1245" "JF703628.1.1513"
[5] "GU118241.1.1406" "KF494758.1.1495" "KJ726591.1.1386"

$<NA>
[1] NA                "JX013442.1.1364"

$<NA>
[1] NA                "EU133428.1.1318" "AM697454.1.1437" "KF756190.1.1310"
[5] "EU560812.1.1483"

$<NA>
[1] NA                "JX013442.1.1364" "FJ793801.1.1205" "MH259800.1.1388"
[5] "FJ893930.1.1361"

$<NA>
[1] NA                "JF141683.1.1340" "GU118241.1.1406" "EU777710.1.1395"
[5] "GQ014254.1.1331"

$<NA>
[1] NA                "GU118241.1.1406" "KF756208.1.1251"

$<NA>
[1] NA                    "KM117219.1.1448"     "GFIM01005958.9.1236"
[4] "JX013442.1.1364"    

$<NA>
[1] NA                "FJ493018.1.1242" "EU560812.1.1483"

$<NA>
[1] NA                "KY780350.1.1207" "GU118241.1.1406" "AB991050.1.1411"

Warning message:
In mapply(intersect, otu_br, otu_nb, SIMPLIFY = F) :
  longer argument not a multiple of length of shorter
Warning messages:
1: In rm(br, nb, rep, gn_br, gn_nb) : object 'gn_br' not found
2: In rm(br, nb, rep, gn_br, gn_nb) : object 'gn_nb' not found
