
Lmod is automatically replacing "intel/2016.4" with "gcc/7.3.0".

-------------------------------------------------------------------------------
The following dependent module(s) are not currently loaded: gcccore/.5.4.0 (required by: icc/.2016.4.258, ifort/.2016.4.258)
-------------------------------------------------------------------------------

Due to MODULEPATH changes, the following have been reloaded:
  1) openmpi/2.1.1

The following have been reloaded with a version change:
  1) gcccore/.5.4.0 => gcccore/.7.3.0     2) imkl/11.3.4.258 => imkl/2018.3.222

── Attaching packages ─────────────────────────────────────── tidyverse 1.3.0 ──
✔ ggplot2 3.3.3     ✔ purrr   0.3.4
✔ tibble  3.0.5     ✔ dplyr   1.0.2
✔ tidyr   1.1.2     ✔ stringr 1.4.0
✔ readr   1.4.0     ✔ forcats 0.5.0
── Conflicts ────────────────────────────────────────── tidyverse_conflicts() ──
✖ dplyr::filter() masks stats::filter()
✖ dplyr::lag()    masks stats::lag()
null device 
          1 
[1] "All years"

Call:
lm(formula = OTUs ~ CollectionYear + DistanceFromOrigin, data = oriDF)

Residuals:
    Min      1Q  Median      3Q     Max 
-52.223 -19.182  -5.927  21.279  80.893 

Coefficients:
                     Estimate Std. Error t value Pr(>|t|)
(Intercept)        -3.509e+03  3.028e+04  -0.116    0.910
CollectionYear      1.753e+00  1.501e+01   0.117    0.909
DistanceFromOrigin  5.969e-04  6.023e-04   0.991    0.341

Residual standard error: 36.5 on 12 degrees of freedom
Multiple R-squared:  0.2857,	Adjusted R-squared:  0.1667 
F-statistic:   2.4 on 2 and 12 DF,  p-value: 0.1328


Call:
lm(formula = OTUs ~ DistanceFromOrigin, data = oriDF)

Residuals:
    Min      1Q  Median      3Q     Max 
-52.162 -18.744  -5.411  21.552  80.965 

Coefficients:
                    Estimate Std. Error t value Pr(>|t|)  
(Intercept)        2.738e+01  1.138e+01   2.405   0.0318 *
DistanceFromOrigin 6.578e-04  2.890e-04   2.276   0.0404 *
---
Signif. codes:  0 ‘***’ 0.001 ‘**’ 0.01 ‘*’ 0.05 ‘.’ 0.1 ‘ ’ 1

Residual standard error: 35.09 on 13 degrees of freedom
Multiple R-squared:  0.2849,	Adjusted R-squared:  0.2299 
F-statistic:  5.18 on 1 and 13 DF,  p-value: 0.04042

[1] "2017 Only"

Call:
lm(formula = OTUs ~ DistanceFromOrigin, data = filter(oriDF, 
    CollectionYear == 2017))

Residuals:
      1       2       3       4 
 -7.680 -14.374  -8.468  30.523 

Coefficients:
                     Estimate Std. Error t value Pr(>|t|)
(Intercept)        31.7112661 26.9890387   1.175    0.361
DistanceFromOrigin -0.0004527  0.0511483  -0.009    0.994

Residual standard error: 25.19 on 2 degrees of freedom
Multiple R-squared:  3.916e-05,	Adjusted R-squared:  -0.4999 
F-statistic: 7.833e-05 on 1 and 2 DF,  p-value: 0.9937

[1] "2018 Only"

Call:
lm(formula = OTUs ~ DistanceFromOrigin, data = filter(oriDF, 
    CollectionYear == 2018))

Residuals:
      1       2       3       4       5 
 -4.349  -7.204  -1.845 -14.593  27.992 

Coefficients:
                    Estimate Std. Error t value Pr(>|t|)
(Intercept)        26.666515  11.823727   2.255    0.109
DistanceFromOrigin -0.006821   0.012632  -0.540    0.627

Residual standard error: 18.89 on 3 degrees of freedom
Multiple R-squared:  0.08858,	Adjusted R-squared:  -0.2152 
F-statistic: 0.2916 on 1 and 3 DF,  p-value: 0.6267

[1] "2020 Only"

Call:
lm(formula = OTUs ~ DistanceFromOrigin, data = filter(oriDF, 
    CollectionYear == 2020))

Residuals:
     1      2      3      4      5      6 
-20.40 -50.16 -52.51  19.49  80.56  23.02 

Coefficients:
                    Estimate Std. Error t value Pr(>|t|)
(Intercept)        4.623e+01  7.058e+01   0.655    0.548
DistanceFromOrigin 3.734e-04  1.134e-03   0.329    0.758

Residual standard error: 57.21 on 4 degrees of freedom
Multiple R-squared:  0.0264,	Adjusted R-squared:  -0.217 
F-statistic: 0.1085 on 1 and 4 DF,  p-value: 0.7584

null device 
          1 
[1] "All years"

Call:
lm(formula = OTUs ~ CollectionYear + DistanceFromOrigin, data = oriDF)

Residuals:
      1       2       3       4 
 -3.908  10.576 -10.576   3.908 

Coefficients:
                     Estimate Std. Error t value Pr(>|t|)
(Intercept)         3.330e+04  3.486e+04   0.955    0.515
CollectionYear     -1.648e+01  1.728e+01  -0.954    0.515
DistanceFromOrigin -4.047e-02  2.836e-02  -1.427    0.389

Residual standard error: 15.95 on 1 degrees of freedom
Multiple R-squared:  0.8244,	Adjusted R-squared:  0.4732 
F-statistic: 2.348 on 2 and 1 DF,  p-value: 0.419


Call:
lm(formula = OTUs ~ DistanceFromOrigin, data = oriDF)

Residuals:
      1       2       3       4 
  6.999   4.999 -19.029   7.031 

Coefficients:
                   Estimate Std. Error t value Pr(>|t|)  
(Intercept)        52.33628   15.78520   3.316   0.0802 .
DistanceFromOrigin -0.05090    0.02557  -1.991   0.1847  
---
Signif. codes:  0 ‘***’ 0.001 ‘**’ 0.01 ‘*’ 0.05 ‘.’ 0.1 ‘ ’ 1

Residual standard error: 15.58 on 2 degrees of freedom
Multiple R-squared:  0.6647,	Adjusted R-squared:  0.497 
F-statistic: 3.965 on 1 and 2 DF,  p-value: 0.1847

