
Lmod is automatically replacing "intel/2016.4" with "gcc/7.3.0".

-------------------------------------------------------------------------------
The following dependent module(s) are not currently loaded: gcccore/.5.4.0 (required by: icc/.2016.4.258, ifort/.2016.4.258)
-------------------------------------------------------------------------------

Due to MODULEPATH changes, the following have been reloaded:
  1) openmpi/2.1.1

The following have been reloaded with a version change:
  1) gcccore/.5.4.0 => gcccore/.7.3.0     2) imkl/11.3.4.258 => imkl/2018.3.222

── Attaching packages ─────────────────────────────────────── tidyverse 1.3.0 ──
✔ ggplot2 3.3.3     ✔ purrr   0.3.4
✔ tibble  3.0.5     ✔ dplyr   1.0.2
✔ tidyr   1.1.2     ✔ stringr 1.4.0
✔ readr   1.4.0     ✔ forcats 0.5.0
── Conflicts ────────────────────────────────────────── tidyverse_conflicts() ──
✖ dplyr::filter() masks stats::filter()
✖ dplyr::lag()    masks stats::lag()
[1] "Prediction 5A"
`geom_smooth()` using formula 'y ~ x'
null device 
          1 
[1] "All years"

Call:
lm(formula = OTUs ~ DistanceFromOrigin, data = oriDF)

Residuals:
    Min      1Q  Median      3Q     Max 
-52.068 -18.149  -5.096  21.218  81.064 

Coefficients:
                    Estimate Std. Error t value Pr(>|t|)  
(Intercept)        2.556e+01  1.058e+01   2.417   0.0299 *
DistanceFromOrigin 6.844e-04  2.773e-04   2.468   0.0271 *
---
Signif. codes:  0 ‘***’ 0.001 ‘**’ 0.01 ‘*’ 0.05 ‘.’ 0.1 ‘ ’ 1

Residual standard error: 34.18 on 14 degrees of freedom
Multiple R-squared:  0.3032,	Adjusted R-squared:  0.2534 
F-statistic: 6.091 on 1 and 14 DF,  p-value: 0.02709

Analysis of Variance Table

Response: OTUs
                   Df Sum Sq Mean Sq F value  Pr(>F)  
DistanceFromOrigin  1   7115  7115.0  6.0909 0.02709 *
Residuals          14  16354  1168.1                  
---
Signif. codes:  0 ‘***’ 0.001 ‘**’ 0.01 ‘*’ 0.05 ‘.’ 0.1 ‘ ’ 1
[1] "2017 Only"

Call:
lm(formula = OTUs ~ DistanceFromOrigin, data = filter(oriDF, 
    CollectionYear == 2017))

Coefficients:
       (Intercept)  DistanceFromOrigin  
          37.40332            -0.01388  


Call:
lm(formula = OTUs ~ DistanceFromOrigin, data = filter(oriDF, 
    CollectionYear == 2017))

Residuals:
      1       2       3       4       5 
 -2.305 -12.443 -10.067  -6.956  31.772 

Coefficients:
                   Estimate Std. Error t value Pr(>|t|)  
(Intercept)        37.40332   14.90519   2.509    0.087 .
DistanceFromOrigin -0.01388    0.01546  -0.898    0.435  
---
Signif. codes:  0 ‘***’ 0.001 ‘**’ 0.01 ‘*’ 0.05 ‘.’ 0.1 ‘ ’ 1

Residual standard error: 20.97 on 3 degrees of freedom
Multiple R-squared:  0.2119,	Adjusted R-squared:  -0.05085 
F-statistic: 0.8064 on 1 and 3 DF,  p-value: 0.4354

Analysis of Variance Table

Response: OTUs
                   Df  Sum Sq Mean Sq F value Pr(>F)
DistanceFromOrigin  1  354.65  354.65  0.8064 0.4354
Residuals           3 1319.35  439.78               
[1] "2018 Only"

Call:
lm(formula = OTUs ~ DistanceFromOrigin, data = filter(oriDF, 
    CollectionYear == 2018))

Coefficients:
       (Intercept)  DistanceFromOrigin  
         26.666515           -0.006821  


Call:
lm(formula = OTUs ~ DistanceFromOrigin, data = filter(oriDF, 
    CollectionYear == 2018))

Residuals:
      1       2       3       4       5 
 -4.349  -7.204  -1.845 -14.593  27.992 

Coefficients:
                    Estimate Std. Error t value Pr(>|t|)
(Intercept)        26.666515  11.823727   2.255    0.109
DistanceFromOrigin -0.006821   0.012632  -0.540    0.627

Residual standard error: 18.89 on 3 degrees of freedom
Multiple R-squared:  0.08858,	Adjusted R-squared:  -0.2152 
F-statistic: 0.2916 on 1 and 3 DF,  p-value: 0.6267

Analysis of Variance Table

Response: OTUs
                   Df  Sum Sq Mean Sq F value Pr(>F)
DistanceFromOrigin  1  104.07  104.07  0.2916 0.6267
Residuals           3 1070.73  356.91               
[1] "2020 Only"

Call:
lm(formula = OTUs ~ DistanceFromOrigin, data = filter(oriDF, 
    CollectionYear == 2020))

Coefficients:
       (Intercept)  DistanceFromOrigin  
         4.623e+01           3.734e-04  


Call:
lm(formula = OTUs ~ DistanceFromOrigin, data = filter(oriDF, 
    CollectionYear == 2020))

Residuals:
     1      2      3      4      5      6 
-20.40 -50.16 -52.51  19.49  80.56  23.02 

Coefficients:
                    Estimate Std. Error t value Pr(>|t|)
(Intercept)        4.623e+01  7.058e+01   0.655    0.548
DistanceFromOrigin 3.734e-04  1.134e-03   0.329    0.758

Residual standard error: 57.21 on 4 degrees of freedom
Multiple R-squared:  0.0264,	Adjusted R-squared:  -0.217 
F-statistic: 0.1085 on 1 and 4 DF,  p-value: 0.7584

Analysis of Variance Table

Response: OTUs
                   Df Sum Sq Mean Sq F value Pr(>F)
DistanceFromOrigin  1    355   355.0  0.1085 0.7584
Residuals           4  13090  3272.5               
