── Attaching packages ─────────────────────────────────────── tidyverse 1.3.0 ──
✔ ggplot2 3.3.3     ✔ purrr   0.3.4
✔ tibble  3.0.5     ✔ dplyr   1.0.2
✔ tidyr   1.1.2     ✔ stringr 1.4.0
✔ readr   1.4.0     ✔ forcats 0.5.0
── Conflicts ────────────────────────────────────────── tidyverse_conflicts() ──
✖ dplyr::filter() masks stats::filter()
✖ dplyr::lag()    masks stats::lag()
null device 
          1 
[1] "All years"

Call:
lm(formula = OTUs ~ CollectionYear + DistanceFromOrigin, data = oriDF)

Residuals:
    Min      1Q  Median      3Q     Max 
-52.210 -17.058  -5.779  20.786  80.896 

Coefficients:
                     Estimate Std. Error t value Pr(>|t|)
(Intercept)        -7.509e+03  2.809e+04  -0.267    0.793
CollectionYear      3.735e+00  1.392e+01   0.268    0.793
DistanceFromOrigin  5.507e-04  5.754e-04   0.957    0.356

Residual standard error: 35.37 on 13 degrees of freedom
Multiple R-squared:  0.307,	Adjusted R-squared:  0.2004 
F-statistic:  2.88 on 2 and 13 DF,  p-value: 0.0922


Call:
lm(formula = OTUs ~ DistanceFromOrigin, data = oriDF)

Residuals:
    Min      1Q  Median      3Q     Max 
-52.068 -18.149  -5.096  21.218  81.064 

Coefficients:
                    Estimate Std. Error t value Pr(>|t|)  
(Intercept)        2.556e+01  1.058e+01   2.417   0.0299 *
DistanceFromOrigin 6.844e-04  2.773e-04   2.468   0.0271 *
---
Signif. codes:  0 ‘***’ 0.001 ‘**’ 0.01 ‘*’ 0.05 ‘.’ 0.1 ‘ ’ 1

Residual standard error: 34.18 on 14 degrees of freedom
Multiple R-squared:  0.3032,	Adjusted R-squared:  0.2534 
F-statistic: 6.091 on 1 and 14 DF,  p-value: 0.02709

[1] "2017 Only"

Call:
lm(formula = OTUs ~ DistanceFromOrigin, data = filter(oriDF, 
    CollectionYear == 2017))

Residuals:
      1       2       3       4       5 
 -2.305 -12.443 -10.067  -6.956  31.772 

Coefficients:
                   Estimate Std. Error t value Pr(>|t|)  
(Intercept)        37.40332   14.90519   2.509    0.087 .
DistanceFromOrigin -0.01388    0.01546  -0.898    0.435  
---
Signif. codes:  0 ‘***’ 0.001 ‘**’ 0.01 ‘*’ 0.05 ‘.’ 0.1 ‘ ’ 1

Residual standard error: 20.97 on 3 degrees of freedom
Multiple R-squared:  0.2119,	Adjusted R-squared:  -0.05085 
F-statistic: 0.8064 on 1 and 3 DF,  p-value: 0.4354

[1] "2018 Only"

Call:
lm(formula = OTUs ~ DistanceFromOrigin, data = filter(oriDF, 
    CollectionYear == 2018))

Residuals:
      1       2       3       4       5 
 -4.349  -7.204  -1.845 -14.593  27.992 

Coefficients:
                    Estimate Std. Error t value Pr(>|t|)
(Intercept)        26.666515  11.823727   2.255    0.109
DistanceFromOrigin -0.006821   0.012632  -0.540    0.627

Residual standard error: 18.89 on 3 degrees of freedom
Multiple R-squared:  0.08858,	Adjusted R-squared:  -0.2152 
F-statistic: 0.2916 on 1 and 3 DF,  p-value: 0.6267

[1] "2020 Only"

Call:
lm(formula = OTUs ~ DistanceFromOrigin, data = filter(oriDF, 
    CollectionYear == 2020))

Residuals:
     1      2      3      4      5      6 
-20.40 -50.16 -52.51  19.49  80.56  23.02 

Coefficients:
                    Estimate Std. Error t value Pr(>|t|)
(Intercept)        4.623e+01  7.058e+01   0.655    0.548
DistanceFromOrigin 3.734e-04  1.134e-03   0.329    0.758

Residual standard error: 57.21 on 4 degrees of freedom
Multiple R-squared:  0.0264,	Adjusted R-squared:  -0.217 
F-statistic: 0.1085 on 1 and 4 DF,  p-value: 0.7584

null device 
          1 
[1] "All years"

Call:
lm(formula = OTUs ~ CollectionYear + DistanceFromOrigin, data = oriDF)

Residuals:
      1       2       3       4 
 -3.908  10.576 -10.576   3.908 

Coefficients:
                     Estimate Std. Error t value Pr(>|t|)
(Intercept)         3.330e+04  3.486e+04   0.955    0.515
CollectionYear     -1.648e+01  1.728e+01  -0.954    0.515
DistanceFromOrigin -4.047e-02  2.836e-02  -1.427    0.389

Residual standard error: 15.95 on 1 degrees of freedom
Multiple R-squared:  0.8244,	Adjusted R-squared:  0.4732 
F-statistic: 2.348 on 2 and 1 DF,  p-value: 0.419


Call:
lm(formula = OTUs ~ DistanceFromOrigin, data = oriDF)

Residuals:
      1       2       3       4 
  6.999   4.999 -19.029   7.031 

Coefficients:
                   Estimate Std. Error t value Pr(>|t|)  
(Intercept)        52.33628   15.78520   3.316   0.0802 .
DistanceFromOrigin -0.05090    0.02557  -1.991   0.1847  
---
Signif. codes:  0 ‘***’ 0.001 ‘**’ 0.01 ‘*’ 0.05 ‘.’ 0.1 ‘ ’ 1

Residual standard error: 15.58 on 2 degrees of freedom
Multiple R-squared:  0.6647,	Adjusted R-squared:  0.497 
F-statistic: 3.965 on 1 and 2 DF,  p-value: 0.1847

